{"total": {"lines":{"total":1122,"covered":994,"skipped":0,"pct":88.59},"statements":{"total":1122,"covered":994,"skipped":0,"pct":88.59},"functions":{"total":99,"covered":83,"skipped":0,"pct":83.83},"branches":{"total":339,"covered":237,"skipped":0,"pct":69.91},"branchesTrue":{"total":0,"covered":0,"skipped":0,"pct":"Unknown"}}
,"C:\\Users\\LENOVO\\Training\\frontend\\src\\expense-core.js": {"lines":{"total":106,"covered":93,"skipped":0,"pct":87.73},"functions":{"total":10,"covered":9,"skipped":0,"pct":90},"statements":{"total":106,"covered":93,"skipped":0,"pct":87.73},"branches":{"total":40,"covered":36,"skipped":0,"pct":90}}
,"C:\\Users\\LENOVO\\Training\\frontend\\src\\expense-dom.js": {"lines":{"total":158,"covered":138,"skipped":0,"pct":87.34},"functions":{"total":12,"covered":8,"skipped":0,"pct":66.66},"statements":{"total":158,"covered":138,"skipped":0,"pct":87.34},"branches":{"total":23,"covered":15,"skipped":0,"pct":65.21}}
,"C:\\Users\\LENOVO\\Training\\frontend\\src\\quote-core.js": {"lines":{"total":86,"covered":74,"skipped":0,"pct":86.04},"functions":{"total":5,"covered":4,"skipped":0,"pct":80},"statements":{"total":86,"covered":74,"skipped":0,"pct":86.04},"branches":{"total":25,"covered":23,"skipped":0,"pct":92}}
,"C:\\Users\\LENOVO\\Training\\frontend\\src\\stopwatch-core.js": {"lines":{"total":97,"covered":97,"skipped":0,"pct":100},"functions":{"total":7,"covered":7,"skipped":0,"pct":100},"statements":{"total":97,"covered":97,"skipped":0,"pct":100},"branches":{"total":13,"covered":10,"skipped":0,"pct":76.92}}
,"C:\\Users\\LENOVO\\Training\\frontend\\src\\stopwatch-dom.js": {"lines":{"total":79,"covered":76,"skipped":0,"pct":96.2},"functions":{"total":7,"covered":6,"skipped":0,"pct":85.71},"statements":{"total":79,"covered":76,"skipped":0,"pct":96.2},"branches":{"total":11,"covered":9,"skipped":0,"pct":81.81}}
,"C:\\Users\\LENOVO\\Training\\frontend\\src\\todo-core-v2.js": {"lines":{"total":217,"covered":183,"skipped":0,"pct":84.33},"functions":{"total":26,"covered":22,"skipped":0,"pct":84.61},"statements":{"total":217,"covered":183,"skipped":0,"pct":84.33},"branches":{"total":95,"covered":72,"skipped":0,"pct":75.78}}
,"C:\\Users\\LENOVO\\Training\\frontend\\src\\todo-core.js": {"lines":{"total":181,"covered":175,"skipped":0,"pct":96.68},"functions":{"total":12,"covered":11,"skipped":0,"pct":91.66},"statements":{"total":181,"covered":175,"skipped":0,"pct":96.68},"branches":{"total":41,"covered":37,"skipped":0,"pct":90.24}}
,"C:\\Users\\LENOVO\\Training\\frontend\\src\\todo-dom.js": {"lines":{"total":178,"covered":138,"skipped":0,"pct":77.52},"functions":{"total":17,"covered":13,"skipped":0,"pct":76.47},"statements":{"total":178,"covered":138,"skipped":0,"pct":77.52},"branches":{"total":73,"covered":21,"skipped":0,"pct":28.76}}
,"C:\\Users\\LENOVO\\Training\\frontend\\src\\todo-storage.js": {"lines":{"total":20,"covered":20,"skipped":0,"pct":100},"functions":{"total":3,"covered":3,"skipped":0,"pct":100},"statements":{"total":20,"covered":20,"skipped":0,"pct":100},"branches":{"total":18,"covered":14,"skipped":0,"pct":77.77}}
}
