{"total": {"lines":{"total":443,"covered":410,"skipped":0,"pct":92.55},"statements":{"total":443,"covered":410,"skipped":0,"pct":92.55},"functions":{"total":31,"covered":28,"skipped":0,"pct":90.32},"branches":{"total":80,"covered":67,"skipped":0,"pct":83.75},"branchesTrue":{"total":0,"covered":0,"skipped":0,"pct":"Unknown"}}
,"C:\\Users\\LENOVO\\Training\\frontend\\src\\quote-core.js": {"lines":{"total":86,"covered":74,"skipped":0,"pct":86.04},"functions":{"total":5,"covered":4,"skipped":0,"pct":80},"statements":{"total":86,"covered":74,"skipped":0,"pct":86.04},"branches":{"total":25,"covered":23,"skipped":0,"pct":92}}
,"C:\\Users\\LENOVO\\Training\\frontend\\src\\stopwatch-core.js": {"lines":{"total":97,"covered":97,"skipped":0,"pct":100},"functions":{"total":7,"covered":7,"skipped":0,"pct":100},"statements":{"total":97,"covered":97,"skipped":0,"pct":100},"branches":{"total":13,"covered":10,"skipped":0,"pct":76.92}}
,"C:\\Users\\LENOVO\\Training\\frontend\\src\\stopwatch-dom.js": {"lines":{"total":79,"covered":76,"skipped":0,"pct":96.2},"functions":{"total":7,"covered":6,"skipped":0,"pct":85.71},"statements":{"total":79,"covered":76,"skipped":0,"pct":96.2},"branches":{"total":11,"covered":9,"skipped":0,"pct":81.81}}
,"C:\\Users\\LENOVO\\Training\\frontend\\src\\todo-core.js": {"lines":{"total":181,"covered":163,"skipped":0,"pct":90.05},"functions":{"total":12,"covered":11,"skipped":0,"pct":91.66},"statements":{"total":181,"covered":163,"skipped":0,"pct":90.05},"branches":{"total":31,"covered":25,"skipped":0,"pct":80.64}}
}
