TN:
SF:src\expense-core.js
FN:8,getUniqueCategories
FN:12,formatDate
FN:28,getExpenseMonth
FN:32,formatAmount
FN:44,getUniqueCategories
FN:47,filterExpenses
FN:59,getExpenseMonth
FN:63,calculateTotal
FN:73,filterExpenses
FN:92,calculateTotal
FNF:10
FNH:9
FNDA:3,getUniqueCategories
FNDA:5,formatDate
FNDA:0,getExpenseMonth
FNDA:6,formatAmount
FNDA:3,getUniqueCategories
FNDA:6,filterExpenses
FNDA:37,getExpenseMonth
FNDA:6,calculateTotal
FNDA:18,filterExpenses
FNDA:7,calculateTotal
DA:1,1
DA:2,1
DA:3,1
DA:4,1
DA:5,1
DA:6,1
DA:7,1
DA:8,1
DA:9,3
DA:10,3
DA:11,3
DA:12,3
DA:13,5
DA:14,3
DA:15,3
DA:16,5
DA:17,2
DA:18,2
DA:19,2
DA:20,2
DA:21,2
DA:22,5
DA:23,0
DA:24,0
DA:25,5
DA:26,1
DA:27,1
DA:28,1
DA:29,0
DA:30,0
DA:31,0
DA:32,0
DA:33,6
DA:34,6
DA:35,6
DA:36,6
DA:37,6
DA:38,1
DA:39,1
DA:40,1
DA:41,1
DA:42,1
DA:43,1
DA:44,1
DA:45,3
DA:46,3
DA:47,9
DA:48,6
DA:49,4
DA:50,4
DA:51,0
DA:52,0
DA:53,0
DA:54,0
DA:55,4
DA:56,4
DA:57,0
DA:58,0
DA:59,0
DA:60,37
DA:61,37
DA:62,31
DA:63,37
DA:64,6
DA:65,6
DA:66,6
DA:67,6
DA:68,4
DA:69,1
DA:70,1
DA:71,1
DA:72,1
DA:73,1
DA:74,18
DA:75,52
DA:76,30
DA:77,30
DA:78,30
DA:79,52
DA:80,23
DA:81,23
DA:82,23
DA:83,17
DA:84,18
DA:85,18
DA:86,1
DA:87,1
DA:88,1
DA:89,1
DA:90,1
DA:91,1
DA:92,1
DA:93,7
DA:94,14
DA:95,14
DA:96,7
DA:97,7
DA:98,1
DA:99,1
DA:100,1
DA:101,1
DA:102,1
DA:103,1
DA:104,1
DA:105,1
DA:106,1
LF:106
LH:93
BRDA:8,0,0,3
BRDA:12,1,0,4
BRDA:12,2,0,5
BRDA:13,3,0,2
BRDA:14,4,0,3
BRDA:16,5,0,1
BRDA:17,6,0,2
BRDA:22,7,0,0
BRDA:32,8,0,6
BRDA:44,9,0,3
BRDA:46,10,0,9
BRDA:47,11,0,7
BRDA:47,12,0,6
BRDA:47,13,0,6
BRDA:48,14,0,4
BRDA:50,15,0,0
BRDA:56,16,0,0
BRDA:59,17,0,37
BRDA:60,18,0,36
BRDA:61,19,0,31
BRDA:61,20,0,6
BRDA:62,21,0,31
BRDA:63,22,0,29
BRDA:63,23,0,2
BRDA:63,24,0,6
BRDA:67,25,0,4
BRDA:68,26,0,0
BRDA:73,27,0,18
BRDA:74,28,0,52
BRDA:75,29,0,30
BRDA:77,30,0,19
BRDA:78,31,0,33
BRDA:79,32,0,23
BRDA:81,33,0,21
BRDA:81,34,0,16
BRDA:82,35,0,17
BRDA:92,36,0,7
BRDA:93,37,0,14
BRDA:95,38,0,3
BRDA:95,39,0,11
BRF:40
BRH:36
end_of_record
TN:
SF:src\expense-dom.js
FN:1,initExpenseDom
FN:24,populateCategoryFilter
FN:38,renderExpensesTable
FN:76,updateTotalDisplay
FN:83,showLoading
FN:95,hideLoading
FN:97,showError
FN:108,applyFilters
FN:117,clearFilters
FN:119,initData
FN:144,getAll
FN:148,getFiltered
FNF:12
FNH:8
FNDA:3,initExpenseDom
FNDA:3,populateCategoryFilter
FNDA:6,renderExpensesTable
FNDA:6,updateTotalDisplay
FNDA:3,showLoading
FNDA:3,hideLoading
FNDA:0,showError
FNDA:6,applyFilters
FNDA:0,clearFilters
FNDA:3,initData
FNDA:0,getAll
FNDA:0,getFiltered
DA:1,3
DA:8,3
DA:9,3
DA:10,3
DA:11,3
DA:12,3
DA:13,3
DA:14,3
DA:15,3
DA:16,3
DA:17,3
DA:18,3
DA:19,3
DA:20,3
DA:21,3
DA:22,3
DA:23,3
DA:24,3
DA:25,3
DA:26,3
DA:27,3
DA:28,3
DA:29,3
DA:30,3
DA:31,3
DA:32,3
DA:33,4
DA:34,4
DA:35,4
DA:36,4
DA:37,4
DA:38,3
DA:39,6
DA:40,6
DA:41,6
DA:42,4
DA:43,4
DA:44,4
DA:45,4
DA:46,4
DA:47,4
DA:48,6
DA:49,2
DA:50,2
DA:51,2
DA:52,2
DA:53,6
DA:54,4
DA:55,4
DA:56,4
DA:57,4
DA:58,4
DA:59,4
DA:60,4
DA:61,4
DA:62,4
DA:63,4
DA:64,4
DA:65,4
DA:66,4
DA:67,4
DA:68,4
DA:69,4
DA:70,4
DA:71,4
DA:72,4
DA:73,4
DA:74,4
DA:75,4
DA:76,3
DA:77,6
DA:78,6
DA:79,6
DA:80,6
DA:81,6
DA:82,6
DA:83,3
DA:84,3
DA:85,3
DA:86,3
DA:87,3
DA:88,3
DA:89,3
DA:90,3
DA:91,3
DA:92,3
DA:93,3
DA:94,3
DA:95,3
DA:96,3
DA:97,3
DA:98,0
DA:99,0
DA:100,0
DA:101,0
DA:102,0
DA:103,0
DA:104,0
DA:105,0
DA:106,0
DA:107,0
DA:108,3
DA:109,6
DA:110,6
DA:111,6
DA:112,6
DA:113,6
DA:114,6
DA:115,6
DA:116,6
DA:117,3
DA:118,0
DA:119,3
DA:120,3
DA:121,3
DA:122,3
DA:123,0
DA:124,0
DA:125,0
DA:126,3
DA:127,3
DA:128,3
DA:129,3
DA:130,3
DA:131,3
DA:132,0
DA:133,0
DA:134,0
DA:135,3
DA:136,3
DA:137,3
DA:138,3
DA:139,3
DA:140,3
DA:141,3
DA:142,3
DA:143,3
DA:144,3
DA:145,0
DA:146,0
DA:147,0
DA:148,3
DA:149,1
DA:150,1
DA:151,1
DA:152,1
DA:153,1
DA:154,1
DA:155,1
DA:156,1
DA:157,1
DA:158,1
DA:159,1
DA:160,1
DA:161,1
DA:162,1
DA:163,1
DA:164,1
LF:158
LH:138
BRDA:1,0,0,3
BRDA:24,1,0,3
BRDA:26,2,0,0
BRDA:30,3,0,0
BRDA:32,4,0,4
BRDA:38,5,0,6
BRDA:40,6,0,0
BRDA:41,7,0,4
BRDA:48,8,0,2
BRDA:53,9,0,4
BRDA:64,10,0,0
BRDA:76,11,0,2
BRDA:76,12,0,6
BRDA:81,13,0,2
BRDA:81,14,0,4
BRDA:83,15,0,3
BRDA:95,16,0,3
BRDA:108,17,0,6
BRDA:111,18,0,0
BRDA:112,19,0,0
BRDA:119,20,0,3
BRDA:122,21,0,0
BRDA:131,22,0,0
BRF:23
BRH:15
end_of_record
TN:
SF:src\quote-core.js
FN:9,sanitizeQuotes
FN:26,selectRandom
FN:37,filterByAuthor
FN:55,loadQuotes
FN:76,getRandomQuote
FNF:5
FNH:4
FNDA:7,sanitizeQuotes
FNDA:7,selectRandom
FNDA:17,filterByAuthor
FNDA:0,loadQuotes
FNDA:5,getRandomQuote
DA:1,1
DA:2,1
DA:4,1
DA:5,1
DA:6,1
DA:7,1
DA:8,1
DA:9,1
DA:10,7
DA:11,3
DA:12,3
DA:13,13
DA:14,13
DA:15,13
DA:16,13
DA:17,6
DA:18,3
DA:19,3
DA:21,1
DA:22,1
DA:23,1
DA:24,1
DA:25,1
DA:26,1
DA:27,7
DA:28,7
DA:29,7
DA:31,1
DA:32,1
DA:33,1
DA:34,1
DA:35,1
DA:36,1
DA:37,1
DA:38,17
DA:39,17
DA:40,14
DA:41,17
DA:42,13
DA:43,13
DA:44,144
DA:45,144
DA:46,144
DA:47,13
DA:48,13
DA:50,1
DA:51,1
DA:52,1
DA:53,1
DA:54,1
DA:55,1
DA:56,0
DA:57,0
DA:58,0
DA:59,0
DA:60,0
DA:61,0
DA:62,0
DA:63,0
DA:64,0
DA:65,0
DA:66,0
DA:67,0
DA:69,1
DA:70,1
DA:71,1
DA:72,1
DA:73,1
DA:74,1
DA:75,1
DA:76,1
DA:77,5
DA:78,5
DA:80,5
DA:81,1
DA:82,1
DA:84,4
DA:85,5
DA:86,3
DA:87,3
DA:88,1
DA:89,1
DA:90,3
DA:92,3
DA:93,3
DA:94,3
LF:86
LH:74
BRDA:9,0,0,7
BRDA:10,1,0,4
BRDA:10,2,0,3
BRDA:12,3,0,13
BRDA:13,4,0,10
BRDA:14,5,0,9
BRDA:15,6,0,6
BRDA:16,7,0,6
BRDA:26,8,0,7
BRDA:37,9,0,17
BRDA:38,10,0,2
BRDA:38,11,0,0
BRDA:38,12,0,15
BRDA:39,13,0,14
BRDA:39,14,0,1
BRDA:39,15,0,14
BRDA:41,16,0,1
BRDA:41,17,0,13
BRDA:43,18,0,144
BRDA:76,19,0,5
BRDA:78,20,0,0
BRDA:80,21,0,1
BRDA:82,22,0,4
BRDA:85,23,0,3
BRDA:87,24,0,1
BRF:25
BRH:23
end_of_record
TN:
SF:src\stopwatch-core.js
FN:15,createState
FN:25,start
FN:37,stop
FN:49,reset
FN:58,getElapsedMs
FN:68,formatElapsed
FN:83,toCsv
FNF:7
FNH:7
FNDA:6,createState
FNDA:6,start
FNDA:6,stop
FNDA:2,reset
FNDA:12,getElapsedMs
FNDA:9,formatElapsed
FNDA:2,toCsv
DA:1,1
DA:2,1
DA:3,1
DA:4,1
DA:5,1
DA:6,1
DA:7,1
DA:8,1
DA:9,1
DA:10,1
DA:11,1
DA:12,1
DA:13,1
DA:14,1
DA:15,1
DA:16,6
DA:17,6
DA:18,1
DA:19,1
DA:20,1
DA:21,1
DA:22,1
DA:23,1
DA:24,1
DA:25,1
DA:26,6
DA:27,6
DA:28,6
DA:29,6
DA:30,1
DA:31,1
DA:32,1
DA:33,1
DA:34,1
DA:35,1
DA:36,1
DA:37,1
DA:38,6
DA:39,6
DA:40,6
DA:41,6
DA:42,6
DA:43,1
DA:44,1
DA:45,1
DA:46,1
DA:47,1
DA:48,1
DA:49,1
DA:50,2
DA:51,2
DA:52,1
DA:53,1
DA:54,1
DA:55,1
DA:56,1
DA:57,1
DA:58,1
DA:59,12
DA:60,12
DA:61,12
DA:62,12
DA:63,1
DA:64,1
DA:65,1
DA:66,1
DA:67,1
DA:68,1
DA:69,9
DA:70,9
DA:71,9
DA:72,9
DA:73,9
DA:74,9
DA:75,9
DA:76,9
DA:77,1
DA:78,1
DA:79,1
DA:80,1
DA:81,1
DA:82,1
DA:83,1
DA:84,2
DA:85,2
DA:86,2
DA:87,2
DA:88,1
DA:89,1
DA:90,1
DA:91,1
DA:92,1
DA:93,1
DA:94,1
DA:95,1
DA:96,1
DA:97,1
LF:97
LH:97
BRDA:15,0,0,6
BRDA:25,1,0,6
BRDA:26,2,0,0
BRDA:37,3,0,6
BRDA:38,4,0,0
BRDA:39,5,0,0
BRDA:49,6,0,2
BRDA:58,7,0,12
BRDA:59,8,0,2
BRDA:60,9,0,2
BRDA:61,10,0,10
BRDA:68,11,0,9
BRDA:83,12,0,2
BRF:13
BRH:10
end_of_record
TN:
SF:src\stopwatch-dom.js
FN:16,initStopwatch
FN:26,render
FN:33,tick
FN:37,handleToggle
FN:52,handleReset
FN:61,handleExport
FN:81,getState
FNF:7
FNH:6
FNDA:1,initStopwatch
FNDA:6,render
FNDA:1,tick
FNDA:2,handleToggle
FNDA:1,handleReset
FNDA:1,handleExport
FNDA:0,getState
DA:1,1
DA:9,1
DA:10,1
DA:11,1
DA:12,1
DA:13,1
DA:14,1
DA:15,1
DA:16,1
DA:17,1
DA:18,1
DA:19,1
DA:20,1
DA:21,1
DA:22,1
DA:23,1
DA:24,1
DA:25,1
DA:26,1
DA:27,6
DA:28,6
DA:29,6
DA:30,6
DA:31,6
DA:32,1
DA:33,1
DA:34,1
DA:35,1
DA:36,1
DA:37,1
DA:38,2
DA:39,2
DA:40,1
DA:41,1
DA:42,1
DA:43,1
DA:44,1
DA:45,1
DA:46,1
DA:47,1
DA:48,1
DA:49,2
DA:50,2
DA:51,1
DA:52,1
DA:53,1
DA:54,1
DA:55,0
DA:56,0
DA:57,0
DA:58,1
DA:59,1
DA:60,1
DA:61,1
DA:62,1
DA:63,1
DA:64,1
DA:65,1
DA:66,1
DA:67,1
DA:68,1
DA:69,1
DA:70,1
DA:71,1
DA:72,1
DA:73,1
DA:74,1
DA:75,1
DA:76,1
DA:77,1
DA:78,1
DA:79,1
DA:80,1
DA:81,1
DA:82,1
DA:83,1
DA:84,1
DA:85,1
DA:86,1
LF:79
LH:76
BRDA:16,0,0,1
BRDA:26,1,0,6
BRDA:27,2,0,0
BRDA:30,3,0,2
BRDA:30,4,0,4
BRDA:33,5,0,1
BRDA:37,6,0,2
BRDA:39,7,0,1
BRDA:52,8,0,1
BRDA:54,9,0,0
BRDA:61,10,0,1
BRF:11
BRH:9
end_of_record
TN:
SF:src\todo-core-v2.js
FN:1,normalizePriority
FN:8,normalizeTitle
FN:19,ymd
FN:21,add
FN:31,normalizePriority
FN:45,add
FN:53,toggle
FN:64,remove
FN:84,toggle
FN:97,filter
FN:101,remove
FN:111,matchesText
FN:114,matchesDue
FN:117,filter
FN:124,matchesPriority
FN:130,matchesText
FN:135,matchesDue
FN:137,exportCsv
FN:145,matchesPriority
FN:150,csvEscape
FN:157,serialize
FN:160,exportCsv
FN:171,deserialize
FN:176,csvEscape
FN:186,serialize
FN:202,deserialize
FNF:26
FNH:23
FNDA:6,normalizePriority
FNDA:26,normalizeTitle
FNDA:64,ymd
FNDA:2,add
FNDA:22,normalizePriority
FNDA:21,add
FNDA:0,toggle
FNDA:0,remove
FNDA:8,toggle
FNDA:4,filter
FNDA:6,remove
FNDA:2,matchesText
FNDA:2,matchesDue
FNDA:22,filter
FNDA:2,matchesPriority
FNDA:72,matchesText
FNDA:69,matchesDue
FNDA:4,exportCsv
FNDA:58,matchesPriority
FNDA:2,csvEscape
FNDA:6,serialize
FNDA:3,exportCsv
FNDA:0,deserialize
FNDA:4,csvEscape
FNDA:8,serialize
FNDA:13,deserialize
DA:1,1
DA:2,6
DA:3,6
DA:4,1
DA:5,1
DA:6,1
DA:7,1
DA:8,26
DA:9,26
DA:10,26
DA:11,26
DA:12,26
DA:13,26
DA:14,1
DA:15,1
DA:16,1
DA:17,1
DA:18,1
DA:19,64
DA:20,64
DA:21,64
DA:22,2
DA:23,2
DA:24,2
DA:25,2
DA:26,2
DA:27,2
DA:28,2
DA:29,2
DA:30,2
DA:31,22
DA:32,22
DA:33,22
DA:34,2
DA:35,2
DA:36,2
DA:37,2
DA:38,2
DA:39,2
DA:40,2
DA:41,2
DA:42,0
DA:43,2
DA:44,2
DA:45,2
DA:46,21
DA:47,21
DA:48,21
DA:49,9
DA:50,9
DA:51,12
DA:52,12
DA:53,12
DA:54,0
DA:55,0
DA:56,0
DA:57,0
DA:58,0
DA:59,0
DA:60,3
DA:61,3
DA:62,21
DA:63,6
DA:64,6
DA:65,0
DA:66,0
DA:67,0
DA:68,0
DA:69,0
DA:70,0
DA:71,0
DA:72,9
DA:73,9
DA:74,9
DA:75,9
DA:76,9
DA:77,9
DA:78,1
DA:79,1
DA:80,1
DA:81,1
DA:82,1
DA:83,1
DA:84,1
DA:85,8
DA:86,8
DA:87,10
DA:88,4
DA:89,4
DA:90,4
DA:91,6
DA:92,8
DA:93,8
DA:94,8
DA:95,1
DA:96,1
DA:97,1
DA:98,4
DA:99,4
DA:100,4
DA:101,4
DA:102,6
DA:103,6
DA:104,2
DA:105,2
DA:106,4
DA:107,4
DA:108,4
DA:109,4
DA:110,4
DA:111,4
DA:112,2
DA:113,0
DA:114,4
DA:115,0
DA:116,0
DA:117,0
DA:118,22
DA:119,22
DA:120,22
DA:121,22
DA:122,22
DA:123,22
DA:124,22
DA:125,2
DA:126,0
DA:127,22
DA:128,22
DA:129,22
DA:130,22
DA:131,72
DA:132,7
DA:133,72
DA:134,22
DA:135,22
DA:136,69
DA:137,68
DA:138,4
DA:139,4
DA:140,2
DA:141,2
DA:142,2
DA:143,2
DA:144,2
DA:145,2
DA:146,58
DA:147,15
DA:148,58
DA:149,4
DA:150,22
DA:151,2
DA:152,2
DA:153,2
DA:154,2
DA:155,1
DA:156,1
DA:157,1
DA:158,6
DA:159,6
DA:160,6
DA:161,4
DA:162,4
DA:163,4
DA:164,4
DA:165,4
DA:166,4
DA:167,4
DA:168,4
DA:169,4
DA:170,4
DA:171,4
DA:172,0
DA:173,0
DA:174,0
DA:175,0
DA:176,4
DA:177,4
DA:178,4
DA:179,1
DA:180,1
DA:181,0
DA:182,0
DA:183,0
DA:184,0
DA:185,0
DA:186,0
DA:187,8
DA:188,7
DA:189,7
DA:190,7
DA:191,7
DA:192,7
DA:193,8
DA:194,8
DA:195,8
DA:196,1
DA:197,1
DA:198,1
DA:199,1
DA:200,1
DA:201,1
DA:202,1
DA:203,13
DA:204,13
DA:205,13
DA:206,7
DA:207,7
DA:208,7
DA:209,7
DA:210,7
DA:211,7
DA:212,7
DA:213,7
DA:214,7
DA:215,7
DA:216,12
DA:217,6
DA:218,6
DA:219,13
LF:219
LH:190
BRDA:1,0,0,6
BRDA:4,1,0,0
BRDA:8,2,0,26
BRDA:9,3,0,0
BRDA:19,4,0,64
BRDA:21,5,0,2
BRDA:23,6,0,0
BRDA:27,7,0,0
BRDA:36,8,0,0
BRDA:40,9,0,0
BRDA:41,10,0,0
BRDA:31,11,0,22
BRDA:32,12,0,19
BRDA:32,13,0,14
BRDA:32,14,0,8
BRDA:45,15,0,21
BRDA:46,16,0,19
BRDA:46,17,0,5
BRDA:48,18,0,9
BRDA:50,19,0,12
BRDA:54,20,0,3
BRDA:56,21,0,9
BRDA:59,22,0,3
BRDA:61,23,0,1
BRDA:61,24,0,2
BRDA:62,25,0,12
BRDA:62,26,0,6
BRDA:66,27,0,9
BRDA:53,28,0,4
BRDA:84,29,0,8
BRDA:93,30,0,4
BRDA:93,31,0,4
BRDA:86,32,0,10
BRDA:87,33,0,4
BRDA:90,34,0,6
BRDA:97,35,0,4
BRDA:102,36,0,0
BRDA:109,37,0,0
BRDA:111,38,0,0
BRDA:101,39,0,6
BRDA:103,40,0,5
BRDA:103,41,0,4
BRDA:104,42,0,2
BRDA:102,43,0,6
BRDA:111,44,0,2
BRDA:112,45,0,0
BRDA:114,46,0,2
BRDA:114,47,0,0
BRDA:117,48,0,22
BRDA:119,49,0,19
BRDA:127,50,0,3
BRDA:127,51,0,18
BRDA:128,52,0,8
BRDA:128,53,0,5
BRDA:128,54,0,16
BRDA:119,55,0,19
BRDA:124,56,0,2
BRDA:125,57,0,0
BRDA:130,58,0,72
BRDA:131,59,0,65
BRDA:132,60,0,7
BRDA:135,61,0,69
BRDA:136,62,0,24
BRDA:136,63,0,50
BRDA:137,64,0,68
BRDA:137,65,0,19
BRDA:137,66,0,4
BRDA:137,67,0,15
BRDA:139,68,0,42
BRDA:139,69,0,6
BRDA:140,70,0,9
BRDA:140,71,0,39
BRDA:140,72,0,3
BRDA:141,73,0,6
BRDA:141,74,0,3
BRDA:142,75,0,3
BRDA:137,76,0,4
BRDA:140,77,0,2
BRDA:141,78,0,0
BRDA:142,79,0,0
BRDA:145,80,0,0
BRDA:145,81,0,58
BRDA:146,82,0,47
BRDA:146,83,0,43
BRDA:147,84,0,15
BRDA:150,85,0,2
BRDA:154,86,0,0
BRDA:157,87,0,6
BRDA:160,88,0,3
BRDA:163,89,0,4
BRDA:166,90,0,0
BRDA:167,91,0,3
BRDA:167,92,0,1
BRDA:168,93,0,0
BRDA:160,94,0,4
BRDA:162,95,0,0
BRDA:176,96,0,4
BRDA:178,97,0,3
BRDA:179,98,0,1
BRDA:186,99,0,8
BRDA:187,100,0,7
BRDA:190,101,0,4
BRDA:190,102,0,3
BRDA:202,103,0,13
BRDA:204,104,0,2
BRDA:205,105,0,1
BRDA:206,106,0,12
BRDA:206,107,0,7
BRDA:216,108,0,6
BRDA:206,109,0,7
BRDA:208,110,0,0
BRDA:211,111,0,4
BRDA:212,112,0,2
BRF:113
BRH:92
end_of_record
TN:
SF:src\todo-core.js
FN:19,DuplicateTaskError
FN:30,createState
FN:49,normalizeTask
FN:73,addTask
FN:93,toggleComplete
FN:110,getVisibleTasks
FN:125,isDateToday
FN:134,getRelativeDate
FN:145,normalizeTitle
FN:154,assertDateOnly
FN:167,formatDateOnly
FN:177,computeNextId
FNF:12
FNH:11
FNDA:2,DuplicateTaskError
FNDA:8,createState
FNDA:21,normalizeTask
FNDA:9,addTask
FNDA:0,toggleComplete
FNDA:7,getVisibleTasks
FNDA:3,isDateToday
FNDA:8,getRelativeDate
FNDA:16,normalizeTitle
FNDA:22,assertDateOnly
FNDA:17,formatDateOnly
FNDA:7,computeNextId
DA:1,1
DA:2,1
DA:3,1
DA:4,1
DA:6,1
DA:7,1
DA:8,1
DA:9,1
DA:10,1
DA:11,1
DA:12,1
DA:13,1
DA:14,1
DA:16,1
DA:18,1
DA:19,1
DA:20,2
DA:21,2
DA:22,2
DA:23,1
DA:25,1
DA:26,1
DA:27,1
DA:28,1
DA:29,1
DA:30,1
DA:31,8
DA:32,7
DA:33,7
DA:34,7
DA:35,7
DA:36,7
DA:37,7
DA:38,7
DA:39,7
DA:40,8
DA:41,8
DA:42,8
DA:44,1
DA:45,1
DA:46,1
DA:47,1
DA:48,1
DA:49,1
DA:50,21
DA:51,21
DA:52,2
DA:53,2
DA:54,19
DA:55,19
DA:56,21
DA:57,21
DA:58,21
DA:59,21
DA:60,21
DA:61,21
DA:62,21
DA:63,21
DA:64,21
DA:65,21
DA:67,1
DA:68,1
DA:69,1
DA:70,1
DA:71,1
DA:72,1
DA:73,1
DA:74,9
DA:75,9
DA:76,9
DA:77,6
DA:78,9
DA:79,9
DA:80,2
DA:81,2
DA:82,7
DA:83,7
DA:84,7
DA:85,7
DA:87,1
DA:88,1
DA:89,1
DA:90,1
DA:91,1
DA:92,1
DA:93,1
DA:94,0
DA:95,0
DA:96,0
DA:97,0
DA:98,0
DA:99,0
DA:101,1
DA:102,1
DA:103,1
DA:104,1
DA:105,1
DA:106,1
DA:107,1
DA:108,1
DA:109,1
DA:110,1
DA:111,7
DA:112,7
DA:113,7
DA:114,7
DA:115,7
DA:116,7
DA:117,7
DA:118,7
DA:120,1
DA:121,1
DA:122,1
DA:123,1
DA:124,1
DA:125,1
DA:126,3
DA:127,3
DA:129,1
DA:130,1
DA:131,1
DA:132,1
DA:133,1
DA:134,1
DA:135,8
DA:136,8
DA:137,8
DA:138,8
DA:139,8
DA:141,1
DA:142,1
DA:143,1
DA:144,1
DA:145,1
DA:146,16
DA:147,16
DA:149,1
DA:150,1
DA:151,1
DA:152,1
DA:153,1
DA:154,1
DA:155,22
DA:156,22
DA:157,3
DA:158,3
DA:159,19
DA:160,19
DA:162,1
DA:163,1
DA:164,1
DA:165,1
DA:166,1
DA:167,1
DA:168,17
DA:169,17
DA:170,17
DA:171,17
DA:172,17
DA:174,1
DA:175,1
DA:176,1
DA:177,7
DA:178,7
DA:179,7
DA:180,4
DA:181,4
DA:182,7
DA:183,7
DA:185,1
DA:186,1
DA:187,1
DA:188,1
DA:189,1
DA:190,1
DA:191,1
DA:192,1
DA:193,1
DA:194,1
DA:195,1
DA:196,1
LF:181
LH:175
BRDA:19,0,0,2
BRDA:30,1,0,8
BRDA:31,2,0,7
BRDA:33,3,0,0
BRDA:34,4,0,0
BRDA:35,5,0,0
BRDA:38,6,0,0
BRDA:49,7,0,21
BRDA:50,8,0,1
BRDA:51,9,0,2
BRDA:53,10,0,19
BRDA:56,11,0,7
BRDA:56,12,0,9
BRDA:63,13,0,7
BRDA:63,14,0,9
BRDA:73,15,0,9
BRDA:79,16,0,8
BRDA:79,17,0,2
BRDA:81,18,0,7
BRDA:76,19,0,6
BRDA:77,20,0,2
BRDA:110,21,0,7
BRDA:114,22,0,15
BRDA:114,23,0,8
BRDA:114,24,0,7
BRDA:115,25,0,13
BRDA:115,26,0,9
BRDA:115,27,0,4
BRDA:117,28,0,3
BRDA:125,29,0,3
BRDA:134,30,0,8
BRDA:136,31,0,2
BRDA:137,32,0,3
BRDA:145,33,0,16
BRDA:154,34,0,22
BRDA:155,35,0,1
BRDA:156,36,0,3
BRDA:158,37,0,19
BRDA:167,38,0,17
BRDA:177,39,0,7
BRDA:179,40,0,4
BRF:41
BRH:37
end_of_record
TN:
SF:src\todo-dom.js
FN:1,initTodoDom
FN:12,initTodoDom
FN:20,ymd
FN:32,ymd
FN:34,loadState
FN:46,saveState
FN:50,loadState
FN:54,showError
FN:58,currentQuery
FN:67,saveState
FN:76,showError
FN:82,currentQuery
FN:84,updateExportCsv
FN:90,render
FN:103,updateExportCsv
FN:111,render
FN:182,onSubmit
FN:204,onSubmit
FN:208,rerender
FN:218,getState
FN:232,rerender
FN:244,getState
FNF:22
FNH:18
FNDA:2,initTodoDom
FNDA:1,initTodoDom
FNDA:4,ymd
FNDA:2,ymd
FNDA:2,loadState
FNDA:6,saveState
FNDA:1,loadState
FNDA:2,showError
FNDA:4,currentQuery
FNDA:3,saveState
FNDA:1,showError
FNDA:2,currentQuery
FNDA:4,updateExportCsv
FNDA:4,render
FNDA:2,updateExportCsv
FNDA:2,render
FNDA:2,onSubmit
FNDA:1,onSubmit
FNDA:0,rerender
FNDA:0,getState
FNDA:0,rerender
FNDA:0,getState
DA:1,2
DA:2,2
DA:4,2
DA:5,2
DA:6,2
DA:7,2
DA:8,2
DA:9,2
DA:10,2
DA:11,2
DA:12,2
DA:13,1
DA:14,1
DA:15,1
DA:16,1
DA:17,1
DA:18,0
DA:19,1
DA:20,1
DA:21,4
DA:22,4
DA:23,4
DA:24,1
DA:25,1
DA:27,1
DA:28,1
DA:29,1
DA:31,1
DA:32,1
DA:33,2
DA:34,2
DA:35,2
DA:36,0
DA:37,0
DA:39,0
DA:40,0
DA:41,2
DA:43,0
DA:44,0
DA:46,1
DA:47,6
DA:49,6
DA:50,6
DA:51,1
DA:52,1
DA:53,1
DA:54,0
DA:55,2
DA:56,2
DA:57,2
DA:58,0
DA:59,4
DA:60,4
DA:61,4
DA:62,4
DA:63,4
DA:64,4
DA:66,4
DA:67,4
DA:68,3
DA:69,3
DA:70,3
DA:71,3
DA:72,0
DA:73,0
DA:74,3
DA:76,4
DA:77,1
DA:78,1
DA:79,1
DA:80,1
DA:82,0
DA:83,2
DA:84,2
DA:85,4
DA:86,4
DA:87,4
DA:88,4
DA:89,4
DA:90,0
DA:91,4
DA:92,4
DA:93,4
DA:94,4
DA:95,4
DA:96,2
DA:97,2
DA:98,2
DA:99,0
DA:100,2
DA:101,2
DA:103,2
DA:104,2
DA:105,2
DA:106,2
DA:107,2
DA:108,2
DA:109,0
DA:111,0
DA:112,2
DA:113,2
DA:114,2
DA:115,2
DA:117,2
DA:118,1
DA:119,1
DA:120,1
DA:121,1
DA:123,1
DA:124,1
DA:125,1
DA:126,1
DA:127,1
DA:128,1
DA:129,1
DA:130,0
DA:131,0
DA:132,0
DA:133,0
DA:134,0
DA:135,0
DA:136,1
DA:138,1
DA:139,0
DA:140,0
DA:141,0
DA:143,0
DA:144,0
DA:145,0
DA:146,0
DA:147,0
DA:148,0
DA:150,0
DA:151,0
DA:152,0
DA:153,0
DA:154,1
DA:155,1
DA:156,1
DA:157,0
DA:158,0
DA:159,0
DA:160,0
DA:161,0
DA:162,0
DA:163,0
DA:164,0
DA:165,0
DA:166,0
DA:167,0
DA:168,0
DA:169,0
DA:170,0
DA:171,0
DA:172,1
DA:174,1
DA:175,1
DA:176,1
DA:177,1
DA:178,1
DA:179,2
DA:181,2
DA:182,2
DA:184,2
DA:185,2
DA:186,2
DA:187,2
DA:188,2
DA:189,2
DA:190,2
DA:191,2
DA:192,2
DA:193,2
DA:194,2
DA:195,2
DA:196,2
DA:197,2
DA:198,2
DA:199,2
DA:200,0
DA:201,0
DA:202,0
DA:204,0
DA:205,1
DA:206,1
DA:207,1
DA:208,1
DA:209,1
DA:210,1
DA:211,1
DA:212,1
DA:213,1
DA:214,1
DA:215,1
DA:216,1
DA:217,1
DA:218,1
DA:219,1
DA:220,1
DA:221,0
DA:222,0
DA:223,0
DA:224,0
DA:225,0
DA:226,0
DA:227,1
DA:229,1
DA:230,1
DA:232,1
DA:233,1
DA:234,1
DA:235,1
DA:236,1
DA:237,1
DA:239,1
DA:240,1
DA:242,1
DA:244,1
DA:245,1
DA:247,1
LF:220
LH:160
BRDA:1,0,0,2
BRDA:17,1,0,0
BRDA:20,2,0,0
BRDA:212,3,0,0
BRDA:213,4,0,0
BRDA:12,5,0,1
BRDA:28,6,0,0
BRDA:29,7,0,0
BRDA:236,8,0,0
BRDA:237,9,0,0
BRDA:20,10,0,4
BRDA:28,11,0,0
BRDA:29,12,0,0
BRDA:32,13,0,2
BRDA:34,14,0,2
BRDA:35,15,0,0
BRDA:41,16,0,0
BRDA:46,17,0,6
BRDA:50,18,0,0
BRDA:50,19,0,1
BRDA:53,20,0,0
BRDA:61,21,0,0
BRDA:54,22,0,2
BRDA:54,23,0,0
BRDA:57,24,0,0
BRDA:58,25,0,4
BRDA:66,26,0,0
BRDA:72,27,0,0
BRDA:72,28,0,0
BRDA:79,29,0,0
BRDA:80,30,0,0
BRDA:67,31,0,3
BRDA:71,32,0,0
BRDA:76,33,0,1
BRDA:77,34,0,0
BRDA:79,35,0,0
BRDA:82,36,0,2
BRDA:85,37,0,0
BRDA:89,38,0,0
BRDA:89,39,0,0
BRDA:95,40,0,0
BRDA:95,41,0,0
BRDA:84,42,0,4
BRDA:85,43,0,0
BRDA:89,44,0,2
BRDA:90,45,0,4
BRDA:91,46,0,0
BRDA:162,47,0,2
BRDA:166,48,0,0
BRDA:177,49,0,0
BRDA:95,50,0,2
BRDA:98,51,0,0
BRDA:128,52,0,0
BRDA:129,53,0,0
BRDA:103,54,0,2
BRDA:104,55,0,0
BRDA:108,56,0,1
BRDA:111,57,0,2
BRDA:112,58,0,0
BRDA:187,59,0,1
BRDA:191,60,0,0
BRDA:198,61,0,0
BRDA:117,62,0,1
BRDA:120,63,0,0
BRDA:147,64,0,0
BRDA:147,65,0,0
BRDA:182,66,0,2
BRDA:188,67,0,0
BRDA:189,68,0,0
BRDA:191,69,0,0
BRDA:192,70,0,0
BRDA:199,71,0,0
BRDA:194,72,0,2
BRDA:204,73,0,1
BRDA:207,74,0,0
BRDA:208,75,0,0
BRDA:209,76,0,0
BRDA:212,77,0,0
BRDA:220,78,0,0
BRDA:213,79,0,1
BRF:80
BRH:26
end_of_record
TN:
SF:src\todo-storage.js
FN:2,save
FN:5,load
FN:15,save
FNF:3
FNH:3
FNDA:8,save
FNDA:11,load
FNDA:12,save
DA:1,1
DA:2,1
DA:3,8
DA:5,8
DA:6,11
DA:7,11
DA:8,8
DA:9,11
DA:10,11
DA:11,1
DA:12,1
DA:13,11
DA:15,1
DA:16,12
DA:17,12
DA:18,10
DA:19,12
DA:20,1
DA:21,1
DA:22,12
LF:20
LH:20
BRDA:1,0,0,2
BRDA:1,1,0,2
BRDA:1,2,0,0
BRDA:2,3,0,8
BRDA:6,4,0,0
BRDA:7,5,0,0
BRDA:5,6,0,11
BRDA:7,7,0,9
BRDA:7,8,0,3
BRDA:7,9,0,10
BRDA:7,10,0,8
BRDA:9,11,0,3
BRDA:9,12,0,4
BRDA:10,13,0,1
BRDA:15,14,0,12
BRDA:17,15,0,11
BRDA:17,16,0,2
BRDA:17,17,0,10
BRDA:19,18,0,1
BRF:19
BRH:16
end_of_record
