TN:
SF:src\expense-core.js
FN:8,getUniqueCategories
FN:12,formatDate
FN:28,getExpenseMonth
FN:32,formatAmount
FN:44,getUniqueCategories
FN:47,filterExpenses
FN:59,getExpenseMonth
FN:63,calculateTotal
FN:73,filterExpenses
FN:92,calculateTotal
FNF:10
FNH:9
FNDA:3,getUniqueCategories
FNDA:5,formatDate
FNDA:0,getExpenseMonth
FNDA:6,formatAmount
FNDA:3,getUniqueCategories
FNDA:6,filterExpenses
FNDA:37,getExpenseMonth
FNDA:6,calculateTotal
FNDA:18,filterExpenses
FNDA:7,calculateTotal
DA:1,1
DA:2,1
DA:3,1
DA:4,1
DA:5,1
DA:6,1
DA:7,1
DA:8,1
DA:9,3
DA:10,3
DA:11,3
DA:12,3
DA:13,5
DA:14,3
DA:15,3
DA:16,5
DA:17,2
DA:18,2
DA:19,2
DA:20,2
DA:21,2
DA:22,5
DA:23,0
DA:24,0
DA:25,5
DA:26,1
DA:27,1
DA:28,1
DA:29,0
DA:30,0
DA:31,0
DA:32,0
DA:33,6
DA:34,6
DA:35,6
DA:36,6
DA:37,6
DA:38,1
DA:39,1
DA:40,1
DA:41,1
DA:42,1
DA:43,1
DA:44,1
DA:45,3
DA:46,3
DA:47,9
DA:48,6
DA:49,4
DA:50,4
DA:51,0
DA:52,0
DA:53,0
DA:54,0
DA:55,4
DA:56,4
DA:57,0
DA:58,0
DA:59,0
DA:60,37
DA:61,37
DA:62,31
DA:63,37
DA:64,6
DA:65,6
DA:66,6
DA:67,6
DA:68,4
DA:69,1
DA:70,1
DA:71,1
DA:72,1
DA:73,1
DA:74,18
DA:75,52
DA:76,30
DA:77,30
DA:78,30
DA:79,52
DA:80,23
DA:81,23
DA:82,23
DA:83,17
DA:84,18
DA:85,18
DA:86,1
DA:87,1
DA:88,1
DA:89,1
DA:90,1
DA:91,1
DA:92,1
DA:93,7
DA:94,14
DA:95,14
DA:96,7
DA:97,7
DA:98,1
DA:99,1
DA:100,1
DA:101,1
DA:102,1
DA:103,1
DA:104,1
DA:105,1
DA:106,1
LF:106
LH:93
BRDA:8,0,0,3
BRDA:12,1,0,4
BRDA:12,2,0,5
BRDA:13,3,0,2
BRDA:14,4,0,3
BRDA:16,5,0,1
BRDA:17,6,0,2
BRDA:22,7,0,0
BRDA:32,8,0,6
BRDA:44,9,0,3
BRDA:46,10,0,9
BRDA:47,11,0,7
BRDA:47,12,0,6
BRDA:47,13,0,6
BRDA:48,14,0,4
BRDA:50,15,0,0
BRDA:56,16,0,0
BRDA:59,17,0,37
BRDA:60,18,0,36
BRDA:61,19,0,31
BRDA:61,20,0,6
BRDA:62,21,0,31
BRDA:63,22,0,29
BRDA:63,23,0,2
BRDA:63,24,0,6
BRDA:67,25,0,4
BRDA:68,26,0,0
BRDA:73,27,0,18
BRDA:74,28,0,52
BRDA:75,29,0,30
BRDA:77,30,0,19
BRDA:78,31,0,33
BRDA:79,32,0,23
BRDA:81,33,0,21
BRDA:81,34,0,16
BRDA:82,35,0,17
BRDA:92,36,0,7
BRDA:93,37,0,14
BRDA:95,38,0,3
BRDA:95,39,0,11
BRF:40
BRH:36
end_of_record
TN:
SF:src\expense-dom.js
FN:1,initExpenseDom
FN:24,populateCategoryFilter
FN:38,renderExpensesTable
FN:76,updateTotalDisplay
FN:83,showLoading
FN:95,hideLoading
FN:97,showError
FN:108,applyFilters
FN:117,clearFilters
FN:119,initData
FN:144,getAll
FN:148,getFiltered
FNF:12
FNH:8
FNDA:3,initExpenseDom
FNDA:3,populateCategoryFilter
FNDA:6,renderExpensesTable
FNDA:6,updateTotalDisplay
FNDA:3,showLoading
FNDA:3,hideLoading
FNDA:0,showError
FNDA:6,applyFilters
FNDA:0,clearFilters
FNDA:3,initData
FNDA:0,getAll
FNDA:0,getFiltered
DA:1,3
DA:8,3
DA:9,3
DA:10,3
DA:11,3
DA:12,3
DA:13,3
DA:14,3
DA:15,3
DA:16,3
DA:17,3
DA:18,3
DA:19,3
DA:20,3
DA:21,3
DA:22,3
DA:23,3
DA:24,3
DA:25,3
DA:26,3
DA:27,3
DA:28,3
DA:29,3
DA:30,3
DA:31,3
DA:32,3
DA:33,4
DA:34,4
DA:35,4
DA:36,4
DA:37,4
DA:38,3
DA:39,6
DA:40,6
DA:41,6
DA:42,4
DA:43,4
DA:44,4
DA:45,4
DA:46,4
DA:47,4
DA:48,6
DA:49,2
DA:50,2
DA:51,2
DA:52,2
DA:53,6
DA:54,4
DA:55,4
DA:56,4
DA:57,4
DA:58,4
DA:59,4
DA:60,4
DA:61,4
DA:62,4
DA:63,4
DA:64,4
DA:65,4
DA:66,4
DA:67,4
DA:68,4
DA:69,4
DA:70,4
DA:71,4
DA:72,4
DA:73,4
DA:74,4
DA:75,4
DA:76,3
DA:77,6
DA:78,6
DA:79,6
DA:80,6
DA:81,6
DA:82,6
DA:83,3
DA:84,3
DA:85,3
DA:86,3
DA:87,3
DA:88,3
DA:89,3
DA:90,3
DA:91,3
DA:92,3
DA:93,3
DA:94,3
DA:95,3
DA:96,3
DA:97,3
DA:98,0
DA:99,0
DA:100,0
DA:101,0
DA:102,0
DA:103,0
DA:104,0
DA:105,0
DA:106,0
DA:107,0
DA:108,3
DA:109,6
DA:110,6
DA:111,6
DA:112,6
DA:113,6
DA:114,6
DA:115,6
DA:116,6
DA:117,3
DA:118,0
DA:119,3
DA:120,3
DA:121,3
DA:122,3
DA:123,0
DA:124,0
DA:125,0
DA:126,3
DA:127,3
DA:128,3
DA:129,3
DA:130,3
DA:131,3
DA:132,0
DA:133,0
DA:134,0
DA:135,3
DA:136,3
DA:137,3
DA:138,3
DA:139,3
DA:140,3
DA:141,3
DA:142,3
DA:143,3
DA:144,3
DA:145,0
DA:146,0
DA:147,0
DA:148,3
DA:149,1
DA:150,1
DA:151,1
DA:152,1
DA:153,1
DA:154,1
DA:155,1
DA:156,1
DA:157,1
DA:158,1
DA:159,1
DA:160,1
DA:161,1
DA:162,1
DA:163,1
DA:164,1
LF:158
LH:138
BRDA:1,0,0,3
BRDA:24,1,0,3
BRDA:26,2,0,0
BRDA:30,3,0,0
BRDA:32,4,0,4
BRDA:38,5,0,6
BRDA:40,6,0,0
BRDA:41,7,0,4
BRDA:48,8,0,2
BRDA:53,9,0,4
BRDA:64,10,0,0
BRDA:76,11,0,2
BRDA:76,12,0,6
BRDA:81,13,0,2
BRDA:81,14,0,4
BRDA:83,15,0,3
BRDA:95,16,0,3
BRDA:108,17,0,6
BRDA:111,18,0,0
BRDA:112,19,0,0
BRDA:119,20,0,3
BRDA:122,21,0,0
BRDA:131,22,0,0
BRF:23
BRH:15
end_of_record
TN:
SF:src\quote-core.js
FN:9,sanitizeQuotes
FN:26,selectRandom
FN:37,filterByAuthor
FN:55,loadQuotes
FN:76,getRandomQuote
FNF:5
FNH:4
FNDA:7,sanitizeQuotes
FNDA:7,selectRandom
FNDA:17,filterByAuthor
FNDA:0,loadQuotes
FNDA:5,getRandomQuote
DA:1,1
DA:2,1
DA:4,1
DA:5,1
DA:6,1
DA:7,1
DA:8,1
DA:9,1
DA:10,7
DA:11,3
DA:12,3
DA:13,13
DA:14,13
DA:15,13
DA:16,13
DA:17,6
DA:18,3
DA:19,3
DA:21,1
DA:22,1
DA:23,1
DA:24,1
DA:25,1
DA:26,1
DA:27,7
DA:28,7
DA:29,7
DA:31,1
DA:32,1
DA:33,1
DA:34,1
DA:35,1
DA:36,1
DA:37,1
DA:38,17
DA:39,17
DA:40,14
DA:41,17
DA:42,13
DA:43,13
DA:44,144
DA:45,144
DA:46,144
DA:47,13
DA:48,13
DA:50,1
DA:51,1
DA:52,1
DA:53,1
DA:54,1
DA:55,1
DA:56,0
DA:57,0
DA:58,0
DA:59,0
DA:60,0
DA:61,0
DA:62,0
DA:63,0
DA:64,0
DA:65,0
DA:66,0
DA:67,0
DA:69,1
DA:70,1
DA:71,1
DA:72,1
DA:73,1
DA:74,1
DA:75,1
DA:76,1
DA:77,5
DA:78,5
DA:80,5
DA:81,1
DA:82,1
DA:84,4
DA:85,5
DA:86,3
DA:87,3
DA:88,1
DA:89,1
DA:90,3
DA:92,3
DA:93,3
DA:94,3
LF:86
LH:74
BRDA:9,0,0,7
BRDA:10,1,0,4
BRDA:10,2,0,3
BRDA:12,3,0,13
BRDA:13,4,0,10
BRDA:14,5,0,9
BRDA:15,6,0,6
BRDA:16,7,0,6
BRDA:26,8,0,7
BRDA:37,9,0,17
BRDA:38,10,0,2
BRDA:38,11,0,0
BRDA:38,12,0,15
BRDA:39,13,0,14
BRDA:39,14,0,1
BRDA:39,15,0,14
BRDA:41,16,0,1
BRDA:41,17,0,13
BRDA:43,18,0,144
BRDA:76,19,0,5
BRDA:78,20,0,0
BRDA:80,21,0,1
BRDA:82,22,0,4
BRDA:85,23,0,3
BRDA:87,24,0,1
BRF:25
BRH:23
end_of_record
TN:
SF:src\stopwatch-core.js
FN:15,createState
FN:25,start
FN:37,stop
FN:49,reset
FN:58,getElapsedMs
FN:68,formatElapsed
FN:83,toCsv
FNF:7
FNH:7
FNDA:6,createState
FNDA:6,start
FNDA:6,stop
FNDA:2,reset
FNDA:12,getElapsedMs
FNDA:9,formatElapsed
FNDA:2,toCsv
DA:1,1
DA:2,1
DA:3,1
DA:4,1
DA:5,1
DA:6,1
DA:7,1
DA:8,1
DA:9,1
DA:10,1
DA:11,1
DA:12,1
DA:13,1
DA:14,1
DA:15,1
DA:16,6
DA:17,6
DA:18,1
DA:19,1
DA:20,1
DA:21,1
DA:22,1
DA:23,1
DA:24,1
DA:25,1
DA:26,6
DA:27,6
DA:28,6
DA:29,6
DA:30,1
DA:31,1
DA:32,1
DA:33,1
DA:34,1
DA:35,1
DA:36,1
DA:37,1
DA:38,6
DA:39,6
DA:40,6
DA:41,6
DA:42,6
DA:43,1
DA:44,1
DA:45,1
DA:46,1
DA:47,1
DA:48,1
DA:49,1
DA:50,2
DA:51,2
DA:52,1
DA:53,1
DA:54,1
DA:55,1
DA:56,1
DA:57,1
DA:58,1
DA:59,12
DA:60,12
DA:61,12
DA:62,12
DA:63,1
DA:64,1
DA:65,1
DA:66,1
DA:67,1
DA:68,1
DA:69,9
DA:70,9
DA:71,9
DA:72,9
DA:73,9
DA:74,9
DA:75,9
DA:76,9
DA:77,1
DA:78,1
DA:79,1
DA:80,1
DA:81,1
DA:82,1
DA:83,1
DA:84,2
DA:85,2
DA:86,2
DA:87,2
DA:88,1
DA:89,1
DA:90,1
DA:91,1
DA:92,1
DA:93,1
DA:94,1
DA:95,1
DA:96,1
DA:97,1
LF:97
LH:97
BRDA:15,0,0,6
BRDA:25,1,0,6
BRDA:26,2,0,0
BRDA:37,3,0,6
BRDA:38,4,0,0
BRDA:39,5,0,0
BRDA:49,6,0,2
BRDA:58,7,0,12
BRDA:59,8,0,2
BRDA:60,9,0,2
BRDA:61,10,0,10
BRDA:68,11,0,9
BRDA:83,12,0,2
BRF:13
BRH:10
end_of_record
TN:
SF:src\stopwatch-dom.js
FN:16,initStopwatch
FN:26,render
FN:33,tick
FN:37,handleToggle
FN:52,handleReset
FN:61,handleExport
FN:81,getState
FNF:7
FNH:6
FNDA:1,initStopwatch
FNDA:6,render
FNDA:1,tick
FNDA:2,handleToggle
FNDA:1,handleReset
FNDA:1,handleExport
FNDA:0,getState
DA:1,1
DA:9,1
DA:10,1
DA:11,1
DA:12,1
DA:13,1
DA:14,1
DA:15,1
DA:16,1
DA:17,1
DA:18,1
DA:19,1
DA:20,1
DA:21,1
DA:22,1
DA:23,1
DA:24,1
DA:25,1
DA:26,1
DA:27,6
DA:28,6
DA:29,6
DA:30,6
DA:31,6
DA:32,1
DA:33,1
DA:34,1
DA:35,1
DA:36,1
DA:37,1
DA:38,2
DA:39,2
DA:40,1
DA:41,1
DA:42,1
DA:43,1
DA:44,1
DA:45,1
DA:46,1
DA:47,1
DA:48,1
DA:49,2
DA:50,2
DA:51,1
DA:52,1
DA:53,1
DA:54,1
DA:55,0
DA:56,0
DA:57,0
DA:58,1
DA:59,1
DA:60,1
DA:61,1
DA:62,1
DA:63,1
DA:64,1
DA:65,1
DA:66,1
DA:67,1
DA:68,1
DA:69,1
DA:70,1
DA:71,1
DA:72,1
DA:73,1
DA:74,1
DA:75,1
DA:76,1
DA:77,1
DA:78,1
DA:79,1
DA:80,1
DA:81,1
DA:82,1
DA:83,1
DA:84,1
DA:85,1
DA:86,1
LF:79
LH:76
BRDA:16,0,0,1
BRDA:26,1,0,6
BRDA:27,2,0,0
BRDA:30,3,0,2
BRDA:30,4,0,4
BRDA:33,5,0,1
BRDA:37,6,0,2
BRDA:39,7,0,1
BRDA:52,8,0,1
BRDA:54,9,0,0
BRDA:61,10,0,1
BRF:11
BRH:9
end_of_record
TN:
SF:src\todo-core-v2.js
FN:1,normalizePriority
FN:8,normalizeTitle
FN:19,ymd
FN:21,add
FN:31,normalizePriority
FN:45,add
FN:53,toggle
FN:64,remove
FN:84,toggle
FN:93,filter
FN:101,remove
FN:109,matchesText
FN:112,matchesDue
FN:116,filter
FN:122,matchesPriority
FN:128,matchesText
FN:133,matchesDue
FN:135,exportCsv
FN:143,matchesPriority
FN:148,csvEscape
FN:155,serialize
FN:158,exportCsv
FN:169,deserialize
FN:174,csvEscape
FN:184,serialize
FN:200,deserialize
FNF:26
FNH:22
FNDA:2,normalizePriority
FNDA:19,normalizeTitle
FNDA:40,ymd
FNDA:2,add
FNDA:11,normalizePriority
FNDA:10,add
FNDA:0,toggle
FNDA:0,remove
FNDA:3,toggle
FNDA:4,filter
FNDA:2,remove
FNDA:2,matchesText
FNDA:2,matchesDue
FNDA:12,filter
FNDA:2,matchesPriority
FNDA:36,matchesText
FNDA:33,matchesDue
FNDA:4,exportCsv
FNDA:23,matchesPriority
FNDA:2,csvEscape
FNDA:0,serialize
FNDA:3,exportCsv
FNDA:0,deserialize
FNDA:4,csvEscape
FNDA:1,serialize
FNDA:2,deserialize
DA:1,1
DA:2,2
DA:3,2
DA:4,1
DA:5,1
DA:6,1
DA:7,1
DA:8,19
DA:9,19
DA:10,19
DA:11,19
DA:12,19
DA:13,19
DA:14,1
DA:15,1
DA:16,1
DA:17,1
DA:18,1
DA:19,40
DA:20,40
DA:21,40
DA:22,2
DA:23,2
DA:24,2
DA:25,2
DA:26,2
DA:27,2
DA:28,2
DA:29,2
DA:30,2
DA:31,11
DA:32,11
DA:33,11
DA:34,2
DA:35,2
DA:36,2
DA:37,2
DA:38,2
DA:39,2
DA:40,2
DA:41,2
DA:42,0
DA:43,2
DA:44,2
DA:45,2
DA:46,10
DA:47,10
DA:48,10
DA:49,2
DA:50,2
DA:51,8
DA:52,8
DA:53,8
DA:54,0
DA:55,0
DA:56,0
DA:57,0
DA:58,0
DA:59,0
DA:60,3
DA:61,3
DA:62,10
DA:63,4
DA:64,4
DA:65,0
DA:66,0
DA:67,0
DA:68,0
DA:69,0
DA:70,0
DA:71,0
DA:72,7
DA:73,7
DA:74,7
DA:75,7
DA:76,7
DA:77,7
DA:78,1
DA:79,1
DA:80,1
DA:81,1
DA:82,1
DA:83,1
DA:84,1
DA:85,3
DA:86,3
DA:87,5
DA:88,2
DA:89,2
DA:90,2
DA:91,3
DA:92,3
DA:93,3
DA:94,4
DA:95,4
DA:96,4
DA:97,4
DA:98,4
DA:99,4
DA:100,4
DA:101,4
DA:102,2
DA:103,2
DA:104,1
DA:105,1
DA:106,0
DA:107,0
DA:108,4
DA:109,4
DA:110,2
DA:111,0
DA:112,4
DA:113,2
DA:114,0
DA:115,0
DA:116,0
DA:117,12
DA:118,12
DA:119,12
DA:120,12
DA:121,12
DA:122,12
DA:123,2
DA:124,0
DA:125,12
DA:126,12
DA:127,12
DA:128,12
DA:129,36
DA:130,7
DA:131,36
DA:132,12
DA:133,12
DA:134,33
DA:135,32
DA:136,4
DA:137,4
DA:138,2
DA:139,2
DA:140,2
DA:141,2
DA:142,2
DA:143,2
DA:144,23
DA:145,11
DA:146,23
DA:147,4
DA:148,12
DA:149,2
DA:150,2
DA:151,2
DA:152,2
DA:153,1
DA:154,1
DA:155,1
DA:156,0
DA:157,0
DA:158,0
DA:159,3
DA:160,3
DA:161,3
DA:162,4
DA:163,4
DA:164,4
DA:165,4
DA:166,4
DA:167,4
DA:168,4
DA:169,4
DA:170,0
DA:171,0
DA:172,0
DA:173,0
DA:174,4
DA:175,4
DA:176,4
DA:177,1
DA:178,1
DA:179,0
DA:180,0
DA:181,0
DA:182,0
DA:183,0
DA:184,0
DA:185,1
DA:186,2
DA:187,2
DA:188,2
DA:189,2
DA:190,2
DA:191,1
DA:192,1
DA:193,1
DA:194,1
DA:195,1
DA:196,1
DA:197,1
DA:198,1
DA:199,1
DA:200,1
DA:201,2
DA:202,2
DA:203,2
DA:204,1
DA:205,2
DA:206,2
DA:207,2
DA:208,2
DA:209,2
DA:210,2
DA:211,2
DA:212,2
DA:213,1
DA:214,1
DA:215,1
DA:216,1
DA:217,2
LF:217
LH:183
BRDA:1,0,0,2
BRDA:4,1,0,0
BRDA:8,2,0,19
BRDA:9,3,0,0
BRDA:19,4,0,40
BRDA:21,5,0,2
BRDA:23,6,0,0
BRDA:27,7,0,0
BRDA:36,8,0,0
BRDA:40,9,0,0
BRDA:41,10,0,0
BRDA:31,11,0,11
BRDA:32,12,0,8
BRDA:32,13,0,6
BRDA:32,14,0,5
BRDA:45,15,0,10
BRDA:46,16,0,0
BRDA:48,17,0,2
BRDA:50,18,0,8
BRDA:54,19,0,1
BRDA:56,20,0,7
BRDA:59,21,0,3
BRDA:61,22,0,1
BRDA:61,23,0,2
BRDA:62,24,0,4
BRDA:66,25,0,7
BRDA:53,26,0,2
BRDA:84,27,0,3
BRDA:93,28,0,2
BRDA:93,29,0,1
BRDA:86,30,0,5
BRDA:87,31,0,2
BRDA:90,32,0,3
BRDA:93,33,0,4
BRDA:104,34,0,0
BRDA:109,35,0,0
BRDA:101,36,0,2
BRDA:103,37,0,1
BRDA:102,38,0,2
BRDA:109,39,0,2
BRDA:110,40,0,0
BRDA:112,41,0,2
BRDA:114,42,0,0
BRDA:116,43,0,12
BRDA:125,44,0,2
BRDA:125,45,0,10
BRDA:126,46,0,7
BRDA:126,47,0,4
BRDA:126,48,0,8
BRDA:122,49,0,2
BRDA:123,50,0,0
BRDA:128,51,0,36
BRDA:129,52,0,29
BRDA:130,53,0,7
BRDA:133,54,0,33
BRDA:134,55,0,20
BRDA:134,56,0,18
BRDA:135,57,0,32
BRDA:135,58,0,15
BRDA:135,59,0,3
BRDA:135,60,0,12
BRDA:137,61,0,6
BRDA:138,62,0,3
BRDA:140,63,0,0
BRDA:135,64,0,4
BRDA:138,65,0,2
BRDA:139,66,0,0
BRDA:140,67,0,0
BRDA:143,68,0,0
BRDA:143,69,0,23
BRDA:144,70,0,12
BRDA:145,71,0,11
BRDA:148,72,0,2
BRDA:152,73,0,0
BRDA:158,74,0,3
BRDA:161,75,0,4
BRDA:164,76,0,0
BRDA:165,77,0,3
BRDA:165,78,0,1
BRDA:166,79,0,0
BRDA:174,80,0,4
BRDA:176,81,0,3
BRDA:177,82,0,1
BRDA:184,83,0,1
BRDA:185,84,0,2
BRDA:188,85,0,1
BRDA:188,86,0,1
BRDA:200,87,0,2
BRDA:202,88,0,0
BRDA:203,89,0,0
BRDA:204,90,0,1
BRDA:204,91,0,2
BRDA:206,92,0,0
BRDA:209,93,0,1
BRDA:210,94,0,1
BRF:95
BRH:72
end_of_record
TN:
SF:src\todo-core.js
FN:19,DuplicateTaskError
FN:30,createState
FN:49,normalizeTask
FN:73,addTask
FN:93,toggleComplete
FN:110,getVisibleTasks
FN:125,isDateToday
FN:134,getRelativeDate
FN:145,normalizeTitle
FN:154,assertDateOnly
FN:167,formatDateOnly
FN:177,computeNextId
FNF:12
FNH:11
FNDA:2,DuplicateTaskError
FNDA:8,createState
FNDA:21,normalizeTask
FNDA:9,addTask
FNDA:0,toggleComplete
FNDA:7,getVisibleTasks
FNDA:3,isDateToday
FNDA:8,getRelativeDate
FNDA:16,normalizeTitle
FNDA:22,assertDateOnly
FNDA:17,formatDateOnly
FNDA:7,computeNextId
DA:1,1
DA:2,1
DA:3,1
DA:4,1
DA:6,1
DA:7,1
DA:8,1
DA:9,1
DA:10,1
DA:11,1
DA:12,1
DA:13,1
DA:14,1
DA:16,1
DA:18,1
DA:19,1
DA:20,2
DA:21,2
DA:22,2
DA:23,1
DA:25,1
DA:26,1
DA:27,1
DA:28,1
DA:29,1
DA:30,1
DA:31,8
DA:32,7
DA:33,7
DA:34,7
DA:35,7
DA:36,7
DA:37,7
DA:38,7
DA:39,7
DA:40,8
DA:41,8
DA:42,8
DA:44,1
DA:45,1
DA:46,1
DA:47,1
DA:48,1
DA:49,1
DA:50,21
DA:51,21
DA:52,2
DA:53,2
DA:54,19
DA:55,19
DA:56,21
DA:57,21
DA:58,21
DA:59,21
DA:60,21
DA:61,21
DA:62,21
DA:63,21
DA:64,21
DA:65,21
DA:67,1
DA:68,1
DA:69,1
DA:70,1
DA:71,1
DA:72,1
DA:73,1
DA:74,9
DA:75,9
DA:76,9
DA:77,6
DA:78,9
DA:79,9
DA:80,2
DA:81,2
DA:82,7
DA:83,7
DA:84,7
DA:85,7
DA:87,1
DA:88,1
DA:89,1
DA:90,1
DA:91,1
DA:92,1
DA:93,1
DA:94,0
DA:95,0
DA:96,0
DA:97,0
DA:98,0
DA:99,0
DA:101,1
DA:102,1
DA:103,1
DA:104,1
DA:105,1
DA:106,1
DA:107,1
DA:108,1
DA:109,1
DA:110,1
DA:111,7
DA:112,7
DA:113,7
DA:114,7
DA:115,7
DA:116,7
DA:117,7
DA:118,7
DA:120,1
DA:121,1
DA:122,1
DA:123,1
DA:124,1
DA:125,1
DA:126,3
DA:127,3
DA:129,1
DA:130,1
DA:131,1
DA:132,1
DA:133,1
DA:134,1
DA:135,8
DA:136,8
DA:137,8
DA:138,8
DA:139,8
DA:141,1
DA:142,1
DA:143,1
DA:144,1
DA:145,1
DA:146,16
DA:147,16
DA:149,1
DA:150,1
DA:151,1
DA:152,1
DA:153,1
DA:154,1
DA:155,22
DA:156,22
DA:157,3
DA:158,3
DA:159,19
DA:160,19
DA:162,1
DA:163,1
DA:164,1
DA:165,1
DA:166,1
DA:167,1
DA:168,17
DA:169,17
DA:170,17
DA:171,17
DA:172,17
DA:174,1
DA:175,1
DA:176,1
DA:177,7
DA:178,7
DA:179,7
DA:180,4
DA:181,4
DA:182,7
DA:183,7
DA:185,1
DA:186,1
DA:187,1
DA:188,1
DA:189,1
DA:190,1
DA:191,1
DA:192,1
DA:193,1
DA:194,1
DA:195,1
DA:196,1
LF:181
LH:175
BRDA:19,0,0,2
BRDA:30,1,0,8
BRDA:31,2,0,7
BRDA:33,3,0,0
BRDA:34,4,0,0
BRDA:35,5,0,0
BRDA:38,6,0,0
BRDA:49,7,0,21
BRDA:50,8,0,1
BRDA:51,9,0,2
BRDA:53,10,0,19
BRDA:56,11,0,7
BRDA:56,12,0,9
BRDA:63,13,0,7
BRDA:63,14,0,9
BRDA:73,15,0,9
BRDA:79,16,0,8
BRDA:79,17,0,2
BRDA:81,18,0,7
BRDA:76,19,0,6
BRDA:77,20,0,2
BRDA:110,21,0,7
BRDA:114,22,0,15
BRDA:114,23,0,8
BRDA:114,24,0,7
BRDA:115,25,0,13
BRDA:115,26,0,9
BRDA:115,27,0,4
BRDA:117,28,0,3
BRDA:125,29,0,3
BRDA:134,30,0,8
BRDA:136,31,0,2
BRDA:137,32,0,3
BRDA:145,33,0,16
BRDA:154,34,0,22
BRDA:155,35,0,1
BRDA:156,36,0,3
BRDA:158,37,0,19
BRDA:167,38,0,17
BRDA:177,39,0,7
BRDA:179,40,0,4
BRF:41
BRH:37
end_of_record
TN:
SF:src\todo-dom.js
FN:11,initTodoDom
FN:21,ymd
FN:31,ymd
FN:33,showError
FN:38,currentQuery
FN:48,showError
FN:54,currentQuery
FN:57,updateExportCsv
FN:61,render
FN:66,updateExportCsv
FN:74,render
FN:147,onSubmit
FN:163,onSubmit
FN:170,rerender
FN:179,getState
FN:190,rerender
FN:199,getState
FNF:17
FNH:13
FNDA:1,initTodoDom
FNDA:4,ymd
FNDA:2,ymd
FNDA:2,showError
FNDA:4,currentQuery
FNDA:1,showError
FNDA:2,currentQuery
FNDA:4,updateExportCsv
FNDA:4,render
FNDA:2,updateExportCsv
FNDA:2,render
FNDA:2,onSubmit
FNDA:1,onSubmit
FNDA:0,rerender
FNDA:0,getState
FNDA:0,rerender
FNDA:0,getState
DA:1,1
DA:3,1
DA:4,1
DA:5,1
DA:6,1
DA:7,1
DA:8,1
DA:9,1
DA:10,1
DA:11,1
DA:12,1
DA:13,1
DA:14,1
DA:15,1
DA:16,1
DA:17,1
DA:18,1
DA:19,0
DA:20,1
DA:21,1
DA:22,4
DA:23,4
DA:24,1
DA:26,1
DA:27,1
DA:28,1
DA:30,1
DA:31,1
DA:32,2
DA:33,2
DA:34,2
DA:35,2
DA:36,2
DA:38,1
DA:39,4
DA:40,4
DA:42,4
DA:43,4
DA:45,4
DA:46,4
DA:48,4
DA:49,1
DA:50,1
DA:51,1
DA:52,1
DA:54,4
DA:55,2
DA:56,2
DA:57,2
DA:58,4
DA:59,4
DA:60,4
DA:61,2
DA:62,4
DA:63,4
DA:64,4
DA:66,4
DA:67,2
DA:68,2
DA:69,2
DA:70,2
DA:71,2
DA:72,2
DA:74,2
DA:75,2
DA:76,2
DA:77,2
DA:78,0
DA:80,0
DA:81,1
DA:82,1
DA:83,1
DA:84,1
DA:86,1
DA:87,1
DA:88,1
DA:89,1
DA:90,1
DA:91,1
DA:92,1
DA:93,0
DA:94,0
DA:95,0
DA:96,0
DA:97,0
DA:98,1
DA:100,1
DA:101,1
DA:102,1
DA:103,1
DA:105,1
DA:106,0
DA:107,0
DA:108,0
DA:109,0
DA:110,0
DA:112,0
DA:113,0
DA:114,0
DA:115,0
DA:116,0
DA:117,0
DA:118,0
DA:119,0
DA:120,0
DA:121,0
DA:122,0
DA:123,0
DA:124,0
DA:125,0
DA:126,0
DA:127,0
DA:128,0
DA:129,0
DA:130,0
DA:131,0
DA:132,0
DA:133,1
DA:135,1
DA:136,1
DA:137,1
DA:138,1
DA:139,1
DA:140,2
DA:142,2
DA:143,2
DA:145,2
DA:146,2
DA:147,1
DA:148,2
DA:149,2
DA:150,2
DA:151,2
DA:152,2
DA:153,2
DA:154,2
DA:155,2
DA:156,2
DA:157,2
DA:158,2
DA:159,2
DA:160,2
DA:161,2
DA:163,2
DA:164,1
DA:165,1
DA:166,1
DA:167,1
DA:168,1
DA:169,1
DA:170,1
DA:171,1
DA:172,1
DA:173,1
DA:174,1
DA:175,1
DA:176,1
DA:177,1
DA:178,1
DA:179,0
DA:180,0
DA:181,0
DA:182,0
DA:183,0
DA:184,0
DA:185,1
DA:187,1
DA:188,1
DA:190,1
DA:191,1
DA:192,1
DA:193,1
DA:194,1
DA:195,1
DA:197,1
DA:199,1
DA:200,1
DA:202,1
LF:178
LH:138
BRDA:18,0,0,0
BRDA:20,1,0,0
BRDA:174,2,0,0
BRDA:176,3,0,0
BRDA:11,4,0,1
BRDA:27,5,0,0
BRDA:28,6,0,0
BRDA:194,7,0,0
BRDA:195,8,0,0
BRDA:21,9,0,4
BRDA:27,10,0,0
BRDA:28,11,0,0
BRDA:31,12,0,2
BRDA:33,13,0,2
BRDA:34,14,0,0
BRDA:38,15,0,0
BRDA:38,16,0,4
BRDA:45,17,0,0
BRDA:51,18,0,0
BRDA:54,19,0,0
BRDA:55,20,0,0
BRDA:55,21,0,0
BRDA:55,22,0,0
BRDA:55,23,0,0
BRDA:48,24,0,1
BRDA:49,25,0,0
BRDA:51,26,0,0
BRDA:54,27,0,2
BRDA:57,28,0,0
BRDA:61,29,0,0
BRDA:61,30,0,0
BRDA:61,31,0,0
BRDA:62,32,0,0
BRDA:62,33,0,0
BRDA:62,34,0,0
BRDA:57,35,0,4
BRDA:57,36,0,0
BRDA:60,37,0,2
BRDA:61,38,0,4
BRDA:62,39,0,0
BRDA:124,40,0,2
BRDA:130,41,0,0
BRDA:143,42,0,0
BRDA:66,43,0,2
BRDA:67,44,0,0
BRDA:71,45,0,1
BRDA:66,46,0,2
BRDA:69,47,0,0
BRDA:94,48,0,0
BRDA:95,49,0,0
BRDA:74,50,0,2
BRDA:75,51,0,0
BRDA:146,52,0,1
BRDA:150,53,0,0
BRDA:157,54,0,0
BRDA:80,55,0,1
BRDA:83,56,0,0
BRDA:109,57,0,0
BRDA:109,58,0,0
BRDA:147,59,0,2
BRDA:150,60,0,0
BRDA:151,61,0,0
BRDA:153,62,0,0
BRDA:156,63,0,0
BRDA:166,64,0,0
BRDA:158,65,0,2
BRDA:163,66,0,1
BRDA:166,67,0,0
BRDA:167,68,0,0
BRDA:168,69,0,0
BRDA:171,70,0,0
BRDA:178,71,0,0
BRDA:172,72,0,1
BRF:73
BRH:21
end_of_record
TN:
SF:src\todo-storage.js
FN:2,save
FN:5,load
FN:15,save
FNF:3
FNH:3
FNDA:2,save
FNDA:10,load
FNDA:9,save
DA:1,1
DA:2,1
DA:3,2
DA:5,2
DA:6,10
DA:7,10
DA:8,7
DA:9,10
DA:10,10
DA:11,1
DA:12,1
DA:13,10
DA:15,1
DA:16,9
DA:17,9
DA:18,7
DA:19,9
DA:20,1
DA:21,1
DA:22,9
LF:20
LH:20
BRDA:1,0,0,0
BRDA:1,1,0,0
BRDA:2,2,0,2
BRDA:6,3,0,0
BRDA:7,4,0,0
BRDA:5,5,0,10
BRDA:7,6,0,8
BRDA:7,7,0,9
BRDA:7,8,0,3
BRDA:7,9,0,7
BRDA:9,10,0,2
BRDA:9,11,0,4
BRDA:10,12,0,1
BRDA:15,13,0,9
BRDA:17,14,0,8
BRDA:17,15,0,2
BRDA:17,16,0,7
BRDA:19,17,0,1
BRF:18
BRH:14
end_of_record
