{"C:\\Users\\LENOVO\\Training\\todo\\src\\core.js": {"path":"C:\\Users\\LENOVO\\Training\\todo\\src\\core.js","statementMap":{"0":{"start":{"line":3,"column":19},"end":{"line":3,"column":44}},"1":{"start":{"line":6,"column":2},"end":{"line":6,"column":45}},"2":{"start":{"line":6,"column":33},"end":{"line":6,"column":45}},"3":{"start":{"line":7,"column":12},"end":{"line":7,"column":49}},"4":{"start":{"line":8,"column":2},"end":{"line":8,"column":23}},"5":{"start":{"line":8,"column":10},"end":{"line":8,"column":23}},"6":{"start":{"line":9,"column":12},"end":{"line":9,"column":24}},"7":{"start":{"line":10,"column":13},"end":{"line":10,"column":25}},"8":{"start":{"line":11,"column":12},"end":{"line":11,"column":24}},"9":{"start":{"line":12,"column":13},"end":{"line":12,"column":45}},"10":{"start":{"line":13,"column":2},"end":{"line":13,"column":91}},"11":{"start":{"line":17,"column":12},"end":{"line":17,"column":16}},"12":{"start":{"line":18,"column":17},"end":{"line":18,"column":25}},"13":{"start":{"line":19,"column":20},"end":{"line":19,"column":22}},"14":{"start":{"line":21,"column":2},"end":{"line":34,"column":3}},"15":{"start":{"line":21,"column":15},"end":{"line":21,"column":16}},"16":{"start":{"line":22,"column":18},"end":{"line":22,"column":25}},"17":{"start":{"line":23,"column":4},"end":{"line":33,"column":5}},"18":{"start":{"line":24,"column":6},"end":{"line":24,"column":41}},"19":{"start":{"line":25,"column":11},"end":{"line":33,"column":5}},"20":{"start":{"line":26,"column":6},"end":{"line":26,"column":22}},"21":{"start":{"line":27,"column":11},"end":{"line":33,"column":5}},"22":{"start":{"line":28,"column":6},"end":{"line":28,"column":65}},"23":{"start":{"line":29,"column":11},"end":{"line":33,"column":5}},"24":{"start":{"line":30,"column":6},"end":{"line":30,"column":49}},"25":{"start":{"line":32,"column":6},"end":{"line":32,"column":28}},"26":{"start":{"line":36,"column":15},"end":{"line":36,"column":62}},"27":{"start":{"line":37,"column":2},"end":{"line":37,"column":33}},"28":{"start":{"line":41,"column":17},"end":{"line":41,"column":22}},"29":{"start":{"line":42,"column":21},"end":{"line":42,"column":26}},"30":{"start":{"line":44,"column":2},"end":{"line":50,"column":3}},"31":{"start":{"line":45,"column":4},"end":{"line":49,"column":5}},"32":{"start":{"line":46,"column":6},"end":{"line":46,"column":22}},"33":{"start":{"line":47,"column":11},"end":{"line":49,"column":5}},"34":{"start":{"line":48,"column":6},"end":{"line":48,"column":26}},"35":{"start":{"line":52,"column":2},"end":{"line":52,"column":36}},"36":{"start":{"line":56,"column":12},"end":{"line":56,"column":29}},"37":{"start":{"line":57,"column":12},"end":{"line":57,"column":55}},"38":{"start":{"line":58,"column":12},"end":{"line":58,"column":50}},"39":{"start":{"line":59,"column":2},"end":{"line":59,"column":26}},"40":{"start":{"line":63,"column":12},"end":{"line":63,"column":13}},"41":{"start":{"line":64,"column":2},"end":{"line":66,"column":3}},"42":{"start":{"line":65,"column":4},"end":{"line":65,"column":59}},"43":{"start":{"line":65,"column":48},"end":{"line":65,"column":59}},"44":{"start":{"line":67,"column":2},"end":{"line":67,"column":17}},"45":{"start":{"line":71,"column":25},"end":{"line":71,"column":67}},"46":{"start":{"line":72,"column":2},"end":{"line":72,"column":87}},"47":{"start":{"line":72,"column":25},"end":{"line":72,"column":85}},"48":{"start":{"line":76,"column":2},"end":{"line":78,"column":3}},"49":{"start":{"line":77,"column":4},"end":{"line":77,"column":84}},"50":{"start":{"line":79,"column":2},"end":{"line":81,"column":3}},"51":{"start":{"line":80,"column":4},"end":{"line":80,"column":107}},"52":{"start":{"line":82,"column":2},"end":{"line":84,"column":3}},"53":{"start":{"line":83,"column":4},"end":{"line":83,"column":107}},"54":{"start":{"line":85,"column":2},"end":{"line":87,"column":3}},"55":{"start":{"line":86,"column":4},"end":{"line":86,"column":108}},"56":{"start":{"line":89,"column":15},"end":{"line":89,"column":28}},"57":{"start":{"line":90,"column":18},"end":{"line":97,"column":3}},"58":{"start":{"line":98,"column":2},"end":{"line":98,"column":21}},"59":{"start":{"line":99,"column":2},"end":{"line":99,"column":50}},"60":{"start":{"line":103,"column":16},"end":{"line":103,"column":29}},"61":{"start":{"line":104,"column":2},"end":{"line":108,"column":3}},"62":{"start":{"line":105,"column":4},"end":{"line":105,"column":64}},"63":{"start":{"line":105,"column":34},"end":{"line":105,"column":62}},"64":{"start":{"line":106,"column":9},"end":{"line":108,"column":3}},"65":{"start":{"line":107,"column":4},"end":{"line":107,"column":85}},"66":{"start":{"line":107,"column":34},"end":{"line":107,"column":83}},"67":{"start":{"line":109,"column":2},"end":{"line":109,"column":17}},"68":{"start":{"line":113,"column":2},"end":{"line":115,"column":3}},"69":{"start":{"line":114,"column":4},"end":{"line":114,"column":121}},"70":{"start":{"line":116,"column":18},"end":{"line":116,"column":74}},"71":{"start":{"line":117,"column":2},"end":{"line":117,"column":31}},"72":{"start":{"line":121,"column":20},"end":{"line":121,"column":30}},"73":{"start":{"line":122,"column":2},"end":{"line":124,"column":3}},"74":{"start":{"line":123,"column":4},"end":{"line":123,"column":90}},"75":{"start":{"line":125,"column":15},"end":{"line":125,"column":28}},"76":{"start":{"line":126,"column":15},"end":{"line":126,"column":49}},"77":{"start":{"line":126,"column":30},"end":{"line":126,"column":48}},"78":{"start":{"line":127,"column":2},"end":{"line":129,"column":3}},"79":{"start":{"line":128,"column":4},"end":{"line":128,"column":74}},"80":{"start":{"line":130,"column":2},"end":{"line":132,"column":3}},"81":{"start":{"line":131,"column":4},"end":{"line":131,"column":67}},"82":{"start":{"line":133,"column":2},"end":{"line":133,"column":24}},"83":{"start":{"line":134,"column":2},"end":{"line":134,"column":41}},"84":{"start":{"line":138,"column":20},"end":{"line":138,"column":30}},"85":{"start":{"line":139,"column":2},"end":{"line":141,"column":3}},"86":{"start":{"line":140,"column":4},"end":{"line":140,"column":90}},"87":{"start":{"line":142,"column":15},"end":{"line":142,"column":52}},"88":{"start":{"line":142,"column":33},"end":{"line":142,"column":51}},"89":{"start":{"line":143,"column":2},"end":{"line":145,"column":3}},"90":{"start":{"line":144,"column":4},"end":{"line":144,"column":74}},"91":{"start":{"line":146,"column":2},"end":{"line":146,"column":57}},"92":{"start":{"line":149,"column":0},"end":{"line":162,"column":2}}},"fnMap":{"0":{"name":"validateDue","decl":{"start":{"line":5,"column":9},"end":{"line":5,"column":20}},"loc":{"start":{"line":5,"column":26},"end":{"line":14,"column":1}},"line":5},"1":{"name":"parseAddArgs","decl":{"start":{"line":16,"column":9},"end":{"line":16,"column":21}},"loc":{"start":{"line":16,"column":28},"end":{"line":38,"column":1}},"line":16},"2":{"name":"parseListArgs","decl":{"start":{"line":40,"column":9},"end":{"line":40,"column":22}},"loc":{"start":{"line":40,"column":29},"end":{"line":53,"column":1}},"line":40},"3":{"name":"toLocalISODate","decl":{"start":{"line":55,"column":9},"end":{"line":55,"column":23}},"loc":{"start":{"line":55,"column":29},"end":{"line":60,"column":1}},"line":55},"4":{"name":"generateId","decl":{"start":{"line":62,"column":9},"end":{"line":62,"column":19}},"loc":{"start":{"line":62,"column":27},"end":{"line":68,"column":1}},"line":62},"5":{"name":"isDuplicate","decl":{"start":{"line":70,"column":9},"end":{"line":70,"column":20}},"loc":{"start":{"line":70,"column":37},"end":{"line":73,"column":1}},"line":70},"6":{"name":"(anonymous_6)","decl":{"start":{"line":72,"column":20},"end":{"line":72,"column":21}},"loc":{"start":{"line":72,"column":25},"end":{"line":72,"column":85}},"line":72},"7":{"name":"addTodo","decl":{"start":{"line":75,"column":9},"end":{"line":75,"column":16}},"loc":{"start":{"line":75,"column":67},"end":{"line":100,"column":1}},"line":75},"8":{"name":"filterTodos","decl":{"start":{"line":102,"column":9},"end":{"line":102,"column":20}},"loc":{"start":{"line":102,"column":66},"end":{"line":110,"column":1}},"line":102},"9":{"name":"(anonymous_9)","decl":{"start":{"line":105,"column":29},"end":{"line":105,"column":30}},"loc":{"start":{"line":105,"column":34},"end":{"line":105,"column":62}},"line":105},"10":{"name":"(anonymous_10)","decl":{"start":{"line":107,"column":29},"end":{"line":107,"column":30}},"loc":{"start":{"line":107,"column":34},"end":{"line":107,"column":83}},"line":107},"11":{"name":"listTodos","decl":{"start":{"line":112,"column":9},"end":{"line":112,"column":18}},"loc":{"start":{"line":112,"column":64},"end":{"line":118,"column":1}},"line":112},"12":{"name":"completeTodo","decl":{"start":{"line":120,"column":9},"end":{"line":120,"column":21}},"loc":{"start":{"line":120,"column":33},"end":{"line":135,"column":1}},"line":120},"13":{"name":"(anonymous_13)","decl":{"start":{"line":126,"column":25},"end":{"line":126,"column":26}},"loc":{"start":{"line":126,"column":30},"end":{"line":126,"column":48}},"line":126},"14":{"name":"removeTodo","decl":{"start":{"line":137,"column":9},"end":{"line":137,"column":19}},"loc":{"start":{"line":137,"column":31},"end":{"line":147,"column":1}},"line":137},"15":{"name":"(anonymous_15)","decl":{"start":{"line":142,"column":28},"end":{"line":142,"column":29}},"loc":{"start":{"line":142,"column":33},"end":{"line":142,"column":51}},"line":142}},"branchMap":{"0":{"loc":{"start":{"line":6,"column":2},"end":{"line":6,"column":45}},"type":"if","locations":[{"start":{"line":6,"column":2},"end":{"line":6,"column":45}},{"start":{},"end":{}}],"line":6},"1":{"loc":{"start":{"line":6,"column":6},"end":{"line":6,"column":31}},"type":"binary-expr","locations":[{"start":{"line":6,"column":6},"end":{"line":6,"column":17}},{"start":{"line":6,"column":21},"end":{"line":6,"column":31}}],"line":6},"2":{"loc":{"start":{"line":8,"column":2},"end":{"line":8,"column":23}},"type":"if","locations":[{"start":{"line":8,"column":2},"end":{"line":8,"column":23}},{"start":{},"end":{}}],"line":8},"3":{"loc":{"start":{"line":13,"column":9},"end":{"line":13,"column":90}},"type":"binary-expr","locations":[{"start":{"line":13,"column":9},"end":{"line":13,"column":34}},{"start":{"line":13,"column":38},"end":{"line":13,"column":65}},{"start":{"line":13,"column":69},"end":{"line":13,"column":90}}],"line":13},"4":{"loc":{"start":{"line":23,"column":4},"end":{"line":33,"column":5}},"type":"if","locations":[{"start":{"line":23,"column":4},"end":{"line":33,"column":5}},{"start":{"line":25,"column":11},"end":{"line":33,"column":5}}],"line":23},"5":{"loc":{"start":{"line":25,"column":11},"end":{"line":33,"column":5}},"type":"if","locations":[{"start":{"line":25,"column":11},"end":{"line":33,"column":5}},{"start":{"line":27,"column":11},"end":{"line":33,"column":5}}],"line":25},"6":{"loc":{"start":{"line":27,"column":11},"end":{"line":33,"column":5}},"type":"if","locations":[{"start":{"line":27,"column":11},"end":{"line":33,"column":5}},{"start":{"line":29,"column":11},"end":{"line":33,"column":5}}],"line":27},"7":{"loc":{"start":{"line":29,"column":11},"end":{"line":33,"column":5}},"type":"if","locations":[{"start":{"line":29,"column":11},"end":{"line":33,"column":5}},{"start":{"line":31,"column":11},"end":{"line":33,"column":5}}],"line":29},"8":{"loc":{"start":{"line":30,"column":18},"end":{"line":30,"column":33}},"type":"binary-expr","locations":[{"start":{"line":30,"column":18},"end":{"line":30,"column":27}},{"start":{"line":30,"column":31},"end":{"line":30,"column":33}}],"line":30},"9":{"loc":{"start":{"line":45,"column":4},"end":{"line":49,"column":5}},"type":"if","locations":[{"start":{"line":45,"column":4},"end":{"line":49,"column":5}},{"start":{"line":47,"column":11},"end":{"line":49,"column":5}}],"line":45},"10":{"loc":{"start":{"line":47,"column":11},"end":{"line":49,"column":5}},"type":"if","locations":[{"start":{"line":47,"column":11},"end":{"line":49,"column":5}},{"start":{},"end":{}}],"line":47},"11":{"loc":{"start":{"line":65,"column":4},"end":{"line":65,"column":59}},"type":"if","locations":[{"start":{"line":65,"column":4},"end":{"line":65,"column":59}},{"start":{},"end":{}}],"line":65},"12":{"loc":{"start":{"line":65,"column":8},"end":{"line":65,"column":46}},"type":"binary-expr","locations":[{"start":{"line":65,"column":8},"end":{"line":65,"column":32}},{"start":{"line":65,"column":36},"end":{"line":65,"column":46}}],"line":65},"13":{"loc":{"start":{"line":71,"column":32},"end":{"line":71,"column":45}},"type":"binary-expr","locations":[{"start":{"line":71,"column":32},"end":{"line":71,"column":39}},{"start":{"line":71,"column":43},"end":{"line":71,"column":45}}],"line":71},"14":{"loc":{"start":{"line":72,"column":32},"end":{"line":72,"column":44}},"type":"binary-expr","locations":[{"start":{"line":72,"column":32},"end":{"line":72,"column":38}},{"start":{"line":72,"column":42},"end":{"line":72,"column":44}}],"line":72},"15":{"loc":{"start":{"line":75,"column":49},"end":{"line":75,"column":65}},"type":"default-arg","locations":[{"start":{"line":75,"column":55},"end":{"line":75,"column":65}}],"line":75},"16":{"loc":{"start":{"line":76,"column":2},"end":{"line":78,"column":3}},"type":"if","locations":[{"start":{"line":76,"column":2},"end":{"line":78,"column":3}},{"start":{},"end":{}}],"line":76},"17":{"loc":{"start":{"line":79,"column":2},"end":{"line":81,"column":3}},"type":"if","locations":[{"start":{"line":79,"column":2},"end":{"line":81,"column":3}},{"start":{},"end":{}}],"line":79},"18":{"loc":{"start":{"line":82,"column":2},"end":{"line":84,"column":3}},"type":"if","locations":[{"start":{"line":82,"column":2},"end":{"line":84,"column":3}},{"start":{},"end":{}}],"line":82},"19":{"loc":{"start":{"line":82,"column":34},"end":{"line":82,"column":48}},"type":"binary-expr","locations":[{"start":{"line":82,"column":34},"end":{"line":82,"column":42}},{"start":{"line":82,"column":46},"end":{"line":82,"column":48}}],"line":82},"20":{"loc":{"start":{"line":85,"column":2},"end":{"line":87,"column":3}},"type":"if","locations":[{"start":{"line":85,"column":2},"end":{"line":87,"column":3}},{"start":{},"end":{}}],"line":85},"21":{"loc":{"start":{"line":93,"column":9},"end":{"line":93,"column":20}},"type":"binary-expr","locations":[{"start":{"line":93,"column":9},"end":{"line":93,"column":12}},{"start":{"line":93,"column":16},"end":{"line":93,"column":20}}],"line":93},"22":{"loc":{"start":{"line":94,"column":21},"end":{"line":94,"column":41}},"type":"binary-expr","locations":[{"start":{"line":94,"column":21},"end":{"line":94,"column":29}},{"start":{"line":94,"column":33},"end":{"line":94,"column":41}}],"line":94},"23":{"loc":{"start":{"line":104,"column":2},"end":{"line":108,"column":3}},"type":"if","locations":[{"start":{"line":104,"column":2},"end":{"line":108,"column":3}},{"start":{"line":106,"column":9},"end":{"line":108,"column":3}}],"line":104},"24":{"loc":{"start":{"line":105,"column":35},"end":{"line":105,"column":48}},"type":"binary-expr","locations":[{"start":{"line":105,"column":35},"end":{"line":105,"column":40}},{"start":{"line":105,"column":44},"end":{"line":105,"column":48}}],"line":105},"25":{"loc":{"start":{"line":106,"column":9},"end":{"line":108,"column":3}},"type":"if","locations":[{"start":{"line":106,"column":9},"end":{"line":108,"column":3}},{"start":{},"end":{}}],"line":106},"26":{"loc":{"start":{"line":107,"column":41},"end":{"line":107,"column":57}},"type":"binary-expr","locations":[{"start":{"line":107,"column":41},"end":{"line":107,"column":51}},{"start":{"line":107,"column":55},"end":{"line":107,"column":57}}],"line":107},"27":{"loc":{"start":{"line":113,"column":2},"end":{"line":115,"column":3}},"type":"if","locations":[{"start":{"line":113,"column":2},"end":{"line":115,"column":3}},{"start":{},"end":{}}],"line":113},"28":{"loc":{"start":{"line":113,"column":6},"end":{"line":113,"column":30}},"type":"binary-expr","locations":[{"start":{"line":113,"column":6},"end":{"line":113,"column":14}},{"start":{"line":113,"column":18},"end":{"line":113,"column":30}}],"line":113},"29":{"loc":{"start":{"line":122,"column":2},"end":{"line":124,"column":3}},"type":"if","locations":[{"start":{"line":122,"column":2},"end":{"line":124,"column":3}},{"start":{},"end":{}}],"line":122},"30":{"loc":{"start":{"line":122,"column":6},"end":{"line":122,"column":52}},"type":"binary-expr","locations":[{"start":{"line":122,"column":6},"end":{"line":122,"column":34}},{"start":{"line":122,"column":38},"end":{"line":122,"column":52}}],"line":122},"31":{"loc":{"start":{"line":127,"column":2},"end":{"line":129,"column":3}},"type":"if","locations":[{"start":{"line":127,"column":2},"end":{"line":129,"column":3}},{"start":{},"end":{}}],"line":127},"32":{"loc":{"start":{"line":130,"column":2},"end":{"line":132,"column":3}},"type":"if","locations":[{"start":{"line":130,"column":2},"end":{"line":132,"column":3}},{"start":{},"end":{}}],"line":130},"33":{"loc":{"start":{"line":139,"column":2},"end":{"line":141,"column":3}},"type":"if","locations":[{"start":{"line":139,"column":2},"end":{"line":141,"column":3}},{"start":{},"end":{}}],"line":139},"34":{"loc":{"start":{"line":139,"column":6},"end":{"line":139,"column":52}},"type":"binary-expr","locations":[{"start":{"line":139,"column":6},"end":{"line":139,"column":34}},{"start":{"line":139,"column":38},"end":{"line":139,"column":52}}],"line":139},"35":{"loc":{"start":{"line":143,"column":2},"end":{"line":145,"column":3}},"type":"if","locations":[{"start":{"line":143,"column":2},"end":{"line":145,"column":3}},{"start":{},"end":{}}],"line":143}},"s":{"0":2,"1":19,"2":9,"3":10,"4":10,"5":2,"6":8,"7":8,"8":8,"9":8,"10":8,"11":8,"12":8,"13":8,"14":8,"15":8,"16":17,"17":17,"18":1,"19":16,"20":2,"21":14,"22":1,"23":13,"24":3,"25":10,"26":8,"27":8,"28":7,"29":7,"30":7,"31":8,"32":3,"33":5,"34":3,"35":7,"36":4,"37":4,"38":4,"39":4,"40":7,"41":7,"42":2,"43":2,"44":7,"45":8,"46":8,"47":3,"48":11,"49":1,"50":10,"51":1,"52":9,"53":1,"54":8,"55":1,"56":7,"57":7,"58":7,"59":7,"60":5,"61":5,"62":2,"63":3,"64":3,"65":2,"66":4,"67":5,"68":6,"69":1,"70":5,"71":5,"72":5,"73":5,"74":1,"75":4,"76":4,"77":4,"78":4,"79":1,"80":3,"81":1,"82":2,"83":2,"84":4,"85":4,"86":1,"87":3,"88":4,"89":3,"90":1,"91":2,"92":2},"f":{"0":19,"1":8,"2":7,"3":4,"4":7,"5":8,"6":3,"7":11,"8":5,"9":3,"10":4,"11":6,"12":5,"13":4,"14":4,"15":4},"b":{"0":[9,10],"1":[19,11],"2":[2,8],"3":[8,5,3],"4":[1,16],"5":[2,14],"6":[1,13],"7":[3,10],"8":[3,0],"9":[3,5],"10":[3,2],"11":[2,0],"12":[2,2],"13":[8,0],"14":[3,0],"15":[4],"16":[1,10],"17":[1,9],"18":[1,8],"19":[9,0],"20":[1,7],"21":[7,5],"22":[7,0],"23":[2,3],"24":[3,0],"25":[2,1],"26":[4,1],"27":[1,5],"28":[6,3],"29":[1,4],"30":[5,4],"31":[1,3],"32":[1,2],"33":[1,3],"34":[4,3],"35":[1,2]},"inputSourceMap":null,"_coverageSchema":"1a1c01bbd47fc00a2c39e90264f33305004495a9","hash":"77126bed0004ce85d37389152c57d49d4a93432d"}
,"C:\\Users\\LENOVO\\Training\\todo\\src\\index.js": {"path":"C:\\Users\\LENOVO\\Training\\todo\\src\\index.js","statementMap":{"0":{"start":{"line":1,"column":11},"end":{"line":1,"column":24}},"1":{"start":{"line":2,"column":13},"end":{"line":2,"column":28}},"2":{"start":{"line":3,"column":13},"end":{"line":3,"column":30}},"3":{"start":{"line":4,"column":19},"end":{"line":4,"column":48}},"4":{"start":{"line":6,"column":18},"end":{"line":6,"column":61}},"5":{"start":{"line":9,"column":2},"end":{"line":15,"column":3}},"6":{"start":{"line":10,"column":17},"end":{"line":10,"column":51}},"7":{"start":{"line":11,"column":19},"end":{"line":11,"column":35}},"8":{"start":{"line":12,"column":4},"end":{"line":12,"column":47}},"9":{"start":{"line":14,"column":4},"end":{"line":14,"column":14}},"10":{"start":{"line":19,"column":2},"end":{"line":23,"column":3}},"11":{"start":{"line":20,"column":4},"end":{"line":20,"column":79}},"12":{"start":{"line":22,"column":4},"end":{"line":22,"column":82}},"13":{"start":{"line":27,"column":15},"end":{"line":27,"column":36}},"14":{"start":{"line":28,"column":34},"end":{"line":28,"column":57}},"15":{"start":{"line":30,"column":16},"end":{"line":30,"column":27}},"16":{"start":{"line":31,"column":17},"end":{"line":31,"column":73}},"17":{"start":{"line":32,"column":2},"end":{"line":34,"column":3}},"18":{"start":{"line":33,"column":4},"end":{"line":33,"column":57}},"19":{"start":{"line":36,"column":2},"end":{"line":36,"column":27}},"20":{"start":{"line":37,"column":12},"end":{"line":37,"column":23}},"21":{"start":{"line":38,"column":2},"end":{"line":38,"column":100}},"22":{"start":{"line":42,"column":15},"end":{"line":42,"column":36}},"23":{"start":{"line":43,"column":37},"end":{"line":43,"column":61}},"24":{"start":{"line":45,"column":16},"end":{"line":45,"column":27}},"25":{"start":{"line":46,"column":19},"end":{"line":46,"column":50}},"26":{"start":{"line":47,"column":17},"end":{"line":47,"column":76}},"27":{"start":{"line":48,"column":2},"end":{"line":50,"column":3}},"28":{"start":{"line":49,"column":4},"end":{"line":49,"column":57}},"29":{"start":{"line":52,"column":16},"end":{"line":52,"column":30}},"30":{"start":{"line":53,"column":2},"end":{"line":56,"column":3}},"31":{"start":{"line":54,"column":4},"end":{"line":54,"column":36}},"32":{"start":{"line":55,"column":4},"end":{"line":55,"column":11}},"33":{"start":{"line":59,"column":24},"end":{"line":59,"column":54}},"34":{"start":{"line":60,"column":2},"end":{"line":64,"column":5}},"35":{"start":{"line":61,"column":17},"end":{"line":61,"column":59}},"36":{"start":{"line":62,"column":17},"end":{"line":62,"column":59}},"37":{"start":{"line":63,"column":4},"end":{"line":63,"column":23}},"38":{"start":{"line":66,"column":2},"end":{"line":69,"column":3}},"39":{"start":{"line":67,"column":19},"end":{"line":67,"column":42}},"40":{"start":{"line":68,"column":4},"end":{"line":68,"column":116}},"41":{"start":{"line":72,"column":0},"end":{"line":74,"column":1}},"42":{"start":{"line":73,"column":2},"end":{"line":73,"column":15}},"43":{"start":{"line":76,"column":0},"end":{"line":78,"column":1}},"44":{"start":{"line":77,"column":2},"end":{"line":77,"column":14}},"45":{"start":{"line":81,"column":15},"end":{"line":81,"column":36}},"46":{"start":{"line":82,"column":16},"end":{"line":82,"column":23}},"47":{"start":{"line":83,"column":16},"end":{"line":83,"column":27}},"48":{"start":{"line":84,"column":17},"end":{"line":84,"column":48}},"49":{"start":{"line":85,"column":2},"end":{"line":87,"column":3}},"50":{"start":{"line":86,"column":4},"end":{"line":86,"column":57}},"51":{"start":{"line":88,"column":2},"end":{"line":91,"column":3}},"52":{"start":{"line":89,"column":4},"end":{"line":89,"column":38}},"53":{"start":{"line":90,"column":4},"end":{"line":90,"column":11}},"54":{"start":{"line":92,"column":2},"end":{"line":92,"column":27}},"55":{"start":{"line":93,"column":2},"end":{"line":93,"column":67}},"56":{"start":{"line":96,"column":0},"end":{"line":98,"column":1}},"57":{"start":{"line":97,"column":2},"end":{"line":97,"column":19}},"58":{"start":{"line":101,"column":15},"end":{"line":101,"column":36}},"59":{"start":{"line":102,"column":16},"end":{"line":102,"column":23}},"60":{"start":{"line":103,"column":16},"end":{"line":103,"column":27}},"61":{"start":{"line":104,"column":17},"end":{"line":104,"column":46}},"62":{"start":{"line":105,"column":2},"end":{"line":107,"column":3}},"63":{"start":{"line":106,"column":4},"end":{"line":106,"column":57}},"64":{"start":{"line":108,"column":2},"end":{"line":108,"column":27}},"65":{"start":{"line":109,"column":2},"end":{"line":109,"column":46}},"66":{"start":{"line":112,"column":0},"end":{"line":114,"column":1}},"67":{"start":{"line":113,"column":2},"end":{"line":113,"column":17}},"68":{"start":{"line":117,"column":2},"end":{"line":117,"column":50}},"69":{"start":{"line":118,"column":2},"end":{"line":118,"column":18}},"70":{"start":{"line":119,"column":2},"end":{"line":119,"column":24}},"71":{"start":{"line":120,"column":2},"end":{"line":120,"column":83}},"72":{"start":{"line":121,"column":2},"end":{"line":121,"column":59}},"73":{"start":{"line":122,"column":2},"end":{"line":122,"column":38}},"74":{"start":{"line":123,"column":2},"end":{"line":123,"column":36}},"75":{"start":{"line":124,"column":2},"end":{"line":124,"column":29}},"76":{"start":{"line":125,"column":2},"end":{"line":125,"column":18}},"77":{"start":{"line":126,"column":2},"end":{"line":126,"column":27}},"78":{"start":{"line":127,"column":2},"end":{"line":127,"column":77}},"79":{"start":{"line":128,"column":2},"end":{"line":128,"column":40}},"80":{"start":{"line":129,"column":2},"end":{"line":129,"column":35}},"81":{"start":{"line":130,"column":2},"end":{"line":130,"column":33}},"82":{"start":{"line":133,"column":0},"end":{"line":135,"column":1}},"83":{"start":{"line":134,"column":2},"end":{"line":134,"column":15}},"84":{"start":{"line":138,"column":0},"end":{"line":148,"column":1}},"85":{"start":{"line":139,"column":2},"end":{"line":147,"column":4}}},"fnMap":{"0":{"name":"readTodos","decl":{"start":{"line":8,"column":9},"end":{"line":8,"column":18}},"loc":{"start":{"line":8,"column":21},"end":{"line":16,"column":1}},"line":8},"1":{"name":"writeTodos","decl":{"start":{"line":18,"column":9},"end":{"line":18,"column":19}},"loc":{"start":{"line":18,"column":27},"end":{"line":24,"column":1}},"line":18},"2":{"name":"handleAdd","decl":{"start":{"line":26,"column":9},"end":{"line":26,"column":18}},"loc":{"start":{"line":26,"column":21},"end":{"line":39,"column":1}},"line":26},"3":{"name":"handleList","decl":{"start":{"line":41,"column":9},"end":{"line":41,"column":19}},"loc":{"start":{"line":41,"column":22},"end":{"line":70,"column":1}},"line":41},"4":{"name":"(anonymous_4)","decl":{"start":{"line":60,"column":15},"end":{"line":60,"column":16}},"loc":{"start":{"line":60,"column":25},"end":{"line":64,"column":3}},"line":60},"5":{"name":"handleComplete","decl":{"start":{"line":80,"column":9},"end":{"line":80,"column":23}},"loc":{"start":{"line":80,"column":26},"end":{"line":94,"column":1}},"line":80},"6":{"name":"handleRemove","decl":{"start":{"line":100,"column":9},"end":{"line":100,"column":21}},"loc":{"start":{"line":100,"column":24},"end":{"line":110,"column":1}},"line":100},"7":{"name":"handleHelp","decl":{"start":{"line":116,"column":9},"end":{"line":116,"column":19}},"loc":{"start":{"line":116,"column":22},"end":{"line":131,"column":1}},"line":116}},"branchMap":{"0":{"loc":{"start":{"line":12,"column":11},"end":{"line":12,"column":46}},"type":"cond-expr","locations":[{"start":{"line":12,"column":35},"end":{"line":12,"column":41}},{"start":{"line":12,"column":44},"end":{"line":12,"column":46}}],"line":12},"1":{"loc":{"start":{"line":32,"column":2},"end":{"line":34,"column":3}},"type":"if","locations":[{"start":{"line":32,"column":2},"end":{"line":34,"column":3}},{"start":{},"end":{}}],"line":32},"2":{"loc":{"start":{"line":38,"column":35},"end":{"line":38,"column":70}},"type":"cond-expr","locations":[{"start":{"line":38,"column":43},"end":{"line":38,"column":65}},{"start":{"line":38,"column":68},"end":{"line":38,"column":70}}],"line":38},"3":{"loc":{"start":{"line":48,"column":2},"end":{"line":50,"column":3}},"type":"if","locations":[{"start":{"line":48,"column":2},"end":{"line":50,"column":3}},{"start":{},"end":{}}],"line":48},"4":{"loc":{"start":{"line":53,"column":2},"end":{"line":56,"column":3}},"type":"if","locations":[{"start":{"line":53,"column":2},"end":{"line":56,"column":3}},{"start":{},"end":{}}],"line":53},"5":{"loc":{"start":{"line":61,"column":17},"end":{"line":61,"column":59}},"type":"binary-expr","locations":[{"start":{"line":61,"column":17},"end":{"line":61,"column":54}},{"start":{"line":61,"column":58},"end":{"line":61,"column":59}}],"line":61},"6":{"loc":{"start":{"line":61,"column":31},"end":{"line":61,"column":53}},"type":"binary-expr","locations":[{"start":{"line":61,"column":31},"end":{"line":61,"column":41}},{"start":{"line":61,"column":45},"end":{"line":61,"column":53}}],"line":61},"7":{"loc":{"start":{"line":62,"column":17},"end":{"line":62,"column":59}},"type":"binary-expr","locations":[{"start":{"line":62,"column":17},"end":{"line":62,"column":54}},{"start":{"line":62,"column":58},"end":{"line":62,"column":59}}],"line":62},"8":{"loc":{"start":{"line":62,"column":31},"end":{"line":62,"column":53}},"type":"binary-expr","locations":[{"start":{"line":62,"column":31},"end":{"line":62,"column":41}},{"start":{"line":62,"column":45},"end":{"line":62,"column":53}}],"line":62},"9":{"loc":{"start":{"line":67,"column":19},"end":{"line":67,"column":42}},"type":"cond-expr","locations":[{"start":{"line":67,"column":33},"end":{"line":67,"column":36}},{"start":{"line":67,"column":39},"end":{"line":67,"column":42}}],"line":67},"10":{"loc":{"start":{"line":68,"column":49},"end":{"line":68,"column":84}},"type":"cond-expr","locations":[{"start":{"line":68,"column":57},"end":{"line":68,"column":79}},{"start":{"line":68,"column":82},"end":{"line":68,"column":84}}],"line":68},"11":{"loc":{"start":{"line":68,"column":89},"end":{"line":68,"column":111}},"type":"binary-expr","locations":[{"start":{"line":68,"column":89},"end":{"line":68,"column":99}},{"start":{"line":68,"column":103},"end":{"line":68,"column":111}}],"line":68},"12":{"loc":{"start":{"line":72,"column":0},"end":{"line":74,"column":1}},"type":"if","locations":[{"start":{"line":72,"column":0},"end":{"line":74,"column":1}},{"start":{},"end":{}}],"line":72},"13":{"loc":{"start":{"line":76,"column":0},"end":{"line":78,"column":1}},"type":"if","locations":[{"start":{"line":76,"column":0},"end":{"line":78,"column":1}},{"start":{},"end":{}}],"line":76},"14":{"loc":{"start":{"line":85,"column":2},"end":{"line":87,"column":3}},"type":"if","locations":[{"start":{"line":85,"column":2},"end":{"line":87,"column":3}},{"start":{},"end":{}}],"line":85},"15":{"loc":{"start":{"line":88,"column":2},"end":{"line":91,"column":3}},"type":"if","locations":[{"start":{"line":88,"column":2},"end":{"line":91,"column":3}},{"start":{},"end":{}}],"line":88},"16":{"loc":{"start":{"line":96,"column":0},"end":{"line":98,"column":1}},"type":"if","locations":[{"start":{"line":96,"column":0},"end":{"line":98,"column":1}},{"start":{},"end":{}}],"line":96},"17":{"loc":{"start":{"line":105,"column":2},"end":{"line":107,"column":3}},"type":"if","locations":[{"start":{"line":105,"column":2},"end":{"line":107,"column":3}},{"start":{},"end":{}}],"line":105},"18":{"loc":{"start":{"line":112,"column":0},"end":{"line":114,"column":1}},"type":"if","locations":[{"start":{"line":112,"column":0},"end":{"line":114,"column":1}},{"start":{},"end":{}}],"line":112},"19":{"loc":{"start":{"line":133,"column":0},"end":{"line":135,"column":1}},"type":"if","locations":[{"start":{"line":133,"column":0},"end":{"line":135,"column":1}},{"start":{},"end":{}}],"line":133},"20":{"loc":{"start":{"line":133,"column":4},"end":{"line":133,"column":96}},"type":"binary-expr","locations":[{"start":{"line":133,"column":4},"end":{"line":133,"column":30}},{"start":{"line":133,"column":34},"end":{"line":133,"column":65}},{"start":{"line":133,"column":69},"end":{"line":133,"column":96}}],"line":133},"21":{"loc":{"start":{"line":138,"column":0},"end":{"line":148,"column":1}},"type":"if","locations":[{"start":{"line":138,"column":0},"end":{"line":148,"column":1}},{"start":{},"end":{}}],"line":138},"22":{"loc":{"start":{"line":138,"column":4},"end":{"line":138,"column":51}},"type":"binary-expr","locations":[{"start":{"line":138,"column":4},"end":{"line":138,"column":33}},{"start":{"line":138,"column":37},"end":{"line":138,"column":51}}],"line":138}},"s":{"0":1,"1":1,"2":1,"3":1,"4":1,"5":12,"6":12,"7":12,"8":12,"9":0,"10":9,"11":9,"12":0,"13":6,"14":6,"15":6,"16":6,"17":6,"18":0,"19":6,"20":6,"21":6,"22":3,"23":3,"24":3,"25":3,"26":3,"27":3,"28":0,"29":3,"30":3,"31":3,"32":3,"33":0,"34":0,"35":0,"36":0,"37":0,"38":0,"39":0,"40":0,"41":1,"42":0,"43":1,"44":0,"45":1,"46":1,"47":1,"48":1,"49":1,"50":0,"51":1,"52":0,"53":0,"54":1,"55":1,"56":1,"57":0,"58":1,"59":1,"60":1,"61":1,"62":1,"63":0,"64":1,"65":1,"66":1,"67":0,"68":1,"69":1,"70":1,"71":1,"72":1,"73":1,"74":1,"75":1,"76":1,"77":1,"78":1,"79":1,"80":1,"81":1,"82":1,"83":0,"84":1,"85":1},"f":{"0":12,"1":9,"2":6,"3":3,"4":0,"5":1,"6":1,"7":1},"b":{"0":[12,0],"1":[0,6],"2":[1,5],"3":[0,3],"4":[3,0],"5":[0,0],"6":[0,0],"7":[0,0],"8":[0,0],"9":[0,0],"10":[0,0],"11":[0,0],"12":[0,1],"13":[0,1],"14":[0,1],"15":[0,1],"16":[0,1],"17":[0,1],"18":[0,1],"19":[0,1],"20":[1,1,1],"21":[1,0],"22":[1,1]},"inputSourceMap":null,"_coverageSchema":"1a1c01bbd47fc00a2c39e90264f33305004495a9","hash":"59c262aee0c464468a8e05688ca96b2ea72675bc"}
}
