{"C:\\Users\\LENOVO\\Training\\todo\\src\\core.js": {"path":"C:\\Users\\LENOVO\\Training\\todo\\src\\core.js","statementMap":{"0":{"start":{"line":3,"column":19},"end":{"line":3,"column":44}},"1":{"start":{"line":6,"column":2},"end":{"line":6,"column":45}},"2":{"start":{"line":6,"column":33},"end":{"line":6,"column":45}},"3":{"start":{"line":7,"column":12},"end":{"line":7,"column":49}},"4":{"start":{"line":8,"column":2},"end":{"line":8,"column":23}},"5":{"start":{"line":8,"column":10},"end":{"line":8,"column":23}},"6":{"start":{"line":9,"column":12},"end":{"line":9,"column":24}},"7":{"start":{"line":10,"column":13},"end":{"line":10,"column":25}},"8":{"start":{"line":11,"column":12},"end":{"line":11,"column":24}},"9":{"start":{"line":12,"column":13},"end":{"line":12,"column":45}},"10":{"start":{"line":13,"column":2},"end":{"line":13,"column":91}},"11":{"start":{"line":17,"column":12},"end":{"line":17,"column":16}},"12":{"start":{"line":18,"column":17},"end":{"line":18,"column":25}},"13":{"start":{"line":19,"column":20},"end":{"line":19,"column":22}},"14":{"start":{"line":21,"column":2},"end":{"line":34,"column":3}},"15":{"start":{"line":21,"column":15},"end":{"line":21,"column":16}},"16":{"start":{"line":22,"column":18},"end":{"line":22,"column":25}},"17":{"start":{"line":23,"column":4},"end":{"line":33,"column":5}},"18":{"start":{"line":24,"column":6},"end":{"line":24,"column":41}},"19":{"start":{"line":25,"column":11},"end":{"line":33,"column":5}},"20":{"start":{"line":26,"column":6},"end":{"line":26,"column":22}},"21":{"start":{"line":27,"column":11},"end":{"line":33,"column":5}},"22":{"start":{"line":28,"column":6},"end":{"line":28,"column":65}},"23":{"start":{"line":29,"column":11},"end":{"line":33,"column":5}},"24":{"start":{"line":30,"column":6},"end":{"line":30,"column":49}},"25":{"start":{"line":32,"column":6},"end":{"line":32,"column":28}},"26":{"start":{"line":36,"column":15},"end":{"line":36,"column":62}},"27":{"start":{"line":37,"column":2},"end":{"line":37,"column":33}},"28":{"start":{"line":41,"column":17},"end":{"line":41,"column":22}},"29":{"start":{"line":42,"column":21},"end":{"line":42,"column":26}},"30":{"start":{"line":44,"column":2},"end":{"line":50,"column":3}},"31":{"start":{"line":45,"column":4},"end":{"line":49,"column":5}},"32":{"start":{"line":46,"column":6},"end":{"line":46,"column":22}},"33":{"start":{"line":47,"column":11},"end":{"line":49,"column":5}},"34":{"start":{"line":48,"column":6},"end":{"line":48,"column":26}},"35":{"start":{"line":52,"column":2},"end":{"line":52,"column":36}},"36":{"start":{"line":56,"column":12},"end":{"line":56,"column":29}},"37":{"start":{"line":57,"column":12},"end":{"line":57,"column":55}},"38":{"start":{"line":58,"column":12},"end":{"line":58,"column":50}},"39":{"start":{"line":59,"column":2},"end":{"line":59,"column":26}},"40":{"start":{"line":63,"column":12},"end":{"line":63,"column":13}},"41":{"start":{"line":64,"column":2},"end":{"line":66,"column":3}},"42":{"start":{"line":65,"column":4},"end":{"line":65,"column":59}},"43":{"start":{"line":65,"column":48},"end":{"line":65,"column":59}},"44":{"start":{"line":67,"column":2},"end":{"line":67,"column":17}},"45":{"start":{"line":71,"column":25},"end":{"line":71,"column":67}},"46":{"start":{"line":72,"column":2},"end":{"line":72,"column":87}},"47":{"start":{"line":72,"column":25},"end":{"line":72,"column":85}},"48":{"start":{"line":76,"column":2},"end":{"line":78,"column":3}},"49":{"start":{"line":77,"column":4},"end":{"line":77,"column":84}},"50":{"start":{"line":79,"column":2},"end":{"line":81,"column":3}},"51":{"start":{"line":80,"column":4},"end":{"line":80,"column":107}},"52":{"start":{"line":82,"column":2},"end":{"line":84,"column":3}},"53":{"start":{"line":83,"column":4},"end":{"line":83,"column":107}},"54":{"start":{"line":85,"column":2},"end":{"line":87,"column":3}},"55":{"start":{"line":86,"column":4},"end":{"line":86,"column":108}},"56":{"start":{"line":89,"column":15},"end":{"line":89,"column":28}},"57":{"start":{"line":90,"column":18},"end":{"line":97,"column":3}},"58":{"start":{"line":98,"column":2},"end":{"line":98,"column":21}},"59":{"start":{"line":99,"column":2},"end":{"line":99,"column":50}},"60":{"start":{"line":103,"column":16},"end":{"line":103,"column":29}},"61":{"start":{"line":104,"column":2},"end":{"line":108,"column":3}},"62":{"start":{"line":105,"column":4},"end":{"line":105,"column":64}},"63":{"start":{"line":105,"column":34},"end":{"line":105,"column":62}},"64":{"start":{"line":106,"column":9},"end":{"line":108,"column":3}},"65":{"start":{"line":107,"column":4},"end":{"line":107,"column":85}},"66":{"start":{"line":107,"column":34},"end":{"line":107,"column":83}},"67":{"start":{"line":109,"column":2},"end":{"line":109,"column":17}},"68":{"start":{"line":113,"column":2},"end":{"line":115,"column":3}},"69":{"start":{"line":114,"column":4},"end":{"line":114,"column":121}},"70":{"start":{"line":116,"column":18},"end":{"line":116,"column":74}},"71":{"start":{"line":117,"column":2},"end":{"line":117,"column":31}},"72":{"start":{"line":121,"column":20},"end":{"line":121,"column":30}},"73":{"start":{"line":122,"column":2},"end":{"line":124,"column":3}},"74":{"start":{"line":123,"column":4},"end":{"line":123,"column":90}},"75":{"start":{"line":125,"column":15},"end":{"line":125,"column":28}},"76":{"start":{"line":126,"column":15},"end":{"line":126,"column":49}},"77":{"start":{"line":126,"column":30},"end":{"line":126,"column":48}},"78":{"start":{"line":127,"column":2},"end":{"line":129,"column":3}},"79":{"start":{"line":128,"column":4},"end":{"line":128,"column":74}},"80":{"start":{"line":130,"column":2},"end":{"line":132,"column":3}},"81":{"start":{"line":131,"column":4},"end":{"line":131,"column":67}},"82":{"start":{"line":133,"column":2},"end":{"line":133,"column":24}},"83":{"start":{"line":134,"column":2},"end":{"line":134,"column":41}},"84":{"start":{"line":138,"column":20},"end":{"line":138,"column":30}},"85":{"start":{"line":139,"column":2},"end":{"line":141,"column":3}},"86":{"start":{"line":140,"column":4},"end":{"line":140,"column":90}},"87":{"start":{"line":142,"column":15},"end":{"line":142,"column":52}},"88":{"start":{"line":142,"column":33},"end":{"line":142,"column":51}},"89":{"start":{"line":143,"column":2},"end":{"line":145,"column":3}},"90":{"start":{"line":144,"column":4},"end":{"line":144,"column":74}},"91":{"start":{"line":146,"column":2},"end":{"line":146,"column":57}},"92":{"start":{"line":149,"column":0},"end":{"line":162,"column":2}}},"fnMap":{"0":{"name":"validateDue","decl":{"start":{"line":5,"column":9},"end":{"line":5,"column":20}},"loc":{"start":{"line":5,"column":26},"end":{"line":14,"column":1}},"line":5},"1":{"name":"parseAddArgs","decl":{"start":{"line":16,"column":9},"end":{"line":16,"column":21}},"loc":{"start":{"line":16,"column":28},"end":{"line":38,"column":1}},"line":16},"2":{"name":"parseListArgs","decl":{"start":{"line":40,"column":9},"end":{"line":40,"column":22}},"loc":{"start":{"line":40,"column":29},"end":{"line":53,"column":1}},"line":40},"3":{"name":"toLocalISODate","decl":{"start":{"line":55,"column":9},"end":{"line":55,"column":23}},"loc":{"start":{"line":55,"column":29},"end":{"line":60,"column":1}},"line":55},"4":{"name":"generateId","decl":{"start":{"line":62,"column":9},"end":{"line":62,"column":19}},"loc":{"start":{"line":62,"column":27},"end":{"line":68,"column":1}},"line":62},"5":{"name":"isDuplicate","decl":{"start":{"line":70,"column":9},"end":{"line":70,"column":20}},"loc":{"start":{"line":70,"column":37},"end":{"line":73,"column":1}},"line":70},"6":{"name":"(anonymous_6)","decl":{"start":{"line":72,"column":20},"end":{"line":72,"column":21}},"loc":{"start":{"line":72,"column":25},"end":{"line":72,"column":85}},"line":72},"7":{"name":"addTodo","decl":{"start":{"line":75,"column":9},"end":{"line":75,"column":16}},"loc":{"start":{"line":75,"column":67},"end":{"line":100,"column":1}},"line":75},"8":{"name":"filterTodos","decl":{"start":{"line":102,"column":9},"end":{"line":102,"column":20}},"loc":{"start":{"line":102,"column":66},"end":{"line":110,"column":1}},"line":102},"9":{"name":"(anonymous_9)","decl":{"start":{"line":105,"column":29},"end":{"line":105,"column":30}},"loc":{"start":{"line":105,"column":34},"end":{"line":105,"column":62}},"line":105},"10":{"name":"(anonymous_10)","decl":{"start":{"line":107,"column":29},"end":{"line":107,"column":30}},"loc":{"start":{"line":107,"column":34},"end":{"line":107,"column":83}},"line":107},"11":{"name":"listTodos","decl":{"start":{"line":112,"column":9},"end":{"line":112,"column":18}},"loc":{"start":{"line":112,"column":64},"end":{"line":118,"column":1}},"line":112},"12":{"name":"completeTodo","decl":{"start":{"line":120,"column":9},"end":{"line":120,"column":21}},"loc":{"start":{"line":120,"column":33},"end":{"line":135,"column":1}},"line":120},"13":{"name":"(anonymous_13)","decl":{"start":{"line":126,"column":25},"end":{"line":126,"column":26}},"loc":{"start":{"line":126,"column":30},"end":{"line":126,"column":48}},"line":126},"14":{"name":"removeTodo","decl":{"start":{"line":137,"column":9},"end":{"line":137,"column":19}},"loc":{"start":{"line":137,"column":31},"end":{"line":147,"column":1}},"line":137},"15":{"name":"(anonymous_15)","decl":{"start":{"line":142,"column":28},"end":{"line":142,"column":29}},"loc":{"start":{"line":142,"column":33},"end":{"line":142,"column":51}},"line":142}},"branchMap":{"0":{"loc":{"start":{"line":6,"column":2},"end":{"line":6,"column":45}},"type":"if","locations":[{"start":{"line":6,"column":2},"end":{"line":6,"column":45}},{"start":{},"end":{}}],"line":6},"1":{"loc":{"start":{"line":6,"column":6},"end":{"line":6,"column":31}},"type":"binary-expr","locations":[{"start":{"line":6,"column":6},"end":{"line":6,"column":17}},{"start":{"line":6,"column":21},"end":{"line":6,"column":31}}],"line":6},"2":{"loc":{"start":{"line":8,"column":2},"end":{"line":8,"column":23}},"type":"if","locations":[{"start":{"line":8,"column":2},"end":{"line":8,"column":23}},{"start":{},"end":{}}],"line":8},"3":{"loc":{"start":{"line":13,"column":9},"end":{"line":13,"column":90}},"type":"binary-expr","locations":[{"start":{"line":13,"column":9},"end":{"line":13,"column":34}},{"start":{"line":13,"column":38},"end":{"line":13,"column":65}},{"start":{"line":13,"column":69},"end":{"line":13,"column":90}}],"line":13},"4":{"loc":{"start":{"line":23,"column":4},"end":{"line":33,"column":5}},"type":"if","locations":[{"start":{"line":23,"column":4},"end":{"line":33,"column":5}},{"start":{"line":25,"column":11},"end":{"line":33,"column":5}}],"line":23},"5":{"loc":{"start":{"line":25,"column":11},"end":{"line":33,"column":5}},"type":"if","locations":[{"start":{"line":25,"column":11},"end":{"line":33,"column":5}},{"start":{"line":27,"column":11},"end":{"line":33,"column":5}}],"line":25},"6":{"loc":{"start":{"line":27,"column":11},"end":{"line":33,"column":5}},"type":"if","locations":[{"start":{"line":27,"column":11},"end":{"line":33,"column":5}},{"start":{"line":29,"column":11},"end":{"line":33,"column":5}}],"line":27},"7":{"loc":{"start":{"line":29,"column":11},"end":{"line":33,"column":5}},"type":"if","locations":[{"start":{"line":29,"column":11},"end":{"line":33,"column":5}},{"start":{"line":31,"column":11},"end":{"line":33,"column":5}}],"line":29},"8":{"loc":{"start":{"line":30,"column":18},"end":{"line":30,"column":33}},"type":"binary-expr","locations":[{"start":{"line":30,"column":18},"end":{"line":30,"column":27}},{"start":{"line":30,"column":31},"end":{"line":30,"column":33}}],"line":30},"9":{"loc":{"start":{"line":45,"column":4},"end":{"line":49,"column":5}},"type":"if","locations":[{"start":{"line":45,"column":4},"end":{"line":49,"column":5}},{"start":{"line":47,"column":11},"end":{"line":49,"column":5}}],"line":45},"10":{"loc":{"start":{"line":47,"column":11},"end":{"line":49,"column":5}},"type":"if","locations":[{"start":{"line":47,"column":11},"end":{"line":49,"column":5}},{"start":{},"end":{}}],"line":47},"11":{"loc":{"start":{"line":65,"column":4},"end":{"line":65,"column":59}},"type":"if","locations":[{"start":{"line":65,"column":4},"end":{"line":65,"column":59}},{"start":{},"end":{}}],"line":65},"12":{"loc":{"start":{"line":65,"column":8},"end":{"line":65,"column":46}},"type":"binary-expr","locations":[{"start":{"line":65,"column":8},"end":{"line":65,"column":32}},{"start":{"line":65,"column":36},"end":{"line":65,"column":46}}],"line":65},"13":{"loc":{"start":{"line":71,"column":32},"end":{"line":71,"column":45}},"type":"binary-expr","locations":[{"start":{"line":71,"column":32},"end":{"line":71,"column":39}},{"start":{"line":71,"column":43},"end":{"line":71,"column":45}}],"line":71},"14":{"loc":{"start":{"line":72,"column":32},"end":{"line":72,"column":44}},"type":"binary-expr","locations":[{"start":{"line":72,"column":32},"end":{"line":72,"column":38}},{"start":{"line":72,"column":42},"end":{"line":72,"column":44}}],"line":72},"15":{"loc":{"start":{"line":75,"column":49},"end":{"line":75,"column":65}},"type":"default-arg","locations":[{"start":{"line":75,"column":55},"end":{"line":75,"column":65}}],"line":75},"16":{"loc":{"start":{"line":76,"column":2},"end":{"line":78,"column":3}},"type":"if","locations":[{"start":{"line":76,"column":2},"end":{"line":78,"column":3}},{"start":{},"end":{}}],"line":76},"17":{"loc":{"start":{"line":79,"column":2},"end":{"line":81,"column":3}},"type":"if","locations":[{"start":{"line":79,"column":2},"end":{"line":81,"column":3}},{"start":{},"end":{}}],"line":79},"18":{"loc":{"start":{"line":82,"column":2},"end":{"line":84,"column":3}},"type":"if","locations":[{"start":{"line":82,"column":2},"end":{"line":84,"column":3}},{"start":{},"end":{}}],"line":82},"19":{"loc":{"start":{"line":82,"column":34},"end":{"line":82,"column":48}},"type":"binary-expr","locations":[{"start":{"line":82,"column":34},"end":{"line":82,"column":42}},{"start":{"line":82,"column":46},"end":{"line":82,"column":48}}],"line":82},"20":{"loc":{"start":{"line":85,"column":2},"end":{"line":87,"column":3}},"type":"if","locations":[{"start":{"line":85,"column":2},"end":{"line":87,"column":3}},{"start":{},"end":{}}],"line":85},"21":{"loc":{"start":{"line":93,"column":9},"end":{"line":93,"column":20}},"type":"binary-expr","locations":[{"start":{"line":93,"column":9},"end":{"line":93,"column":12}},{"start":{"line":93,"column":16},"end":{"line":93,"column":20}}],"line":93},"22":{"loc":{"start":{"line":94,"column":21},"end":{"line":94,"column":41}},"type":"binary-expr","locations":[{"start":{"line":94,"column":21},"end":{"line":94,"column":29}},{"start":{"line":94,"column":33},"end":{"line":94,"column":41}}],"line":94},"23":{"loc":{"start":{"line":104,"column":2},"end":{"line":108,"column":3}},"type":"if","locations":[{"start":{"line":104,"column":2},"end":{"line":108,"column":3}},{"start":{"line":106,"column":9},"end":{"line":108,"column":3}}],"line":104},"24":{"loc":{"start":{"line":105,"column":35},"end":{"line":105,"column":48}},"type":"binary-expr","locations":[{"start":{"line":105,"column":35},"end":{"line":105,"column":40}},{"start":{"line":105,"column":44},"end":{"line":105,"column":48}}],"line":105},"25":{"loc":{"start":{"line":106,"column":9},"end":{"line":108,"column":3}},"type":"if","locations":[{"start":{"line":106,"column":9},"end":{"line":108,"column":3}},{"start":{},"end":{}}],"line":106},"26":{"loc":{"start":{"line":107,"column":41},"end":{"line":107,"column":57}},"type":"binary-expr","locations":[{"start":{"line":107,"column":41},"end":{"line":107,"column":51}},{"start":{"line":107,"column":55},"end":{"line":107,"column":57}}],"line":107},"27":{"loc":{"start":{"line":113,"column":2},"end":{"line":115,"column":3}},"type":"if","locations":[{"start":{"line":113,"column":2},"end":{"line":115,"column":3}},{"start":{},"end":{}}],"line":113},"28":{"loc":{"start":{"line":113,"column":6},"end":{"line":113,"column":30}},"type":"binary-expr","locations":[{"start":{"line":113,"column":6},"end":{"line":113,"column":14}},{"start":{"line":113,"column":18},"end":{"line":113,"column":30}}],"line":113},"29":{"loc":{"start":{"line":122,"column":2},"end":{"line":124,"column":3}},"type":"if","locations":[{"start":{"line":122,"column":2},"end":{"line":124,"column":3}},{"start":{},"end":{}}],"line":122},"30":{"loc":{"start":{"line":122,"column":6},"end":{"line":122,"column":52}},"type":"binary-expr","locations":[{"start":{"line":122,"column":6},"end":{"line":122,"column":34}},{"start":{"line":122,"column":38},"end":{"line":122,"column":52}}],"line":122},"31":{"loc":{"start":{"line":127,"column":2},"end":{"line":129,"column":3}},"type":"if","locations":[{"start":{"line":127,"column":2},"end":{"line":129,"column":3}},{"start":{},"end":{}}],"line":127},"32":{"loc":{"start":{"line":130,"column":2},"end":{"line":132,"column":3}},"type":"if","locations":[{"start":{"line":130,"column":2},"end":{"line":132,"column":3}},{"start":{},"end":{}}],"line":130},"33":{"loc":{"start":{"line":139,"column":2},"end":{"line":141,"column":3}},"type":"if","locations":[{"start":{"line":139,"column":2},"end":{"line":141,"column":3}},{"start":{},"end":{}}],"line":139},"34":{"loc":{"start":{"line":139,"column":6},"end":{"line":139,"column":52}},"type":"binary-expr","locations":[{"start":{"line":139,"column":6},"end":{"line":139,"column":34}},{"start":{"line":139,"column":38},"end":{"line":139,"column":52}}],"line":139},"35":{"loc":{"start":{"line":143,"column":2},"end":{"line":145,"column":3}},"type":"if","locations":[{"start":{"line":143,"column":2},"end":{"line":145,"column":3}},{"start":{},"end":{}}],"line":143}},"s":{"0":1,"1":13,"2":4,"3":9,"4":9,"5":2,"6":7,"7":7,"8":7,"9":7,"10":7,"11":2,"12":2,"13":2,"14":2,"15":2,"16":8,"17":8,"18":1,"19":7,"20":1,"21":6,"22":1,"23":5,"24":1,"25":4,"26":2,"27":2,"28":4,"29":4,"30":4,"31":5,"32":2,"33":3,"34":2,"35":4,"36":1,"37":1,"38":1,"39":1,"40":1,"41":1,"42":2,"43":2,"44":1,"45":2,"46":2,"47":3,"48":5,"49":1,"50":4,"51":1,"52":3,"53":1,"54":2,"55":1,"56":1,"57":1,"58":1,"59":1,"60":2,"61":2,"62":1,"63":3,"64":1,"65":1,"66":4,"67":2,"68":3,"69":1,"70":2,"71":2,"72":4,"73":4,"74":1,"75":3,"76":3,"77":3,"78":3,"79":1,"80":2,"81":1,"82":1,"83":1,"84":3,"85":3,"86":1,"87":2,"88":3,"89":2,"90":1,"91":1,"92":1},"f":{"0":13,"1":2,"2":4,"3":1,"4":1,"5":2,"6":3,"7":5,"8":2,"9":3,"10":4,"11":3,"12":4,"13":3,"14":3,"15":3},"b":{"0":[4,9],"1":[13,10],"2":[2,7],"3":[7,4,2],"4":[1,7],"5":[1,6],"6":[1,5],"7":[1,4],"8":[1,0],"9":[2,3],"10":[2,1],"11":[2,0],"12":[2,2],"13":[2,0],"14":[3,0],"15":[4],"16":[1,4],"17":[1,3],"18":[1,2],"19":[3,0],"20":[1,1],"21":[1,0],"22":[1,0],"23":[1,1],"24":[3,0],"25":[1,0],"26":[4,1],"27":[1,2],"28":[3,2],"29":[1,3],"30":[4,3],"31":[1,2],"32":[1,1],"33":[1,2],"34":[3,2],"35":[1,1]},"inputSourceMap":null,"_coverageSchema":"1a1c01bbd47fc00a2c39e90264f33305004495a9","hash":"77126bed0004ce85d37389152c57d49d4a93432d"}
,"C:\\Users\\LENOVO\\Training\\todo\\src\\index.js": {"path":"C:\\Users\\LENOVO\\Training\\todo\\src\\index.js","statementMap":{"0":{"start":{"line":1,"column":11},"end":{"line":1,"column":24}},"1":{"start":{"line":2,"column":13},"end":{"line":2,"column":28}},"2":{"start":{"line":3,"column":13},"end":{"line":3,"column":30}},"3":{"start":{"line":5,"column":18},"end":{"line":5,"column":61}},"4":{"start":{"line":8,"column":2},"end":{"line":14,"column":3}},"5":{"start":{"line":9,"column":17},"end":{"line":9,"column":51}},"6":{"start":{"line":10,"column":19},"end":{"line":10,"column":35}},"7":{"start":{"line":11,"column":4},"end":{"line":11,"column":47}},"8":{"start":{"line":13,"column":4},"end":{"line":13,"column":14}},"9":{"start":{"line":18,"column":2},"end":{"line":23,"column":3}},"10":{"start":{"line":19,"column":4},"end":{"line":19,"column":79}},"11":{"start":{"line":21,"column":4},"end":{"line":21,"column":69}},"12":{"start":{"line":22,"column":4},"end":{"line":22,"column":25}},"13":{"start":{"line":27,"column":15},"end":{"line":27,"column":36}},"14":{"start":{"line":28,"column":34},"end":{"line":28,"column":57}},"15":{"start":{"line":30,"column":16},"end":{"line":30,"column":27}},"16":{"start":{"line":31,"column":17},"end":{"line":31,"column":73}},"17":{"start":{"line":32,"column":2},"end":{"line":36,"column":3}},"18":{"start":{"line":33,"column":4},"end":{"line":33,"column":44}},"19":{"start":{"line":34,"column":4},"end":{"line":34,"column":25}},"20":{"start":{"line":35,"column":4},"end":{"line":35,"column":11}},"21":{"start":{"line":38,"column":2},"end":{"line":38,"column":27}},"22":{"start":{"line":39,"column":12},"end":{"line":39,"column":23}},"23":{"start":{"line":40,"column":2},"end":{"line":40,"column":100}},"24":{"start":{"line":44,"column":15},"end":{"line":44,"column":36}},"25":{"start":{"line":45,"column":37},"end":{"line":45,"column":61}},"26":{"start":{"line":47,"column":16},"end":{"line":47,"column":27}},"27":{"start":{"line":48,"column":19},"end":{"line":48,"column":50}},"28":{"start":{"line":49,"column":17},"end":{"line":49,"column":76}},"29":{"start":{"line":50,"column":2},"end":{"line":54,"column":3}},"30":{"start":{"line":51,"column":4},"end":{"line":51,"column":44}},"31":{"start":{"line":52,"column":4},"end":{"line":52,"column":25}},"32":{"start":{"line":53,"column":4},"end":{"line":53,"column":11}},"33":{"start":{"line":56,"column":18},"end":{"line":56,"column":32}},"34":{"start":{"line":57,"column":2},"end":{"line":60,"column":3}},"35":{"start":{"line":58,"column":4},"end":{"line":58,"column":36}},"36":{"start":{"line":59,"column":4},"end":{"line":59,"column":11}},"37":{"start":{"line":62,"column":2},"end":{"line":65,"column":3}},"38":{"start":{"line":63,"column":19},"end":{"line":63,"column":42}},"39":{"start":{"line":64,"column":4},"end":{"line":64,"column":116}},"40":{"start":{"line":68,"column":0},"end":{"line":70,"column":1}},"41":{"start":{"line":69,"column":2},"end":{"line":69,"column":15}},"42":{"start":{"line":72,"column":0},"end":{"line":74,"column":1}},"43":{"start":{"line":73,"column":2},"end":{"line":73,"column":14}},"44":{"start":{"line":77,"column":15},"end":{"line":77,"column":36}},"45":{"start":{"line":78,"column":16},"end":{"line":78,"column":23}},"46":{"start":{"line":79,"column":16},"end":{"line":79,"column":27}},"47":{"start":{"line":80,"column":17},"end":{"line":80,"column":48}},"48":{"start":{"line":81,"column":2},"end":{"line":85,"column":3}},"49":{"start":{"line":82,"column":4},"end":{"line":82,"column":44}},"50":{"start":{"line":83,"column":4},"end":{"line":83,"column":25}},"51":{"start":{"line":84,"column":4},"end":{"line":84,"column":11}},"52":{"start":{"line":86,"column":2},"end":{"line":89,"column":3}},"53":{"start":{"line":87,"column":4},"end":{"line":87,"column":38}},"54":{"start":{"line":88,"column":4},"end":{"line":88,"column":11}},"55":{"start":{"line":90,"column":2},"end":{"line":90,"column":27}},"56":{"start":{"line":91,"column":2},"end":{"line":91,"column":67}},"57":{"start":{"line":94,"column":0},"end":{"line":96,"column":1}},"58":{"start":{"line":95,"column":2},"end":{"line":95,"column":19}},"59":{"start":{"line":99,"column":15},"end":{"line":99,"column":36}},"60":{"start":{"line":100,"column":16},"end":{"line":100,"column":23}},"61":{"start":{"line":101,"column":16},"end":{"line":101,"column":27}},"62":{"start":{"line":102,"column":17},"end":{"line":102,"column":46}},"63":{"start":{"line":103,"column":2},"end":{"line":107,"column":3}},"64":{"start":{"line":104,"column":4},"end":{"line":104,"column":44}},"65":{"start":{"line":105,"column":4},"end":{"line":105,"column":25}},"66":{"start":{"line":106,"column":4},"end":{"line":106,"column":11}},"67":{"start":{"line":108,"column":2},"end":{"line":108,"column":27}},"68":{"start":{"line":109,"column":2},"end":{"line":109,"column":46}},"69":{"start":{"line":112,"column":0},"end":{"line":114,"column":1}},"70":{"start":{"line":113,"column":2},"end":{"line":113,"column":17}}},"fnMap":{"0":{"name":"readTodos","decl":{"start":{"line":7,"column":9},"end":{"line":7,"column":18}},"loc":{"start":{"line":7,"column":21},"end":{"line":15,"column":1}},"line":7},"1":{"name":"writeTodos","decl":{"start":{"line":17,"column":9},"end":{"line":17,"column":19}},"loc":{"start":{"line":17,"column":27},"end":{"line":24,"column":1}},"line":17},"2":{"name":"handleAdd","decl":{"start":{"line":26,"column":9},"end":{"line":26,"column":18}},"loc":{"start":{"line":26,"column":21},"end":{"line":41,"column":1}},"line":26},"3":{"name":"handleList","decl":{"start":{"line":43,"column":9},"end":{"line":43,"column":19}},"loc":{"start":{"line":43,"column":22},"end":{"line":66,"column":1}},"line":43},"4":{"name":"handleComplete","decl":{"start":{"line":76,"column":9},"end":{"line":76,"column":23}},"loc":{"start":{"line":76,"column":26},"end":{"line":92,"column":1}},"line":76},"5":{"name":"handleRemove","decl":{"start":{"line":98,"column":9},"end":{"line":98,"column":21}},"loc":{"start":{"line":98,"column":24},"end":{"line":110,"column":1}},"line":98}},"branchMap":{"0":{"loc":{"start":{"line":11,"column":11},"end":{"line":11,"column":46}},"type":"cond-expr","locations":[{"start":{"line":11,"column":35},"end":{"line":11,"column":41}},{"start":{"line":11,"column":44},"end":{"line":11,"column":46}}],"line":11},"1":{"loc":{"start":{"line":32,"column":2},"end":{"line":36,"column":3}},"type":"if","locations":[{"start":{"line":32,"column":2},"end":{"line":36,"column":3}},{"start":{},"end":{}}],"line":32},"2":{"loc":{"start":{"line":40,"column":35},"end":{"line":40,"column":70}},"type":"cond-expr","locations":[{"start":{"line":40,"column":43},"end":{"line":40,"column":65}},{"start":{"line":40,"column":68},"end":{"line":40,"column":70}}],"line":40},"3":{"loc":{"start":{"line":50,"column":2},"end":{"line":54,"column":3}},"type":"if","locations":[{"start":{"line":50,"column":2},"end":{"line":54,"column":3}},{"start":{},"end":{}}],"line":50},"4":{"loc":{"start":{"line":57,"column":2},"end":{"line":60,"column":3}},"type":"if","locations":[{"start":{"line":57,"column":2},"end":{"line":60,"column":3}},{"start":{},"end":{}}],"line":57},"5":{"loc":{"start":{"line":63,"column":19},"end":{"line":63,"column":42}},"type":"cond-expr","locations":[{"start":{"line":63,"column":33},"end":{"line":63,"column":36}},{"start":{"line":63,"column":39},"end":{"line":63,"column":42}}],"line":63},"6":{"loc":{"start":{"line":64,"column":49},"end":{"line":64,"column":84}},"type":"cond-expr","locations":[{"start":{"line":64,"column":57},"end":{"line":64,"column":79}},{"start":{"line":64,"column":82},"end":{"line":64,"column":84}}],"line":64},"7":{"loc":{"start":{"line":64,"column":89},"end":{"line":64,"column":111}},"type":"binary-expr","locations":[{"start":{"line":64,"column":89},"end":{"line":64,"column":99}},{"start":{"line":64,"column":103},"end":{"line":64,"column":111}}],"line":64},"8":{"loc":{"start":{"line":68,"column":0},"end":{"line":70,"column":1}},"type":"if","locations":[{"start":{"line":68,"column":0},"end":{"line":70,"column":1}},{"start":{},"end":{}}],"line":68},"9":{"loc":{"start":{"line":72,"column":0},"end":{"line":74,"column":1}},"type":"if","locations":[{"start":{"line":72,"column":0},"end":{"line":74,"column":1}},{"start":{},"end":{}}],"line":72},"10":{"loc":{"start":{"line":81,"column":2},"end":{"line":85,"column":3}},"type":"if","locations":[{"start":{"line":81,"column":2},"end":{"line":85,"column":3}},{"start":{},"end":{}}],"line":81},"11":{"loc":{"start":{"line":86,"column":2},"end":{"line":89,"column":3}},"type":"if","locations":[{"start":{"line":86,"column":2},"end":{"line":89,"column":3}},{"start":{},"end":{}}],"line":86},"12":{"loc":{"start":{"line":94,"column":0},"end":{"line":96,"column":1}},"type":"if","locations":[{"start":{"line":94,"column":0},"end":{"line":96,"column":1}},{"start":{},"end":{}}],"line":94},"13":{"loc":{"start":{"line":103,"column":2},"end":{"line":107,"column":3}},"type":"if","locations":[{"start":{"line":103,"column":2},"end":{"line":107,"column":3}},{"start":{},"end":{}}],"line":103},"14":{"loc":{"start":{"line":112,"column":0},"end":{"line":114,"column":1}},"type":"if","locations":[{"start":{"line":112,"column":0},"end":{"line":114,"column":1}},{"start":{},"end":{}}],"line":112}},"s":{"0":0,"1":0,"2":0,"3":0,"4":0,"5":0,"6":0,"7":0,"8":0,"9":0,"10":0,"11":0,"12":0,"13":0,"14":0,"15":0,"16":0,"17":0,"18":0,"19":0,"20":0,"21":0,"22":0,"23":0,"24":0,"25":0,"26":0,"27":0,"28":0,"29":0,"30":0,"31":0,"32":0,"33":0,"34":0,"35":0,"36":0,"37":0,"38":0,"39":0,"40":0,"41":0,"42":0,"43":0,"44":0,"45":0,"46":0,"47":0,"48":0,"49":0,"50":0,"51":0,"52":0,"53":0,"54":0,"55":0,"56":0,"57":0,"58":0,"59":0,"60":0,"61":0,"62":0,"63":0,"64":0,"65":0,"66":0,"67":0,"68":0,"69":0,"70":0},"f":{"0":0,"1":0,"2":0,"3":0,"4":0,"5":0},"b":{"0":[0,0],"1":[0,0],"2":[0,0],"3":[0,0],"4":[0,0],"5":[0,0],"6":[0,0],"7":[0,0],"8":[0,0],"9":[0,0],"10":[0,0],"11":[0,0],"12":[0,0],"13":[0,0],"14":[0,0]},"inputSourceMap":null}
}
