TN:
SF:src\core.js
FN:5,validateDue
FN:16,parseAddArgs
FN:40,parseListArgs
FN:55,toLocalISODate
FN:62,generateId
FN:70,isDuplicate
FN:72,(anonymous_6)
FN:75,addTodo
FN:102,filterTodos
FN:105,(anonymous_9)
FN:107,(anonymous_10)
FN:112,listTodos
FN:120,completeTodo
FN:126,(anonymous_13)
FN:137,removeTodo
FN:142,(anonymous_15)
FNF:16
FNH:16
FNDA:13,validateDue
FNDA:2,parseAddArgs
FNDA:4,parseListArgs
FNDA:1,toLocalISODate
FNDA:1,generateId
FNDA:2,isDuplicate
FNDA:3,(anonymous_6)
FNDA:5,addTodo
FNDA:2,filterTodos
FNDA:3,(anonymous_9)
FNDA:4,(anonymous_10)
FNDA:3,listTodos
FNDA:4,completeTodo
FNDA:3,(anonymous_13)
FNDA:3,removeTodo
FNDA:3,(anonymous_15)
DA:3,1
DA:6,13
DA:7,9
DA:8,9
DA:9,7
DA:10,7
DA:11,7
DA:12,7
DA:13,7
DA:17,2
DA:18,2
DA:19,2
DA:21,2
DA:22,8
DA:23,8
DA:24,1
DA:25,7
DA:26,1
DA:27,6
DA:28,1
DA:29,5
DA:30,1
DA:32,4
DA:36,2
DA:37,2
DA:41,4
DA:42,4
DA:44,4
DA:45,5
DA:46,2
DA:47,3
DA:48,2
DA:52,4
DA:56,1
DA:57,1
DA:58,1
DA:59,1
DA:63,1
DA:64,1
DA:65,2
DA:67,1
DA:71,2
DA:72,3
DA:76,5
DA:77,1
DA:79,4
DA:80,1
DA:82,3
DA:83,1
DA:85,2
DA:86,1
DA:89,1
DA:90,1
DA:98,1
DA:99,1
DA:103,2
DA:104,2
DA:105,3
DA:106,1
DA:107,4
DA:109,2
DA:113,3
DA:114,1
DA:116,2
DA:117,2
DA:121,4
DA:122,4
DA:123,1
DA:125,3
DA:126,3
DA:127,3
DA:128,1
DA:130,2
DA:131,1
DA:133,1
DA:134,1
DA:138,3
DA:139,3
DA:140,1
DA:142,3
DA:143,2
DA:144,1
DA:146,1
DA:149,1
LF:84
LH:84
BRDA:6,0,0,4
BRDA:6,0,1,9
BRDA:6,1,0,13
BRDA:6,1,1,10
BRDA:8,2,0,2
BRDA:8,2,1,7
BRDA:13,3,0,7
BRDA:13,3,1,4
BRDA:13,3,2,2
BRDA:23,4,0,1
BRDA:23,4,1,7
BRDA:25,5,0,1
BRDA:25,5,1,6
BRDA:27,6,0,1
BRDA:27,6,1,5
BRDA:29,7,0,1
BRDA:29,7,1,4
BRDA:30,8,0,1
BRDA:30,8,1,0
BRDA:45,9,0,2
BRDA:45,9,1,3
BRDA:47,10,0,2
BRDA:47,10,1,1
BRDA:65,11,0,2
BRDA:65,11,1,0
BRDA:65,12,0,2
BRDA:65,12,1,2
BRDA:71,13,0,2
BRDA:71,13,1,0
BRDA:72,14,0,3
BRDA:72,14,1,0
BRDA:75,15,0,4
BRDA:76,16,0,1
BRDA:76,16,1,4
BRDA:79,17,0,1
BRDA:79,17,1,3
BRDA:82,18,0,1
BRDA:82,18,1,2
BRDA:82,19,0,3
BRDA:82,19,1,0
BRDA:85,20,0,1
BRDA:85,20,1,1
BRDA:93,21,0,1
BRDA:93,21,1,0
BRDA:94,22,0,1
BRDA:94,22,1,0
BRDA:104,23,0,1
BRDA:104,23,1,1
BRDA:105,24,0,3
BRDA:105,24,1,0
BRDA:106,25,0,1
BRDA:106,25,1,0
BRDA:107,26,0,4
BRDA:107,26,1,1
BRDA:113,27,0,1
BRDA:113,27,1,2
BRDA:113,28,0,3
BRDA:113,28,1,2
BRDA:122,29,0,1
BRDA:122,29,1,3
BRDA:122,30,0,4
BRDA:122,30,1,3
BRDA:127,31,0,1
BRDA:127,31,1,2
BRDA:130,32,0,1
BRDA:130,32,1,1
BRDA:139,33,0,1
BRDA:139,33,1,2
BRDA:139,34,0,3
BRDA:139,34,1,2
BRDA:143,35,0,1
BRDA:143,35,1,1
BRF:72
BRH:63
end_of_record
TN:
SF:src\index.js
FN:7,readTodos
FN:17,writeTodos
FN:26,handleAdd
FN:43,handleList
FN:76,handleComplete
FN:98,handleRemove
FNF:6
FNH:0
FNDA:0,readTodos
FNDA:0,writeTodos
FNDA:0,handleAdd
FNDA:0,handleList
FNDA:0,handleComplete
FNDA:0,handleRemove
DA:1,0
DA:2,0
DA:3,0
DA:5,0
DA:8,0
DA:9,0
DA:10,0
DA:11,0
DA:13,0
DA:18,0
DA:19,0
DA:21,0
DA:22,0
DA:27,0
DA:28,0
DA:30,0
DA:31,0
DA:32,0
DA:33,0
DA:34,0
DA:35,0
DA:38,0
DA:39,0
DA:40,0
DA:44,0
DA:45,0
DA:47,0
DA:48,0
DA:49,0
DA:50,0
DA:51,0
DA:52,0
DA:53,0
DA:56,0
DA:57,0
DA:58,0
DA:59,0
DA:62,0
DA:63,0
DA:64,0
DA:68,0
DA:69,0
DA:72,0
DA:73,0
DA:77,0
DA:78,0
DA:79,0
DA:80,0
DA:81,0
DA:82,0
DA:83,0
DA:84,0
DA:86,0
DA:87,0
DA:88,0
DA:90,0
DA:91,0
DA:94,0
DA:95,0
DA:99,0
DA:100,0
DA:101,0
DA:102,0
DA:103,0
DA:104,0
DA:105,0
DA:106,0
DA:108,0
DA:109,0
DA:112,0
DA:113,0
LF:71
LH:0
BRDA:11,0,0,0
BRDA:11,0,1,0
BRDA:32,1,0,0
BRDA:32,1,1,0
BRDA:40,2,0,0
BRDA:40,2,1,0
BRDA:50,3,0,0
BRDA:50,3,1,0
BRDA:57,4,0,0
BRDA:57,4,1,0
BRDA:63,5,0,0
BRDA:63,5,1,0
BRDA:64,6,0,0
BRDA:64,6,1,0
BRDA:64,7,0,0
BRDA:64,7,1,0
BRDA:68,8,0,0
BRDA:68,8,1,0
BRDA:72,9,0,0
BRDA:72,9,1,0
BRDA:81,10,0,0
BRDA:81,10,1,0
BRDA:86,11,0,0
BRDA:86,11,1,0
BRDA:94,12,0,0
BRDA:94,12,1,0
BRDA:103,13,0,0
BRDA:103,13,1,0
BRDA:112,14,0,0
BRDA:112,14,1,0
BRF:30
BRH:0
end_of_record
