TN:
SF:src\core.js
FN:5,validateDue
FN:16,parseAddArgs
FN:40,parseListArgs
FN:55,toLocalISODate
FN:62,generateId
FN:70,isDuplicate
FN:72,(anonymous_6)
FN:75,addTodo
FN:102,filterTodos
FN:105,(anonymous_9)
FN:107,(anonymous_10)
FN:112,listTodos
FN:120,completeTodo
FN:126,(anonymous_13)
FN:137,removeTodo
FN:142,(anonymous_15)
FNF:16
FNH:16
FNDA:19,validateDue
FNDA:8,parseAddArgs
FNDA:7,parseListArgs
FNDA:4,toLocalISODate
FNDA:7,generateId
FNDA:8,isDuplicate
FNDA:3,(anonymous_6)
FNDA:11,addTodo
FNDA:5,filterTodos
FNDA:3,(anonymous_9)
FNDA:4,(anonymous_10)
FNDA:6,listTodos
FNDA:5,completeTodo
FNDA:4,(anonymous_13)
FNDA:4,removeTodo
FNDA:4,(anonymous_15)
DA:3,2
DA:6,19
DA:7,10
DA:8,10
DA:9,8
DA:10,8
DA:11,8
DA:12,8
DA:13,8
DA:17,8
DA:18,8
DA:19,8
DA:21,8
DA:22,17
DA:23,17
DA:24,1
DA:25,16
DA:26,2
DA:27,14
DA:28,1
DA:29,13
DA:30,3
DA:32,10
DA:36,8
DA:37,8
DA:41,7
DA:42,7
DA:44,7
DA:45,8
DA:46,3
DA:47,5
DA:48,3
DA:52,7
DA:56,4
DA:57,4
DA:58,4
DA:59,4
DA:63,7
DA:64,7
DA:65,2
DA:67,7
DA:71,8
DA:72,8
DA:76,11
DA:77,1
DA:79,10
DA:80,1
DA:82,9
DA:83,1
DA:85,8
DA:86,1
DA:89,7
DA:90,7
DA:98,7
DA:99,7
DA:103,5
DA:104,5
DA:105,3
DA:106,3
DA:107,4
DA:109,5
DA:113,6
DA:114,1
DA:116,5
DA:117,5
DA:121,5
DA:122,5
DA:123,1
DA:125,4
DA:126,4
DA:127,4
DA:128,1
DA:130,3
DA:131,1
DA:133,2
DA:134,2
DA:138,4
DA:139,4
DA:140,1
DA:142,4
DA:143,3
DA:144,1
DA:146,2
DA:149,2
LF:84
LH:84
BRDA:6,0,0,9
BRDA:6,0,1,10
BRDA:6,1,0,19
BRDA:6,1,1,11
BRDA:8,2,0,2
BRDA:8,2,1,8
BRDA:13,3,0,8
BRDA:13,3,1,5
BRDA:13,3,2,3
BRDA:23,4,0,1
BRDA:23,4,1,16
BRDA:25,5,0,2
BRDA:25,5,1,14
BRDA:27,6,0,1
BRDA:27,6,1,13
BRDA:29,7,0,3
BRDA:29,7,1,10
BRDA:30,8,0,3
BRDA:30,8,1,0
BRDA:45,9,0,3
BRDA:45,9,1,5
BRDA:47,10,0,3
BRDA:47,10,1,2
BRDA:65,11,0,2
BRDA:65,11,1,0
BRDA:65,12,0,2
BRDA:65,12,1,2
BRDA:71,13,0,8
BRDA:71,13,1,0
BRDA:72,14,0,3
BRDA:72,14,1,0
BRDA:75,15,0,4
BRDA:76,16,0,1
BRDA:76,16,1,10
BRDA:79,17,0,1
BRDA:79,17,1,9
BRDA:82,18,0,1
BRDA:82,18,1,8
BRDA:82,19,0,9
BRDA:82,19,1,0
BRDA:85,20,0,1
BRDA:85,20,1,7
BRDA:93,21,0,7
BRDA:93,21,1,5
BRDA:94,22,0,7
BRDA:94,22,1,0
BRDA:104,23,0,2
BRDA:104,23,1,3
BRDA:105,24,0,3
BRDA:105,24,1,0
BRDA:106,25,0,2
BRDA:106,25,1,1
BRDA:107,26,0,4
BRDA:107,26,1,1
BRDA:113,27,0,1
BRDA:113,27,1,5
BRDA:113,28,0,6
BRDA:113,28,1,3
BRDA:122,29,0,1
BRDA:122,29,1,4
BRDA:122,30,0,5
BRDA:122,30,1,4
BRDA:127,31,0,1
BRDA:127,31,1,3
BRDA:130,32,0,1
BRDA:130,32,1,2
BRDA:139,33,0,1
BRDA:139,33,1,3
BRDA:139,34,0,4
BRDA:139,34,1,3
BRDA:143,35,0,1
BRDA:143,35,1,2
BRF:72
BRH:65
end_of_record
TN:
SF:src\index.js
FN:8,readTodos
FN:18,writeTodos
FN:26,handleAdd
FN:41,handleList
FN:60,(anonymous_4)
FN:80,handleComplete
FN:100,handleRemove
FN:116,handleHelp
FNF:8
FNH:7
FNDA:12,readTodos
FNDA:9,writeTodos
FNDA:6,handleAdd
FNDA:3,handleList
FNDA:0,(anonymous_4)
FNDA:1,handleComplete
FNDA:1,handleRemove
FNDA:1,handleHelp
DA:1,1
DA:2,1
DA:3,1
DA:4,1
DA:6,1
DA:9,12
DA:10,12
DA:11,12
DA:12,12
DA:14,0
DA:19,9
DA:20,9
DA:22,0
DA:27,6
DA:28,6
DA:30,6
DA:31,6
DA:32,6
DA:33,0
DA:36,6
DA:37,6
DA:38,6
DA:42,3
DA:43,3
DA:45,3
DA:46,3
DA:47,3
DA:48,3
DA:49,0
DA:52,3
DA:53,3
DA:54,3
DA:55,3
DA:59,0
DA:60,0
DA:61,0
DA:62,0
DA:63,0
DA:66,0
DA:67,0
DA:68,0
DA:72,1
DA:73,0
DA:76,1
DA:77,0
DA:81,1
DA:82,1
DA:83,1
DA:84,1
DA:85,1
DA:86,0
DA:88,1
DA:89,0
DA:90,0
DA:92,1
DA:93,1
DA:96,1
DA:97,0
DA:101,1
DA:102,1
DA:103,1
DA:104,1
DA:105,1
DA:106,0
DA:108,1
DA:109,1
DA:112,1
DA:113,0
DA:117,1
DA:118,1
DA:119,1
DA:120,1
DA:121,1
DA:122,1
DA:123,1
DA:124,1
DA:125,1
DA:126,1
DA:127,1
DA:128,1
DA:129,1
DA:130,1
DA:133,1
DA:134,0
DA:138,1
DA:139,1
LF:86
LH:65
BRDA:12,0,0,12
BRDA:12,0,1,0
BRDA:32,1,0,0
BRDA:32,1,1,6
BRDA:38,2,0,1
BRDA:38,2,1,5
BRDA:48,3,0,0
BRDA:48,3,1,3
BRDA:53,4,0,3
BRDA:53,4,1,0
BRDA:61,5,0,0
BRDA:61,5,1,0
BRDA:61,6,0,0
BRDA:61,6,1,0
BRDA:62,7,0,0
BRDA:62,7,1,0
BRDA:62,8,0,0
BRDA:62,8,1,0
BRDA:67,9,0,0
BRDA:67,9,1,0
BRDA:68,10,0,0
BRDA:68,10,1,0
BRDA:68,11,0,0
BRDA:68,11,1,0
BRDA:72,12,0,0
BRDA:72,12,1,1
BRDA:76,13,0,0
BRDA:76,13,1,1
BRDA:85,14,0,0
BRDA:85,14,1,1
BRDA:88,15,0,0
BRDA:88,15,1,1
BRDA:96,16,0,0
BRDA:96,16,1,1
BRDA:105,17,0,0
BRDA:105,17,1,1
BRDA:112,18,0,0
BRDA:112,18,1,1
BRDA:133,19,0,0
BRDA:133,19,1,1
BRDA:133,20,0,1
BRDA:133,20,1,1
BRDA:133,20,2,1
BRDA:138,21,0,1
BRDA:138,21,1,0
BRDA:138,22,0,1
BRDA:138,22,1,1
BRF:47
BRH:20
end_of_record
