{"C:\\Users\\LENOVO\\Training\\quote\\src\\cli.js": {"path":"C:\\Users\\LENOVO\\Training\\quote\\src\\cli.js","statementMap":{"0":{"start":{"line":1,"column":40},"end":{"line":1,"column":57}},"1":{"start":{"line":4,"column":14},"end":{"line":4,"column":39}},"2":{"start":{"line":5,"column":2},"end":{"line":10,"column":3}},"3":{"start":{"line":5,"column":15},"end":{"line":5,"column":16}},"4":{"start":{"line":6,"column":16},"end":{"line":6,"column":23}},"5":{"start":{"line":7,"column":4},"end":{"line":7,"column":80}},"6":{"start":{"line":7,"column":49},"end":{"line":7,"column":68}},"7":{"start":{"line":7,"column":69},"end":{"line":7,"column":78}},"8":{"start":{"line":8,"column":4},"end":{"line":8,"column":69}},"9":{"start":{"line":8,"column":35},"end":{"line":8,"column":57}},"10":{"start":{"line":8,"column":58},"end":{"line":8,"column":67}},"11":{"start":{"line":9,"column":4},"end":{"line":9,"column":72}},"12":{"start":{"line":9,"column":44},"end":{"line":9,"column":60}},"13":{"start":{"line":9,"column":61},"end":{"line":9,"column":70}},"14":{"start":{"line":11,"column":2},"end":{"line":11,"column":13}},"15":{"start":{"line":15,"column":2},"end":{"line":15,"column":46}},"16":{"start":{"line":19,"column":2},"end":{"line":33,"column":3}},"17":{"start":{"line":20,"column":17},"end":{"line":20,"column":32}},"18":{"start":{"line":21,"column":4},"end":{"line":21,"column":45}},"19":{"start":{"line":21,"column":21},"end":{"line":21,"column":33}},"20":{"start":{"line":21,"column":34},"end":{"line":21,"column":43}},"21":{"start":{"line":23,"column":19},"end":{"line":23,"column":50}},"22":{"start":{"line":24,"column":4},"end":{"line":27,"column":5}},"23":{"start":{"line":25,"column":6},"end":{"line":25,"column":34}},"24":{"start":{"line":26,"column":6},"end":{"line":26,"column":15}},"25":{"start":{"line":28,"column":4},"end":{"line":28,"column":43}},"26":{"start":{"line":29,"column":4},"end":{"line":29,"column":13}},"27":{"start":{"line":31,"column":4},"end":{"line":31,"column":87}},"28":{"start":{"line":32,"column":4},"end":{"line":32,"column":13}},"29":{"start":{"line":36,"column":0},"end":{"line":36,"column":36}}},"fnMap":{"0":{"name":"parseArgs","decl":{"start":{"line":3,"column":9},"end":{"line":3,"column":18}},"loc":{"start":{"line":3,"column":25},"end":{"line":12,"column":1}},"line":3},"1":{"name":"printHelp","decl":{"start":{"line":14,"column":9},"end":{"line":14,"column":18}},"loc":{"start":{"line":14,"column":21},"end":{"line":16,"column":1}},"line":14},"2":{"name":"run","decl":{"start":{"line":18,"column":9},"end":{"line":18,"column":12}},"loc":{"start":{"line":18,"column":34},"end":{"line":34,"column":1}},"line":18}},"branchMap":{"0":{"loc":{"start":{"line":7,"column":4},"end":{"line":7,"column":80}},"type":"if","locations":[{"start":{"line":7,"column":4},"end":{"line":7,"column":80}},{"start":{},"end":{}}],"line":7},"1":{"loc":{"start":{"line":7,"column":8},"end":{"line":7,"column":45}},"type":"binary-expr","locations":[{"start":{"line":7,"column":8},"end":{"line":7,"column":22}},{"start":{"line":7,"column":26},"end":{"line":7,"column":45}}],"line":7},"2":{"loc":{"start":{"line":8,"column":4},"end":{"line":8,"column":69}},"type":"if","locations":[{"start":{"line":8,"column":4},"end":{"line":8,"column":69}},{"start":{},"end":{}}],"line":8},"3":{"loc":{"start":{"line":9,"column":4},"end":{"line":9,"column":72}},"type":"if","locations":[{"start":{"line":9,"column":4},"end":{"line":9,"column":72}},{"start":{},"end":{}}],"line":9},"4":{"loc":{"start":{"line":9,"column":8},"end":{"line":9,"column":40}},"type":"binary-expr","locations":[{"start":{"line":9,"column":8},"end":{"line":9,"column":20}},{"start":{"line":9,"column":24},"end":{"line":9,"column":40}}],"line":9},"5":{"loc":{"start":{"line":18,"column":13},"end":{"line":18,"column":32}},"type":"default-arg","locations":[{"start":{"line":18,"column":20},"end":{"line":18,"column":32}}],"line":18},"6":{"loc":{"start":{"line":21,"column":4},"end":{"line":21,"column":45}},"type":"if","locations":[{"start":{"line":21,"column":4},"end":{"line":21,"column":45}},{"start":{},"end":{}}],"line":21},"7":{"loc":{"start":{"line":24,"column":4},"end":{"line":27,"column":5}},"type":"if","locations":[{"start":{"line":24,"column":4},"end":{"line":27,"column":5}},{"start":{},"end":{}}],"line":24},"8":{"loc":{"start":{"line":31,"column":39},"end":{"line":31,"column":85}},"type":"cond-expr","locations":[{"start":{"line":31,"column":60},"end":{"line":31,"column":71}},{"start":{"line":31,"column":74},"end":{"line":31,"column":85}}],"line":31},"9":{"loc":{"start":{"line":31,"column":39},"end":{"line":31,"column":57}},"type":"binary-expr","locations":[{"start":{"line":31,"column":39},"end":{"line":31,"column":42}},{"start":{"line":31,"column":46},"end":{"line":31,"column":57}}],"line":31}},"s":{"0":0,"1":0,"2":0,"3":0,"4":0,"5":0,"6":0,"7":0,"8":0,"9":0,"10":0,"11":0,"12":0,"13":0,"14":0,"15":0,"16":0,"17":0,"18":0,"19":0,"20":0,"21":0,"22":0,"23":0,"24":0,"25":0,"26":0,"27":0,"28":0,"29":0},"f":{"0":0,"1":0,"2":0},"b":{"0":[0,0],"1":[0,0],"2":[0,0],"3":[0,0],"4":[0,0],"5":[0],"6":[0,0],"7":[0,0],"8":[0,0],"9":[0,0]},"inputSourceMap":null}
,"C:\\Users\\LENOVO\\Training\\quote\\src\\core.js": {"path":"C:\\Users\\LENOVO\\Training\\quote\\src\\core.js","statementMap":{"0":{"start":{"line":1,"column":11},"end":{"line":1,"column":24}},"1":{"start":{"line":2,"column":13},"end":{"line":2,"column":28}},"2":{"start":{"line":5,"column":2},"end":{"line":5,"column":43}},"3":{"start":{"line":5,"column":33},"end":{"line":5,"column":43}},"4":{"start":{"line":6,"column":2},"end":{"line":8,"column":4}},"5":{"start":{"line":7,"column":4},"end":{"line":7,"column":103}},"6":{"start":{"line":12,"column":2},"end":{"line":12,"column":42}},"7":{"start":{"line":12,"column":32},"end":{"line":12,"column":42}},"8":{"start":{"line":13,"column":14},"end":{"line":13,"column":47}},"9":{"start":{"line":14,"column":18},"end":{"line":14,"column":67}},"10":{"start":{"line":15,"column":17},"end":{"line":15,"column":44}},"11":{"start":{"line":16,"column":2},"end":{"line":16,"column":32}},"12":{"start":{"line":20,"column":2},"end":{"line":20,"column":48}},"13":{"start":{"line":24,"column":14},"end":{"line":24,"column":54}},"14":{"start":{"line":25,"column":2},"end":{"line":25,"column":20}},"15":{"start":{"line":29,"column":2},"end":{"line":29,"column":29}},"16":{"start":{"line":29,"column":15},"end":{"line":29,"column":29}},"17":{"start":{"line":30,"column":17},"end":{"line":30,"column":44}},"18":{"start":{"line":31,"column":2},"end":{"line":31,"column":25}},"19":{"start":{"line":31,"column":15},"end":{"line":31,"column":25}},"20":{"start":{"line":32,"column":2},"end":{"line":34,"column":4}},"21":{"start":{"line":33,"column":4},"end":{"line":33,"column":81}},"22":{"start":{"line":38,"column":2},"end":{"line":38,"column":43}},"23":{"start":{"line":42,"column":20},"end":{"line":42,"column":56}},"24":{"start":{"line":44,"column":2},"end":{"line":48,"column":3}},"25":{"start":{"line":45,"column":4},"end":{"line":45,"column":43}},"26":{"start":{"line":47,"column":4},"end":{"line":47,"column":99}},"27":{"start":{"line":49,"column":2},"end":{"line":51,"column":3}},"28":{"start":{"line":50,"column":4},"end":{"line":50,"column":99}},"29":{"start":{"line":52,"column":13},"end":{"line":52,"column":19}},"30":{"start":{"line":53,"column":2},"end":{"line":58,"column":3}},"31":{"start":{"line":54,"column":4},"end":{"line":54,"column":38}},"32":{"start":{"line":55,"column":4},"end":{"line":57,"column":5}},"33":{"start":{"line":56,"column":6},"end":{"line":56,"column":73}},"34":{"start":{"line":59,"column":17},"end":{"line":59,"column":35}},"35":{"start":{"line":60,"column":2},"end":{"line":60,"column":37}},"36":{"start":{"line":63,"column":0},"end":{"line":71,"column":2}}},"fnMap":{"0":{"name":"sanitizeQuotes","decl":{"start":{"line":4,"column":9},"end":{"line":4,"column":23}},"loc":{"start":{"line":4,"column":35},"end":{"line":9,"column":1}},"line":4},"1":{"name":"(anonymous_1)","decl":{"start":{"line":6,"column":26},"end":{"line":6,"column":27}},"loc":{"start":{"line":7,"column":4},"end":{"line":7,"column":103}},"line":7},"2":{"name":"readQuotesFromFile","decl":{"start":{"line":11,"column":9},"end":{"line":11,"column":27}},"loc":{"start":{"line":11,"column":38},"end":{"line":17,"column":1}},"line":11},"3":{"name":"getDefaultQuotesPath","decl":{"start":{"line":19,"column":9},"end":{"line":19,"column":29}},"loc":{"start":{"line":19,"column":32},"end":{"line":21,"column":1}},"line":19},"4":{"name":"selectRandom","decl":{"start":{"line":23,"column":9},"end":{"line":23,"column":21}},"loc":{"start":{"line":23,"column":29},"end":{"line":26,"column":1}},"line":23},"5":{"name":"filterByAuthor","decl":{"start":{"line":28,"column":9},"end":{"line":28,"column":23}},"loc":{"start":{"line":28,"column":40},"end":{"line":35,"column":1}},"line":28},"6":{"name":"(anonymous_6)","decl":{"start":{"line":32,"column":23},"end":{"line":32,"column":24}},"loc":{"start":{"line":33,"column":4},"end":{"line":33,"column":81}},"line":33},"7":{"name":"formatQuote","decl":{"start":{"line":37,"column":9},"end":{"line":37,"column":20}},"loc":{"start":{"line":37,"column":28},"end":{"line":39,"column":1}},"line":37},"8":{"name":"getRandomQuote","decl":{"start":{"line":41,"column":9},"end":{"line":41,"column":23}},"loc":{"start":{"line":41,"column":58},"end":{"line":61,"column":1}},"line":41}},"branchMap":{"0":{"loc":{"start":{"line":5,"column":2},"end":{"line":5,"column":43}},"type":"if","locations":[{"start":{"line":5,"column":2},"end":{"line":5,"column":43}},{"start":{},"end":{}}],"line":5},"1":{"loc":{"start":{"line":7,"column":4},"end":{"line":7,"column":103}},"type":"binary-expr","locations":[{"start":{"line":7,"column":4},"end":{"line":7,"column":5}},{"start":{"line":7,"column":9},"end":{"line":7,"column":35}},{"start":{"line":7,"column":39},"end":{"line":7,"column":52}},{"start":{"line":7,"column":56},"end":{"line":7,"column":84}},{"start":{"line":7,"column":88},"end":{"line":7,"column":103}}],"line":7},"2":{"loc":{"start":{"line":12,"column":2},"end":{"line":12,"column":42}},"type":"if","locations":[{"start":{"line":12,"column":2},"end":{"line":12,"column":42}},{"start":{},"end":{}}],"line":12},"3":{"loc":{"start":{"line":14,"column":18},"end":{"line":14,"column":67}},"type":"cond-expr","locations":[{"start":{"line":14,"column":49},"end":{"line":14,"column":61}},{"start":{"line":14,"column":64},"end":{"line":14,"column":67}}],"line":14},"4":{"loc":{"start":{"line":15,"column":28},"end":{"line":15,"column":43}},"type":"binary-expr","locations":[{"start":{"line":15,"column":28},"end":{"line":15,"column":35}},{"start":{"line":15,"column":39},"end":{"line":15,"column":43}}],"line":15},"5":{"loc":{"start":{"line":29,"column":2},"end":{"line":29,"column":29}},"type":"if","locations":[{"start":{"line":29,"column":2},"end":{"line":29,"column":29}},{"start":{},"end":{}}],"line":29},"6":{"loc":{"start":{"line":31,"column":2},"end":{"line":31,"column":25}},"type":"if","locations":[{"start":{"line":31,"column":2},"end":{"line":31,"column":25}},{"start":{},"end":{}}],"line":31},"7":{"loc":{"start":{"line":33,"column":4},"end":{"line":33,"column":81}},"type":"binary-expr","locations":[{"start":{"line":33,"column":4},"end":{"line":33,"column":5}},{"start":{"line":33,"column":9},"end":{"line":33,"column":37}},{"start":{"line":33,"column":41},"end":{"line":33,"column":81}}],"line":33},"8":{"loc":{"start":{"line":41,"column":24},"end":{"line":41,"column":35}},"type":"default-arg","locations":[{"start":{"line":41,"column":33},"end":{"line":41,"column":35}}],"line":41},"9":{"loc":{"start":{"line":41,"column":37},"end":{"line":41,"column":56}},"type":"default-arg","locations":[{"start":{"line":41,"column":54},"end":{"line":41,"column":56}}],"line":41},"10":{"loc":{"start":{"line":42,"column":20},"end":{"line":42,"column":56}},"type":"binary-expr","locations":[{"start":{"line":42,"column":20},"end":{"line":42,"column":30}},{"start":{"line":42,"column":34},"end":{"line":42,"column":56}}],"line":42},"11":{"loc":{"start":{"line":49,"column":2},"end":{"line":51,"column":3}},"type":"if","locations":[{"start":{"line":49,"column":2},"end":{"line":51,"column":3}},{"start":{},"end":{}}],"line":49},"12":{"loc":{"start":{"line":49,"column":6},"end":{"line":49,"column":36}},"type":"binary-expr","locations":[{"start":{"line":49,"column":6},"end":{"line":49,"column":13}},{"start":{"line":49,"column":17},"end":{"line":49,"column":36}}],"line":49},"13":{"loc":{"start":{"line":53,"column":2},"end":{"line":58,"column":3}},"type":"if","locations":[{"start":{"line":53,"column":2},"end":{"line":58,"column":3}},{"start":{},"end":{}}],"line":53},"14":{"loc":{"start":{"line":55,"column":4},"end":{"line":57,"column":5}},"type":"if","locations":[{"start":{"line":55,"column":4},"end":{"line":57,"column":5}},{"start":{},"end":{}}],"line":55}},"s":{"0":3,"1":3,"2":20,"3":4,"4":16,"5":46,"6":17,"7":2,"8":15,"9":15,"10":15,"11":13,"12":10,"13":12,"14":12,"15":14,"16":3,"17":11,"18":11,"19":1,"20":10,"21":54,"22":3,"23":10,"24":10,"25":10,"26":1,"27":9,"28":3,"29":6,"30":6,"31":3,"32":3,"33":1,"34":5,"35":5,"36":3},"f":{"0":20,"1":46,"2":17,"3":10,"4":12,"5":14,"6":54,"7":3,"8":10},"b":{"0":[4,16],"1":[46,42,38,34,33],"2":[2,15],"3":[2,13],"4":[15,1],"5":[3,11],"6":[1,10],"7":[54,54,51],"8":[6],"9":[9],"10":[10,9],"11":[3,6],"12":[9,9],"13":[3,3],"14":[1,2]},"inputSourceMap":null,"_coverageSchema":"1a1c01bbd47fc00a2c39e90264f33305004495a9","hash":"81171ea6e3ae1b56c039b121f1fd7f540ae8dadf"}
,"C:\\Users\\LENOVO\\Training\\quote\\src\\index.js": {"path":"C:\\Users\\LENOVO\\Training\\quote\\src\\index.js","statementMap":{"0":{"start":{"line":3,"column":13},"end":{"line":3,"column":28}},"1":{"start":{"line":4,"column":11},"end":{"line":4,"column":24}},"2":{"start":{"line":7,"column":14},"end":{"line":7,"column":54}},"3":{"start":{"line":8,"column":2},"end":{"line":8,"column":20}},"4":{"start":{"line":12,"column":2},"end":{"line":12,"column":29}},"5":{"start":{"line":12,"column":15},"end":{"line":12,"column":29}},"6":{"start":{"line":13,"column":17},"end":{"line":13,"column":44}},"7":{"start":{"line":14,"column":2},"end":{"line":16,"column":4}},"8":{"start":{"line":15,"column":4},"end":{"line":15,"column":81}},"9":{"start":{"line":20,"column":14},"end":{"line":20,"column":39}},"10":{"start":{"line":21,"column":2},"end":{"line":26,"column":3}},"11":{"start":{"line":21,"column":15},"end":{"line":21,"column":16}},"12":{"start":{"line":22,"column":16},"end":{"line":22,"column":23}},"13":{"start":{"line":23,"column":4},"end":{"line":23,"column":80}},"14":{"start":{"line":23,"column":49},"end":{"line":23,"column":68}},"15":{"start":{"line":23,"column":69},"end":{"line":23,"column":78}},"16":{"start":{"line":24,"column":4},"end":{"line":24,"column":69}},"17":{"start":{"line":24,"column":35},"end":{"line":24,"column":57}},"18":{"start":{"line":24,"column":58},"end":{"line":24,"column":67}},"19":{"start":{"line":25,"column":4},"end":{"line":25,"column":62}},"20":{"start":{"line":25,"column":44},"end":{"line":25,"column":60}},"21":{"start":{"line":27,"column":2},"end":{"line":27,"column":13}},"22":{"start":{"line":31,"column":2},"end":{"line":31,"column":64}},"23":{"start":{"line":35,"column":2},"end":{"line":75,"column":3}},"24":{"start":{"line":36,"column":17},"end":{"line":36,"column":32}},"25":{"start":{"line":37,"column":4},"end":{"line":37,"column":45}},"26":{"start":{"line":37,"column":21},"end":{"line":37,"column":33}},"27":{"start":{"line":37,"column":34},"end":{"line":37,"column":43}},"28":{"start":{"line":39,"column":23},"end":{"line":39,"column":61}},"29":{"start":{"line":40,"column":17},"end":{"line":40,"column":19}},"30":{"start":{"line":41,"column":4},"end":{"line":58,"column":5}},"31":{"start":{"line":42,"column":6},"end":{"line":45,"column":7}},"32":{"start":{"line":43,"column":8},"end":{"line":43,"column":96}},"33":{"start":{"line":44,"column":8},"end":{"line":44,"column":17}},"34":{"start":{"line":46,"column":18},"end":{"line":46,"column":60}},"35":{"start":{"line":47,"column":21},"end":{"line":47,"column":47}},"36":{"start":{"line":48,"column":6},"end":{"line":50,"column":13}},"37":{"start":{"line":49,"column":29},"end":{"line":49,"column":128}},"38":{"start":{"line":51,"column":6},"end":{"line":54,"column":7}},"39":{"start":{"line":52,"column":8},"end":{"line":52,"column":96}},"40":{"start":{"line":53,"column":8},"end":{"line":53,"column":17}},"41":{"start":{"line":56,"column":6},"end":{"line":56,"column":94}},"42":{"start":{"line":57,"column":6},"end":{"line":57,"column":15}},"43":{"start":{"line":60,"column":15},"end":{"line":60,"column":21}},"44":{"start":{"line":61,"column":4},"end":{"line":67,"column":5}},"45":{"start":{"line":62,"column":6},"end":{"line":62,"column":51}},"46":{"start":{"line":63,"column":6},"end":{"line":66,"column":7}},"47":{"start":{"line":64,"column":8},"end":{"line":64,"column":73}},"48":{"start":{"line":65,"column":8},"end":{"line":65,"column":17}},"49":{"start":{"line":69,"column":19},"end":{"line":69,"column":37}},"50":{"start":{"line":70,"column":4},"end":{"line":70,"column":53}},"51":{"start":{"line":71,"column":4},"end":{"line":71,"column":13}},"52":{"start":{"line":73,"column":4},"end":{"line":73,"column":87}},"53":{"start":{"line":74,"column":4},"end":{"line":74,"column":13}},"54":{"start":{"line":78,"column":0},"end":{"line":81,"column":1}},"55":{"start":{"line":79,"column":15},"end":{"line":79,"column":32}},"56":{"start":{"line":80,"column":2},"end":{"line":80,"column":21}},"57":{"start":{"line":83,"column":0},"end":{"line":83,"column":72}}},"fnMap":{"0":{"name":"selectRandom","decl":{"start":{"line":6,"column":9},"end":{"line":6,"column":21}},"loc":{"start":{"line":6,"column":29},"end":{"line":9,"column":1}},"line":6},"1":{"name":"filterQuotesByAuthor","decl":{"start":{"line":11,"column":9},"end":{"line":11,"column":29}},"loc":{"start":{"line":11,"column":46},"end":{"line":17,"column":1}},"line":11},"2":{"name":"(anonymous_2)","decl":{"start":{"line":14,"column":23},"end":{"line":14,"column":24}},"loc":{"start":{"line":15,"column":4},"end":{"line":15,"column":81}},"line":15},"3":{"name":"parseArgs","decl":{"start":{"line":19,"column":9},"end":{"line":19,"column":18}},"loc":{"start":{"line":19,"column":25},"end":{"line":28,"column":1}},"line":19},"4":{"name":"printHelp","decl":{"start":{"line":30,"column":9},"end":{"line":30,"column":18}},"loc":{"start":{"line":30,"column":21},"end":{"line":32,"column":1}},"line":30},"5":{"name":"run","decl":{"start":{"line":34,"column":9},"end":{"line":34,"column":12}},"loc":{"start":{"line":34,"column":34},"end":{"line":76,"column":1}},"line":34},"6":{"name":"(anonymous_6)","decl":{"start":{"line":49,"column":24},"end":{"line":49,"column":25}},"loc":{"start":{"line":49,"column":29},"end":{"line":49,"column":128}},"line":49}},"branchMap":{"0":{"loc":{"start":{"line":12,"column":2},"end":{"line":12,"column":29}},"type":"if","locations":[{"start":{"line":12,"column":2},"end":{"line":12,"column":29}},{"start":{},"end":{}}],"line":12},"1":{"loc":{"start":{"line":15,"column":4},"end":{"line":15,"column":81}},"type":"binary-expr","locations":[{"start":{"line":15,"column":4},"end":{"line":15,"column":5}},{"start":{"line":15,"column":9},"end":{"line":15,"column":37}},{"start":{"line":15,"column":41},"end":{"line":15,"column":81}}],"line":15},"2":{"loc":{"start":{"line":23,"column":4},"end":{"line":23,"column":80}},"type":"if","locations":[{"start":{"line":23,"column":4},"end":{"line":23,"column":80}},{"start":{},"end":{}}],"line":23},"3":{"loc":{"start":{"line":23,"column":8},"end":{"line":23,"column":45}},"type":"binary-expr","locations":[{"start":{"line":23,"column":8},"end":{"line":23,"column":22}},{"start":{"line":23,"column":26},"end":{"line":23,"column":45}}],"line":23},"4":{"loc":{"start":{"line":24,"column":4},"end":{"line":24,"column":69}},"type":"if","locations":[{"start":{"line":24,"column":4},"end":{"line":24,"column":69}},{"start":{},"end":{}}],"line":24},"5":{"loc":{"start":{"line":25,"column":4},"end":{"line":25,"column":62}},"type":"if","locations":[{"start":{"line":25,"column":4},"end":{"line":25,"column":62}},{"start":{},"end":{}}],"line":25},"6":{"loc":{"start":{"line":25,"column":8},"end":{"line":25,"column":40}},"type":"binary-expr","locations":[{"start":{"line":25,"column":8},"end":{"line":25,"column":20}},{"start":{"line":25,"column":24},"end":{"line":25,"column":40}}],"line":25},"7":{"loc":{"start":{"line":34,"column":13},"end":{"line":34,"column":32}},"type":"default-arg","locations":[{"start":{"line":34,"column":20},"end":{"line":34,"column":32}}],"line":34},"8":{"loc":{"start":{"line":37,"column":4},"end":{"line":37,"column":45}},"type":"if","locations":[{"start":{"line":37,"column":4},"end":{"line":37,"column":45}},{"start":{},"end":{}}],"line":37},"9":{"loc":{"start":{"line":42,"column":6},"end":{"line":45,"column":7}},"type":"if","locations":[{"start":{"line":42,"column":6},"end":{"line":45,"column":7}},{"start":{},"end":{}}],"line":42},"10":{"loc":{"start":{"line":47,"column":21},"end":{"line":47,"column":47}},"type":"cond-expr","locations":[{"start":{"line":47,"column":27},"end":{"line":47,"column":42}},{"start":{"line":47,"column":45},"end":{"line":47,"column":47}}],"line":47},"11":{"loc":{"start":{"line":48,"column":15},"end":{"line":50,"column":12}},"type":"cond-expr","locations":[{"start":{"line":49,"column":10},"end":{"line":49,"column":129}},{"start":{"line":50,"column":10},"end":{"line":50,"column":12}}],"line":48},"12":{"loc":{"start":{"line":49,"column":29},"end":{"line":49,"column":128}},"type":"binary-expr","locations":[{"start":{"line":49,"column":29},"end":{"line":49,"column":30}},{"start":{"line":49,"column":34},"end":{"line":49,"column":60}},{"start":{"line":49,"column":64},"end":{"line":49,"column":77}},{"start":{"line":49,"column":81},"end":{"line":49,"column":109}},{"start":{"line":49,"column":113},"end":{"line":49,"column":128}}],"line":49},"13":{"loc":{"start":{"line":51,"column":6},"end":{"line":54,"column":7}},"type":"if","locations":[{"start":{"line":51,"column":6},"end":{"line":54,"column":7}},{"start":{},"end":{}}],"line":51},"14":{"loc":{"start":{"line":61,"column":4},"end":{"line":67,"column":5}},"type":"if","locations":[{"start":{"line":61,"column":4},"end":{"line":67,"column":5}},{"start":{},"end":{}}],"line":61},"15":{"loc":{"start":{"line":63,"column":6},"end":{"line":66,"column":7}},"type":"if","locations":[{"start":{"line":63,"column":6},"end":{"line":66,"column":7}},{"start":{},"end":{}}],"line":63},"16":{"loc":{"start":{"line":73,"column":39},"end":{"line":73,"column":85}},"type":"cond-expr","locations":[{"start":{"line":73,"column":60},"end":{"line":73,"column":71}},{"start":{"line":73,"column":74},"end":{"line":73,"column":85}}],"line":73},"17":{"loc":{"start":{"line":73,"column":39},"end":{"line":73,"column":57}},"type":"binary-expr","locations":[{"start":{"line":73,"column":39},"end":{"line":73,"column":42}},{"start":{"line":73,"column":46},"end":{"line":73,"column":57}}],"line":73},"18":{"loc":{"start":{"line":78,"column":0},"end":{"line":81,"column":1}},"type":"if","locations":[{"start":{"line":78,"column":0},"end":{"line":81,"column":1}},{"start":{},"end":{}}],"line":78}},"s":{"0":5,"1":5,"2":17,"3":17,"4":19,"5":3,"6":16,"7":16,"8":87,"9":35,"10":35,"11":35,"12":19,"13":19,"14":1,"15":1,"16":18,"17":14,"18":14,"19":4,"20":3,"21":35,"22":1,"23":30,"24":30,"25":30,"26":1,"27":1,"28":29,"29":29,"30":29,"31":29,"32":2,"33":2,"34":27,"35":27,"36":26,"37":124,"38":26,"39":5,"40":5,"41":1,"42":1,"43":21,"44":21,"45":12,"46":12,"47":4,"48":4,"49":17,"50":17,"51":16,"52":1,"53":1,"54":5,"55":0,"56":0,"57":5},"f":{"0":17,"1":19,"2":87,"3":35,"4":1,"5":30,"6":124},"b":{"0":[3,16],"1":[87,87,85],"2":[1,18],"3":[19,1],"4":[14,4],"5":[3,1],"6":[4,3],"7":[0],"8":[1,29],"9":[2,27],"10":[25,2],"11":[26,0],"12":[124,122,121,119,118],"13":[5,21],"14":[12,9],"15":[4,8],"16":[1,0],"17":[1,1],"18":[0,5]},"inputSourceMap":null,"_coverageSchema":"1a1c01bbd47fc00a2c39e90264f33305004495a9","hash":"d0d7de57381ddd8ccb60887319556df868454b88"}
}
