TN:
SF:src/cli.js
FN:3,parseArgs
FN:14,printHelp
FN:18,run
FNF:3
FNH:0
FNDA:0,parseArgs
FNDA:0,printHelp
FNDA:0,run
DA:1,0
DA:4,0
DA:5,0
DA:6,0
DA:7,0
DA:8,0
DA:9,0
DA:11,0
DA:15,0
DA:19,0
DA:20,0
DA:21,0
DA:23,0
DA:24,0
DA:25,0
DA:26,0
DA:28,0
DA:29,0
DA:31,0
DA:32,0
DA:36,0
LF:21
LH:0
BRDA:7,0,0,0
BRDA:7,0,1,0
BRDA:7,1,0,0
BRDA:7,1,1,0
BRDA:8,2,0,0
BRDA:8,2,1,0
BRDA:9,3,0,0
BRDA:9,3,1,0
BRDA:9,4,0,0
BRDA:9,4,1,0
BRDA:18,5,0,0
BRDA:21,6,0,0
BRDA:21,6,1,0
BRDA:24,7,0,0
BRDA:24,7,1,0
BRDA:31,8,0,0
BRDA:31,8,1,0
BRDA:31,9,0,0
BRDA:31,9,1,0
BRF:19
BRH:0
end_of_record
TN:
SF:src/core.js
FN:4,sanitizeQuotes
FN:6,(anonymous_1)
FN:11,readQuotesFromFile
FN:19,getDefaultQuotesPath
FN:23,selectRandom
FN:28,filterByAuthor
FN:32,(anonymous_6)
FN:37,formatQuote
FN:41,getRandomQuote
FNF:9
FNH:9
FNDA:25,sanitizeQuotes
FNDA:60,(anonymous_1)
FNDA:24,readQuotesFromFile
FNDA:15,getDefaultQuotesPath
FNDA:14,selectRandom
FNDA:12,filterByAuthor
FNDA:45,(anonymous_6)
FNDA:3,formatQuote
FNDA:15,getRandomQuote
DA:1,2
DA:2,2
DA:5,25
DA:6,21
DA:7,60
DA:12,24
DA:13,21
DA:14,21
DA:15,21
DA:16,18
DA:20,15
DA:24,14
DA:25,14
DA:29,12
DA:30,9
DA:31,9
DA:32,8
DA:33,45
DA:38,3
DA:42,15
DA:44,15
DA:45,15
DA:47,2
DA:49,13
DA:50,5
DA:52,8
DA:53,8
DA:54,2
DA:55,2
DA:56,1
DA:59,7
DA:60,7
DA:63,2
LF:33
LH:33
BRDA:5,0,0,4
BRDA:5,0,1,21
BRDA:7,1,0,60
BRDA:7,1,1,55
BRDA:7,1,2,49
BRDA:7,1,3,44
BRDA:7,1,4,42
BRDA:12,2,0,3
BRDA:12,2,1,21
BRDA:14,3,0,2
BRDA:14,3,1,19
BRDA:15,4,0,21
BRDA:15,4,1,2
BRDA:29,5,0,3
BRDA:29,5,1,9
BRDA:31,6,0,1
BRDA:31,6,1,8
BRDA:33,7,0,45
BRDA:33,7,1,45
BRDA:33,7,2,42
BRDA:41,8,0,5
BRDA:41,9,0,10
BRDA:42,10,0,15
BRDA:42,10,1,14
BRDA:49,11,0,5
BRDA:49,11,1,8
BRDA:49,12,0,13
BRDA:49,12,1,13
BRDA:53,13,0,2
BRDA:53,13,1,6
BRDA:55,14,0,1
BRDA:55,14,1,1
BRF:32
BRH:32
end_of_record
TN:
SF:src/index.js
FN:7,selectRandom
FN:10,(anonymous_1)
FN:21,filterQuotesByAuthor
FN:24,(anonymous_3)
FN:29,parseArgs
FN:40,printHelp
FN:44,run
FN:58,(anonymous_7)
FNF:8
FNH:3
FNDA:0,selectRandom
FNDA:0,(anonymous_1)
FNDA:7,filterQuotesByAuthor
FNDA:22,(anonymous_3)
FNDA:9,parseArgs
FNDA:0,printHelp
FNDA:0,run
FNDA:0,(anonymous_7)
DA:3,2
DA:4,2
DA:5,2
DA:8,0
DA:10,0
DA:11,0
DA:12,0
DA:14,0
DA:15,0
DA:17,0
DA:18,0
DA:22,7
DA:23,4
DA:24,4
DA:25,22
DA:30,9
DA:31,9
DA:32,12
DA:33,12
DA:34,11
DA:35,6
DA:37,9
DA:41,0
DA:45,0
DA:46,0
DA:47,0
DA:49,0
DA:50,0
DA:51,0
DA:52,0
DA:53,0
DA:55,0
DA:56,0
DA:57,0
DA:58,0
DA:60,0
DA:61,0
DA:64,0
DA:67,0
DA:68,0
DA:69,0
DA:70,0
DA:71,0
DA:75,0
DA:76,0
DA:77,0
DA:79,0
DA:83,2
DA:84,0
DA:87,2
LF:50
LH:16
BRDA:7,0,0,0
BRDA:8,1,0,0
BRDA:8,1,1,0
BRDA:22,2,0,3
BRDA:22,2,1,4
BRDA:25,3,0,22
BRDA:25,3,1,22
BRDA:25,3,2,20
BRDA:33,4,0,1
BRDA:33,4,1,11
BRDA:33,5,0,12
BRDA:33,5,1,2
BRDA:34,6,0,5
BRDA:34,6,1,6
BRDA:35,7,0,4
BRDA:35,7,1,2
BRDA:35,8,0,6
BRDA:35,8,1,4
BRDA:44,9,0,0
BRDA:47,10,0,0
BRDA:47,10,1,0
BRDA:52,11,0,0
BRDA:52,11,1,0
BRDA:56,12,0,0
BRDA:56,12,1,0
BRDA:57,13,0,0
BRDA:57,13,1,0
BRDA:58,14,0,0
BRDA:58,14,1,0
BRDA:58,14,2,0
BRDA:58,14,3,0
BRDA:58,14,4,0
BRDA:60,15,0,0
BRDA:60,15,1,0
BRDA:68,16,0,0
BRDA:68,16,1,0
BRDA:70,17,0,0
BRDA:70,17,1,0
BRDA:79,18,0,0
BRDA:79,18,1,0
BRDA:79,19,0,0
BRDA:79,19,1,0
BRDA:83,20,0,0
BRDA:83,20,1,2
BRF:44
BRH:16
end_of_record
