TN:
SF:src\index.js
FN:6,selectRandom
FN:11,filterQuotesByAuthor
FN:14,(anonymous_2)
FN:19,parseArgs
FN:30,printHelp
FN:34,run
FN:49,(anonymous_6)
FNF:7
FNH:7
FNDA:3,selectRandom
FNDA:9,filterQuotesByAuthor
FNDA:52,(anonymous_2)
FNDA:14,parseArgs
FNDA:1,printHelp
FNDA:9,run
FNDA:62,(anonymous_6)
DA:3,3
DA:4,3
DA:7,3
DA:8,3
DA:12,9
DA:13,6
DA:14,6
DA:15,52
DA:20,14
DA:21,14
DA:22,9
DA:23,9
DA:24,8
DA:25,4
DA:27,14
DA:31,1
DA:35,9
DA:36,9
DA:37,9
DA:39,8
DA:40,8
DA:41,8
DA:42,8
DA:43,1
DA:44,1
DA:46,7
DA:47,7
DA:48,6
DA:49,62
DA:51,6
DA:52,2
DA:53,2
DA:56,1
DA:57,1
DA:60,4
DA:61,4
DA:62,2
DA:63,2
DA:64,1
DA:65,1
DA:69,3
DA:70,3
DA:71,2
DA:73,1
DA:74,1
DA:78,3
DA:79,0
DA:80,0
DA:83,3
LF:49
LH:47
BRDA:12,0,0,3
BRDA:12,0,1,6
BRDA:15,1,0,52
BRDA:15,1,1,52
BRDA:15,1,2,50
BRDA:23,2,0,1
BRDA:23,2,1,8
BRDA:23,3,0,9
BRDA:23,3,1,1
BRDA:24,4,0,4
BRDA:24,4,1,4
BRDA:25,5,0,3
BRDA:25,5,1,1
BRDA:25,6,0,4
BRDA:25,6,1,3
BRDA:34,7,0,0
BRDA:37,8,0,1
BRDA:37,8,1,8
BRDA:42,9,0,1
BRDA:42,9,1,7
BRDA:47,10,0,7
BRDA:47,10,1,0
BRDA:48,11,0,6
BRDA:48,11,1,0
BRDA:49,12,0,62
BRDA:49,12,1,61
BRDA:49,12,2,61
BRDA:49,12,3,60
BRDA:49,12,4,60
BRDA:51,13,0,2
BRDA:51,13,1,4
BRDA:61,14,0,2
BRDA:61,14,1,2
BRDA:63,15,0,1
BRDA:63,15,1,1
BRDA:73,16,0,1
BRDA:73,16,1,0
BRDA:73,17,0,1
BRDA:73,17,1,1
BRDA:78,18,0,0
BRDA:78,18,1,3
BRF:41
BRH:36
end_of_record
