{"C:\\Users\\LENOVO\\Training\\stopwatch\\src\\index.js": {"path":"C:\\Users\\LENOVO\\Training\\stopwatch\\src\\index.js","statementMap":{"0":{"start":{"line":1,"column":11},"end":{"line":1,"column":24}},"1":{"start":{"line":2,"column":13},"end":{"line":2,"column":28}},"2":{"start":{"line":4,"column":19},"end":{"line":4,"column":72}},"3":{"start":{"line":7,"column":2},"end":{"line":19,"column":3}},"4":{"start":{"line":8,"column":4},"end":{"line":8,"column":107}},"5":{"start":{"line":8,"column":36},"end":{"line":8,"column":107}},"6":{"start":{"line":9,"column":16},"end":{"line":9,"column":58}},"7":{"start":{"line":10,"column":4},"end":{"line":10,"column":85}},"8":{"start":{"line":10,"column":14},"end":{"line":10,"column":85}},"9":{"start":{"line":11,"column":19},"end":{"line":11,"column":34}},"10":{"start":{"line":12,"column":24},"end":{"line":12,"column":55}},"11":{"start":{"line":13,"column":17},"end":{"line":13,"column":62}},"12":{"start":{"line":14,"column":22},"end":{"line":14,"column":84}},"13":{"start":{"line":15,"column":22},"end":{"line":15,"column":47}},"14":{"start":{"line":16,"column":4},"end":{"line":16,"column":55}},"15":{"start":{"line":18,"column":4},"end":{"line":18,"column":75}},"16":{"start":{"line":23,"column":18},"end":{"line":28,"column":3}},"17":{"start":{"line":29,"column":2},"end":{"line":29,"column":80}},"18":{"start":{"line":33,"column":2},"end":{"line":33,"column":42}},"19":{"start":{"line":37,"column":2},"end":{"line":37,"column":45}},"20":{"start":{"line":37,"column":38},"end":{"line":37,"column":45}},"21":{"start":{"line":38,"column":2},"end":{"line":38,"column":22}},"22":{"start":{"line":39,"column":16},"end":{"line":39,"column":40}},"23":{"start":{"line":40,"column":2},"end":{"line":40,"column":24}},"24":{"start":{"line":41,"column":18},"end":{"line":41,"column":40}},"25":{"start":{"line":42,"column":2},"end":{"line":42,"column":24}},"26":{"start":{"line":43,"column":18},"end":{"line":43,"column":39}},"27":{"start":{"line":44,"column":17},"end":{"line":44,"column":36}},"28":{"start":{"line":45,"column":2},"end":{"line":45,"column":84}},"29":{"start":{"line":49,"column":12},"end":{"line":49,"column":16}},"30":{"start":{"line":50,"column":2},"end":{"line":57,"column":3}},"31":{"start":{"line":50,"column":15},"end":{"line":50,"column":16}},"32":{"start":{"line":51,"column":18},"end":{"line":51,"column":25}},"33":{"start":{"line":52,"column":4},"end":{"line":56,"column":5}},"34":{"start":{"line":53,"column":6},"end":{"line":53,"column":41}},"35":{"start":{"line":54,"column":11},"end":{"line":56,"column":5}},"36":{"start":{"line":55,"column":6},"end":{"line":55,"column":22}},"37":{"start":{"line":58,"column":2},"end":{"line":58,"column":17}},"38":{"start":{"line":62,"column":15},"end":{"line":62,"column":36}},"39":{"start":{"line":63,"column":18},"end":{"line":63,"column":39}},"40":{"start":{"line":65,"column":2},"end":{"line":69,"column":3}},"41":{"start":{"line":66,"column":4},"end":{"line":66,"column":58}},"42":{"start":{"line":67,"column":4},"end":{"line":67,"column":25}},"43":{"start":{"line":68,"column":4},"end":{"line":68,"column":11}},"44":{"start":{"line":71,"column":32},"end":{"line":71,"column":43}},"45":{"start":{"line":72,"column":2},"end":{"line":75,"column":3}},"46":{"start":{"line":73,"column":4},"end":{"line":73,"column":37}},"47":{"start":{"line":74,"column":4},"end":{"line":74,"column":11}},"48":{"start":{"line":77,"column":16},"end":{"line":77,"column":18}},"49":{"start":{"line":78,"column":2},"end":{"line":78,"column":54}},"50":{"start":{"line":80,"column":2},"end":{"line":97,"column":3}},"51":{"start":{"line":81,"column":16},"end":{"line":81,"column":17}},"52":{"start":{"line":82,"column":4},"end":{"line":96,"column":5}},"53":{"start":{"line":83,"column":15},"end":{"line":83,"column":19}},"54":{"start":{"line":84,"column":6},"end":{"line":91,"column":7}},"55":{"start":{"line":85,"column":8},"end":{"line":85,"column":17}},"56":{"start":{"line":86,"column":13},"end":{"line":91,"column":7}},"57":{"start":{"line":87,"column":27},"end":{"line":87,"column":68}},"58":{"start":{"line":88,"column":8},"end":{"line":90,"column":9}},"59":{"start":{"line":89,"column":10},"end":{"line":89,"column":55}},"60":{"start":{"line":89,"column":39},"end":{"line":89,"column":46}},"61":{"start":{"line":89,"column":47},"end":{"line":89,"column":53}},"62":{"start":{"line":92,"column":6},"end":{"line":95,"column":7}},"63":{"start":{"line":93,"column":8},"end":{"line":93,"column":58}},"64":{"start":{"line":94,"column":8},"end":{"line":94,"column":16}},"65":{"start":{"line":99,"column":18},"end":{"line":99,"column":50}},"66":{"start":{"line":100,"column":2},"end":{"line":106,"column":3}},"67":{"start":{"line":101,"column":4},"end":{"line":101,"column":63}},"68":{"start":{"line":102,"column":4},"end":{"line":102,"column":59}},"69":{"start":{"line":104,"column":4},"end":{"line":104,"column":68}},"70":{"start":{"line":105,"column":4},"end":{"line":105,"column":25}},"71":{"start":{"line":109,"column":0},"end":{"line":111,"column":1}},"72":{"start":{"line":110,"column":2},"end":{"line":110,"column":17}},"73":{"start":{"line":114,"column":54},"end":{"line":114,"column":65}},"74":{"start":{"line":115,"column":21},"end":{"line":115,"column":67}},"75":{"start":{"line":116,"column":2},"end":{"line":120,"column":3}},"76":{"start":{"line":117,"column":4},"end":{"line":117,"column":60}},"77":{"start":{"line":118,"column":4},"end":{"line":118,"column":25}},"78":{"start":{"line":119,"column":4},"end":{"line":119,"column":11}},"79":{"start":{"line":122,"column":25},"end":{"line":122,"column":78}},"80":{"start":{"line":123,"column":24},"end":{"line":131,"column":7}},"81":{"start":{"line":125,"column":8},"end":{"line":125,"column":54}},"82":{"start":{"line":125,"column":37},"end":{"line":125,"column":54}},"83":{"start":{"line":126,"column":8},"end":{"line":126,"column":106}},"84":{"start":{"line":126,"column":80},"end":{"line":126,"column":106}},"85":{"start":{"line":127,"column":8},"end":{"line":127,"column":98}},"86":{"start":{"line":127,"column":76},"end":{"line":127,"column":98}},"87":{"start":{"line":128,"column":8},"end":{"line":128,"column":112}},"88":{"start":{"line":128,"column":83},"end":{"line":128,"column":112}},"89":{"start":{"line":129,"column":8},"end":{"line":129,"column":19}},"90":{"start":{"line":133,"column":20},"end":{"line":133,"column":50}},"91":{"start":{"line":134,"column":2},"end":{"line":134,"column":72}},"92":{"start":{"line":134,"column":56},"end":{"line":134,"column":72}},"93":{"start":{"line":136,"column":18},"end":{"line":136,"column":57}},"94":{"start":{"line":137,"column":2},"end":{"line":137,"column":28}},"95":{"start":{"line":138,"column":2},"end":{"line":138,"column":72}},"96":{"start":{"line":139,"column":2},"end":{"line":139,"column":71}},"97":{"start":{"line":142,"column":0},"end":{"line":144,"column":1}},"98":{"start":{"line":143,"column":2},"end":{"line":143,"column":14}},"99":{"start":{"line":147,"column":2},"end":{"line":153,"column":3}},"100":{"start":{"line":148,"column":4},"end":{"line":148,"column":79}},"101":{"start":{"line":149,"column":4},"end":{"line":149,"column":42}},"102":{"start":{"line":151,"column":4},"end":{"line":151,"column":72}},"103":{"start":{"line":152,"column":4},"end":{"line":152,"column":25}},"104":{"start":{"line":156,"column":0},"end":{"line":158,"column":1}},"105":{"start":{"line":157,"column":2},"end":{"line":157,"column":16}}},"fnMap":{"0":{"name":"loadState","decl":{"start":{"line":6,"column":9},"end":{"line":6,"column":18}},"loc":{"start":{"line":6,"column":21},"end":{"line":20,"column":1}},"line":6},"1":{"name":"saveState","decl":{"start":{"line":22,"column":9},"end":{"line":22,"column":18}},"loc":{"start":{"line":22,"column":26},"end":{"line":30,"column":1}},"line":22},"2":{"name":"pad","decl":{"start":{"line":32,"column":9},"end":{"line":32,"column":12}},"loc":{"start":{"line":32,"column":25},"end":{"line":34,"column":1}},"line":32},"3":{"name":"formatDuration","decl":{"start":{"line":36,"column":9},"end":{"line":36,"column":23}},"loc":{"start":{"line":36,"column":28},"end":{"line":46,"column":1}},"line":36},"4":{"name":"parseExportArgs","decl":{"start":{"line":48,"column":9},"end":{"line":48,"column":24}},"loc":{"start":{"line":48,"column":31},"end":{"line":59,"column":1}},"line":48},"5":{"name":"handleExport","decl":{"start":{"line":61,"column":9},"end":{"line":61,"column":21}},"loc":{"start":{"line":61,"column":24},"end":{"line":107,"column":1}},"line":61},"6":{"name":"handleLap","decl":{"start":{"line":113,"column":9},"end":{"line":113,"column":18}},"loc":{"start":{"line":113,"column":21},"end":{"line":140,"column":1}},"line":113},"7":{"name":"(anonymous_7)","decl":{"start":{"line":124,"column":18},"end":{"line":124,"column":19}},"loc":{"start":{"line":124,"column":32},"end":{"line":130,"column":7}},"line":124},"8":{"name":"handleReset","decl":{"start":{"line":146,"column":9},"end":{"line":146,"column":20}},"loc":{"start":{"line":146,"column":23},"end":{"line":154,"column":1}},"line":146}},"branchMap":{"0":{"loc":{"start":{"line":8,"column":4},"end":{"line":8,"column":107}},"type":"if","locations":[{"start":{"line":8,"column":4},"end":{"line":8,"column":107}},{"start":{},"end":{}}],"line":8},"1":{"loc":{"start":{"line":10,"column":4},"end":{"line":10,"column":85}},"type":"if","locations":[{"start":{"line":10,"column":4},"end":{"line":10,"column":85}},{"start":{},"end":{}}],"line":10},"2":{"loc":{"start":{"line":12,"column":24},"end":{"line":12,"column":55}},"type":"binary-expr","locations":[{"start":{"line":12,"column":24},"end":{"line":12,"column":50}},{"start":{"line":12,"column":54},"end":{"line":12,"column":55}}],"line":12},"3":{"loc":{"start":{"line":13,"column":17},"end":{"line":13,"column":62}},"type":"cond-expr","locations":[{"start":{"line":13,"column":46},"end":{"line":13,"column":57}},{"start":{"line":13,"column":60},"end":{"line":13,"column":62}}],"line":13},"4":{"loc":{"start":{"line":14,"column":22},"end":{"line":14,"column":84}},"type":"cond-expr","locations":[{"start":{"line":14,"column":61},"end":{"line":14,"column":77}},{"start":{"line":14,"column":80},"end":{"line":14,"column":84}}],"line":14},"5":{"loc":{"start":{"line":24,"column":15},"end":{"line":24,"column":75}},"type":"cond-expr","locations":[{"start":{"line":24,"column":53},"end":{"line":24,"column":68}},{"start":{"line":24,"column":71},"end":{"line":24,"column":75}}],"line":24},"6":{"loc":{"start":{"line":26,"column":17},"end":{"line":26,"column":47}},"type":"binary-expr","locations":[{"start":{"line":26,"column":17},"end":{"line":26,"column":42}},{"start":{"line":26,"column":46},"end":{"line":26,"column":47}}],"line":26},"7":{"loc":{"start":{"line":27,"column":10},"end":{"line":27,"column":53}},"type":"cond-expr","locations":[{"start":{"line":27,"column":38},"end":{"line":27,"column":48}},{"start":{"line":27,"column":51},"end":{"line":27,"column":53}}],"line":27},"8":{"loc":{"start":{"line":37,"column":2},"end":{"line":37,"column":45}},"type":"if","locations":[{"start":{"line":37,"column":2},"end":{"line":37,"column":45}},{"start":{},"end":{}}],"line":37},"9":{"loc":{"start":{"line":37,"column":6},"end":{"line":37,"column":36}},"type":"binary-expr","locations":[{"start":{"line":37,"column":6},"end":{"line":37,"column":26}},{"start":{"line":37,"column":30},"end":{"line":37,"column":36}}],"line":37},"10":{"loc":{"start":{"line":52,"column":4},"end":{"line":56,"column":5}},"type":"if","locations":[{"start":{"line":52,"column":4},"end":{"line":56,"column":5}},{"start":{"line":54,"column":11},"end":{"line":56,"column":5}}],"line":52},"11":{"loc":{"start":{"line":54,"column":11},"end":{"line":56,"column":5}},"type":"if","locations":[{"start":{"line":54,"column":11},"end":{"line":56,"column":5}},{"start":{},"end":{}}],"line":54},"12":{"loc":{"start":{"line":65,"column":2},"end":{"line":69,"column":3}},"type":"if","locations":[{"start":{"line":65,"column":2},"end":{"line":69,"column":3}},{"start":{},"end":{}}],"line":65},"13":{"loc":{"start":{"line":65,"column":6},"end":{"line":65,"column":31}},"type":"binary-expr","locations":[{"start":{"line":65,"column":6},"end":{"line":65,"column":10}},{"start":{"line":65,"column":14},"end":{"line":65,"column":31}}],"line":65},"14":{"loc":{"start":{"line":72,"column":2},"end":{"line":75,"column":3}},"type":"if","locations":[{"start":{"line":72,"column":2},"end":{"line":75,"column":3}},{"start":{},"end":{}}],"line":72},"15":{"loc":{"start":{"line":72,"column":6},"end":{"line":72,"column":47}},"type":"binary-expr","locations":[{"start":{"line":72,"column":6},"end":{"line":72,"column":26}},{"start":{"line":72,"column":30},"end":{"line":72,"column":47}}],"line":72},"16":{"loc":{"start":{"line":80,"column":2},"end":{"line":97,"column":3}},"type":"if","locations":[{"start":{"line":80,"column":2},"end":{"line":97,"column":3}},{"start":{},"end":{}}],"line":80},"17":{"loc":{"start":{"line":80,"column":6},"end":{"line":80,"column":44}},"type":"binary-expr","locations":[{"start":{"line":80,"column":6},"end":{"line":80,"column":25}},{"start":{"line":80,"column":29},"end":{"line":80,"column":44}}],"line":80},"18":{"loc":{"start":{"line":84,"column":6},"end":{"line":91,"column":7}},"type":"if","locations":[{"start":{"line":84,"column":6},"end":{"line":91,"column":7}},{"start":{"line":86,"column":13},"end":{"line":91,"column":7}}],"line":84},"19":{"loc":{"start":{"line":86,"column":13},"end":{"line":91,"column":7}},"type":"if","locations":[{"start":{"line":86,"column":13},"end":{"line":91,"column":7}},{"start":{},"end":{}}],"line":86},"20":{"loc":{"start":{"line":86,"column":17},"end":{"line":86,"column":47}},"type":"binary-expr","locations":[{"start":{"line":86,"column":17},"end":{"line":86,"column":20}},{"start":{"line":86,"column":24},"end":{"line":86,"column":47}}],"line":86},"21":{"loc":{"start":{"line":89,"column":10},"end":{"line":89,"column":55}},"type":"if","locations":[{"start":{"line":89,"column":10},"end":{"line":89,"column":55}},{"start":{},"end":{}}],"line":89},"22":{"loc":{"start":{"line":92,"column":6},"end":{"line":95,"column":7}},"type":"if","locations":[{"start":{"line":92,"column":6},"end":{"line":95,"column":7}},{"start":{},"end":{}}],"line":92},"23":{"loc":{"start":{"line":109,"column":0},"end":{"line":111,"column":1}},"type":"if","locations":[{"start":{"line":109,"column":0},"end":{"line":111,"column":1}},{"start":{},"end":{}}],"line":109},"24":{"loc":{"start":{"line":115,"column":21},"end":{"line":115,"column":67}},"type":"binary-expr","locations":[{"start":{"line":115,"column":21},"end":{"line":115,"column":50}},{"start":{"line":115,"column":54},"end":{"line":115,"column":67}}],"line":115},"25":{"loc":{"start":{"line":116,"column":2},"end":{"line":120,"column":3}},"type":"if","locations":[{"start":{"line":116,"column":2},"end":{"line":120,"column":3}},{"start":{},"end":{}}],"line":116},"26":{"loc":{"start":{"line":116,"column":6},"end":{"line":116,"column":31}},"type":"binary-expr","locations":[{"start":{"line":116,"column":6},"end":{"line":116,"column":17}},{"start":{"line":116,"column":21},"end":{"line":116,"column":31}}],"line":116},"27":{"loc":{"start":{"line":122,"column":53},"end":{"line":122,"column":77}},"type":"binary-expr","locations":[{"start":{"line":122,"column":53},"end":{"line":122,"column":72}},{"start":{"line":122,"column":76},"end":{"line":122,"column":77}}],"line":122},"28":{"loc":{"start":{"line":123,"column":24},"end":{"line":131,"column":7}},"type":"cond-expr","locations":[{"start":{"line":124,"column":6},"end":{"line":130,"column":11}},{"start":{"line":131,"column":6},"end":{"line":131,"column":7}}],"line":123},"29":{"loc":{"start":{"line":125,"column":8},"end":{"line":125,"column":54}},"type":"if","locations":[{"start":{"line":125,"column":8},"end":{"line":125,"column":54}},{"start":{},"end":{}}],"line":125},"30":{"loc":{"start":{"line":126,"column":8},"end":{"line":126,"column":106}},"type":"if","locations":[{"start":{"line":126,"column":8},"end":{"line":126,"column":106}},{"start":{},"end":{}}],"line":126},"31":{"loc":{"start":{"line":126,"column":12},"end":{"line":126,"column":78}},"type":"binary-expr","locations":[{"start":{"line":126,"column":12},"end":{"line":126,"column":15}},{"start":{"line":126,"column":19},"end":{"line":126,"column":42}},{"start":{"line":126,"column":46},"end":{"line":126,"column":78}}],"line":126},"32":{"loc":{"start":{"line":127,"column":8},"end":{"line":127,"column":98}},"type":"if","locations":[{"start":{"line":127,"column":8},"end":{"line":127,"column":98}},{"start":{},"end":{}}],"line":127},"33":{"loc":{"start":{"line":127,"column":12},"end":{"line":127,"column":74}},"type":"binary-expr","locations":[{"start":{"line":127,"column":12},"end":{"line":127,"column":15}},{"start":{"line":127,"column":19},"end":{"line":127,"column":42}},{"start":{"line":127,"column":46},"end":{"line":127,"column":74}}],"line":127},"34":{"loc":{"start":{"line":128,"column":8},"end":{"line":128,"column":112}},"type":"if","locations":[{"start":{"line":128,"column":8},"end":{"line":128,"column":112}},{"start":{},"end":{}}],"line":128},"35":{"loc":{"start":{"line":128,"column":12},"end":{"line":128,"column":81}},"type":"binary-expr","locations":[{"start":{"line":128,"column":12},"end":{"line":128,"column":15}},{"start":{"line":128,"column":19},"end":{"line":128,"column":42}},{"start":{"line":128,"column":46},"end":{"line":128,"column":81}}],"line":128},"36":{"loc":{"start":{"line":134,"column":2},"end":{"line":134,"column":72}},"type":"if","locations":[{"start":{"line":134,"column":2},"end":{"line":134,"column":72}},{"start":{},"end":{}}],"line":134},"37":{"loc":{"start":{"line":134,"column":6},"end":{"line":134,"column":54}},"type":"binary-expr","locations":[{"start":{"line":134,"column":6},"end":{"line":134,"column":35}},{"start":{"line":134,"column":39},"end":{"line":134,"column":54}}],"line":134},"38":{"loc":{"start":{"line":136,"column":18},"end":{"line":136,"column":57}},"type":"cond-expr","locations":[{"start":{"line":136,"column":40},"end":{"line":136,"column":52}},{"start":{"line":136,"column":55},"end":{"line":136,"column":57}}],"line":136},"39":{"loc":{"start":{"line":142,"column":0},"end":{"line":144,"column":1}},"type":"if","locations":[{"start":{"line":142,"column":0},"end":{"line":144,"column":1}},{"start":{},"end":{}}],"line":142},"40":{"loc":{"start":{"line":156,"column":0},"end":{"line":158,"column":1}},"type":"if","locations":[{"start":{"line":156,"column":0},"end":{"line":158,"column":1}},{"start":{},"end":{}}],"line":156}},"s":{"0":0,"1":0,"2":0,"3":0,"4":0,"5":0,"6":0,"7":0,"8":0,"9":0,"10":0,"11":0,"12":0,"13":0,"14":0,"15":0,"16":0,"17":0,"18":0,"19":0,"20":0,"21":0,"22":0,"23":0,"24":0,"25":0,"26":0,"27":0,"28":0,"29":0,"30":0,"31":0,"32":0,"33":0,"34":0,"35":0,"36":0,"37":0,"38":0,"39":0,"40":0,"41":0,"42":0,"43":0,"44":0,"45":0,"46":0,"47":0,"48":0,"49":0,"50":0,"51":0,"52":0,"53":0,"54":0,"55":0,"56":0,"57":0,"58":0,"59":0,"60":0,"61":0,"62":0,"63":0,"64":0,"65":0,"66":0,"67":0,"68":0,"69":0,"70":0,"71":0,"72":0,"73":0,"74":0,"75":0,"76":0,"77":0,"78":0,"79":0,"80":0,"81":0,"82":0,"83":0,"84":0,"85":0,"86":0,"87":0,"88":0,"89":0,"90":0,"91":0,"92":0,"93":0,"94":0,"95":0,"96":0,"97":0,"98":0,"99":0,"100":0,"101":0,"102":0,"103":0,"104":0,"105":0},"f":{"0":0,"1":0,"2":0,"3":0,"4":0,"5":0,"6":0,"7":0,"8":0},"b":{"0":[0,0],"1":[0,0],"2":[0,0],"3":[0,0],"4":[0,0],"5":[0,0],"6":[0,0],"7":[0,0],"8":[0,0],"9":[0,0],"10":[0,0],"11":[0,0],"12":[0,0],"13":[0,0],"14":[0,0],"15":[0,0],"16":[0,0],"17":[0,0],"18":[0,0],"19":[0,0],"20":[0,0],"21":[0,0],"22":[0,0],"23":[0,0],"24":[0,0],"25":[0,0],"26":[0,0],"27":[0,0],"28":[0,0],"29":[0,0],"30":[0,0],"31":[0,0,0],"32":[0,0],"33":[0,0,0],"34":[0,0],"35":[0,0,0],"36":[0,0],"37":[0,0],"38":[0,0],"39":[0,0],"40":[0,0]},"inputSourceMap":null}
}
