{"C:\\Users\\LENOVO\\Training\\stopwatch\\src\\exporter.js": {"path":"C:\\Users\\LENOVO\\Training\\stopwatch\\src\\exporter.js","statementMap":{"0":{"start":{"line":2,"column":2},"end":{"line":2,"column":42}},"1":{"start":{"line":6,"column":2},"end":{"line":6,"column":45}},"2":{"start":{"line":6,"column":38},"end":{"line":6,"column":45}},"3":{"start":{"line":7,"column":2},"end":{"line":7,"column":22}},"4":{"start":{"line":8,"column":16},"end":{"line":8,"column":40}},"5":{"start":{"line":9,"column":2},"end":{"line":9,"column":24}},"6":{"start":{"line":10,"column":18},"end":{"line":10,"column":40}},"7":{"start":{"line":11,"column":2},"end":{"line":11,"column":24}},"8":{"start":{"line":12,"column":18},"end":{"line":12,"column":39}},"9":{"start":{"line":13,"column":17},"end":{"line":13,"column":36}},"10":{"start":{"line":14,"column":2},"end":{"line":14,"column":84}},"11":{"start":{"line":18,"column":2},"end":{"line":18,"column":59}},"12":{"start":{"line":18,"column":49},"end":{"line":18,"column":59}},"13":{"start":{"line":19,"column":16},"end":{"line":19,"column":18}},"14":{"start":{"line":20,"column":2},"end":{"line":20,"column":67}},"15":{"start":{"line":21,"column":14},"end":{"line":21,"column":15}},"16":{"start":{"line":22,"column":2},"end":{"line":36,"column":3}},"17":{"start":{"line":23,"column":13},"end":{"line":23,"column":17}},"18":{"start":{"line":24,"column":4},"end":{"line":31,"column":5}},"19":{"start":{"line":25,"column":6},"end":{"line":25,"column":15}},"20":{"start":{"line":26,"column":11},"end":{"line":31,"column":5}},"21":{"start":{"line":27,"column":25},"end":{"line":27,"column":66}},"22":{"start":{"line":28,"column":6},"end":{"line":30,"column":7}},"23":{"start":{"line":29,"column":8},"end":{"line":29,"column":53}},"24":{"start":{"line":29,"column":37},"end":{"line":29,"column":44}},"25":{"start":{"line":29,"column":45},"end":{"line":29,"column":51}},"26":{"start":{"line":32,"column":4},"end":{"line":35,"column":5}},"27":{"start":{"line":33,"column":6},"end":{"line":33,"column":56}},"28":{"start":{"line":34,"column":6},"end":{"line":34,"column":14}},"29":{"start":{"line":37,"column":2},"end":{"line":37,"column":15}},"30":{"start":{"line":40,"column":0},"end":{"line":40,"column":54}}},"fnMap":{"0":{"name":"pad","decl":{"start":{"line":1,"column":9},"end":{"line":1,"column":12}},"loc":{"start":{"line":1,"column":25},"end":{"line":3,"column":1}},"line":1},"1":{"name":"formatDuration","decl":{"start":{"line":5,"column":9},"end":{"line":5,"column":23}},"loc":{"start":{"line":5,"column":28},"end":{"line":15,"column":1}},"line":5},"2":{"name":"buildExportLines","decl":{"start":{"line":17,"column":9},"end":{"line":17,"column":25}},"loc":{"start":{"line":17,"column":45},"end":{"line":38,"column":1}},"line":17}},"branchMap":{"0":{"loc":{"start":{"line":6,"column":2},"end":{"line":6,"column":45}},"type":"if","locations":[{"start":{"line":6,"column":2},"end":{"line":6,"column":45}},{"start":{},"end":{}}],"line":6},"1":{"loc":{"start":{"line":6,"column":6},"end":{"line":6,"column":36}},"type":"binary-expr","locations":[{"start":{"line":6,"column":6},"end":{"line":6,"column":26}},{"start":{"line":6,"column":30},"end":{"line":6,"column":36}}],"line":6},"2":{"loc":{"start":{"line":18,"column":2},"end":{"line":18,"column":59}},"type":"if","locations":[{"start":{"line":18,"column":2},"end":{"line":18,"column":59}},{"start":{},"end":{}}],"line":18},"3":{"loc":{"start":{"line":18,"column":6},"end":{"line":18,"column":47}},"type":"binary-expr","locations":[{"start":{"line":18,"column":6},"end":{"line":18,"column":26}},{"start":{"line":18,"column":30},"end":{"line":18,"column":47}}],"line":18},"4":{"loc":{"start":{"line":20,"column":38},"end":{"line":20,"column":62}},"type":"binary-expr","locations":[{"start":{"line":20,"column":38},"end":{"line":20,"column":57}},{"start":{"line":20,"column":61},"end":{"line":20,"column":62}}],"line":20},"5":{"loc":{"start":{"line":24,"column":4},"end":{"line":31,"column":5}},"type":"if","locations":[{"start":{"line":24,"column":4},"end":{"line":31,"column":5}},{"start":{"line":26,"column":11},"end":{"line":31,"column":5}}],"line":24},"6":{"loc":{"start":{"line":26,"column":11},"end":{"line":31,"column":5}},"type":"if","locations":[{"start":{"line":26,"column":11},"end":{"line":31,"column":5}},{"start":{},"end":{}}],"line":26},"7":{"loc":{"start":{"line":26,"column":15},"end":{"line":26,"column":45}},"type":"binary-expr","locations":[{"start":{"line":26,"column":15},"end":{"line":26,"column":18}},{"start":{"line":26,"column":22},"end":{"line":26,"column":45}}],"line":26},"8":{"loc":{"start":{"line":29,"column":8},"end":{"line":29,"column":53}},"type":"if","locations":[{"start":{"line":29,"column":8},"end":{"line":29,"column":53}},{"start":{},"end":{}}],"line":29},"9":{"loc":{"start":{"line":32,"column":4},"end":{"line":35,"column":5}},"type":"if","locations":[{"start":{"line":32,"column":4},"end":{"line":35,"column":5}},{"start":{},"end":{}}],"line":32}},"s":{"0":112,"1":28,"2":3,"3":28,"4":28,"5":28,"6":28,"7":28,"8":28,"9":28,"10":28,"11":9,"12":3,"13":6,"14":6,"15":6,"16":6,"17":17,"18":17,"19":10,"20":7,"21":6,"22":6,"23":15,"24":3,"25":3,"26":17,"27":13,"28":13,"29":6,"30":2},"f":{"0":112,"1":28,"2":9},"b":{"0":[3,25],"1":[28,26],"2":[3,6],"3":[9,8],"4":[6,0],"5":[10,7],"6":[6,1],"7":[7,6],"8":[3,12],"9":[13,4]},"inputSourceMap":null,"_coverageSchema":"1a1c01bbd47fc00a2c39e90264f33305004495a9","hash":"ad311431590664059c9b4bb0cd9c6f47aebd5e64"}
,"C:\\Users\\LENOVO\\Training\\stopwatch\\src\\index.js": {"path":"C:\\Users\\LENOVO\\Training\\stopwatch\\src\\index.js","statementMap":{"0":{"start":{"line":1,"column":11},"end":{"line":1,"column":24}},"1":{"start":{"line":2,"column":13},"end":{"line":2,"column":28}},"2":{"start":{"line":4,"column":19},"end":{"line":4,"column":72}},"3":{"start":{"line":5,"column":29},"end":{"line":5,"column":50}},"4":{"start":{"line":8,"column":2},"end":{"line":20,"column":3}},"5":{"start":{"line":9,"column":4},"end":{"line":9,"column":107}},"6":{"start":{"line":9,"column":36},"end":{"line":9,"column":107}},"7":{"start":{"line":10,"column":16},"end":{"line":10,"column":58}},"8":{"start":{"line":11,"column":4},"end":{"line":11,"column":85}},"9":{"start":{"line":11,"column":14},"end":{"line":11,"column":85}},"10":{"start":{"line":12,"column":19},"end":{"line":12,"column":34}},"11":{"start":{"line":13,"column":24},"end":{"line":13,"column":55}},"12":{"start":{"line":14,"column":17},"end":{"line":14,"column":62}},"13":{"start":{"line":15,"column":22},"end":{"line":15,"column":84}},"14":{"start":{"line":16,"column":22},"end":{"line":16,"column":47}},"15":{"start":{"line":17,"column":4},"end":{"line":17,"column":55}},"16":{"start":{"line":19,"column":4},"end":{"line":19,"column":75}},"17":{"start":{"line":24,"column":18},"end":{"line":29,"column":3}},"18":{"start":{"line":30,"column":2},"end":{"line":30,"column":80}},"19":{"start":{"line":36,"column":12},"end":{"line":36,"column":16}},"20":{"start":{"line":37,"column":2},"end":{"line":44,"column":3}},"21":{"start":{"line":37,"column":15},"end":{"line":37,"column":16}},"22":{"start":{"line":38,"column":18},"end":{"line":38,"column":25}},"23":{"start":{"line":39,"column":4},"end":{"line":43,"column":5}},"24":{"start":{"line":40,"column":6},"end":{"line":40,"column":41}},"25":{"start":{"line":41,"column":11},"end":{"line":43,"column":5}},"26":{"start":{"line":42,"column":6},"end":{"line":42,"column":22}},"27":{"start":{"line":45,"column":2},"end":{"line":45,"column":17}},"28":{"start":{"line":49,"column":15},"end":{"line":49,"column":36}},"29":{"start":{"line":50,"column":18},"end":{"line":50,"column":39}},"30":{"start":{"line":52,"column":2},"end":{"line":56,"column":3}},"31":{"start":{"line":53,"column":4},"end":{"line":53,"column":58}},"32":{"start":{"line":54,"column":4},"end":{"line":54,"column":25}},"33":{"start":{"line":55,"column":4},"end":{"line":55,"column":11}},"34":{"start":{"line":58,"column":32},"end":{"line":58,"column":43}},"35":{"start":{"line":59,"column":16},"end":{"line":59,"column":51}},"36":{"start":{"line":60,"column":2},"end":{"line":63,"column":3}},"37":{"start":{"line":61,"column":4},"end":{"line":61,"column":37}},"38":{"start":{"line":62,"column":4},"end":{"line":62,"column":11}},"39":{"start":{"line":65,"column":18},"end":{"line":65,"column":50}},"40":{"start":{"line":66,"column":2},"end":{"line":72,"column":3}},"41":{"start":{"line":67,"column":4},"end":{"line":67,"column":63}},"42":{"start":{"line":68,"column":4},"end":{"line":68,"column":59}},"43":{"start":{"line":70,"column":4},"end":{"line":70,"column":68}},"44":{"start":{"line":71,"column":4},"end":{"line":71,"column":25}},"45":{"start":{"line":75,"column":0},"end":{"line":77,"column":1}},"46":{"start":{"line":76,"column":2},"end":{"line":76,"column":17}},"47":{"start":{"line":80,"column":54},"end":{"line":80,"column":65}},"48":{"start":{"line":81,"column":21},"end":{"line":81,"column":67}},"49":{"start":{"line":82,"column":2},"end":{"line":86,"column":3}},"50":{"start":{"line":83,"column":4},"end":{"line":83,"column":60}},"51":{"start":{"line":84,"column":4},"end":{"line":84,"column":25}},"52":{"start":{"line":85,"column":4},"end":{"line":85,"column":11}},"53":{"start":{"line":88,"column":25},"end":{"line":88,"column":78}},"54":{"start":{"line":89,"column":24},"end":{"line":97,"column":7}},"55":{"start":{"line":91,"column":8},"end":{"line":91,"column":54}},"56":{"start":{"line":91,"column":37},"end":{"line":91,"column":54}},"57":{"start":{"line":92,"column":8},"end":{"line":92,"column":106}},"58":{"start":{"line":92,"column":80},"end":{"line":92,"column":106}},"59":{"start":{"line":93,"column":8},"end":{"line":93,"column":98}},"60":{"start":{"line":93,"column":76},"end":{"line":93,"column":98}},"61":{"start":{"line":94,"column":8},"end":{"line":94,"column":112}},"62":{"start":{"line":94,"column":83},"end":{"line":94,"column":112}},"63":{"start":{"line":95,"column":8},"end":{"line":95,"column":19}},"64":{"start":{"line":99,"column":20},"end":{"line":99,"column":50}},"65":{"start":{"line":100,"column":2},"end":{"line":100,"column":72}},"66":{"start":{"line":100,"column":56},"end":{"line":100,"column":72}},"67":{"start":{"line":102,"column":18},"end":{"line":102,"column":57}},"68":{"start":{"line":103,"column":2},"end":{"line":103,"column":28}},"69":{"start":{"line":104,"column":2},"end":{"line":104,"column":72}},"70":{"start":{"line":105,"column":2},"end":{"line":105,"column":93}},"71":{"start":{"line":108,"column":0},"end":{"line":110,"column":1}},"72":{"start":{"line":109,"column":2},"end":{"line":109,"column":14}},"73":{"start":{"line":113,"column":2},"end":{"line":119,"column":3}},"74":{"start":{"line":114,"column":4},"end":{"line":114,"column":79}},"75":{"start":{"line":115,"column":4},"end":{"line":115,"column":42}},"76":{"start":{"line":117,"column":4},"end":{"line":117,"column":72}},"77":{"start":{"line":118,"column":4},"end":{"line":118,"column":25}},"78":{"start":{"line":122,"column":0},"end":{"line":124,"column":1}},"79":{"start":{"line":123,"column":2},"end":{"line":123,"column":16}},"80":{"start":{"line":127,"column":0},"end":{"line":134,"column":2}}},"fnMap":{"0":{"name":"loadState","decl":{"start":{"line":7,"column":9},"end":{"line":7,"column":18}},"loc":{"start":{"line":7,"column":21},"end":{"line":21,"column":1}},"line":7},"1":{"name":"saveState","decl":{"start":{"line":23,"column":9},"end":{"line":23,"column":18}},"loc":{"start":{"line":23,"column":26},"end":{"line":31,"column":1}},"line":23},"2":{"name":"parseExportArgs","decl":{"start":{"line":35,"column":9},"end":{"line":35,"column":24}},"loc":{"start":{"line":35,"column":31},"end":{"line":46,"column":1}},"line":35},"3":{"name":"handleExport","decl":{"start":{"line":48,"column":9},"end":{"line":48,"column":21}},"loc":{"start":{"line":48,"column":24},"end":{"line":73,"column":1}},"line":48},"4":{"name":"handleLap","decl":{"start":{"line":79,"column":9},"end":{"line":79,"column":18}},"loc":{"start":{"line":79,"column":21},"end":{"line":106,"column":1}},"line":79},"5":{"name":"(anonymous_5)","decl":{"start":{"line":90,"column":18},"end":{"line":90,"column":19}},"loc":{"start":{"line":90,"column":32},"end":{"line":96,"column":7}},"line":90},"6":{"name":"handleReset","decl":{"start":{"line":112,"column":9},"end":{"line":112,"column":20}},"loc":{"start":{"line":112,"column":23},"end":{"line":120,"column":1}},"line":112}},"branchMap":{"0":{"loc":{"start":{"line":9,"column":4},"end":{"line":9,"column":107}},"type":"if","locations":[{"start":{"line":9,"column":4},"end":{"line":9,"column":107}},{"start":{},"end":{}}],"line":9},"1":{"loc":{"start":{"line":11,"column":4},"end":{"line":11,"column":85}},"type":"if","locations":[{"start":{"line":11,"column":4},"end":{"line":11,"column":85}},{"start":{},"end":{}}],"line":11},"2":{"loc":{"start":{"line":13,"column":24},"end":{"line":13,"column":55}},"type":"binary-expr","locations":[{"start":{"line":13,"column":24},"end":{"line":13,"column":50}},{"start":{"line":13,"column":54},"end":{"line":13,"column":55}}],"line":13},"3":{"loc":{"start":{"line":14,"column":17},"end":{"line":14,"column":62}},"type":"cond-expr","locations":[{"start":{"line":14,"column":46},"end":{"line":14,"column":57}},{"start":{"line":14,"column":60},"end":{"line":14,"column":62}}],"line":14},"4":{"loc":{"start":{"line":15,"column":22},"end":{"line":15,"column":84}},"type":"cond-expr","locations":[{"start":{"line":15,"column":61},"end":{"line":15,"column":77}},{"start":{"line":15,"column":80},"end":{"line":15,"column":84}}],"line":15},"5":{"loc":{"start":{"line":25,"column":15},"end":{"line":25,"column":75}},"type":"cond-expr","locations":[{"start":{"line":25,"column":53},"end":{"line":25,"column":68}},{"start":{"line":25,"column":71},"end":{"line":25,"column":75}}],"line":25},"6":{"loc":{"start":{"line":27,"column":17},"end":{"line":27,"column":47}},"type":"binary-expr","locations":[{"start":{"line":27,"column":17},"end":{"line":27,"column":42}},{"start":{"line":27,"column":46},"end":{"line":27,"column":47}}],"line":27},"7":{"loc":{"start":{"line":28,"column":10},"end":{"line":28,"column":53}},"type":"cond-expr","locations":[{"start":{"line":28,"column":38},"end":{"line":28,"column":48}},{"start":{"line":28,"column":51},"end":{"line":28,"column":53}}],"line":28},"8":{"loc":{"start":{"line":39,"column":4},"end":{"line":43,"column":5}},"type":"if","locations":[{"start":{"line":39,"column":4},"end":{"line":43,"column":5}},{"start":{"line":41,"column":11},"end":{"line":43,"column":5}}],"line":39},"9":{"loc":{"start":{"line":41,"column":11},"end":{"line":43,"column":5}},"type":"if","locations":[{"start":{"line":41,"column":11},"end":{"line":43,"column":5}},{"start":{},"end":{}}],"line":41},"10":{"loc":{"start":{"line":52,"column":2},"end":{"line":56,"column":3}},"type":"if","locations":[{"start":{"line":52,"column":2},"end":{"line":56,"column":3}},{"start":{},"end":{}}],"line":52},"11":{"loc":{"start":{"line":52,"column":6},"end":{"line":52,"column":31}},"type":"binary-expr","locations":[{"start":{"line":52,"column":6},"end":{"line":52,"column":10}},{"start":{"line":52,"column":14},"end":{"line":52,"column":31}}],"line":52},"12":{"loc":{"start":{"line":60,"column":2},"end":{"line":63,"column":3}},"type":"if","locations":[{"start":{"line":60,"column":2},"end":{"line":63,"column":3}},{"start":{},"end":{}}],"line":60},"13":{"loc":{"start":{"line":60,"column":6},"end":{"line":60,"column":49}},"type":"binary-expr","locations":[{"start":{"line":60,"column":6},"end":{"line":60,"column":27}},{"start":{"line":60,"column":31},"end":{"line":60,"column":49}}],"line":60},"14":{"loc":{"start":{"line":75,"column":0},"end":{"line":77,"column":1}},"type":"if","locations":[{"start":{"line":75,"column":0},"end":{"line":77,"column":1}},{"start":{},"end":{}}],"line":75},"15":{"loc":{"start":{"line":81,"column":21},"end":{"line":81,"column":67}},"type":"binary-expr","locations":[{"start":{"line":81,"column":21},"end":{"line":81,"column":50}},{"start":{"line":81,"column":54},"end":{"line":81,"column":67}}],"line":81},"16":{"loc":{"start":{"line":82,"column":2},"end":{"line":86,"column":3}},"type":"if","locations":[{"start":{"line":82,"column":2},"end":{"line":86,"column":3}},{"start":{},"end":{}}],"line":82},"17":{"loc":{"start":{"line":82,"column":6},"end":{"line":82,"column":31}},"type":"binary-expr","locations":[{"start":{"line":82,"column":6},"end":{"line":82,"column":17}},{"start":{"line":82,"column":21},"end":{"line":82,"column":31}}],"line":82},"18":{"loc":{"start":{"line":88,"column":53},"end":{"line":88,"column":77}},"type":"binary-expr","locations":[{"start":{"line":88,"column":53},"end":{"line":88,"column":72}},{"start":{"line":88,"column":76},"end":{"line":88,"column":77}}],"line":88},"19":{"loc":{"start":{"line":89,"column":24},"end":{"line":97,"column":7}},"type":"cond-expr","locations":[{"start":{"line":90,"column":6},"end":{"line":96,"column":11}},{"start":{"line":97,"column":6},"end":{"line":97,"column":7}}],"line":89},"20":{"loc":{"start":{"line":91,"column":8},"end":{"line":91,"column":54}},"type":"if","locations":[{"start":{"line":91,"column":8},"end":{"line":91,"column":54}},{"start":{},"end":{}}],"line":91},"21":{"loc":{"start":{"line":92,"column":8},"end":{"line":92,"column":106}},"type":"if","locations":[{"start":{"line":92,"column":8},"end":{"line":92,"column":106}},{"start":{},"end":{}}],"line":92},"22":{"loc":{"start":{"line":92,"column":12},"end":{"line":92,"column":78}},"type":"binary-expr","locations":[{"start":{"line":92,"column":12},"end":{"line":92,"column":15}},{"start":{"line":92,"column":19},"end":{"line":92,"column":42}},{"start":{"line":92,"column":46},"end":{"line":92,"column":78}}],"line":92},"23":{"loc":{"start":{"line":93,"column":8},"end":{"line":93,"column":98}},"type":"if","locations":[{"start":{"line":93,"column":8},"end":{"line":93,"column":98}},{"start":{},"end":{}}],"line":93},"24":{"loc":{"start":{"line":93,"column":12},"end":{"line":93,"column":74}},"type":"binary-expr","locations":[{"start":{"line":93,"column":12},"end":{"line":93,"column":15}},{"start":{"line":93,"column":19},"end":{"line":93,"column":42}},{"start":{"line":93,"column":46},"end":{"line":93,"column":74}}],"line":93},"25":{"loc":{"start":{"line":94,"column":8},"end":{"line":94,"column":112}},"type":"if","locations":[{"start":{"line":94,"column":8},"end":{"line":94,"column":112}},{"start":{},"end":{}}],"line":94},"26":{"loc":{"start":{"line":94,"column":12},"end":{"line":94,"column":81}},"type":"binary-expr","locations":[{"start":{"line":94,"column":12},"end":{"line":94,"column":15}},{"start":{"line":94,"column":19},"end":{"line":94,"column":42}},{"start":{"line":94,"column":46},"end":{"line":94,"column":81}}],"line":94},"27":{"loc":{"start":{"line":100,"column":2},"end":{"line":100,"column":72}},"type":"if","locations":[{"start":{"line":100,"column":2},"end":{"line":100,"column":72}},{"start":{},"end":{}}],"line":100},"28":{"loc":{"start":{"line":100,"column":6},"end":{"line":100,"column":54}},"type":"binary-expr","locations":[{"start":{"line":100,"column":6},"end":{"line":100,"column":35}},{"start":{"line":100,"column":39},"end":{"line":100,"column":54}}],"line":100},"29":{"loc":{"start":{"line":102,"column":18},"end":{"line":102,"column":57}},"type":"cond-expr","locations":[{"start":{"line":102,"column":40},"end":{"line":102,"column":52}},{"start":{"line":102,"column":55},"end":{"line":102,"column":57}}],"line":102},"30":{"loc":{"start":{"line":108,"column":0},"end":{"line":110,"column":1}},"type":"if","locations":[{"start":{"line":108,"column":0},"end":{"line":110,"column":1}},{"start":{},"end":{}}],"line":108},"31":{"loc":{"start":{"line":122,"column":0},"end":{"line":124,"column":1}},"type":"if","locations":[{"start":{"line":122,"column":0},"end":{"line":124,"column":1}},{"start":{},"end":{}}],"line":122}},"s":{"0":1,"1":1,"2":1,"3":1,"4":11,"5":11,"6":1,"7":10,"8":10,"9":1,"10":9,"11":8,"12":8,"13":8,"14":8,"15":8,"16":1,"17":5,"18":5,"19":10,"20":10,"21":10,"22":11,"23":11,"24":6,"25":5,"26":1,"27":10,"28":5,"29":5,"30":5,"31":2,"32":2,"33":2,"34":3,"35":3,"36":3,"37":1,"38":1,"39":2,"40":2,"41":2,"42":1,"43":1,"44":1,"45":1,"46":0,"47":3,"48":3,"49":3,"50":2,"51":2,"52":2,"53":1,"54":1,"55":1,"56":1,"57":0,"58":0,"59":0,"60":0,"61":0,"62":0,"63":0,"64":1,"65":1,"66":0,"67":1,"68":1,"69":1,"70":1,"71":1,"72":0,"73":2,"74":2,"75":1,"76":1,"77":1,"78":1,"79":0,"80":1},"f":{"0":11,"1":5,"2":10,"3":5,"4":3,"5":1,"6":2},"b":{"0":[1,10],"1":[1,9],"2":[8,5],"3":[7,1],"4":[3,5],"5":[2,3],"6":[5,4],"7":[4,1],"8":[6,5],"9":[1,4],"10":[2,3],"11":[5,3],"12":[1,2],"13":[3,3],"14":[0,1],"15":[3,2],"16":[2,1],"17":[3,2],"18":[1,1],"19":[1,0],"20":[1,0],"21":[0,0],"22":[0,0,0],"23":[0,0],"24":[0,0,0],"25":[0,0],"26":[0,0,0],"27":[0,1],"28":[1,1],"29":[1,0],"30":[0,1],"31":[0,1]},"inputSourceMap":null,"_coverageSchema":"1a1c01bbd47fc00a2c39e90264f33305004495a9","hash":"2c38ad4f96c9923ede948bedb2f576e2829797c2"}
}
