TN:
SF:src/exporter.js
FN:1,pad
FN:5,formatDuration
FN:17,buildExportLines
FNF:3
FNH:3
FNDA:156,pad
FNDA:39,formatDuration
FNDA:11,buildExportLines
DA:2,156
DA:6,39
DA:7,39
DA:8,39
DA:9,39
DA:10,39
DA:11,39
DA:12,39
DA:13,39
DA:14,39
DA:18,11
DA:19,7
DA:20,7
DA:21,7
DA:22,7
DA:23,22
DA:24,22
DA:25,11
DA:26,11
DA:27,9
DA:28,9
DA:29,20
DA:32,22
DA:33,16
DA:34,16
DA:37,7
DA:40,2
LF:27
LH:27
BRDA:6,0,0,6
BRDA:6,0,1,33
BRDA:6,1,0,39
BRDA:6,1,1,35
BRDA:18,2,0,4
BRDA:18,2,1,7
BRDA:18,3,0,11
BRDA:18,3,1,10
BRDA:20,4,0,7
BRDA:20,4,1,0
BRDA:24,5,0,11
BRDA:24,5,1,11
BRDA:26,6,0,9
BRDA:26,6,1,2
BRDA:26,7,0,11
BRDA:26,7,1,9
BRDA:29,8,0,5
BRDA:29,8,1,15
BRDA:32,9,0,16
BRDA:32,9,1,6
BRF:20
BRH:19
end_of_record
TN:
SF:src/index.js
FN:8,loadState
FN:24,saveState
FN:36,parseExportArgs
FN:49,handleExport
FN:89,handleLap
FN:98,(anonymous_5)
FN:120,handleReset
FNF:7
FNH:3
FNDA:4,loadState
FNDA:2,saveState
FNDA:4,parseExportArgs
FNDA:0,handleExport
FNDA:0,handleLap
FNDA:0,(anonymous_5)
FNDA:0,handleReset
DA:1,1
DA:2,1
DA:3,1
DA:5,1
DA:6,1
DA:9,4
DA:10,4
DA:11,3
DA:12,3
DA:13,2
DA:14,1
DA:15,1
DA:16,1
DA:17,1
DA:18,1
DA:20,1
DA:25,2
DA:31,2
DA:37,4
DA:38,4
DA:39,4
DA:40,4
DA:41,1
DA:42,3
DA:43,1
DA:46,4
DA:50,0
DA:51,0
DA:53,0
DA:54,0
DA:58,0
DA:59,0
DA:61,0
DA:62,0
DA:63,0
DA:64,0
DA:67,0
DA:70,0
DA:71,0
DA:72,0
DA:73,0
DA:74,0
DA:77,0
DA:78,0
DA:79,0
DA:81,0
DA:85,1
DA:86,0
DA:90,0
DA:91,0
DA:92,0
DA:93,0
DA:96,0
DA:97,0
DA:99,0
DA:100,0
DA:101,0
DA:102,0
DA:103,0
DA:107,0
DA:108,0
DA:110,0
DA:111,0
DA:112,0
DA:113,0
DA:116,1
DA:117,0
DA:121,0
DA:122,0
DA:123,0
DA:125,0
DA:129,1
DA:130,0
DA:134,1
LF:74
LH:30
BRDA:10,0,0,1
BRDA:10,0,1,3
BRDA:12,1,0,1
BRDA:12,1,1,2
BRDA:14,2,0,1
BRDA:14,2,1,0
BRDA:15,3,0,1
BRDA:15,3,1,0
BRDA:16,4,0,1
BRDA:16,4,1,0
BRDA:26,5,0,1
BRDA:26,5,1,1
BRDA:28,6,0,2
BRDA:28,6,1,1
BRDA:29,7,0,1
BRDA:29,7,1,1
BRDA:40,8,0,1
BRDA:40,8,1,3
BRDA:42,9,0,1
BRDA:42,9,1,2
BRDA:53,10,0,0
BRDA:53,10,1,0
BRDA:53,11,0,0
BRDA:53,11,1,0
BRDA:63,12,0,0
BRDA:63,12,1,0
BRDA:72,13,0,0
BRDA:72,13,1,0
BRDA:72,14,0,0
BRDA:72,14,1,0
BRDA:85,15,0,0
BRDA:85,15,1,1
BRDA:91,16,0,0
BRDA:91,16,1,0
BRDA:92,17,0,0
BRDA:92,17,1,0
BRDA:92,18,0,0
BRDA:92,18,1,0
BRDA:96,19,0,0
BRDA:96,19,1,0
BRDA:97,20,0,0
BRDA:97,20,1,0
BRDA:99,21,0,0
BRDA:99,21,1,0
BRDA:100,22,0,0
BRDA:100,22,1,0
BRDA:100,23,0,0
BRDA:100,23,1,0
BRDA:100,23,2,0
BRDA:101,24,0,0
BRDA:101,24,1,0
BRDA:101,25,0,0
BRDA:101,25,1,0
BRDA:101,25,2,0
BRDA:102,26,0,0
BRDA:102,26,1,0
BRDA:102,27,0,0
BRDA:102,27,1,0
BRDA:102,27,2,0
BRDA:108,28,0,0
BRDA:108,28,1,0
BRDA:108,29,0,0
BRDA:108,29,1,0
BRDA:110,30,0,0
BRDA:110,30,1,0
BRDA:116,31,0,0
BRDA:116,31,1,1
BRDA:129,32,0,0
BRDA:129,32,1,1
BRF:69
BRH:20
end_of_record
