TN:
SF:src\exporter.js
FN:1,pad
FN:5,formatDuration
FN:17,buildExportLines
FNF:3
FNH:3
FNDA:112,pad
FNDA:28,formatDuration
FNDA:9,buildExportLines
DA:2,112
DA:6,28
DA:7,28
DA:8,28
DA:9,28
DA:10,28
DA:11,28
DA:12,28
DA:13,28
DA:14,28
DA:18,9
DA:19,6
DA:20,6
DA:21,6
DA:22,6
DA:23,17
DA:24,17
DA:25,10
DA:26,7
DA:27,6
DA:28,6
DA:29,15
DA:32,17
DA:33,13
DA:34,13
DA:37,6
DA:40,2
LF:27
LH:27
BRDA:6,0,0,3
BRDA:6,0,1,25
BRDA:6,1,0,28
BRDA:6,1,1,26
BRDA:18,2,0,3
BRDA:18,2,1,6
BRDA:18,3,0,9
BRDA:18,3,1,8
BRDA:20,4,0,6
BRDA:20,4,1,0
BRDA:24,5,0,10
BRDA:24,5,1,7
BRDA:26,6,0,6
BRDA:26,6,1,1
BRDA:26,7,0,7
BRDA:26,7,1,6
BRDA:29,8,0,3
BRDA:29,8,1,12
BRDA:32,9,0,13
BRDA:32,9,1,4
BRF:20
BRH:19
end_of_record
TN:
SF:src\index.js
FN:7,loadState
FN:23,saveState
FN:35,parseExportArgs
FN:48,handleExport
FN:79,handleLap
FN:90,(anonymous_5)
FN:112,handleReset
FNF:7
FNH:7
FNDA:11,loadState
FNDA:5,saveState
FNDA:10,parseExportArgs
FNDA:5,handleExport
FNDA:3,handleLap
FNDA:1,(anonymous_5)
FNDA:2,handleReset
DA:1,1
DA:2,1
DA:4,1
DA:5,1
DA:8,11
DA:9,11
DA:10,10
DA:11,10
DA:12,9
DA:13,8
DA:14,8
DA:15,8
DA:16,8
DA:17,8
DA:19,1
DA:24,5
DA:30,5
DA:36,10
DA:37,10
DA:38,11
DA:39,11
DA:40,6
DA:41,5
DA:42,1
DA:45,10
DA:49,5
DA:50,5
DA:52,5
DA:53,2
DA:54,2
DA:55,2
DA:58,3
DA:59,3
DA:60,3
DA:61,1
DA:62,1
DA:65,2
DA:66,2
DA:67,2
DA:68,1
DA:70,1
DA:71,1
DA:75,1
DA:76,0
DA:80,3
DA:81,3
DA:82,3
DA:83,2
DA:84,2
DA:85,2
DA:88,1
DA:89,1
DA:91,1
DA:92,0
DA:93,0
DA:94,0
DA:95,0
DA:99,1
DA:100,1
DA:102,1
DA:103,1
DA:104,1
DA:105,1
DA:108,1
DA:109,0
DA:113,2
DA:114,2
DA:115,1
DA:117,1
DA:118,1
DA:122,1
DA:123,0
DA:127,1
LF:73
LH:66
BRDA:9,0,0,1
BRDA:9,0,1,10
BRDA:11,1,0,1
BRDA:11,1,1,9
BRDA:13,2,0,8
BRDA:13,2,1,5
BRDA:14,3,0,7
BRDA:14,3,1,1
BRDA:15,4,0,3
BRDA:15,4,1,5
BRDA:25,5,0,2
BRDA:25,5,1,3
BRDA:27,6,0,5
BRDA:27,6,1,4
BRDA:28,7,0,4
BRDA:28,7,1,1
BRDA:39,8,0,6
BRDA:39,8,1,5
BRDA:41,9,0,1
BRDA:41,9,1,4
BRDA:52,10,0,2
BRDA:52,10,1,3
BRDA:52,11,0,5
BRDA:52,11,1,3
BRDA:60,12,0,1
BRDA:60,12,1,2
BRDA:60,13,0,3
BRDA:60,13,1,3
BRDA:75,14,0,0
BRDA:75,14,1,1
BRDA:81,15,0,3
BRDA:81,15,1,2
BRDA:82,16,0,2
BRDA:82,16,1,1
BRDA:82,17,0,3
BRDA:82,17,1,2
BRDA:88,18,0,1
BRDA:88,18,1,1
BRDA:89,19,0,1
BRDA:89,19,1,0
BRDA:91,20,0,1
BRDA:91,20,1,0
BRDA:92,21,0,0
BRDA:92,21,1,0
BRDA:92,22,0,0
BRDA:92,22,1,0
BRDA:92,22,2,0
BRDA:93,23,0,0
BRDA:93,23,1,0
BRDA:93,24,0,0
BRDA:93,24,1,0
BRDA:93,24,2,0
BRDA:94,25,0,0
BRDA:94,25,1,0
BRDA:94,26,0,0
BRDA:94,26,1,0
BRDA:94,26,2,0
BRDA:100,27,0,0
BRDA:100,27,1,1
BRDA:100,28,0,1
BRDA:100,28,1,1
BRDA:102,29,0,1
BRDA:102,29,1,0
BRDA:108,30,0,0
BRDA:108,30,1,1
BRDA:122,31,0,0
BRDA:122,31,1,1
BRF:67
BRH:45
end_of_record
