{"C:\\Users\\LENOVO\\Training\\api\\src\\app.js": {"path":"C:\\Users\\LENOVO\\Training\\api\\src\\app.js","statementMap":{"0":{"start":{"line":1,"column":16},"end":{"line":1,"column":34}},"1":{"start":{"line":2,"column":15},"end":{"line":2,"column":32}},"2":{"start":{"line":3,"column":13},"end":{"line":3,"column":28}},"3":{"start":{"line":4,"column":15},"end":{"line":4,"column":32}},"4":{"start":{"line":5,"column":25},"end":{"line":5,"column":62}},"5":{"start":{"line":6,"column":30},"end":{"line":6,"column":64}},"6":{"start":{"line":7,"column":28},"end":{"line":7,"column":61}},"7":{"start":{"line":8,"column":34},"end":{"line":8,"column":75}},"8":{"start":{"line":9,"column":25},"end":{"line":9,"column":60}},"9":{"start":{"line":10,"column":30},"end":{"line":10,"column":62}},"10":{"start":{"line":11,"column":31},"end":{"line":11,"column":57}},"11":{"start":{"line":14,"column":14},"end":{"line":14,"column":23}},"12":{"start":{"line":15,"column":2},"end":{"line":15,"column":20}},"13":{"start":{"line":16,"column":2},"end":{"line":16,"column":18}},"14":{"start":{"line":17,"column":2},"end":{"line":17,"column":53}},"15":{"start":{"line":18,"column":2},"end":{"line":18,"column":30}},"16":{"start":{"line":19,"column":2},"end":{"line":19,"column":37}},"17":{"start":{"line":22,"column":2},"end":{"line":22,"column":37}},"18":{"start":{"line":25,"column":23},"end":{"line":25,"column":51}},"19":{"start":{"line":26,"column":26},"end":{"line":26,"column":61}},"20":{"start":{"line":27,"column":2},"end":{"line":27,"column":56}},"21":{"start":{"line":30,"column":2},"end":{"line":38,"column":3}},"22":{"start":{"line":31,"column":17},"end":{"line":31,"column":32}},"23":{"start":{"line":32,"column":21},"end":{"line":32,"column":63}},"24":{"start":{"line":33,"column":4},"end":{"line":37,"column":7}},"25":{"start":{"line":34,"column":6},"end":{"line":34,"column":43}},"26":{"start":{"line":35,"column":6},"end":{"line":35,"column":35}},"27":{"start":{"line":36,"column":6},"end":{"line":36,"column":29}},"28":{"start":{"line":41,"column":2},"end":{"line":41,"column":27}},"29":{"start":{"line":43,"column":2},"end":{"line":43,"column":24}},"30":{"start":{"line":45,"column":2},"end":{"line":45,"column":13}},"31":{"start":{"line":48,"column":0},"end":{"line":48,"column":31}}},"fnMap":{"0":{"name":"createApp","decl":{"start":{"line":13,"column":9},"end":{"line":13,"column":18}},"loc":{"start":{"line":13,"column":39},"end":{"line":46,"column":1}},"line":13},"1":{"name":"(anonymous_1)","decl":{"start":{"line":33,"column":29},"end":{"line":33,"column":30}},"loc":{"start":{"line":33,"column":44},"end":{"line":37,"column":5}},"line":33}},"branchMap":{"0":{"loc":{"start":{"line":30,"column":2},"end":{"line":38,"column":3}},"type":"if","locations":[{"start":{"line":30,"column":2},"end":{"line":38,"column":3}},{"start":{},"end":{}}],"line":30}},"s":{"0":6,"1":6,"2":6,"3":6,"4":6,"5":6,"6":6,"7":6,"8":6,"9":6,"10":6,"11":35,"12":35,"13":35,"14":35,"15":35,"16":35,"17":35,"18":35,"19":35,"20":35,"21":35,"22":35,"23":35,"24":35,"25":1,"26":1,"27":1,"28":35,"29":35,"30":35,"31":6},"f":{"0":35,"1":1},"b":{"0":[35,0]},"inputSourceMap":null,"_coverageSchema":"1a1c01bbd47fc00a2c39e90264f33305004495a9","hash":"4734e0aead8583b4bab1960dc6debfdf094e53de"}
,"C:\\Users\\LENOVO\\Training\\api\\src\\app.ts": {"path":"C:\\Users\\LENOVO\\Training\\api\\src\\app.ts","statementMap":{"0":{"start":{"line":1,"column":0},"end":{"line":1,"column":30}},"1":{"start":{"line":2,"column":0},"end":{"line":2,"column":24}},"2":{"start":{"line":3,"column":0},"end":{"line":3,"column":28}},"3":{"start":{"line":4,"column":0},"end":{"line":4,"column":28}},"4":{"start":{"line":5,"column":0},"end":{"line":5,"column":52}},"5":{"start":{"line":6,"column":0},"end":{"line":6,"column":57}},"6":{"start":{"line":8,"column":12},"end":{"line":8,"column":21}},"7":{"start":{"line":45,"column":9},"end":{"line":45,"column":12}},"8":{"start":{"line":11,"column":0},"end":{"line":11,"column":18}},"9":{"start":{"line":12,"column":0},"end":{"line":12,"column":16}},"10":{"start":{"line":14,"column":0},"end":{"line":14,"column":43}},"11":{"start":{"line":15,"column":16},"end":{"line":20,"column":2}},"12":{"start":{"line":21,"column":0},"end":{"line":21,"column":17}},"13":{"start":{"line":22,"column":0},"end":{"line":22,"column":24}},"14":{"start":{"line":23,"column":0},"end":{"line":23,"column":23}},"15":{"start":{"line":26,"column":0},"end":{"line":28,"column":3}},"16":{"start":{"line":27,"column":2},"end":{"line":27,"column":41}},"17":{"start":{"line":31,"column":0},"end":{"line":31,"column":31}},"18":{"start":{"line":34,"column":0},"end":{"line":34,"column":24}},"19":{"start":{"line":35,"column":0},"end":{"line":40,"column":3}},"20":{"start":{"line":36,"column":19},"end":{"line":36,"column":61}},"21":{"start":{"line":37,"column":2},"end":{"line":37,"column":39}},"22":{"start":{"line":38,"column":2},"end":{"line":38,"column":31}},"23":{"start":{"line":39,"column":2},"end":{"line":39,"column":25}},"24":{"start":{"line":43,"column":0},"end":{"line":43,"column":22}},"25":{"start":{"line":46,"column":0},"end":{"line":46,"column":19}}},"fnMap":{"0":{"name":"(anonymous_1)","decl":{"start":{"line":26,"column":19},"end":{"line":26,"column":20}},"loc":{"start":{"line":26,"column":33},"end":{"line":28,"column":1}}},"1":{"name":"(anonymous_2)","decl":{"start":{"line":35,"column":25},"end":{"line":35,"column":26}},"loc":{"start":{"line":35,"column":39},"end":{"line":40,"column":1}}}},"branchMap":{},"s":{"0":1,"1":1,"2":1,"3":1,"4":1,"5":1,"6":1,"7":1,"8":1,"9":1,"10":1,"11":1,"12":1,"13":1,"14":1,"15":1,"16":1,"17":1,"18":1,"19":1,"20":0,"21":0,"22":0,"23":0,"24":1,"25":1},"f":{"0":1,"1":0},"b":{}}
,"C:\\Users\\LENOVO\\Training\\api\\src\\config.js": {"path":"C:\\Users\\LENOVO\\Training\\api\\src\\config.js","statementMap":{"0":{"start":{"line":3,"column":12},"end":{"line":3,"column":31}},"1":{"start":{"line":4,"column":2},"end":{"line":4,"column":43}},"2":{"start":{"line":8,"column":2},"end":{"line":13,"column":4}},"3":{"start":{"line":16,"column":0},"end":{"line":16,"column":39}}},"fnMap":{"0":{"name":"toInt","decl":{"start":{"line":2,"column":9},"end":{"line":2,"column":14}},"loc":{"start":{"line":2,"column":32},"end":{"line":5,"column":1}},"line":2},"1":{"name":"loadConfigFromEnv","decl":{"start":{"line":7,"column":9},"end":{"line":7,"column":26}},"loc":{"start":{"line":7,"column":29},"end":{"line":14,"column":1}},"line":7}},"branchMap":{"0":{"loc":{"start":{"line":4,"column":9},"end":{"line":4,"column":42}},"type":"cond-expr","locations":[{"start":{"line":4,"column":30},"end":{"line":4,"column":31}},{"start":{"line":4,"column":34},"end":{"line":4,"column":42}}],"line":4},"1":{"loc":{"start":{"line":10,"column":15},"end":{"line":10,"column":48}},"type":"binary-expr","locations":[{"start":{"line":10,"column":15},"end":{"line":10,"column":37}},{"start":{"line":10,"column":41},"end":{"line":10,"column":48}}],"line":10}},"s":{"0":105,"1":105,"2":35,"3":6},"f":{"0":105,"1":35},"b":{"0":[0,105],"1":[35,35]},"inputSourceMap":null,"_coverageSchema":"1a1c01bbd47fc00a2c39e90264f33305004495a9","hash":"be40ddc084112a737cbc824e0b3b1ee5d6551e38"}
,"C:\\Users\\LENOVO\\Training\\api\\src\\controllers\\posts-controller.js": {"path":"C:\\Users\\LENOVO\\Training\\api\\src\\controllers\\posts-controller.js","statementMap":{"0":{"start":{"line":4,"column":2},"end":{"line":42,"column":4}},"1":{"start":{"line":6,"column":6},"end":{"line":10,"column":34}},"2":{"start":{"line":7,"column":35},"end":{"line":7,"column":66}},"3":{"start":{"line":8,"column":23},"end":{"line":8,"column":62}},"4":{"start":{"line":9,"column":8},"end":{"line":9,"column":91}},"5":{"start":{"line":10,"column":22},"end":{"line":10,"column":32}},"6":{"start":{"line":13,"column":6},"end":{"line":16,"column":34}},"7":{"start":{"line":14,"column":24},"end":{"line":14,"column":59}},"8":{"start":{"line":15,"column":8},"end":{"line":15,"column":71}},"9":{"start":{"line":16,"column":22},"end":{"line":16,"column":32}},"10":{"start":{"line":19,"column":6},"end":{"line":22,"column":34}},"11":{"start":{"line":20,"column":21},"end":{"line":20,"column":62}},"12":{"start":{"line":21,"column":8},"end":{"line":21,"column":23}},"13":{"start":{"line":22,"column":22},"end":{"line":22,"column":32}},"14":{"start":{"line":25,"column":6},"end":{"line":28,"column":34}},"15":{"start":{"line":26,"column":24},"end":{"line":26,"column":75}},"16":{"start":{"line":27,"column":8},"end":{"line":27,"column":26}},"17":{"start":{"line":28,"column":22},"end":{"line":28,"column":32}},"18":{"start":{"line":31,"column":6},"end":{"line":34,"column":34}},"19":{"start":{"line":32,"column":24},"end":{"line":32,"column":74}},"20":{"start":{"line":33,"column":8},"end":{"line":33,"column":26}},"21":{"start":{"line":34,"column":22},"end":{"line":34,"column":32}},"22":{"start":{"line":37,"column":6},"end":{"line":40,"column":34}},"23":{"start":{"line":38,"column":8},"end":{"line":38,"column":49}},"24":{"start":{"line":39,"column":8},"end":{"line":39,"column":31}},"25":{"start":{"line":40,"column":22},"end":{"line":40,"column":32}},"26":{"start":{"line":45,"column":0},"end":{"line":45,"column":43}}},"fnMap":{"0":{"name":"createPostsController","decl":{"start":{"line":3,"column":9},"end":{"line":3,"column":30}},"loc":{"start":{"line":3,"column":45},"end":{"line":43,"column":1}},"line":3},"1":{"name":"(anonymous_1)","decl":{"start":{"line":5,"column":4},"end":{"line":5,"column":5}},"loc":{"start":{"line":5,"column":31},"end":{"line":11,"column":5}},"line":5},"2":{"name":"(anonymous_2)","decl":{"start":{"line":12,"column":4},"end":{"line":12,"column":5}},"loc":{"start":{"line":12,"column":33},"end":{"line":17,"column":5}},"line":12},"3":{"name":"(anonymous_3)","decl":{"start":{"line":18,"column":4},"end":{"line":18,"column":5}},"loc":{"start":{"line":18,"column":34},"end":{"line":23,"column":5}},"line":18},"4":{"name":"(anonymous_4)","decl":{"start":{"line":24,"column":4},"end":{"line":24,"column":5}},"loc":{"start":{"line":24,"column":34},"end":{"line":29,"column":5}},"line":24},"5":{"name":"(anonymous_5)","decl":{"start":{"line":30,"column":4},"end":{"line":30,"column":5}},"loc":{"start":{"line":30,"column":33},"end":{"line":35,"column":5}},"line":30},"6":{"name":"(anonymous_6)","decl":{"start":{"line":36,"column":4},"end":{"line":36,"column":5}},"loc":{"start":{"line":36,"column":33},"end":{"line":41,"column":5}},"line":36}},"branchMap":{"0":{"loc":{"start":{"line":7,"column":35},"end":{"line":7,"column":66}},"type":"binary-expr","locations":[{"start":{"line":7,"column":35},"end":{"line":7,"column":53}},{"start":{"line":7,"column":57},"end":{"line":7,"column":66}}],"line":7}},"s":{"0":35,"1":7,"2":7,"3":7,"4":7,"5":0,"6":24,"7":24,"8":24,"9":0,"10":4,"11":4,"12":2,"13":2,"14":4,"15":4,"16":3,"17":1,"18":4,"19":4,"20":3,"21":1,"22":3,"23":3,"24":2,"25":1,"26":6},"f":{"0":35,"1":7,"2":24,"3":4,"4":4,"5":4,"6":3},"b":{"0":[7,0]},"inputSourceMap":null,"_coverageSchema":"1a1c01bbd47fc00a2c39e90264f33305004495a9","hash":"b45290ac167b22e2039e82c93fc46859734d0e3a"}
,"C:\\Users\\LENOVO\\Training\\api\\src\\core\\posts\\post.schemas.ts": {"path":"C:\\Users\\LENOVO\\Training\\api\\src\\core\\posts\\post.schemas.ts","statementMap":{"0":{"start":{"line":1,"column":0},"end":{"line":1,"column":24}},"1":{"start":{"line":3,"column":13},"end":{"line":11,"column":3}},"2":{"start":{"line":13,"column":13},"end":{"line":20,"column":12}},"3":{"start":{"line":22,"column":13},"end":{"line":25,"column":2}},"4":{"start":{"line":23,"column":13},"end":{"line":23,"column":62}},"5":{"start":{"line":23,"column":46},"end":{"line":23,"column":61}},"6":{"start":{"line":27,"column":13},"end":{"line":30,"column":3}}},"fnMap":{"0":{"name":"(anonymous_0)","decl":{"start":{"line":23,"column":2},"end":{"line":23,"column":3}},"loc":{"start":{"line":23,"column":13},"end":{"line":23,"column":62}}},"1":{"name":"(anonymous_1)","decl":{"start":{"line":23,"column":39},"end":{"line":23,"column":40}},"loc":{"start":{"line":23,"column":46},"end":{"line":23,"column":61}}}},"branchMap":{},"s":{"0":1,"1":1,"2":1,"3":1,"4":1,"5":1,"6":1},"f":{"0":1,"1":1},"b":{}}
,"C:\\Users\\LENOVO\\Training\\api\\src\\core\\posts\\posts.controller.ts": {"path":"C:\\Users\\LENOVO\\Training\\api\\src\\core\\posts\\posts.controller.ts","statementMap":{"0":{"start":{"line":2,"column":0},"end":{"line":2,"column":47}},"1":{"start":{"line":4,"column":21},"end":{"line":4,"column":39}},"2":{"start":{"line":6,"column":13},"end":{"line":82,"column":2}},"3":{"start":{"line":14,"column":4},"end":{"line":19,"column":5}},"4":{"start":{"line":15,"column":22},"end":{"line":15,"column":57}},"5":{"start":{"line":16,"column":6},"end":{"line":16,"column":69}},"6":{"start":{"line":18,"column":6},"end":{"line":18,"column":18}},"7":{"start":{"line":23,"column":4},"end":{"line":41,"column":5}},"8":{"start":{"line":24,"column":17},"end":{"line":24,"column":56}},"9":{"start":{"line":25,"column":19},"end":{"line":25,"column":112}},"10":{"start":{"line":26,"column":23},"end":{"line":26,"column":133}},"11":{"start":{"line":27,"column":23},"end":{"line":27,"column":68}},"12":{"start":{"line":28,"column":27},"end":{"line":28,"column":85}},"13":{"start":{"line":29,"column":21},"end":{"line":29,"column":88}},"14":{"start":{"line":30,"column":6},"end":{"line":38,"column":9}},"15":{"start":{"line":40,"column":6},"end":{"line":40,"column":18}},"16":{"start":{"line":45,"column":4},"end":{"line":54,"column":5}},"17":{"start":{"line":46,"column":19},"end":{"line":46,"column":60}},"18":{"start":{"line":47,"column":6},"end":{"line":50,"column":7}},"19":{"start":{"line":48,"column":8},"end":{"line":48,"column":31}},"20":{"start":{"line":49,"column":8},"end":{"line":49,"column":15}},"21":{"start":{"line":51,"column":6},"end":{"line":51,"column":21}},"22":{"start":{"line":53,"column":6},"end":{"line":53,"column":18}},"23":{"start":{"line":58,"column":4},"end":{"line":67,"column":5}},"24":{"start":{"line":59,"column":22},"end":{"line":59,"column":72}},"25":{"start":{"line":60,"column":6},"end":{"line":63,"column":7}},"26":{"start":{"line":61,"column":8},"end":{"line":61,"column":31}},"27":{"start":{"line":62,"column":8},"end":{"line":62,"column":15}},"28":{"start":{"line":64,"column":6},"end":{"line":64,"column":24}},"29":{"start":{"line":66,"column":6},"end":{"line":66,"column":18}},"30":{"start":{"line":71,"column":4},"end":{"line":80,"column":5}},"31":{"start":{"line":72,"column":22},"end":{"line":72,"column":62}},"32":{"start":{"line":73,"column":6},"end":{"line":76,"column":7}},"33":{"start":{"line":74,"column":8},"end":{"line":74,"column":31}},"34":{"start":{"line":75,"column":8},"end":{"line":75,"column":15}},"35":{"start":{"line":77,"column":6},"end":{"line":77,"column":29}},"36":{"start":{"line":79,"column":6},"end":{"line":79,"column":18}}},"fnMap":{"0":{"name":"(anonymous_0)","decl":{"start":{"line":13,"column":2},"end":{"line":13,"column":7}},"loc":{"start":{"line":13,"column":29},"end":{"line":20,"column":3}}},"1":{"name":"(anonymous_1)","decl":{"start":{"line":22,"column":2},"end":{"line":22,"column":7}},"loc":{"start":{"line":22,"column":27},"end":{"line":42,"column":3}}},"2":{"name":"(anonymous_2)","decl":{"start":{"line":44,"column":2},"end":{"line":44,"column":7}},"loc":{"start":{"line":44,"column":30},"end":{"line":55,"column":3}}},"3":{"name":"(anonymous_3)","decl":{"start":{"line":57,"column":2},"end":{"line":57,"column":7}},"loc":{"start":{"line":57,"column":29},"end":{"line":68,"column":3}}},"4":{"name":"(anonymous_4)","decl":{"start":{"line":70,"column":2},"end":{"line":70,"column":7}},"loc":{"start":{"line":70,"column":29},"end":{"line":81,"column":3}}}},"branchMap":{"0":{"loc":{"start":{"line":24,"column":17},"end":{"line":24,"column":56}},"type":"binary-expr","locations":[{"start":{"line":24,"column":17},"end":{"line":24,"column":43}},{"start":{"line":24,"column":47},"end":{"line":24,"column":56}}]},"1":{"loc":{"start":{"line":25,"column":19},"end":{"line":25,"column":112}},"type":"cond-expr","locations":[{"start":{"line":25,"column":48},"end":{"line":25,"column":54}},{"start":{"line":25,"column":58},"end":{"line":25,"column":111}}]},"2":{"loc":{"start":{"line":25,"column":58},"end":{"line":25,"column":111}},"type":"cond-expr","locations":[{"start":{"line":25,"column":87},"end":{"line":25,"column":107}},{"start":{"line":25,"column":110},"end":{"line":25,"column":111}}]},"3":{"loc":{"start":{"line":26,"column":23},"end":{"line":26,"column":133}},"type":"cond-expr","locations":[{"start":{"line":26,"column":56},"end":{"line":26,"column":66}},{"start":{"line":26,"column":70},"end":{"line":26,"column":132}}]},"4":{"loc":{"start":{"line":26,"column":70},"end":{"line":26,"column":132}},"type":"cond-expr","locations":[{"start":{"line":26,"column":103},"end":{"line":26,"column":127}},{"start":{"line":26,"column":130},"end":{"line":26,"column":132}}]},"5":{"loc":{"start":{"line":27,"column":23},"end":{"line":27,"column":68}},"type":"cond-expr","locations":[{"start":{"line":27,"column":60},"end":{"line":27,"column":64}},{"start":{"line":27,"column":67},"end":{"line":27,"column":68}}]},"6":{"loc":{"start":{"line":27,"column":23},"end":{"line":27,"column":57}},"type":"binary-expr","locations":[{"start":{"line":27,"column":23},"end":{"line":27,"column":44}},{"start":{"line":27,"column":48},"end":{"line":27,"column":57}}]},"7":{"loc":{"start":{"line":28,"column":27},"end":{"line":28,"column":85}},"type":"cond-expr","locations":[{"start":{"line":28,"column":72},"end":{"line":28,"column":80}},{"start":{"line":28,"column":83},"end":{"line":28,"column":85}}]},"8":{"loc":{"start":{"line":28,"column":27},"end":{"line":28,"column":69}},"type":"binary-expr","locations":[{"start":{"line":28,"column":27},"end":{"line":28,"column":52}},{"start":{"line":28,"column":56},"end":{"line":28,"column":69}}]},"9":{"loc":{"start":{"line":47,"column":6},"end":{"line":50,"column":7}},"type":"if","locations":[{"start":{"line":47,"column":6},"end":{"line":50,"column":7}}]},"10":{"loc":{"start":{"line":60,"column":6},"end":{"line":63,"column":7}},"type":"if","locations":[{"start":{"line":60,"column":6},"end":{"line":63,"column":7}}]},"11":{"loc":{"start":{"line":73,"column":6},"end":{"line":76,"column":7}},"type":"if","locations":[{"start":{"line":73,"column":6},"end":{"line":76,"column":7}}]}},"s":{"0":1,"1":1,"2":1,"3":4,"4":4,"5":4,"6":0,"7":1,"8":1,"9":1,"10":1,"11":1,"12":1,"13":1,"14":1,"15":0,"16":3,"17":3,"18":3,"19":1,"20":1,"21":2,"22":0,"23":1,"24":1,"25":1,"26":0,"27":0,"28":1,"29":0,"30":1,"31":1,"32":1,"33":0,"34":0,"35":1,"36":0},"f":{"0":4,"1":1,"2":3,"3":1,"4":1},"b":{"0":[1,0],"1":[1,0],"2":[0,0],"3":[1,0],"4":[0,0],"5":[1,0],"6":[1,1],"7":[1,0],"8":[1,1],"9":[1],"10":[0],"11":[0]}}
,"C:\\Users\\LENOVO\\Training\\api\\src\\core\\posts\\posts.routes.ts": {"path":"C:\\Users\\LENOVO\\Training\\api\\src\\core\\posts\\posts.routes.ts","statementMap":{"0":{"start":{"line":1,"column":0},"end":{"line":1,"column":33}},"1":{"start":{"line":2,"column":0},"end":{"line":2,"column":53}},"2":{"start":{"line":3,"column":0},"end":{"line":3,"column":72}},"3":{"start":{"line":4,"column":0},"end":{"line":4,"column":90}},"4":{"start":{"line":6,"column":15},"end":{"line":6,"column":23}},"5":{"start":{"line":8,"column":0},"end":{"line":8,"column":73}},"6":{"start":{"line":9,"column":0},"end":{"line":9,"column":75}},"7":{"start":{"line":10,"column":0},"end":{"line":10,"column":44}},"8":{"start":{"line":11,"column":0},"end":{"line":11,"column":77}},"9":{"start":{"line":12,"column":0},"end":{"line":12,"column":46}},"10":{"start":{"line":14,"column":0},"end":{"line":14,"column":22}}},"fnMap":{},"branchMap":{},"s":{"0":1,"1":1,"2":1,"3":1,"4":1,"5":1,"6":1,"7":1,"8":1,"9":1,"10":1},"f":{},"b":{}}
,"C:\\Users\\LENOVO\\Training\\api\\src\\core\\posts\\posts.service.ts": {"path":"C:\\Users\\LENOVO\\Training\\api\\src\\core\\posts\\posts.service.ts","statementMap":{"0":{"start":{"line":1,"column":0},"end":{"line":1,"column":41}},"1":{"start":{"line":13,"column":10},"end":{"line":13,"column":29}},"2":{"start":{"line":21,"column":16},"end":{"line":21,"column":26}},"3":{"start":{"line":22,"column":23},"end":{"line":30,"column":6}},"4":{"start":{"line":31,"column":4},"end":{"line":31,"column":26}},"5":{"start":{"line":32,"column":4},"end":{"line":32,"column":16}},"6":{"start":{"line":41,"column":18},"end":{"line":41,"column":61}},"7":{"start":{"line":41,"column":41},"end":{"line":41,"column":52}},"8":{"start":{"line":42,"column":4},"end":{"line":42,"column":17}},"9":{"start":{"line":52,"column":26},"end":{"line":52,"column":36}},"10":{"start":{"line":53,"column":30},"end":{"line":53,"column":44}},"11":{"start":{"line":55,"column":24},"end":{"line":55,"column":27}},"12":{"start":{"line":56,"column":21},"end":{"line":56,"column":74}},"13":{"start":{"line":57,"column":24},"end":{"line":57,"column":50}},"14":{"start":{"line":59,"column":23},"end":{"line":59,"column":40}},"15":{"start":{"line":60,"column":23},"end":{"line":60,"column":74}},"16":{"start":{"line":61,"column":18},"end":{"line":61,"column":46}},"17":{"start":{"line":62,"column":16},"end":{"line":62,"column":32}},"18":{"start":{"line":63,"column":18},"end":{"line":63,"column":46}},"19":{"start":{"line":65,"column":4},"end":{"line":72,"column":6}},"20":{"start":{"line":82,"column":18},"end":{"line":82,"column":58}},"21":{"start":{"line":82,"column":46},"end":{"line":82,"column":57}},"22":{"start":{"line":83,"column":4},"end":{"line":83,"column":34}},"23":{"start":{"line":83,"column":22},"end":{"line":83,"column":34}},"24":{"start":{"line":85,"column":21},"end":{"line":85,"column":38}},"25":{"start":{"line":86,"column":26},"end":{"line":90,"column":6}},"26":{"start":{"line":91,"column":4},"end":{"line":91,"column":32}},"27":{"start":{"line":92,"column":4},"end":{"line":92,"column":19}},"28":{"start":{"line":101,"column":18},"end":{"line":101,"column":58}},"29":{"start":{"line":101,"column":46},"end":{"line":101,"column":57}},"30":{"start":{"line":102,"column":4},"end":{"line":102,"column":35}},"31":{"start":{"line":102,"column":22},"end":{"line":102,"column":35}},"32":{"start":{"line":103,"column":4},"end":{"line":103,"column":32}},"33":{"start":{"line":104,"column":4},"end":{"line":104,"column":16}},"34":{"start":{"line":11,"column":0},"end":{"line":11,"column":13}}},"fnMap":{"0":{"name":"(anonymous_0)","decl":{"start":{"line":11,"column":0},"end":{"line":11,"column":13}},"loc":{"start":{"line":11,"column":0},"end":{"line":106,"column":1}}},"1":{"name":"(anonymous_1)","decl":{"start":{"line":20,"column":2},"end":{"line":20,"column":7}},"loc":{"start":{"line":20,"column":31},"end":{"line":33,"column":3}}},"2":{"name":"(anonymous_2)","decl":{"start":{"line":40,"column":2},"end":{"line":40,"column":7}},"loc":{"start":{"line":40,"column":26},"end":{"line":43,"column":3}}},"3":{"name":"(anonymous_3)","decl":{"start":{"line":41,"column":34},"end":{"line":41,"column":35}},"loc":{"start":{"line":41,"column":41},"end":{"line":41,"column":52}}},"4":{"name":"(anonymous_4)","decl":{"start":{"line":51,"column":2},"end":{"line":51,"column":7}},"loc":{"start":{"line":51,"column":34},"end":{"line":73,"column":3}}},"5":{"name":"(anonymous_5)","decl":{"start":{"line":81,"column":2},"end":{"line":81,"column":7}},"loc":{"start":{"line":81,"column":43},"end":{"line":93,"column":3}}},"6":{"name":"(anonymous_6)","decl":{"start":{"line":82,"column":39},"end":{"line":82,"column":40}},"loc":{"start":{"line":82,"column":46},"end":{"line":82,"column":57}}},"7":{"name":"(anonymous_7)","decl":{"start":{"line":100,"column":2},"end":{"line":100,"column":7}},"loc":{"start":{"line":100,"column":25},"end":{"line":105,"column":3}}},"8":{"name":"(anonymous_8)","decl":{"start":{"line":101,"column":39},"end":{"line":101,"column":40}},"loc":{"start":{"line":101,"column":46},"end":{"line":101,"column":57}}}},"branchMap":{"0":{"loc":{"start":{"line":26,"column":12},"end":{"line":26,"column":27}},"type":"binary-expr","locations":[{"start":{"line":26,"column":12},"end":{"line":26,"column":21}},{"start":{"line":26,"column":25},"end":{"line":26,"column":27}}]},"1":{"loc":{"start":{"line":27,"column":17},"end":{"line":27,"column":40}},"type":"binary-expr","locations":[{"start":{"line":27,"column":17},"end":{"line":27,"column":31}},{"start":{"line":27,"column":35},"end":{"line":27,"column":40}}]},"2":{"loc":{"start":{"line":41,"column":18},"end":{"line":41,"column":61}},"type":"binary-expr","locations":[{"start":{"line":41,"column":18},"end":{"line":41,"column":53}},{"start":{"line":41,"column":57},"end":{"line":41,"column":61}}]},"3":{"loc":{"start":{"line":60,"column":23},"end":{"line":60,"column":74}},"type":"cond-expr","locations":[{"start":{"line":60,"column":38},"end":{"line":60,"column":70}},{"start":{"line":60,"column":73},"end":{"line":60,"column":74}}]},"4":{"loc":{"start":{"line":83,"column":4},"end":{"line":83,"column":34}},"type":"if","locations":[{"start":{"line":83,"column":4},"end":{"line":83,"column":34}}]},"5":{"loc":{"start":{"line":102,"column":4},"end":{"line":102,"column":35}},"type":"if","locations":[{"start":{"line":102,"column":4},"end":{"line":102,"column":35}}]}},"s":{"0":2,"1":10,"2":13,"3":13,"4":13,"5":13,"6":6,"7":12,"8":6,"9":5,"10":5,"11":5,"12":5,"13":5,"14":5,"15":5,"16":5,"17":5,"18":5,"19":5,"20":3,"21":5,"22":3,"23":1,"24":2,"25":2,"26":2,"27":2,"28":3,"29":5,"30":3,"31":1,"32":2,"33":2,"34":2},"f":{"0":10,"1":13,"2":6,"3":12,"4":5,"5":3,"6":5,"7":3,"8":5},"b":{"0":[13,13],"1":[13,13],"2":[6,3],"3":[5,0],"4":[1],"5":[1]}}
,"C:\\Users\\LENOVO\\Training\\api\\src\\lib\\errors.js": {"path":"C:\\Users\\LENOVO\\Training\\api\\src\\lib\\errors.js","statementMap":{"0":{"start":{"line":3,"column":21},"end":{"line":7,"column":1}},"1":{"start":{"line":10,"column":14},"end":{"line":10,"column":40}},"2":{"start":{"line":11,"column":2},"end":{"line":11,"column":18}},"3":{"start":{"line":12,"column":2},"end":{"line":14,"column":3}},"4":{"start":{"line":13,"column":4},"end":{"line":13,"column":26}},"5":{"start":{"line":15,"column":2},"end":{"line":15,"column":13}},"6":{"start":{"line":18,"column":0},"end":{"line":18,"column":45}}},"fnMap":{"0":{"name":"makeError","decl":{"start":{"line":9,"column":9},"end":{"line":9,"column":18}},"loc":{"start":{"line":9,"column":43},"end":{"line":16,"column":1}},"line":9}},"branchMap":{"0":{"loc":{"start":{"line":10,"column":24},"end":{"line":10,"column":39}},"type":"binary-expr","locations":[{"start":{"line":10,"column":24},"end":{"line":10,"column":31}},{"start":{"line":10,"column":35},"end":{"line":10,"column":39}}],"line":10},"1":{"loc":{"start":{"line":12,"column":2},"end":{"line":14,"column":3}},"type":"if","locations":[{"start":{"line":12,"column":2},"end":{"line":14,"column":3}},{"start":{},"end":{}}],"line":12}},"s":{"0":8,"1":25,"2":25,"3":25,"4":15,"5":25,"6":8},"f":{"0":25},"b":{"0":[25,0],"1":[15,10]},"inputSourceMap":null,"_coverageSchema":"1a1c01bbd47fc00a2c39e90264f33305004495a9","hash":"290f023253bf3a1b9b03312460cdf838355b7b24"}
,"C:\\Users\\LENOVO\\Training\\api\\src\\middleware\\error-handler.js": {"path":"C:\\Users\\LENOVO\\Training\\api\\src\\middleware\\error-handler.js","statementMap":{"0":{"start":{"line":1,"column":25},"end":{"line":1,"column":49}},"1":{"start":{"line":5,"column":19},"end":{"line":5,"column":47}},"2":{"start":{"line":6,"column":17},"end":{"line":6,"column":39}},"3":{"start":{"line":7,"column":17},"end":{"line":7,"column":42}},"4":{"start":{"line":8,"column":2},"end":{"line":12,"column":5}},"5":{"start":{"line":15,"column":0},"end":{"line":15,"column":34}}},"fnMap":{"0":{"name":"errorHandler","decl":{"start":{"line":3,"column":9},"end":{"line":3,"column":21}},"loc":{"start":{"line":3,"column":45},"end":{"line":13,"column":1}},"line":3}},"branchMap":{"0":{"loc":{"start":{"line":5,"column":19},"end":{"line":5,"column":47}},"type":"binary-expr","locations":[{"start":{"line":5,"column":19},"end":{"line":5,"column":29}},{"start":{"line":5,"column":33},"end":{"line":5,"column":47}}],"line":5},"1":{"loc":{"start":{"line":7,"column":17},"end":{"line":7,"column":42}},"type":"binary-expr","locations":[{"start":{"line":7,"column":17},"end":{"line":7,"column":25}},{"start":{"line":7,"column":29},"end":{"line":7,"column":35}},{"start":{"line":7,"column":39},"end":{"line":7,"column":42}}],"line":7},"2":{"loc":{"start":{"line":9,"column":10},"end":{"line":9,"column":38}},"type":"binary-expr","locations":[{"start":{"line":9,"column":10},"end":{"line":9,"column":18}},{"start":{"line":9,"column":22},"end":{"line":9,"column":38}}],"line":9},"3":{"loc":{"start":{"line":10,"column":13},"end":{"line":10,"column":51}},"type":"binary-expr","locations":[{"start":{"line":10,"column":13},"end":{"line":10,"column":24}},{"start":{"line":10,"column":28},"end":{"line":10,"column":51}}],"line":10}},"s":{"0":6,"1":17,"2":17,"3":17,"4":17,"5":6},"f":{"0":17},"b":{"0":[17,17],"1":[17,17,0],"2":[17,0],"3":[17,0]},"inputSourceMap":null,"_coverageSchema":"1a1c01bbd47fc00a2c39e90264f33305004495a9","hash":"0bc8928d140baf69ccdc8db40c45792ccdd5df69"}
,"C:\\Users\\LENOVO\\Training\\api\\src\\middleware\\errorHandler.ts": {"path":"C:\\Users\\LENOVO\\Training\\api\\src\\middleware\\errorHandler.ts","statementMap":{"0":{"start":{"line":2,"column":0},"end":{"line":2,"column":45}},"1":{"start":{"line":4,"column":49},"end":{"line":11,"column":1}},"2":{"start":{"line":5,"column":18},"end":{"line":5,"column":102}},"3":{"start":{"line":6,"column":2},"end":{"line":10,"column":5}},"4":{"start":{"line":4,"column":13},"end":{"line":4,"column":49}},"5":{"start":{"line":13,"column":0},"end":{"line":13,"column":28}}},"fnMap":{"0":{"name":"(anonymous_0)","decl":{"start":{"line":4,"column":49},"end":{"line":4,"column":50}},"loc":{"start":{"line":4,"column":75},"end":{"line":11,"column":1}}}},"branchMap":{"0":{"loc":{"start":{"line":5,"column":18},"end":{"line":5,"column":102}},"type":"binary-expr","locations":[{"start":{"line":5,"column":18},"end":{"line":5,"column":95}},{"start":{"line":5,"column":99},"end":{"line":5,"column":102}}]},"1":{"loc":{"start":{"line":5,"column":59},"end":{"line":5,"column":83}},"type":"binary-expr","locations":[{"start":{"line":5,"column":59},"end":{"line":5,"column":62}},{"start":{"line":5,"column":67},"end":{"line":5,"column":83}}]},"2":{"loc":{"start":{"line":7,"column":10},"end":{"line":7,"column":56}},"type":"binary-expr","locations":[{"start":{"line":7,"column":11},"end":{"line":7,"column":14}},{"start":{"line":7,"column":19},"end":{"line":7,"column":35}},{"start":{"line":7,"column":40},"end":{"line":7,"column":56}}]},"3":{"loc":{"start":{"line":8,"column":13},"end":{"line":8,"column":69}},"type":"binary-expr","locations":[{"start":{"line":8,"column":14},"end":{"line":8,"column":17}},{"start":{"line":8,"column":22},"end":{"line":8,"column":41}},{"start":{"line":8,"column":46},"end":{"line":8,"column":69}}]}},"s":{"0":1,"1":1,"2":2,"3":2,"4":1,"5":1},"f":{"0":2},"b":{"0":[2,0],"1":[2,2],"2":[2,2,0],"3":[2,2,0]}}
,"C:\\Users\\LENOVO\\Training\\api\\src\\middleware\\not-found.js": {"path":"C:\\Users\\LENOVO\\Training\\api\\src\\middleware\\not-found.js","statementMap":{"0":{"start":{"line":1,"column":22},"end":{"line":1,"column":46}},"1":{"start":{"line":4,"column":2},"end":{"line":4,"column":44}},"2":{"start":{"line":7,"column":0},"end":{"line":7,"column":37}}},"fnMap":{"0":{"name":"notFoundHandler","decl":{"start":{"line":3,"column":9},"end":{"line":3,"column":24}},"loc":{"start":{"line":3,"column":43},"end":{"line":5,"column":1}},"line":3}},"branchMap":{},"s":{"0":6,"1":0,"2":6},"f":{"0":0},"b":{},"inputSourceMap":null,"_coverageSchema":"1a1c01bbd47fc00a2c39e90264f33305004495a9","hash":"5ec0a70bb2e1e5e018d41bbeeb6e9e0801486c1d"}
,"C:\\Users\\LENOVO\\Training\\api\\src\\middleware\\rate-limit.js": {"path":"C:\\Users\\LENOVO\\Training\\api\\src\\middleware\\rate-limit.js","statementMap":{"0":{"start":{"line":1,"column":18},"end":{"line":1,"column":47}},"1":{"start":{"line":5,"column":2},"end":{"line":19,"column":5}},"2":{"start":{"line":12,"column":32},"end":{"line":12,"column":66}},"3":{"start":{"line":13,"column":6},"end":{"line":17,"column":9}},"4":{"start":{"line":22,"column":0},"end":{"line":22,"column":39}}},"fnMap":{"0":{"name":"createRateLimiter","decl":{"start":{"line":4,"column":9},"end":{"line":4,"column":26}},"loc":{"start":{"line":4,"column":35},"end":{"line":20,"column":1}},"line":4},"1":{"name":"(anonymous_1)","decl":{"start":{"line":11,"column":13},"end":{"line":11,"column":14}},"loc":{"start":{"line":11,"column":44},"end":{"line":18,"column":5}},"line":11}},"branchMap":{},"s":{"0":6,"1":35,"2":3,"3":3,"4":6},"f":{"0":35,"1":3},"b":{},"inputSourceMap":null,"_coverageSchema":"1a1c01bbd47fc00a2c39e90264f33305004495a9","hash":"5a1f2564ba81e17717a620e5c8b546b9f0f91b60"}
,"C:\\Users\\LENOVO\\Training\\api\\src\\middleware\\validate.js": {"path":"C:\\Users\\LENOVO\\Training\\api\\src\\middleware\\validate.js","statementMap":{"0":{"start":{"line":1,"column":22},"end":{"line":1,"column":46}},"1":{"start":{"line":4,"column":2},"end":{"line":12,"column":4}},"2":{"start":{"line":5,"column":19},"end":{"line":5,"column":45}},"3":{"start":{"line":6,"column":4},"end":{"line":8,"column":5}},"4":{"start":{"line":7,"column":6},"end":{"line":7,"column":97}},"5":{"start":{"line":10,"column":4},"end":{"line":10,"column":27}},"6":{"start":{"line":11,"column":4},"end":{"line":11,"column":11}},"7":{"start":{"line":16,"column":2},"end":{"line":24,"column":4}},"8":{"start":{"line":17,"column":19},"end":{"line":17,"column":46}},"9":{"start":{"line":18,"column":4},"end":{"line":20,"column":5}},"10":{"start":{"line":19,"column":6},"end":{"line":19,"column":101}},"11":{"start":{"line":22,"column":4},"end":{"line":22,"column":37}},"12":{"start":{"line":23,"column":4},"end":{"line":23,"column":11}},"13":{"start":{"line":27,"column":0},"end":{"line":27,"column":49}}},"fnMap":{"0":{"name":"validateBody","decl":{"start":{"line":3,"column":9},"end":{"line":3,"column":21}},"loc":{"start":{"line":3,"column":30},"end":{"line":13,"column":1}},"line":3},"1":{"name":"(anonymous_1)","decl":{"start":{"line":4,"column":9},"end":{"line":4,"column":10}},"loc":{"start":{"line":4,"column":35},"end":{"line":12,"column":3}},"line":4},"2":{"name":"validateQuery","decl":{"start":{"line":15,"column":9},"end":{"line":15,"column":22}},"loc":{"start":{"line":15,"column":31},"end":{"line":25,"column":1}},"line":15},"3":{"name":"(anonymous_3)","decl":{"start":{"line":16,"column":9},"end":{"line":16,"column":10}},"loc":{"start":{"line":16,"column":35},"end":{"line":24,"column":3}},"line":16}},"branchMap":{"0":{"loc":{"start":{"line":6,"column":4},"end":{"line":8,"column":5}},"type":"if","locations":[{"start":{"line":6,"column":4},"end":{"line":8,"column":5}},{"start":{},"end":{}}],"line":6},"1":{"loc":{"start":{"line":18,"column":4},"end":{"line":20,"column":5}},"type":"if","locations":[{"start":{"line":18,"column":4},"end":{"line":20,"column":5}},{"start":{},"end":{}}],"line":18}},"s":{"0":6,"1":107,"2":46,"3":46,"4":9,"5":37,"6":37,"7":36,"8":13,"9":13,"10":5,"11":8,"12":8,"13":6},"f":{"0":107,"1":46,"2":36,"3":13},"b":{"0":[9,37],"1":[5,8]},"inputSourceMap":null,"_coverageSchema":"1a1c01bbd47fc00a2c39e90264f33305004495a9","hash":"ea19bd9589afa4b86b4310528a921caea94cdf13"}
,"C:\\Users\\LENOVO\\Training\\api\\src\\repositories\\SqlitePostsRepository.js": {"path":"C:\\Users\\LENOVO\\Training\\api\\src\\repositories\\SqlitePostsRepository.js","statementMap":{"0":{"start":{"line":2,"column":0},"end":{"line":6,"column":1}},"1":{"start":{"line":3,"column":2},"end":{"line":3,"column":39}},"2":{"start":{"line":5,"column":2},"end":{"line":5,"column":98}},"3":{"start":{"line":7,"column":11},"end":{"line":7,"column":24}},"4":{"start":{"line":8,"column":13},"end":{"line":8,"column":28}},"5":{"start":{"line":12,"column":25},"end":{"line":12,"column":84}},"6":{"start":{"line":13,"column":20},"end":{"line":13,"column":46}},"7":{"start":{"line":14,"column":4},"end":{"line":16,"column":5}},"8":{"start":{"line":15,"column":6},"end":{"line":15,"column":49}},"9":{"start":{"line":17,"column":4},"end":{"line":17,"column":41}},"10":{"start":{"line":18,"column":4},"end":{"line":18,"column":29}},"11":{"start":{"line":22,"column":4},"end":{"line":33,"column":7}},"12":{"start":{"line":37,"column":17},"end":{"line":40,"column":6}},"13":{"start":{"line":41,"column":4},"end":{"line":49,"column":7}},"14":{"start":{"line":50,"column":4},"end":{"line":50,"column":16}},"15":{"start":{"line":54,"column":16},"end":{"line":54,"column":75}},"16":{"start":{"line":55,"column":4},"end":{"line":55,"column":45}},"17":{"start":{"line":59,"column":19},"end":{"line":59,"column":40}},"18":{"start":{"line":60,"column":17},"end":{"line":64,"column":28}},"19":{"start":{"line":65,"column":4},"end":{"line":65,"column":45}},"20":{"start":{"line":65,"column":25},"end":{"line":65,"column":43}},"21":{"start":{"line":69,"column":17},"end":{"line":73,"column":6}},"22":{"start":{"line":74,"column":17},"end":{"line":82,"column":6}},"23":{"start":{"line":83,"column":4},"end":{"line":83,"column":28}},"24":{"start":{"line":87,"column":21},"end":{"line":87,"column":43}},"25":{"start":{"line":88,"column":4},"end":{"line":88,"column":31}},"26":{"start":{"line":88,"column":19},"end":{"line":88,"column":31}},"27":{"start":{"line":89,"column":19},"end":{"line":92,"column":5}},"28":{"start":{"line":93,"column":15},"end":{"line":93,"column":45}},"29":{"start":{"line":94,"column":4},"end":{"line":94,"column":30}},"30":{"start":{"line":98,"column":17},"end":{"line":98,"column":74}},"31":{"start":{"line":99,"column":4},"end":{"line":99,"column":28}},"32":{"start":{"line":103,"column":16},"end":{"line":103,"column":76}},"33":{"start":{"line":104,"column":4},"end":{"line":104,"column":21}},"34":{"start":{"line":108,"column":4},"end":{"line":116,"column":6}},"35":{"start":{"line":120,"column":4},"end":{"line":120,"column":73}},"36":{"start":{"line":120,"column":63},"end":{"line":120,"column":73}},"37":{"start":{"line":121,"column":4},"end":{"line":126,"column":5}},"38":{"start":{"line":122,"column":21},"end":{"line":122,"column":41}},"39":{"start":{"line":123,"column":6},"end":{"line":123,"column":49}},"40":{"start":{"line":125,"column":6},"end":{"line":125,"column":16}},"41":{"start":{"line":130,"column":0},"end":{"line":130,"column":43}}},"fnMap":{"0":{"name":"(anonymous_0)","decl":{"start":{"line":11,"column":2},"end":{"line":11,"column":3}},"loc":{"start":{"line":11,"column":32},"end":{"line":19,"column":3}},"line":11},"1":{"name":"(anonymous_1)","decl":{"start":{"line":21,"column":2},"end":{"line":21,"column":3}},"loc":{"start":{"line":21,"column":22},"end":{"line":34,"column":3}},"line":21},"2":{"name":"(anonymous_2)","decl":{"start":{"line":36,"column":2},"end":{"line":36,"column":3}},"loc":{"start":{"line":36,"column":21},"end":{"line":51,"column":3}},"line":36},"3":{"name":"(anonymous_3)","decl":{"start":{"line":53,"column":2},"end":{"line":53,"column":3}},"loc":{"start":{"line":53,"column":20},"end":{"line":56,"column":3}},"line":53},"4":{"name":"(anonymous_4)","decl":{"start":{"line":58,"column":2},"end":{"line":58,"column":3}},"loc":{"start":{"line":58,"column":29},"end":{"line":66,"column":3}},"line":58},"5":{"name":"(anonymous_5)","decl":{"start":{"line":65,"column":20},"end":{"line":65,"column":21}},"loc":{"start":{"line":65,"column":25},"end":{"line":65,"column":43}},"line":65},"6":{"name":"(anonymous_6)","decl":{"start":{"line":68,"column":2},"end":{"line":68,"column":3}},"loc":{"start":{"line":68,"column":26},"end":{"line":84,"column":3}},"line":68},"7":{"name":"(anonymous_7)","decl":{"start":{"line":86,"column":2},"end":{"line":86,"column":3}},"loc":{"start":{"line":86,"column":28},"end":{"line":95,"column":3}},"line":86},"8":{"name":"(anonymous_8)","decl":{"start":{"line":97,"column":2},"end":{"line":97,"column":3}},"loc":{"start":{"line":97,"column":19},"end":{"line":100,"column":3}},"line":97},"9":{"name":"(anonymous_9)","decl":{"start":{"line":102,"column":2},"end":{"line":102,"column":3}},"loc":{"start":{"line":102,"column":16},"end":{"line":105,"column":3}},"line":102},"10":{"name":"(anonymous_10)","decl":{"start":{"line":107,"column":2},"end":{"line":107,"column":3}},"loc":{"start":{"line":107,"column":18},"end":{"line":117,"column":3}},"line":107},"11":{"name":"(anonymous_11)","decl":{"start":{"line":119,"column":2},"end":{"line":119,"column":3}},"loc":{"start":{"line":119,"column":23},"end":{"line":127,"column":3}},"line":119}},"branchMap":{"0":{"loc":{"start":{"line":12,"column":25},"end":{"line":12,"column":84}},"type":"binary-expr","locations":[{"start":{"line":12,"column":25},"end":{"line":12,"column":41}},{"start":{"line":12,"column":45},"end":{"line":12,"column":84}}],"line":12},"1":{"loc":{"start":{"line":14,"column":4},"end":{"line":16,"column":5}},"type":"if","locations":[{"start":{"line":14,"column":4},"end":{"line":16,"column":5}},{"start":{},"end":{}}],"line":14},"2":{"loc":{"start":{"line":45,"column":27},"end":{"line":45,"column":68}},"type":"cond-expr","locations":[{"start":{"line":45,"column":54},"end":{"line":45,"column":63}},{"start":{"line":45,"column":66},"end":{"line":45,"column":68}}],"line":45},"3":{"loc":{"start":{"line":46,"column":17},"end":{"line":46,"column":39}},"type":"cond-expr","locations":[{"start":{"line":46,"column":34},"end":{"line":46,"column":35}},{"start":{"line":46,"column":38},"end":{"line":46,"column":39}}],"line":46},"4":{"loc":{"start":{"line":55,"column":11},"end":{"line":55,"column":44}},"type":"cond-expr","locations":[{"start":{"line":55,"column":17},"end":{"line":55,"column":37}},{"start":{"line":55,"column":40},"end":{"line":55,"column":44}}],"line":55},"5":{"loc":{"start":{"line":78,"column":27},"end":{"line":78,"column":68}},"type":"cond-expr","locations":[{"start":{"line":78,"column":54},"end":{"line":78,"column":63}},{"start":{"line":78,"column":66},"end":{"line":78,"column":68}}],"line":78},"6":{"loc":{"start":{"line":79,"column":17},"end":{"line":79,"column":39}},"type":"cond-expr","locations":[{"start":{"line":79,"column":34},"end":{"line":79,"column":35}},{"start":{"line":79,"column":38},"end":{"line":79,"column":39}}],"line":79},"7":{"loc":{"start":{"line":88,"column":4},"end":{"line":88,"column":31}},"type":"if","locations":[{"start":{"line":88,"column":4},"end":{"line":88,"column":31}},{"start":{},"end":{}}],"line":88},"8":{"loc":{"start":{"line":94,"column":11},"end":{"line":94,"column":29}},"type":"cond-expr","locations":[{"start":{"line":94,"column":16},"end":{"line":94,"column":22}},{"start":{"line":94,"column":25},"end":{"line":94,"column":29}}],"line":94},"9":{"loc":{"start":{"line":120,"column":4},"end":{"line":120,"column":73}},"type":"if","locations":[{"start":{"line":120,"column":4},"end":{"line":120,"column":73}},{"start":{},"end":{}}],"line":120},"10":{"loc":{"start":{"line":120,"column":8},"end":{"line":120,"column":61}},"type":"binary-expr","locations":[{"start":{"line":120,"column":8},"end":{"line":120,"column":36}},{"start":{"line":120,"column":40},"end":{"line":120,"column":61}}],"line":120},"11":{"loc":{"start":{"line":123,"column":13},"end":{"line":123,"column":48}},"type":"cond-expr","locations":[{"start":{"line":123,"column":37},"end":{"line":123,"column":43}},{"start":{"line":123,"column":46},"end":{"line":123,"column":48}}],"line":123}},"s":{"0":1,"1":1,"2":1,"3":0,"4":0,"5":0,"6":0,"7":0,"8":0,"9":0,"10":0,"11":0,"12":0,"13":0,"14":0,"15":0,"16":0,"17":0,"18":0,"19":0,"20":0,"21":0,"22":0,"23":0,"24":0,"25":0,"26":0,"27":0,"28":0,"29":0,"30":0,"31":0,"32":0,"33":0,"34":0,"35":0,"36":0,"37":0,"38":0,"39":0,"40":0,"41":0},"f":{"0":0,"1":0,"2":0,"3":0,"4":0,"5":0,"6":0,"7":0,"8":0,"9":0,"10":0,"11":0},"b":{"0":[0,0],"1":[0,0],"2":[0,0],"3":[0,0],"4":[0,0],"5":[0,0],"6":[0,0],"7":[0,0],"8":[0,0],"9":[0,0],"10":[0,0],"11":[0,0]},"inputSourceMap":null,"_coverageSchema":"1a1c01bbd47fc00a2c39e90264f33305004495a9","hash":"e97027f0517426b84e1794ee87bed9db1b989a79"}
,"C:\\Users\\LENOVO\\Training\\api\\src\\repositories\\posts-repository.js": {"path":"C:\\Users\\LENOVO\\Training\\api\\src\\repositories\\posts-repository.js","statementMap":{"0":{"start":{"line":10,"column":2},"end":{"line":16,"column":3}},"1":{"start":{"line":11,"column":4},"end":{"line":15,"column":5}},"2":{"start":{"line":12,"column":6},"end":{"line":12,"column":49}},"3":{"start":{"line":14,"column":6},"end":{"line":14,"column":63}},"4":{"start":{"line":14,"column":23},"end":{"line":14,"column":62}},"5":{"start":{"line":17,"column":2},"end":{"line":17,"column":18}},"6":{"start":{"line":21,"column":2},"end":{"line":21,"column":67}},"7":{"start":{"line":25,"column":17},"end":{"line":25,"column":45}},"8":{"start":{"line":26,"column":2},"end":{"line":34,"column":4}},"9":{"start":{"line":27,"column":16},"end":{"line":27,"column":70}},"10":{"start":{"line":28,"column":4},"end":{"line":32,"column":5}},"11":{"start":{"line":30,"column":20},"end":{"line":30,"column":60}},"12":{"start":{"line":31,"column":6},"end":{"line":31,"column":19}},"13":{"start":{"line":33,"column":4},"end":{"line":33,"column":31}},"14":{"start":{"line":39,"column":4},"end":{"line":39,"column":31}},"15":{"start":{"line":43,"column":19},"end":{"line":43,"column":43}},"16":{"start":{"line":44,"column":20},"end":{"line":52,"column":5}},"17":{"start":{"line":53,"column":4},"end":{"line":53,"column":55}},"18":{"start":{"line":54,"column":4},"end":{"line":54,"column":30}},"19":{"start":{"line":58,"column":18},"end":{"line":58,"column":48}},"20":{"start":{"line":59,"column":4},"end":{"line":59,"column":43}},"21":{"start":{"line":69,"column":16},"end":{"line":69,"column":83}},"22":{"start":{"line":70,"column":18},"end":{"line":70,"column":39}},"23":{"start":{"line":71,"column":18},"end":{"line":71,"column":67}},"24":{"start":{"line":72,"column":4},"end":{"line":72,"column":17}},"25":{"start":{"line":76,"column":4},"end":{"line":76,"column":46}},"26":{"start":{"line":76,"column":33},"end":{"line":76,"column":46}},"27":{"start":{"line":77,"column":20},"end":{"line":77,"column":46}},"28":{"start":{"line":78,"column":4},"end":{"line":78,"column":36}},"29":{"start":{"line":79,"column":4},"end":{"line":79,"column":16}},"30":{"start":{"line":83,"column":21},"end":{"line":83,"column":43}},"31":{"start":{"line":84,"column":4},"end":{"line":84,"column":31}},"32":{"start":{"line":84,"column":19},"end":{"line":84,"column":31}},"33":{"start":{"line":85,"column":19},"end":{"line":85,"column":46}},"34":{"start":{"line":86,"column":4},"end":{"line":86,"column":46}},"35":{"start":{"line":87,"column":4},"end":{"line":87,"column":29}},"36":{"start":{"line":91,"column":4},"end":{"line":91,"column":37}},"37":{"start":{"line":95,"column":4},"end":{"line":95,"column":31}},"38":{"start":{"line":100,"column":18},"end":{"line":100,"column":68}},"39":{"start":{"line":101,"column":2},"end":{"line":110,"column":3}},"40":{"start":{"line":103,"column":4},"end":{"line":107,"column":5}},"41":{"start":{"line":104,"column":6},"end":{"line":104,"column":71}},"42":{"start":{"line":106,"column":6},"end":{"line":106,"column":130}},"43":{"start":{"line":108,"column":19},"end":{"line":108,"column":51}},"44":{"start":{"line":109,"column":4},"end":{"line":109,"column":45}},"45":{"start":{"line":111,"column":2},"end":{"line":111,"column":39}},"46":{"start":{"line":114,"column":0},"end":{"line":114,"column":63}}},"fnMap":{"0":{"name":"getNanoid","decl":{"start":{"line":9,"column":9},"end":{"line":9,"column":18}},"loc":{"start":{"line":9,"column":21},"end":{"line":18,"column":1}},"line":9},"1":{"name":"(anonymous_1)","decl":{"start":{"line":14,"column":17},"end":{"line":14,"column":18}},"loc":{"start":{"line":14,"column":23},"end":{"line":14,"column":62}},"line":14},"2":{"name":"deepClone","decl":{"start":{"line":20,"column":9},"end":{"line":20,"column":18}},"loc":{"start":{"line":20,"column":26},"end":{"line":22,"column":1}},"line":20},"3":{"name":"compareByCreatedAt","decl":{"start":{"line":24,"column":9},"end":{"line":24,"column":27}},"loc":{"start":{"line":24,"column":35},"end":{"line":35,"column":1}},"line":24},"4":{"name":"(anonymous_4)","decl":{"start":{"line":26,"column":9},"end":{"line":26,"column":10}},"loc":{"start":{"line":26,"column":19},"end":{"line":34,"column":3}},"line":26},"5":{"name":"(anonymous_5)","decl":{"start":{"line":38,"column":2},"end":{"line":38,"column":3}},"loc":{"start":{"line":38,"column":16},"end":{"line":40,"column":3}},"line":38},"6":{"name":"(anonymous_6)","decl":{"start":{"line":42,"column":2},"end":{"line":42,"column":3}},"loc":{"start":{"line":42,"column":21},"end":{"line":55,"column":3}},"line":42},"7":{"name":"(anonymous_7)","decl":{"start":{"line":57,"column":2},"end":{"line":57,"column":3}},"loc":{"start":{"line":57,"column":20},"end":{"line":60,"column":3}},"line":57},"8":{"name":"(anonymous_8)","decl":{"start":{"line":68,"column":2},"end":{"line":68,"column":3}},"loc":{"start":{"line":68,"column":36},"end":{"line":73,"column":3}},"line":68},"9":{"name":"(anonymous_9)","decl":{"start":{"line":75,"column":2},"end":{"line":75,"column":3}},"loc":{"start":{"line":75,"column":26},"end":{"line":80,"column":3}},"line":75},"10":{"name":"(anonymous_10)","decl":{"start":{"line":82,"column":2},"end":{"line":82,"column":3}},"loc":{"start":{"line":82,"column":28},"end":{"line":88,"column":3}},"line":82},"11":{"name":"(anonymous_11)","decl":{"start":{"line":90,"column":2},"end":{"line":90,"column":3}},"loc":{"start":{"line":90,"column":19},"end":{"line":92,"column":3}},"line":90},"12":{"name":"(anonymous_12)","decl":{"start":{"line":94,"column":2},"end":{"line":94,"column":3}},"loc":{"start":{"line":94,"column":16},"end":{"line":96,"column":3}},"line":94},"13":{"name":"createRepository","decl":{"start":{"line":99,"column":9},"end":{"line":99,"column":25}},"loc":{"start":{"line":99,"column":28},"end":{"line":112,"column":1}},"line":99}},"branchMap":{"0":{"loc":{"start":{"line":10,"column":2},"end":{"line":16,"column":3}},"type":"if","locations":[{"start":{"line":10,"column":2},"end":{"line":16,"column":3}},{"start":{},"end":{}}],"line":10},"1":{"loc":{"start":{"line":21,"column":9},"end":{"line":21,"column":66}},"type":"cond-expr","locations":[{"start":{"line":21,"column":25},"end":{"line":21,"column":30}},{"start":{"line":21,"column":33},"end":{"line":21,"column":66}}],"line":21},"2":{"loc":{"start":{"line":25,"column":18},"end":{"line":25,"column":33}},"type":"binary-expr","locations":[{"start":{"line":25,"column":18},"end":{"line":25,"column":23}},{"start":{"line":25,"column":27},"end":{"line":25,"column":33}}],"line":25},"3":{"loc":{"start":{"line":28,"column":4},"end":{"line":32,"column":5}},"type":"if","locations":[{"start":{"line":28,"column":4},"end":{"line":32,"column":5}},{"start":{},"end":{}}],"line":28},"4":{"loc":{"start":{"line":33,"column":11},"end":{"line":33,"column":30}},"type":"cond-expr","locations":[{"start":{"line":33,"column":20},"end":{"line":33,"column":24}},{"start":{"line":33,"column":27},"end":{"line":33,"column":30}}],"line":33},"5":{"loc":{"start":{"line":45,"column":10},"end":{"line":45,"column":34}},"type":"binary-expr","locations":[{"start":{"line":45,"column":10},"end":{"line":45,"column":17}},{"start":{"line":45,"column":21},"end":{"line":45,"column":34}}],"line":45},"6":{"loc":{"start":{"line":48,"column":12},"end":{"line":48,"column":53}},"type":"cond-expr","locations":[{"start":{"line":48,"column":39},"end":{"line":48,"column":48}},{"start":{"line":48,"column":51},"end":{"line":48,"column":53}}],"line":48},"7":{"loc":{"start":{"line":49,"column":17},"end":{"line":49,"column":40}},"type":"binary-expr","locations":[{"start":{"line":49,"column":17},"end":{"line":49,"column":31}},{"start":{"line":49,"column":35},"end":{"line":49,"column":40}}],"line":49},"8":{"loc":{"start":{"line":50,"column":17},"end":{"line":50,"column":41}},"type":"binary-expr","locations":[{"start":{"line":50,"column":17},"end":{"line":50,"column":31}},{"start":{"line":50,"column":35},"end":{"line":50,"column":41}}],"line":50},"9":{"loc":{"start":{"line":51,"column":17},"end":{"line":51,"column":41}},"type":"binary-expr","locations":[{"start":{"line":51,"column":17},"end":{"line":51,"column":31}},{"start":{"line":51,"column":35},"end":{"line":51,"column":41}}],"line":51},"10":{"loc":{"start":{"line":58,"column":18},"end":{"line":58,"column":48}},"type":"binary-expr","locations":[{"start":{"line":58,"column":18},"end":{"line":58,"column":40}},{"start":{"line":58,"column":44},"end":{"line":58,"column":48}}],"line":58},"11":{"loc":{"start":{"line":59,"column":11},"end":{"line":59,"column":42}},"type":"cond-expr","locations":[{"start":{"line":59,"column":19},"end":{"line":59,"column":35}},{"start":{"line":59,"column":38},"end":{"line":59,"column":42}}],"line":59},"12":{"loc":{"start":{"line":76,"column":4},"end":{"line":76,"column":46}},"type":"if","locations":[{"start":{"line":76,"column":4},"end":{"line":76,"column":46}},{"start":{},"end":{}}],"line":76},"13":{"loc":{"start":{"line":84,"column":4},"end":{"line":84,"column":31}},"type":"if","locations":[{"start":{"line":84,"column":4},"end":{"line":84,"column":31}},{"start":{},"end":{}}],"line":84},"14":{"loc":{"start":{"line":100,"column":19},"end":{"line":100,"column":53}},"type":"binary-expr","locations":[{"start":{"line":100,"column":19},"end":{"line":100,"column":47}},{"start":{"line":100,"column":51},"end":{"line":100,"column":53}}],"line":100},"15":{"loc":{"start":{"line":101,"column":2},"end":{"line":110,"column":3}},"type":"if","locations":[{"start":{"line":101,"column":2},"end":{"line":110,"column":3}},{"start":{},"end":{}}],"line":101},"16":{"loc":{"start":{"line":108,"column":19},"end":{"line":108,"column":51}},"type":"binary-expr","locations":[{"start":{"line":108,"column":19},"end":{"line":108,"column":38}},{"start":{"line":108,"column":42},"end":{"line":108,"column":51}}],"line":108}},"s":{"0":0,"1":0,"2":0,"3":0,"4":0,"5":0,"6":126,"7":16,"8":16,"9":38,"10":38,"11":0,"12":0,"13":38,"14":54,"15":41,"16":41,"17":41,"18":41,"19":21,"20":21,"21":16,"22":16,"23":16,"24":16,"25":5,"26":1,"27":4,"28":4,"29":4,"30":5,"31":5,"32":1,"33":4,"34":4,"35":4,"36":6,"37":12,"38":34,"39":34,"40":0,"41":0,"42":0,"43":0,"44":0,"45":34,"46":8},"f":{"0":0,"1":0,"2":126,"3":16,"4":38,"5":54,"6":41,"7":21,"8":16,"9":5,"10":5,"11":6,"12":12,"13":34},"b":{"0":[0,0],"1":[0,126],"2":[16,16],"3":[0,38],"4":[38,0],"5":[41,0],"6":[41,0],"7":[41,0],"8":[41,0],"9":[41,0],"10":[21,9],"11":[12,9],"12":[1,4],"13":[1,4],"14":[34,34],"15":[0,34],"16":[0,0]},"inputSourceMap":null,"_coverageSchema":"1a1c01bbd47fc00a2c39e90264f33305004495a9","hash":"fab88b457dca8a7400d7125c67619c53bbaf9357"}
,"C:\\Users\\LENOVO\\Training\\api\\src\\routes\\health.js": {"path":"C:\\Users\\LENOVO\\Training\\api\\src\\routes\\health.js","statementMap":{"0":{"start":{"line":1,"column":16},"end":{"line":1,"column":34}},"1":{"start":{"line":4,"column":17},"end":{"line":4,"column":33}},"2":{"start":{"line":5,"column":2},"end":{"line":7,"column":5}},"3":{"start":{"line":6,"column":4},"end":{"line":6,"column":43}},"4":{"start":{"line":8,"column":2},"end":{"line":8,"column":16}},"5":{"start":{"line":11,"column":0},"end":{"line":11,"column":40}}},"fnMap":{"0":{"name":"createHealthRoutes","decl":{"start":{"line":3,"column":9},"end":{"line":3,"column":27}},"loc":{"start":{"line":3,"column":30},"end":{"line":9,"column":1}},"line":3},"1":{"name":"(anonymous_1)","decl":{"start":{"line":5,"column":24},"end":{"line":5,"column":25}},"loc":{"start":{"line":5,"column":39},"end":{"line":7,"column":3}},"line":5}},"branchMap":{},"s":{"0":6,"1":35,"2":35,"3":106,"4":35,"5":6},"f":{"0":35,"1":106},"b":{},"inputSourceMap":null,"_coverageSchema":"1a1c01bbd47fc00a2c39e90264f33305004495a9","hash":"c1332b93cb769c7bd785e5400650b1ca39812f9b"}
,"C:\\Users\\LENOVO\\Training\\api\\src\\routes\\posts-routes.js": {"path":"C:\\Users\\LENOVO\\Training\\api\\src\\routes\\posts-routes.js","statementMap":{"0":{"start":{"line":1,"column":16},"end":{"line":1,"column":34}},"1":{"start":{"line":2,"column":40},"end":{"line":2,"column":73}},"2":{"start":{"line":3,"column":46},"end":{"line":3,"column":84}},"3":{"start":{"line":6,"column":17},"end":{"line":6,"column":33}},"4":{"start":{"line":7,"column":2},"end":{"line":7,"column":61}},"5":{"start":{"line":8,"column":2},"end":{"line":8,"column":64}},"6":{"start":{"line":9,"column":2},"end":{"line":9,"column":41}},"7":{"start":{"line":10,"column":2},"end":{"line":10,"column":67}},"8":{"start":{"line":11,"column":2},"end":{"line":11,"column":68}},"9":{"start":{"line":12,"column":2},"end":{"line":12,"column":43}},"10":{"start":{"line":13,"column":2},"end":{"line":13,"column":16}},"11":{"start":{"line":16,"column":0},"end":{"line":16,"column":39}}},"fnMap":{"0":{"name":"createPostsRoutes","decl":{"start":{"line":5,"column":9},"end":{"line":5,"column":26}},"loc":{"start":{"line":5,"column":39},"end":{"line":14,"column":1}},"line":5}},"branchMap":{},"s":{"0":6,"1":6,"2":6,"3":35,"4":35,"5":35,"6":35,"7":35,"8":35,"9":35,"10":35,"11":6},"f":{"0":35},"b":{},"inputSourceMap":null,"_coverageSchema":"1a1c01bbd47fc00a2c39e90264f33305004495a9","hash":"049fdb3bbbe2e52fb7e5f0fca5dd6dc25ab3ac46"}
,"C:\\Users\\LENOVO\\Training\\api\\src\\services\\posts-service.js": {"path":"C:\\Users\\LENOVO\\Training\\api\\src\\services\\posts-service.js","statementMap":{"0":{"start":{"line":5,"column":2},"end":{"line":12,"column":3}},"1":{"start":{"line":6,"column":4},"end":{"line":11,"column":5}},"2":{"start":{"line":7,"column":6},"end":{"line":7,"column":49}},"3":{"start":{"line":10,"column":6},"end":{"line":10,"column":63}},"4":{"start":{"line":10,"column":23},"end":{"line":10,"column":62}},"5":{"start":{"line":13,"column":2},"end":{"line":13,"column":18}},"6":{"start":{"line":15,"column":22},"end":{"line":15,"column":46}},"7":{"start":{"line":19,"column":4},"end":{"line":19,"column":33}},"8":{"start":{"line":23,"column":16},"end":{"line":23,"column":40}},"9":{"start":{"line":24,"column":17},"end":{"line":32,"column":5}},"10":{"start":{"line":33,"column":4},"end":{"line":33,"column":39}},"11":{"start":{"line":34,"column":4},"end":{"line":34,"column":16}},"12":{"start":{"line":38,"column":17},"end":{"line":38,"column":50}},"13":{"start":{"line":39,"column":4},"end":{"line":39,"column":62}},"14":{"start":{"line":39,"column":15},"end":{"line":39,"column":62}},"15":{"start":{"line":40,"column":4},"end":{"line":40,"column":16}},"16":{"start":{"line":45,"column":4},"end":{"line":47,"column":5}},"17":{"start":{"line":46,"column":6},"end":{"line":46,"column":75}},"18":{"start":{"line":48,"column":18},"end":{"line":48,"column":60}},"19":{"start":{"line":49,"column":18},"end":{"line":49,"column":47}},"20":{"start":{"line":50,"column":18},"end":{"line":50,"column":39}},"21":{"start":{"line":51,"column":24},"end":{"line":51,"column":52}},"22":{"start":{"line":52,"column":4},"end":{"line":52,"column":34}},"23":{"start":{"line":56,"column":21},"end":{"line":56,"column":54}},"24":{"start":{"line":57,"column":4},"end":{"line":57,"column":66}},"25":{"start":{"line":57,"column":19},"end":{"line":57,"column":66}},"26":{"start":{"line":58,"column":16},"end":{"line":58,"column":40}},"27":{"start":{"line":59,"column":20},"end":{"line":67,"column":5}},"28":{"start":{"line":68,"column":4},"end":{"line":68,"column":47}},"29":{"start":{"line":69,"column":4},"end":{"line":69,"column":19}},"30":{"start":{"line":73,"column":21},"end":{"line":73,"column":54}},"31":{"start":{"line":74,"column":4},"end":{"line":74,"column":66}},"32":{"start":{"line":74,"column":19},"end":{"line":74,"column":66}},"33":{"start":{"line":75,"column":16},"end":{"line":75,"column":40}},"34":{"start":{"line":76,"column":19},"end":{"line":80,"column":5}},"35":{"start":{"line":81,"column":18},"end":{"line":81,"column":58}},"36":{"start":{"line":82,"column":4},"end":{"line":82,"column":17}},"37":{"start":{"line":86,"column":20},"end":{"line":86,"column":52}},"38":{"start":{"line":87,"column":4},"end":{"line":87,"column":65}},"39":{"start":{"line":87,"column":18},"end":{"line":87,"column":65}},"40":{"start":{"line":91,"column":0},"end":{"line":91,"column":34}}},"fnMap":{"0":{"name":"getNanoid","decl":{"start":{"line":4,"column":9},"end":{"line":4,"column":18}},"loc":{"start":{"line":4,"column":21},"end":{"line":14,"column":1}},"line":4},"1":{"name":"(anonymous_1)","decl":{"start":{"line":10,"column":17},"end":{"line":10,"column":18}},"loc":{"start":{"line":10,"column":23},"end":{"line":10,"column":62}},"line":10},"2":{"name":"(anonymous_2)","decl":{"start":{"line":18,"column":2},"end":{"line":18,"column":3}},"loc":{"start":{"line":18,"column":26},"end":{"line":20,"column":3}},"line":18},"3":{"name":"(anonymous_3)","decl":{"start":{"line":22,"column":2},"end":{"line":22,"column":3}},"loc":{"start":{"line":22,"column":21},"end":{"line":35,"column":3}},"line":22},"4":{"name":"(anonymous_4)","decl":{"start":{"line":37,"column":2},"end":{"line":37,"column":3}},"loc":{"start":{"line":37,"column":20},"end":{"line":41,"column":3}},"line":37},"5":{"name":"(anonymous_5)","decl":{"start":{"line":43,"column":2},"end":{"line":43,"column":3}},"loc":{"start":{"line":43,"column":29},"end":{"line":53,"column":3}},"line":43},"6":{"name":"(anonymous_6)","decl":{"start":{"line":55,"column":2},"end":{"line":55,"column":3}},"loc":{"start":{"line":55,"column":26},"end":{"line":70,"column":3}},"line":55},"7":{"name":"(anonymous_7)","decl":{"start":{"line":72,"column":2},"end":{"line":72,"column":3}},"loc":{"start":{"line":72,"column":28},"end":{"line":83,"column":3}},"line":72},"8":{"name":"(anonymous_8)","decl":{"start":{"line":85,"column":2},"end":{"line":85,"column":3}},"loc":{"start":{"line":85,"column":19},"end":{"line":88,"column":3}},"line":85}},"branchMap":{"0":{"loc":{"start":{"line":5,"column":2},"end":{"line":12,"column":3}},"type":"if","locations":[{"start":{"line":5,"column":2},"end":{"line":12,"column":3}},{"start":{},"end":{}}],"line":5},"1":{"loc":{"start":{"line":28,"column":12},"end":{"line":28,"column":53}},"type":"cond-expr","locations":[{"start":{"line":28,"column":39},"end":{"line":28,"column":48}},{"start":{"line":28,"column":51},"end":{"line":28,"column":53}}],"line":28},"2":{"loc":{"start":{"line":29,"column":17},"end":{"line":29,"column":40}},"type":"binary-expr","locations":[{"start":{"line":29,"column":17},"end":{"line":29,"column":31}},{"start":{"line":29,"column":35},"end":{"line":29,"column":40}}],"line":29},"3":{"loc":{"start":{"line":39,"column":4},"end":{"line":39,"column":62}},"type":"if","locations":[{"start":{"line":39,"column":4},"end":{"line":39,"column":62}},{"start":{},"end":{}}],"line":39},"4":{"loc":{"start":{"line":45,"column":4},"end":{"line":47,"column":5}},"type":"if","locations":[{"start":{"line":45,"column":4},"end":{"line":47,"column":5}},{"start":{},"end":{}}],"line":45},"5":{"loc":{"start":{"line":45,"column":8},"end":{"line":45,"column":108}},"type":"binary-expr","locations":[{"start":{"line":45,"column":8},"end":{"line":45,"column":31}},{"start":{"line":45,"column":35},"end":{"line":45,"column":62}},{"start":{"line":45,"column":66},"end":{"line":45,"column":74}},{"start":{"line":45,"column":78},"end":{"line":45,"column":90}},{"start":{"line":45,"column":94},"end":{"line":45,"column":108}}],"line":45},"6":{"loc":{"start":{"line":57,"column":4},"end":{"line":57,"column":66}},"type":"if","locations":[{"start":{"line":57,"column":4},"end":{"line":57,"column":66}},{"start":{},"end":{}}],"line":57},"7":{"loc":{"start":{"line":63,"column":12},"end":{"line":63,"column":53}},"type":"cond-expr","locations":[{"start":{"line":63,"column":39},"end":{"line":63,"column":48}},{"start":{"line":63,"column":51},"end":{"line":63,"column":53}}],"line":63},"8":{"loc":{"start":{"line":64,"column":17},"end":{"line":64,"column":40}},"type":"binary-expr","locations":[{"start":{"line":64,"column":17},"end":{"line":64,"column":31}},{"start":{"line":64,"column":35},"end":{"line":64,"column":40}}],"line":64},"9":{"loc":{"start":{"line":74,"column":4},"end":{"line":74,"column":66}},"type":"if","locations":[{"start":{"line":74,"column":4},"end":{"line":74,"column":66}},{"start":{},"end":{}}],"line":74},"10":{"loc":{"start":{"line":87,"column":4},"end":{"line":87,"column":65}},"type":"if","locations":[{"start":{"line":87,"column":4},"end":{"line":87,"column":65}},{"start":{},"end":{}}],"line":87}},"s":{"0":29,"1":4,"2":4,"3":0,"4":0,"5":29,"6":7,"7":47,"8":29,"9":29,"10":29,"11":29,"12":7,"13":7,"14":4,"15":3,"16":11,"17":0,"18":11,"19":11,"20":11,"21":11,"22":11,"23":6,"24":6,"25":2,"26":4,"27":4,"28":4,"29":4,"30":6,"31":6,"32":2,"33":4,"34":4,"35":4,"36":4,"37":5,"38":5,"39":2,"40":7},"f":{"0":29,"1":0,"2":47,"3":29,"4":7,"5":11,"6":6,"7":6,"8":5},"b":{"0":[4,25],"1":[2,27],"2":[29,27],"3":[4,3],"4":[0,11],"5":[11,11,11,11,11],"6":[2,4],"7":[0,4],"8":[4,4],"9":[2,4],"10":[2,3]},"inputSourceMap":null,"_coverageSchema":"1a1c01bbd47fc00a2c39e90264f33305004495a9","hash":"f4a879bf4780c30b23a3cd3ccd053fce37062171"}
,"C:\\Users\\LENOVO\\Training\\api\\src\\validation\\posts-schemas.js": {"path":"C:\\Users\\LENOVO\\Training\\api\\src\\validation\\posts-schemas.js","statementMap":{"0":{"start":{"line":1,"column":14},"end":{"line":1,"column":28}},"1":{"start":{"line":3,"column":19},"end":{"line":8,"column":11}},"2":{"start":{"line":10,"column":19},"end":{"line":12,"column":2}},"3":{"start":{"line":10,"column":56},"end":{"line":10,"column":83}},"4":{"start":{"line":14,"column":18},"end":{"line":17,"column":2}},"5":{"start":{"line":19,"column":0},"end":{"line":19,"column":55}}},"fnMap":{"0":{"name":"(anonymous_0)","decl":{"start":{"line":10,"column":47},"end":{"line":10,"column":48}},"loc":{"start":{"line":10,"column":56},"end":{"line":10,"column":83}},"line":10}},"branchMap":{},"s":{"0":7,"1":7,"2":7,"3":9,"4":7,"5":7},"f":{"0":9},"b":{},"inputSourceMap":null,"_coverageSchema":"1a1c01bbd47fc00a2c39e90264f33305004495a9","hash":"191d7249b3141953c27cc671fe3720d2481f8a6b"}
}
