{"total": {"lines":{"total":305,"covered":250,"skipped":0,"pct":81.96},"statements":{"total":322,"covered":263,"skipped":0,"pct":81.67},"functions":{"total":70,"covered":54,"skipped":0,"pct":77.14},"branches":{"total":117,"covered":70,"skipped":0,"pct":59.82},"branchesTrue":{"total":0,"covered":0,"skipped":0,"pct":100}}
,"C:\\Users\\LENOVO\\Training\\api\\src\\app.js": {"lines":{"total":32,"covered":32,"skipped":0,"pct":100},"functions":{"total":2,"covered":2,"skipped":0,"pct":100},"statements":{"total":32,"covered":32,"skipped":0,"pct":100},"branches":{"total":2,"covered":1,"skipped":0,"pct":50}}
,"C:\\Users\\LENOVO\\Training\\api\\src\\app.ts": {"lines":{"total":33,"covered":30,"skipped":0,"pct":90.9},"functions":{"total":2,"covered":1,"skipped":0,"pct":50},"statements":{"total":33,"covered":30,"skipped":0,"pct":90.9},"branches":{"total":1,"covered":1,"skipped":0,"pct":100}}
,"C:\\Users\\LENOVO\\Training\\api\\src\\config.js": {"lines":{"total":6,"covered":6,"skipped":0,"pct":100},"functions":{"total":2,"covered":2,"skipped":0,"pct":100},"statements":{"total":6,"covered":6,"skipped":0,"pct":100},"branches":{"total":4,"covered":3,"skipped":0,"pct":75}}
,"C:\\Users\\LENOVO\\Training\\api\\src\\controllers\\posts-controller.js": {"lines":{"total":28,"covered":26,"skipped":0,"pct":92.85},"functions":{"total":7,"covered":7,"skipped":0,"pct":100},"statements":{"total":28,"covered":26,"skipped":0,"pct":92.85},"branches":{"total":2,"covered":1,"skipped":0,"pct":50}}
,"C:\\Users\\LENOVO\\Training\\api\\src\\core\\posts\\posts.service.ts": {"lines":{"total":28,"covered":28,"skipped":0,"pct":100},"functions":{"total":9,"covered":9,"skipped":0,"pct":100},"statements":{"total":33,"covered":33,"skipped":0,"pct":100},"branches":{"total":8,"covered":7,"skipped":0,"pct":87.5}}
,"C:\\Users\\LENOVO\\Training\\api\\src\\lib\\errors.js": {"lines":{"total":7,"covered":7,"skipped":0,"pct":100},"functions":{"total":1,"covered":1,"skipped":0,"pct":100},"statements":{"total":7,"covered":7,"skipped":0,"pct":100},"branches":{"total":4,"covered":3,"skipped":0,"pct":75}}
,"C:\\Users\\LENOVO\\Training\\api\\src\\middleware\\error-handler.js": {"lines":{"total":6,"covered":6,"skipped":0,"pct":100},"functions":{"total":1,"covered":1,"skipped":0,"pct":100},"statements":{"total":6,"covered":6,"skipped":0,"pct":100},"branches":{"total":9,"covered":6,"skipped":0,"pct":66.66}}
,"C:\\Users\\LENOVO\\Training\\api\\src\\middleware\\not-found.js": {"lines":{"total":3,"covered":2,"skipped":0,"pct":66.66},"functions":{"total":1,"covered":0,"skipped":0,"pct":0},"statements":{"total":3,"covered":2,"skipped":0,"pct":66.66},"branches":{"total":0,"covered":0,"skipped":0,"pct":100}}
,"C:\\Users\\LENOVO\\Training\\api\\src\\middleware\\rate-limit.js": {"lines":{"total":6,"covered":6,"skipped":0,"pct":100},"functions":{"total":2,"covered":2,"skipped":0,"pct":100},"statements":{"total":6,"covered":6,"skipped":0,"pct":100},"branches":{"total":0,"covered":0,"skipped":0,"pct":100}}
,"C:\\Users\\LENOVO\\Training\\api\\src\\middleware\\validate.js": {"lines":{"total":14,"covered":14,"skipped":0,"pct":100},"functions":{"total":4,"covered":4,"skipped":0,"pct":100},"statements":{"total":14,"covered":14,"skipped":0,"pct":100},"branches":{"total":4,"covered":4,"skipped":0,"pct":100}}
,"C:\\Users\\LENOVO\\Training\\api\\src\\repositories\\SqlitePostsRepository.js": {"lines":{"total":39,"covered":3,"skipped":0,"pct":7.69},"functions":{"total":12,"covered":0,"skipped":0,"pct":0},"statements":{"total":42,"covered":3,"skipped":0,"pct":7.14},"branches":{"total":24,"covered":0,"skipped":0,"pct":0}}
,"C:\\Users\\LENOVO\\Training\\api\\src\\repositories\\posts-repository.js": {"lines":{"total":44,"covered":32,"skipped":0,"pct":72.72},"functions":{"total":14,"covered":12,"skipped":0,"pct":85.71},"statements":{"total":47,"covered":34,"skipped":0,"pct":72.34},"branches":{"total":34,"covered":21,"skipped":0,"pct":61.76}}
,"C:\\Users\\LENOVO\\Training\\api\\src\\routes\\health.js": {"lines":{"total":6,"covered":6,"skipped":0,"pct":100},"functions":{"total":2,"covered":2,"skipped":0,"pct":100},"statements":{"total":6,"covered":6,"skipped":0,"pct":100},"branches":{"total":0,"covered":0,"skipped":0,"pct":100}}
,"C:\\Users\\LENOVO\\Training\\api\\src\\routes\\posts-routes.js": {"lines":{"total":12,"covered":12,"skipped":0,"pct":100},"functions":{"total":1,"covered":1,"skipped":0,"pct":100},"statements":{"total":12,"covered":12,"skipped":0,"pct":100},"branches":{"total":0,"covered":0,"skipped":0,"pct":100}}
,"C:\\Users\\LENOVO\\Training\\api\\src\\services\\posts-service.js": {"lines":{"total":36,"covered":35,"skipped":0,"pct":97.22},"functions":{"total":9,"covered":9,"skipped":0,"pct":100},"statements":{"total":41,"covered":40,"skipped":0,"pct":97.56},"branches":{"total":25,"covered":23,"skipped":0,"pct":92}}
,"C:\\Users\\LENOVO\\Training\\api\\src\\validation\\posts-schemas.js": {"lines":{"total":5,"covered":5,"skipped":0,"pct":100},"functions":{"total":1,"covered":1,"skipped":0,"pct":100},"statements":{"total":6,"covered":6,"skipped":0,"pct":100},"branches":{"total":0,"covered":0,"skipped":0,"pct":100}}
}
