{"C:\\Users\\LENOVO\\Training\\api\\src\\app.js": {"path":"C:\\Users\\LENOVO\\Training\\api\\src\\app.js","statementMap":{"0":{"start":{"line":1,"column":16},"end":{"line":1,"column":34}},"1":{"start":{"line":2,"column":15},"end":{"line":2,"column":32}},"2":{"start":{"line":3,"column":13},"end":{"line":3,"column":28}},"3":{"start":{"line":4,"column":15},"end":{"line":4,"column":32}},"4":{"start":{"line":5,"column":25},"end":{"line":5,"column":62}},"5":{"start":{"line":6,"column":30},"end":{"line":6,"column":64}},"6":{"start":{"line":7,"column":34},"end":{"line":7,"column":75}},"7":{"start":{"line":8,"column":25},"end":{"line":8,"column":60}},"8":{"start":{"line":9,"column":30},"end":{"line":9,"column":62}},"9":{"start":{"line":10,"column":31},"end":{"line":10,"column":57}},"10":{"start":{"line":13,"column":14},"end":{"line":13,"column":23}},"11":{"start":{"line":14,"column":2},"end":{"line":14,"column":20}},"12":{"start":{"line":15,"column":2},"end":{"line":15,"column":18}},"13":{"start":{"line":16,"column":2},"end":{"line":16,"column":53}},"14":{"start":{"line":17,"column":2},"end":{"line":17,"column":30}},"15":{"start":{"line":18,"column":2},"end":{"line":18,"column":37}},"16":{"start":{"line":21,"column":2},"end":{"line":21,"column":37}},"17":{"start":{"line":24,"column":23},"end":{"line":24,"column":51}},"18":{"start":{"line":25,"column":26},"end":{"line":25,"column":61}},"19":{"start":{"line":26,"column":2},"end":{"line":26,"column":56}},"20":{"start":{"line":29,"column":2},"end":{"line":29,"column":24}},"21":{"start":{"line":31,"column":2},"end":{"line":31,"column":13}},"22":{"start":{"line":34,"column":0},"end":{"line":34,"column":31}}},"fnMap":{"0":{"name":"createApp","decl":{"start":{"line":12,"column":9},"end":{"line":12,"column":18}},"loc":{"start":{"line":12,"column":39},"end":{"line":32,"column":1}},"line":12}},"branchMap":{},"s":{"0":6,"1":6,"2":6,"3":6,"4":6,"5":6,"6":6,"7":6,"8":6,"9":6,"10":29,"11":29,"12":29,"13":29,"14":29,"15":29,"16":29,"17":29,"18":29,"19":29,"20":29,"21":29,"22":6},"f":{"0":29},"b":{},"inputSourceMap":null,"_coverageSchema":"1a1c01bbd47fc00a2c39e90264f33305004495a9","hash":"e4af29704d5319696d5380a2b1d2a4d52a1a7a5d"}
,"C:\\Users\\LENOVO\\Training\\api\\src\\app.ts": {"path":"C:\\Users\\LENOVO\\Training\\api\\src\\app.ts","statementMap":{"0":{"start":{"line":4,"column":0},"end":{"line":4,"column":16}},"1":{"start":{"line":5,"column":18},"end":{"line":5,"column":36}},"2":{"start":{"line":6,"column":17},"end":{"line":6,"column":34}},"3":{"start":{"line":7,"column":15},"end":{"line":7,"column":30}},"4":{"start":{"line":8,"column":17},"end":{"line":8,"column":34}},"5":{"start":{"line":10,"column":27},"end":{"line":10,"column":64}},"6":{"start":{"line":11,"column":32},"end":{"line":11,"column":66}},"7":{"start":{"line":14,"column":36},"end":{"line":14,"column":77}},"8":{"start":{"line":15,"column":27},"end":{"line":15,"column":62}},"9":{"start":{"line":16,"column":32},"end":{"line":16,"column":64}},"10":{"start":{"line":17,"column":33},"end":{"line":17,"column":59}},"11":{"start":{"line":19,"column":14},"end":{"line":19,"column":23}},"12":{"start":{"line":20,"column":2},"end":{"line":20,"column":20}},"13":{"start":{"line":21,"column":2},"end":{"line":21,"column":18}},"14":{"start":{"line":22,"column":2},"end":{"line":22,"column":53}},"15":{"start":{"line":23,"column":2},"end":{"line":23,"column":30}},"16":{"start":{"line":24,"column":2},"end":{"line":24,"column":37}},"17":{"start":{"line":27,"column":2},"end":{"line":27,"column":37}},"18":{"start":{"line":30,"column":23},"end":{"line":30,"column":51}},"19":{"start":{"line":31,"column":26},"end":{"line":31,"column":61}},"20":{"start":{"line":32,"column":2},"end":{"line":32,"column":56}},"21":{"start":{"line":35,"column":2},"end":{"line":35,"column":24}},"22":{"start":{"line":37,"column":2},"end":{"line":37,"column":13}},"23":{"start":{"line":40,"column":0},"end":{"line":40,"column":45}}},"fnMap":{"0":{"name":"createApp","decl":{"start":{"line":4,"column":16},"end":{"line":4,"column":25}},"loc":{"start":{"line":4,"column":54},"end":{"line":38,"column":1}}}},"branchMap":{},"s":{"0":2,"1":10,"2":10,"3":10,"4":10,"5":10,"6":10,"7":10,"8":10,"9":10,"10":10,"11":10,"12":10,"13":10,"14":10,"15":10,"16":10,"17":10,"18":10,"19":10,"20":10,"21":10,"22":10,"23":2},"f":{"0":10},"b":{}}
,"C:\\Users\\LENOVO\\Training\\api\\src\\config.js": {"path":"C:\\Users\\LENOVO\\Training\\api\\src\\config.js","statementMap":{"0":{"start":{"line":2,"column":12},"end":{"line":2,"column":31}},"1":{"start":{"line":3,"column":2},"end":{"line":3,"column":43}},"2":{"start":{"line":7,"column":2},"end":{"line":12,"column":4}},"3":{"start":{"line":15,"column":0},"end":{"line":15,"column":39}}},"fnMap":{"0":{"name":"toInt","decl":{"start":{"line":1,"column":9},"end":{"line":1,"column":14}},"loc":{"start":{"line":1,"column":32},"end":{"line":4,"column":1}},"line":1},"1":{"name":"loadConfigFromEnv","decl":{"start":{"line":6,"column":9},"end":{"line":6,"column":26}},"loc":{"start":{"line":6,"column":29},"end":{"line":13,"column":1}},"line":6}},"branchMap":{"0":{"loc":{"start":{"line":3,"column":9},"end":{"line":3,"column":42}},"type":"cond-expr","locations":[{"start":{"line":3,"column":30},"end":{"line":3,"column":31}},{"start":{"line":3,"column":34},"end":{"line":3,"column":42}}],"line":3},"1":{"loc":{"start":{"line":9,"column":15},"end":{"line":9,"column":48}},"type":"binary-expr","locations":[{"start":{"line":9,"column":15},"end":{"line":9,"column":37}},{"start":{"line":9,"column":41},"end":{"line":9,"column":48}}],"line":9}},"s":{"0":117,"1":117,"2":39,"3":6},"f":{"0":117,"1":39},"b":{"0":[0,117],"1":[39,39]},"inputSourceMap":null,"_coverageSchema":"1a1c01bbd47fc00a2c39e90264f33305004495a9","hash":"b27463e7e0a4693f59da964b6393c2dbafbc1646"}
,"C:\\Users\\LENOVO\\Training\\api\\src\\controllers\\posts-controller.js": {"path":"C:\\Users\\LENOVO\\Training\\api\\src\\controllers\\posts-controller.js","statementMap":{"0":{"start":{"line":1,"column":22},"end":{"line":1,"column":46}},"1":{"start":{"line":4,"column":2},"end":{"line":42,"column":4}},"2":{"start":{"line":6,"column":6},"end":{"line":10,"column":34}},"3":{"start":{"line":7,"column":35},"end":{"line":7,"column":66}},"4":{"start":{"line":8,"column":23},"end":{"line":8,"column":62}},"5":{"start":{"line":9,"column":8},"end":{"line":9,"column":91}},"6":{"start":{"line":10,"column":22},"end":{"line":10,"column":32}},"7":{"start":{"line":13,"column":6},"end":{"line":16,"column":34}},"8":{"start":{"line":14,"column":24},"end":{"line":14,"column":59}},"9":{"start":{"line":15,"column":8},"end":{"line":15,"column":71}},"10":{"start":{"line":16,"column":22},"end":{"line":16,"column":32}},"11":{"start":{"line":19,"column":6},"end":{"line":22,"column":34}},"12":{"start":{"line":20,"column":21},"end":{"line":20,"column":62}},"13":{"start":{"line":21,"column":8},"end":{"line":21,"column":23}},"14":{"start":{"line":22,"column":22},"end":{"line":22,"column":32}},"15":{"start":{"line":25,"column":6},"end":{"line":28,"column":34}},"16":{"start":{"line":26,"column":24},"end":{"line":26,"column":75}},"17":{"start":{"line":27,"column":8},"end":{"line":27,"column":26}},"18":{"start":{"line":28,"column":22},"end":{"line":28,"column":32}},"19":{"start":{"line":31,"column":6},"end":{"line":34,"column":34}},"20":{"start":{"line":32,"column":24},"end":{"line":32,"column":74}},"21":{"start":{"line":33,"column":8},"end":{"line":33,"column":26}},"22":{"start":{"line":34,"column":22},"end":{"line":34,"column":32}},"23":{"start":{"line":37,"column":6},"end":{"line":40,"column":34}},"24":{"start":{"line":38,"column":8},"end":{"line":38,"column":49}},"25":{"start":{"line":39,"column":8},"end":{"line":39,"column":31}},"26":{"start":{"line":40,"column":22},"end":{"line":40,"column":32}},"27":{"start":{"line":45,"column":0},"end":{"line":45,"column":43}}},"fnMap":{"0":{"name":"createPostsController","decl":{"start":{"line":3,"column":9},"end":{"line":3,"column":30}},"loc":{"start":{"line":3,"column":45},"end":{"line":43,"column":1}},"line":3},"1":{"name":"(anonymous_1)","decl":{"start":{"line":5,"column":4},"end":{"line":5,"column":5}},"loc":{"start":{"line":5,"column":31},"end":{"line":11,"column":5}},"line":5},"2":{"name":"(anonymous_2)","decl":{"start":{"line":12,"column":4},"end":{"line":12,"column":5}},"loc":{"start":{"line":12,"column":33},"end":{"line":17,"column":5}},"line":12},"3":{"name":"(anonymous_3)","decl":{"start":{"line":18,"column":4},"end":{"line":18,"column":5}},"loc":{"start":{"line":18,"column":34},"end":{"line":23,"column":5}},"line":18},"4":{"name":"(anonymous_4)","decl":{"start":{"line":24,"column":4},"end":{"line":24,"column":5}},"loc":{"start":{"line":24,"column":34},"end":{"line":29,"column":5}},"line":24},"5":{"name":"(anonymous_5)","decl":{"start":{"line":30,"column":4},"end":{"line":30,"column":5}},"loc":{"start":{"line":30,"column":33},"end":{"line":35,"column":5}},"line":30},"6":{"name":"(anonymous_6)","decl":{"start":{"line":36,"column":4},"end":{"line":36,"column":5}},"loc":{"start":{"line":36,"column":33},"end":{"line":41,"column":5}},"line":36}},"branchMap":{"0":{"loc":{"start":{"line":7,"column":35},"end":{"line":7,"column":66}},"type":"binary-expr","locations":[{"start":{"line":7,"column":35},"end":{"line":7,"column":53}},{"start":{"line":7,"column":57},"end":{"line":7,"column":66}}],"line":7}},"s":{"0":6,"1":39,"2":8,"3":8,"4":8,"5":8,"6":0,"7":28,"8":28,"9":28,"10":0,"11":8,"12":8,"13":5,"14":3,"15":3,"16":3,"17":2,"18":1,"19":5,"20":5,"21":4,"22":1,"23":4,"24":4,"25":3,"26":1,"27":6},"f":{"0":39,"1":8,"2":28,"3":8,"4":3,"5":5,"6":4},"b":{"0":[8,0]},"inputSourceMap":null,"_coverageSchema":"1a1c01bbd47fc00a2c39e90264f33305004495a9","hash":"fd29d54c19e49b40d2ca443e62c8aab1b39ec005"}
,"C:\\Users\\LENOVO\\Training\\api\\src\\core\\posts\\posts.service.ts": {"path":"C:\\Users\\LENOVO\\Training\\api\\src\\core\\posts\\posts.service.ts","statementMap":{"0":{"start":{"line":1,"column":0},"end":{"line":1,"column":41}},"1":{"start":{"line":13,"column":10},"end":{"line":13,"column":29}},"2":{"start":{"line":21,"column":16},"end":{"line":21,"column":26}},"3":{"start":{"line":22,"column":23},"end":{"line":29,"column":6}},"4":{"start":{"line":30,"column":4},"end":{"line":30,"column":26}},"5":{"start":{"line":31,"column":4},"end":{"line":31,"column":16}},"6":{"start":{"line":40,"column":18},"end":{"line":40,"column":61}},"7":{"start":{"line":40,"column":41},"end":{"line":40,"column":52}},"8":{"start":{"line":41,"column":4},"end":{"line":41,"column":17}},"9":{"start":{"line":51,"column":26},"end":{"line":51,"column":36}},"10":{"start":{"line":52,"column":30},"end":{"line":52,"column":44}},"11":{"start":{"line":53,"column":21},"end":{"line":53,"column":52}},"12":{"start":{"line":54,"column":23},"end":{"line":54,"column":40}},"13":{"start":{"line":55,"column":23},"end":{"line":55,"column":55}},"14":{"start":{"line":56,"column":18},"end":{"line":56,"column":48}},"15":{"start":{"line":57,"column":16},"end":{"line":57,"column":32}},"16":{"start":{"line":58,"column":18},"end":{"line":58,"column":46}},"17":{"start":{"line":60,"column":4},"end":{"line":66,"column":6}},"18":{"start":{"line":76,"column":18},"end":{"line":76,"column":58}},"19":{"start":{"line":76,"column":46},"end":{"line":76,"column":57}},"20":{"start":{"line":77,"column":4},"end":{"line":77,"column":34}},"21":{"start":{"line":77,"column":22},"end":{"line":77,"column":34}},"22":{"start":{"line":79,"column":21},"end":{"line":79,"column":38}},"23":{"start":{"line":80,"column":26},"end":{"line":84,"column":6}},"24":{"start":{"line":85,"column":4},"end":{"line":85,"column":32}},"25":{"start":{"line":86,"column":4},"end":{"line":86,"column":19}},"26":{"start":{"line":95,"column":18},"end":{"line":95,"column":58}},"27":{"start":{"line":95,"column":46},"end":{"line":95,"column":57}},"28":{"start":{"line":96,"column":4},"end":{"line":96,"column":35}},"29":{"start":{"line":96,"column":22},"end":{"line":96,"column":35}},"30":{"start":{"line":97,"column":4},"end":{"line":97,"column":32}},"31":{"start":{"line":98,"column":4},"end":{"line":98,"column":16}},"32":{"start":{"line":11,"column":0},"end":{"line":11,"column":13}}},"fnMap":{"0":{"name":"(anonymous_0)","decl":{"start":{"line":11,"column":0},"end":{"line":11,"column":13}},"loc":{"start":{"line":11,"column":0},"end":{"line":100,"column":1}}},"1":{"name":"(anonymous_1)","decl":{"start":{"line":20,"column":2},"end":{"line":20,"column":7}},"loc":{"start":{"line":20,"column":31},"end":{"line":32,"column":3}}},"2":{"name":"(anonymous_2)","decl":{"start":{"line":39,"column":2},"end":{"line":39,"column":7}},"loc":{"start":{"line":39,"column":26},"end":{"line":42,"column":3}}},"3":{"name":"(anonymous_3)","decl":{"start":{"line":40,"column":34},"end":{"line":40,"column":35}},"loc":{"start":{"line":40,"column":41},"end":{"line":40,"column":52}}},"4":{"name":"(anonymous_4)","decl":{"start":{"line":50,"column":2},"end":{"line":50,"column":7}},"loc":{"start":{"line":50,"column":34},"end":{"line":67,"column":3}}},"5":{"name":"(anonymous_5)","decl":{"start":{"line":75,"column":2},"end":{"line":75,"column":7}},"loc":{"start":{"line":75,"column":43},"end":{"line":87,"column":3}}},"6":{"name":"(anonymous_6)","decl":{"start":{"line":76,"column":39},"end":{"line":76,"column":40}},"loc":{"start":{"line":76,"column":46},"end":{"line":76,"column":57}}},"7":{"name":"(anonymous_7)","decl":{"start":{"line":94,"column":2},"end":{"line":94,"column":7}},"loc":{"start":{"line":94,"column":25},"end":{"line":99,"column":3}}},"8":{"name":"(anonymous_8)","decl":{"start":{"line":95,"column":39},"end":{"line":95,"column":40}},"loc":{"start":{"line":95,"column":46},"end":{"line":95,"column":57}}}},"branchMap":{"0":{"loc":{"start":{"line":25,"column":12},"end":{"line":25,"column":71}},"type":"cond-expr","locations":[{"start":{"line":25,"column":49},"end":{"line":25,"column":66}},{"start":{"line":25,"column":69},"end":{"line":25,"column":71}}]},"1":{"loc":{"start":{"line":26,"column":18},"end":{"line":26,"column":49}},"type":"binary-expr","locations":[{"start":{"line":26,"column":18},"end":{"line":26,"column":40}},{"start":{"line":26,"column":44},"end":{"line":26,"column":49}}]},"2":{"loc":{"start":{"line":40,"column":18},"end":{"line":40,"column":61}},"type":"binary-expr","locations":[{"start":{"line":40,"column":18},"end":{"line":40,"column":53}},{"start":{"line":40,"column":57},"end":{"line":40,"column":61}}]},"3":{"loc":{"start":{"line":77,"column":4},"end":{"line":77,"column":34}},"type":"if","locations":[{"start":{"line":77,"column":4},"end":{"line":77,"column":34}}]},"4":{"loc":{"start":{"line":96,"column":4},"end":{"line":96,"column":35}},"type":"if","locations":[{"start":{"line":96,"column":4},"end":{"line":96,"column":35}}]}},"s":{"0":1,"1":9,"2":9,"3":9,"4":9,"5":9,"6":3,"7":1,"8":3,"9":4,"10":4,"11":4,"12":4,"13":4,"14":4,"15":4,"16":4,"17":4,"18":2,"19":1,"20":2,"21":1,"22":1,"23":1,"24":1,"25":1,"26":2,"27":1,"28":2,"29":1,"30":1,"31":1,"32":1},"f":{"0":9,"1":9,"2":3,"3":1,"4":4,"5":2,"6":1,"7":2,"8":1},"b":{"0":[0,9],"1":[9,9],"2":[3,2],"3":[1],"4":[1]}}
,"C:\\Users\\LENOVO\\Training\\api\\src\\lib\\errors.js": {"path":"C:\\Users\\LENOVO\\Training\\api\\src\\lib\\errors.js","statementMap":{"0":{"start":{"line":3,"column":21},"end":{"line":7,"column":1}},"1":{"start":{"line":10,"column":14},"end":{"line":10,"column":40}},"2":{"start":{"line":11,"column":2},"end":{"line":11,"column":18}},"3":{"start":{"line":12,"column":2},"end":{"line":14,"column":3}},"4":{"start":{"line":13,"column":4},"end":{"line":13,"column":26}},"5":{"start":{"line":15,"column":2},"end":{"line":15,"column":13}},"6":{"start":{"line":18,"column":0},"end":{"line":18,"column":45}}},"fnMap":{"0":{"name":"makeError","decl":{"start":{"line":9,"column":9},"end":{"line":9,"column":18}},"loc":{"start":{"line":9,"column":43},"end":{"line":16,"column":1}},"line":9}},"branchMap":{"0":{"loc":{"start":{"line":10,"column":24},"end":{"line":10,"column":39}},"type":"binary-expr","locations":[{"start":{"line":10,"column":24},"end":{"line":10,"column":31}},{"start":{"line":10,"column":35},"end":{"line":10,"column":39}}],"line":10},"1":{"loc":{"start":{"line":12,"column":2},"end":{"line":14,"column":3}},"type":"if","locations":[{"start":{"line":12,"column":2},"end":{"line":14,"column":3}},{"start":{},"end":{}}],"line":12}},"s":{"0":8,"1":27,"2":27,"3":27,"4":16,"5":27,"6":8},"f":{"0":27},"b":{"0":[27,0],"1":[16,11]},"inputSourceMap":null,"_coverageSchema":"1a1c01bbd47fc00a2c39e90264f33305004495a9","hash":"290f023253bf3a1b9b03312460cdf838355b7b24"}
,"C:\\Users\\LENOVO\\Training\\api\\src\\middleware\\error-handler.js": {"path":"C:\\Users\\LENOVO\\Training\\api\\src\\middleware\\error-handler.js","statementMap":{"0":{"start":{"line":1,"column":25},"end":{"line":1,"column":49}},"1":{"start":{"line":5,"column":17},"end":{"line":5,"column":46}},"2":{"start":{"line":6,"column":2},"end":{"line":10,"column":5}},"3":{"start":{"line":13,"column":0},"end":{"line":13,"column":34}}},"fnMap":{"0":{"name":"errorHandler","decl":{"start":{"line":4,"column":9},"end":{"line":4,"column":21}},"loc":{"start":{"line":4,"column":45},"end":{"line":11,"column":1}},"line":4}},"branchMap":{"0":{"loc":{"start":{"line":5,"column":17},"end":{"line":5,"column":46}},"type":"binary-expr","locations":[{"start":{"line":5,"column":17},"end":{"line":5,"column":39}},{"start":{"line":5,"column":43},"end":{"line":5,"column":46}}],"line":5},"1":{"loc":{"start":{"line":7,"column":10},"end":{"line":7,"column":38}},"type":"binary-expr","locations":[{"start":{"line":7,"column":10},"end":{"line":7,"column":18}},{"start":{"line":7,"column":22},"end":{"line":7,"column":38}}],"line":7},"2":{"loc":{"start":{"line":8,"column":13},"end":{"line":8,"column":51}},"type":"binary-expr","locations":[{"start":{"line":8,"column":13},"end":{"line":8,"column":24}},{"start":{"line":8,"column":28},"end":{"line":8,"column":51}}],"line":8}},"s":{"0":6,"1":21,"2":21,"3":6},"f":{"0":21},"b":{"0":[21,0],"1":[21,0],"2":[21,0]},"inputSourceMap":null,"_coverageSchema":"1a1c01bbd47fc00a2c39e90264f33305004495a9","hash":"94cfde394e059a5e36ded4b7fc9d27f23a032cf1"}
,"C:\\Users\\LENOVO\\Training\\api\\src\\middleware\\rate-limit.js": {"path":"C:\\Users\\LENOVO\\Training\\api\\src\\middleware\\rate-limit.js","statementMap":{"0":{"start":{"line":1,"column":18},"end":{"line":1,"column":47}},"1":{"start":{"line":2,"column":22},"end":{"line":2,"column":46}},"2":{"start":{"line":5,"column":2},"end":{"line":18,"column":5}},"3":{"start":{"line":11,"column":32},"end":{"line":11,"column":66}},"4":{"start":{"line":12,"column":6},"end":{"line":16,"column":9}},"5":{"start":{"line":21,"column":0},"end":{"line":21,"column":39}}},"fnMap":{"0":{"name":"createRateLimiter","decl":{"start":{"line":4,"column":9},"end":{"line":4,"column":26}},"loc":{"start":{"line":4,"column":35},"end":{"line":19,"column":1}},"line":4},"1":{"name":"(anonymous_1)","decl":{"start":{"line":10,"column":13},"end":{"line":10,"column":14}},"loc":{"start":{"line":10,"column":44},"end":{"line":17,"column":5}},"line":10}},"branchMap":{},"s":{"0":6,"1":6,"2":39,"3":5,"4":5,"5":6},"f":{"0":39,"1":5},"b":{},"inputSourceMap":null,"_coverageSchema":"1a1c01bbd47fc00a2c39e90264f33305004495a9","hash":"74e3564bf7e22072b3c61536fd9dc019a1c7809c"}
,"C:\\Users\\LENOVO\\Training\\api\\src\\middleware\\validate.js": {"path":"C:\\Users\\LENOVO\\Training\\api\\src\\middleware\\validate.js","statementMap":{"0":{"start":{"line":1,"column":22},"end":{"line":1,"column":46}},"1":{"start":{"line":4,"column":2},"end":{"line":12,"column":4}},"2":{"start":{"line":5,"column":19},"end":{"line":5,"column":45}},"3":{"start":{"line":6,"column":4},"end":{"line":8,"column":5}},"4":{"start":{"line":7,"column":6},"end":{"line":7,"column":97}},"5":{"start":{"line":10,"column":4},"end":{"line":10,"column":27}},"6":{"start":{"line":11,"column":4},"end":{"line":11,"column":11}},"7":{"start":{"line":16,"column":2},"end":{"line":24,"column":4}},"8":{"start":{"line":17,"column":19},"end":{"line":17,"column":46}},"9":{"start":{"line":18,"column":4},"end":{"line":20,"column":5}},"10":{"start":{"line":19,"column":6},"end":{"line":19,"column":101}},"11":{"start":{"line":22,"column":4},"end":{"line":22,"column":37}},"12":{"start":{"line":23,"column":4},"end":{"line":23,"column":11}},"13":{"start":{"line":27,"column":0},"end":{"line":27,"column":49}}},"fnMap":{"0":{"name":"validateBody","decl":{"start":{"line":3,"column":9},"end":{"line":3,"column":21}},"loc":{"start":{"line":3,"column":30},"end":{"line":13,"column":1}},"line":3},"1":{"name":"(anonymous_1)","decl":{"start":{"line":4,"column":9},"end":{"line":4,"column":10}},"loc":{"start":{"line":4,"column":35},"end":{"line":12,"column":3}},"line":4},"2":{"name":"validateQuery","decl":{"start":{"line":15,"column":9},"end":{"line":15,"column":22}},"loc":{"start":{"line":15,"column":31},"end":{"line":25,"column":1}},"line":15},"3":{"name":"(anonymous_3)","decl":{"start":{"line":16,"column":9},"end":{"line":16,"column":10}},"loc":{"start":{"line":16,"column":35},"end":{"line":24,"column":3}},"line":16}},"branchMap":{"0":{"loc":{"start":{"line":6,"column":4},"end":{"line":8,"column":5}},"type":"if","locations":[{"start":{"line":6,"column":4},"end":{"line":8,"column":5}},{"start":{},"end":{}}],"line":6},"1":{"loc":{"start":{"line":18,"column":4},"end":{"line":20,"column":5}},"type":"if","locations":[{"start":{"line":18,"column":4},"end":{"line":20,"column":5}},{"start":{},"end":{}}],"line":18}},"s":{"0":6,"1":117,"2":47,"3":47,"4":11,"5":36,"6":36,"7":39,"8":12,"9":12,"10":4,"11":8,"12":8,"13":6},"f":{"0":117,"1":47,"2":39,"3":12},"b":{"0":[11,36],"1":[4,8]},"inputSourceMap":null,"_coverageSchema":"1a1c01bbd47fc00a2c39e90264f33305004495a9","hash":"ea19bd9589afa4b86b4310528a921caea94cdf13"}
,"C:\\Users\\LENOVO\\Training\\api\\src\\repositories\\SqlitePostsRepository.js": {"path":"C:\\Users\\LENOVO\\Training\\api\\src\\repositories\\SqlitePostsRepository.js","statementMap":{"0":{"start":{"line":2,"column":0},"end":{"line":6,"column":1}},"1":{"start":{"line":3,"column":2},"end":{"line":3,"column":39}},"2":{"start":{"line":5,"column":2},"end":{"line":5,"column":98}},"3":{"start":{"line":7,"column":11},"end":{"line":7,"column":24}},"4":{"start":{"line":8,"column":13},"end":{"line":8,"column":28}},"5":{"start":{"line":12,"column":25},"end":{"line":12,"column":84}},"6":{"start":{"line":13,"column":20},"end":{"line":13,"column":46}},"7":{"start":{"line":14,"column":4},"end":{"line":16,"column":5}},"8":{"start":{"line":15,"column":6},"end":{"line":15,"column":49}},"9":{"start":{"line":17,"column":4},"end":{"line":17,"column":41}},"10":{"start":{"line":18,"column":4},"end":{"line":18,"column":29}},"11":{"start":{"line":22,"column":4},"end":{"line":33,"column":7}},"12":{"start":{"line":37,"column":17},"end":{"line":40,"column":6}},"13":{"start":{"line":41,"column":4},"end":{"line":49,"column":7}},"14":{"start":{"line":50,"column":4},"end":{"line":50,"column":16}},"15":{"start":{"line":54,"column":16},"end":{"line":54,"column":75}},"16":{"start":{"line":55,"column":4},"end":{"line":55,"column":45}},"17":{"start":{"line":59,"column":19},"end":{"line":59,"column":40}},"18":{"start":{"line":60,"column":17},"end":{"line":64,"column":28}},"19":{"start":{"line":65,"column":4},"end":{"line":65,"column":45}},"20":{"start":{"line":65,"column":25},"end":{"line":65,"column":43}},"21":{"start":{"line":69,"column":17},"end":{"line":73,"column":6}},"22":{"start":{"line":74,"column":17},"end":{"line":82,"column":6}},"23":{"start":{"line":83,"column":4},"end":{"line":83,"column":28}},"24":{"start":{"line":87,"column":21},"end":{"line":87,"column":43}},"25":{"start":{"line":88,"column":4},"end":{"line":88,"column":31}},"26":{"start":{"line":88,"column":19},"end":{"line":88,"column":31}},"27":{"start":{"line":89,"column":19},"end":{"line":92,"column":5}},"28":{"start":{"line":93,"column":15},"end":{"line":93,"column":45}},"29":{"start":{"line":94,"column":4},"end":{"line":94,"column":30}},"30":{"start":{"line":98,"column":17},"end":{"line":98,"column":74}},"31":{"start":{"line":99,"column":4},"end":{"line":99,"column":28}},"32":{"start":{"line":103,"column":16},"end":{"line":103,"column":76}},"33":{"start":{"line":104,"column":4},"end":{"line":104,"column":21}},"34":{"start":{"line":108,"column":4},"end":{"line":116,"column":6}},"35":{"start":{"line":120,"column":4},"end":{"line":120,"column":73}},"36":{"start":{"line":120,"column":63},"end":{"line":120,"column":73}},"37":{"start":{"line":121,"column":4},"end":{"line":126,"column":5}},"38":{"start":{"line":122,"column":21},"end":{"line":122,"column":41}},"39":{"start":{"line":123,"column":6},"end":{"line":123,"column":49}},"40":{"start":{"line":125,"column":6},"end":{"line":125,"column":16}},"41":{"start":{"line":130,"column":0},"end":{"line":130,"column":43}}},"fnMap":{"0":{"name":"(anonymous_0)","decl":{"start":{"line":11,"column":2},"end":{"line":11,"column":3}},"loc":{"start":{"line":11,"column":32},"end":{"line":19,"column":3}},"line":11},"1":{"name":"(anonymous_1)","decl":{"start":{"line":21,"column":2},"end":{"line":21,"column":3}},"loc":{"start":{"line":21,"column":22},"end":{"line":34,"column":3}},"line":21},"2":{"name":"(anonymous_2)","decl":{"start":{"line":36,"column":2},"end":{"line":36,"column":3}},"loc":{"start":{"line":36,"column":21},"end":{"line":51,"column":3}},"line":36},"3":{"name":"(anonymous_3)","decl":{"start":{"line":53,"column":2},"end":{"line":53,"column":3}},"loc":{"start":{"line":53,"column":20},"end":{"line":56,"column":3}},"line":53},"4":{"name":"(anonymous_4)","decl":{"start":{"line":58,"column":2},"end":{"line":58,"column":3}},"loc":{"start":{"line":58,"column":29},"end":{"line":66,"column":3}},"line":58},"5":{"name":"(anonymous_5)","decl":{"start":{"line":65,"column":20},"end":{"line":65,"column":21}},"loc":{"start":{"line":65,"column":25},"end":{"line":65,"column":43}},"line":65},"6":{"name":"(anonymous_6)","decl":{"start":{"line":68,"column":2},"end":{"line":68,"column":3}},"loc":{"start":{"line":68,"column":26},"end":{"line":84,"column":3}},"line":68},"7":{"name":"(anonymous_7)","decl":{"start":{"line":86,"column":2},"end":{"line":86,"column":3}},"loc":{"start":{"line":86,"column":28},"end":{"line":95,"column":3}},"line":86},"8":{"name":"(anonymous_8)","decl":{"start":{"line":97,"column":2},"end":{"line":97,"column":3}},"loc":{"start":{"line":97,"column":19},"end":{"line":100,"column":3}},"line":97},"9":{"name":"(anonymous_9)","decl":{"start":{"line":102,"column":2},"end":{"line":102,"column":3}},"loc":{"start":{"line":102,"column":16},"end":{"line":105,"column":3}},"line":102},"10":{"name":"(anonymous_10)","decl":{"start":{"line":107,"column":2},"end":{"line":107,"column":3}},"loc":{"start":{"line":107,"column":18},"end":{"line":117,"column":3}},"line":107},"11":{"name":"(anonymous_11)","decl":{"start":{"line":119,"column":2},"end":{"line":119,"column":3}},"loc":{"start":{"line":119,"column":23},"end":{"line":127,"column":3}},"line":119}},"branchMap":{"0":{"loc":{"start":{"line":12,"column":25},"end":{"line":12,"column":84}},"type":"binary-expr","locations":[{"start":{"line":12,"column":25},"end":{"line":12,"column":41}},{"start":{"line":12,"column":45},"end":{"line":12,"column":84}}],"line":12},"1":{"loc":{"start":{"line":14,"column":4},"end":{"line":16,"column":5}},"type":"if","locations":[{"start":{"line":14,"column":4},"end":{"line":16,"column":5}},{"start":{},"end":{}}],"line":14},"2":{"loc":{"start":{"line":45,"column":27},"end":{"line":45,"column":68}},"type":"cond-expr","locations":[{"start":{"line":45,"column":54},"end":{"line":45,"column":63}},{"start":{"line":45,"column":66},"end":{"line":45,"column":68}}],"line":45},"3":{"loc":{"start":{"line":46,"column":17},"end":{"line":46,"column":39}},"type":"cond-expr","locations":[{"start":{"line":46,"column":34},"end":{"line":46,"column":35}},{"start":{"line":46,"column":38},"end":{"line":46,"column":39}}],"line":46},"4":{"loc":{"start":{"line":55,"column":11},"end":{"line":55,"column":44}},"type":"cond-expr","locations":[{"start":{"line":55,"column":17},"end":{"line":55,"column":37}},{"start":{"line":55,"column":40},"end":{"line":55,"column":44}}],"line":55},"5":{"loc":{"start":{"line":78,"column":27},"end":{"line":78,"column":68}},"type":"cond-expr","locations":[{"start":{"line":78,"column":54},"end":{"line":78,"column":63}},{"start":{"line":78,"column":66},"end":{"line":78,"column":68}}],"line":78},"6":{"loc":{"start":{"line":79,"column":17},"end":{"line":79,"column":39}},"type":"cond-expr","locations":[{"start":{"line":79,"column":34},"end":{"line":79,"column":35}},{"start":{"line":79,"column":38},"end":{"line":79,"column":39}}],"line":79},"7":{"loc":{"start":{"line":88,"column":4},"end":{"line":88,"column":31}},"type":"if","locations":[{"start":{"line":88,"column":4},"end":{"line":88,"column":31}},{"start":{},"end":{}}],"line":88},"8":{"loc":{"start":{"line":94,"column":11},"end":{"line":94,"column":29}},"type":"cond-expr","locations":[{"start":{"line":94,"column":16},"end":{"line":94,"column":22}},{"start":{"line":94,"column":25},"end":{"line":94,"column":29}}],"line":94},"9":{"loc":{"start":{"line":120,"column":4},"end":{"line":120,"column":73}},"type":"if","locations":[{"start":{"line":120,"column":4},"end":{"line":120,"column":73}},{"start":{},"end":{}}],"line":120},"10":{"loc":{"start":{"line":120,"column":8},"end":{"line":120,"column":61}},"type":"binary-expr","locations":[{"start":{"line":120,"column":8},"end":{"line":120,"column":36}},{"start":{"line":120,"column":40},"end":{"line":120,"column":61}}],"line":120},"11":{"loc":{"start":{"line":123,"column":13},"end":{"line":123,"column":48}},"type":"cond-expr","locations":[{"start":{"line":123,"column":37},"end":{"line":123,"column":43}},{"start":{"line":123,"column":46},"end":{"line":123,"column":48}}],"line":123}},"s":{"0":1,"1":1,"2":1,"3":0,"4":0,"5":0,"6":0,"7":0,"8":0,"9":0,"10":0,"11":0,"12":0,"13":0,"14":0,"15":0,"16":0,"17":0,"18":0,"19":0,"20":0,"21":0,"22":0,"23":0,"24":0,"25":0,"26":0,"27":0,"28":0,"29":0,"30":0,"31":0,"32":0,"33":0,"34":0,"35":0,"36":0,"37":0,"38":0,"39":0,"40":0,"41":0},"f":{"0":0,"1":0,"2":0,"3":0,"4":0,"5":0,"6":0,"7":0,"8":0,"9":0,"10":0,"11":0},"b":{"0":[0,0],"1":[0,0],"2":[0,0],"3":[0,0],"4":[0,0],"5":[0,0],"6":[0,0],"7":[0,0],"8":[0,0],"9":[0,0],"10":[0,0],"11":[0,0]},"inputSourceMap":null,"_coverageSchema":"1a1c01bbd47fc00a2c39e90264f33305004495a9","hash":"e97027f0517426b84e1794ee87bed9db1b989a79"}
,"C:\\Users\\LENOVO\\Training\\api\\src\\repositories\\posts-repository.js": {"path":"C:\\Users\\LENOVO\\Training\\api\\src\\repositories\\posts-repository.js","statementMap":{"0":{"start":{"line":10,"column":2},"end":{"line":16,"column":3}},"1":{"start":{"line":11,"column":4},"end":{"line":15,"column":5}},"2":{"start":{"line":12,"column":6},"end":{"line":12,"column":49}},"3":{"start":{"line":14,"column":6},"end":{"line":14,"column":63}},"4":{"start":{"line":14,"column":23},"end":{"line":14,"column":62}},"5":{"start":{"line":17,"column":2},"end":{"line":17,"column":18}},"6":{"start":{"line":21,"column":2},"end":{"line":21,"column":67}},"7":{"start":{"line":25,"column":17},"end":{"line":25,"column":45}},"8":{"start":{"line":26,"column":2},"end":{"line":34,"column":4}},"9":{"start":{"line":27,"column":16},"end":{"line":27,"column":70}},"10":{"start":{"line":28,"column":4},"end":{"line":32,"column":5}},"11":{"start":{"line":30,"column":20},"end":{"line":30,"column":60}},"12":{"start":{"line":31,"column":6},"end":{"line":31,"column":19}},"13":{"start":{"line":33,"column":4},"end":{"line":33,"column":31}},"14":{"start":{"line":39,"column":4},"end":{"line":39,"column":31}},"15":{"start":{"line":43,"column":19},"end":{"line":43,"column":43}},"16":{"start":{"line":44,"column":20},"end":{"line":52,"column":5}},"17":{"start":{"line":53,"column":4},"end":{"line":53,"column":55}},"18":{"start":{"line":54,"column":4},"end":{"line":54,"column":30}},"19":{"start":{"line":58,"column":18},"end":{"line":58,"column":48}},"20":{"start":{"line":59,"column":4},"end":{"line":59,"column":43}},"21":{"start":{"line":69,"column":16},"end":{"line":69,"column":83}},"22":{"start":{"line":70,"column":18},"end":{"line":70,"column":39}},"23":{"start":{"line":71,"column":18},"end":{"line":71,"column":67}},"24":{"start":{"line":72,"column":4},"end":{"line":72,"column":17}},"25":{"start":{"line":76,"column":4},"end":{"line":76,"column":46}},"26":{"start":{"line":76,"column":33},"end":{"line":76,"column":46}},"27":{"start":{"line":77,"column":20},"end":{"line":77,"column":46}},"28":{"start":{"line":78,"column":4},"end":{"line":78,"column":36}},"29":{"start":{"line":79,"column":4},"end":{"line":79,"column":16}},"30":{"start":{"line":83,"column":21},"end":{"line":83,"column":43}},"31":{"start":{"line":84,"column":4},"end":{"line":84,"column":31}},"32":{"start":{"line":84,"column":19},"end":{"line":84,"column":31}},"33":{"start":{"line":85,"column":19},"end":{"line":85,"column":46}},"34":{"start":{"line":86,"column":4},"end":{"line":86,"column":46}},"35":{"start":{"line":87,"column":4},"end":{"line":87,"column":29}},"36":{"start":{"line":91,"column":4},"end":{"line":91,"column":37}},"37":{"start":{"line":95,"column":4},"end":{"line":95,"column":31}},"38":{"start":{"line":100,"column":18},"end":{"line":100,"column":68}},"39":{"start":{"line":101,"column":2},"end":{"line":110,"column":3}},"40":{"start":{"line":103,"column":4},"end":{"line":107,"column":5}},"41":{"start":{"line":104,"column":6},"end":{"line":104,"column":71}},"42":{"start":{"line":106,"column":6},"end":{"line":106,"column":130}},"43":{"start":{"line":108,"column":19},"end":{"line":108,"column":51}},"44":{"start":{"line":109,"column":4},"end":{"line":109,"column":45}},"45":{"start":{"line":111,"column":2},"end":{"line":111,"column":39}},"46":{"start":{"line":114,"column":0},"end":{"line":114,"column":63}}},"fnMap":{"0":{"name":"getNanoid","decl":{"start":{"line":9,"column":9},"end":{"line":9,"column":18}},"loc":{"start":{"line":9,"column":21},"end":{"line":18,"column":1}},"line":9},"1":{"name":"(anonymous_1)","decl":{"start":{"line":14,"column":17},"end":{"line":14,"column":18}},"loc":{"start":{"line":14,"column":23},"end":{"line":14,"column":62}},"line":14},"2":{"name":"deepClone","decl":{"start":{"line":20,"column":9},"end":{"line":20,"column":18}},"loc":{"start":{"line":20,"column":26},"end":{"line":22,"column":1}},"line":20},"3":{"name":"compareByCreatedAt","decl":{"start":{"line":24,"column":9},"end":{"line":24,"column":27}},"loc":{"start":{"line":24,"column":35},"end":{"line":35,"column":1}},"line":24},"4":{"name":"(anonymous_4)","decl":{"start":{"line":26,"column":9},"end":{"line":26,"column":10}},"loc":{"start":{"line":26,"column":19},"end":{"line":34,"column":3}},"line":26},"5":{"name":"(anonymous_5)","decl":{"start":{"line":38,"column":2},"end":{"line":38,"column":3}},"loc":{"start":{"line":38,"column":16},"end":{"line":40,"column":3}},"line":38},"6":{"name":"(anonymous_6)","decl":{"start":{"line":42,"column":2},"end":{"line":42,"column":3}},"loc":{"start":{"line":42,"column":21},"end":{"line":55,"column":3}},"line":42},"7":{"name":"(anonymous_7)","decl":{"start":{"line":57,"column":2},"end":{"line":57,"column":3}},"loc":{"start":{"line":57,"column":20},"end":{"line":60,"column":3}},"line":57},"8":{"name":"(anonymous_8)","decl":{"start":{"line":68,"column":2},"end":{"line":68,"column":3}},"loc":{"start":{"line":68,"column":36},"end":{"line":73,"column":3}},"line":68},"9":{"name":"(anonymous_9)","decl":{"start":{"line":75,"column":2},"end":{"line":75,"column":3}},"loc":{"start":{"line":75,"column":26},"end":{"line":80,"column":3}},"line":75},"10":{"name":"(anonymous_10)","decl":{"start":{"line":82,"column":2},"end":{"line":82,"column":3}},"loc":{"start":{"line":82,"column":28},"end":{"line":88,"column":3}},"line":82},"11":{"name":"(anonymous_11)","decl":{"start":{"line":90,"column":2},"end":{"line":90,"column":3}},"loc":{"start":{"line":90,"column":19},"end":{"line":92,"column":3}},"line":90},"12":{"name":"(anonymous_12)","decl":{"start":{"line":94,"column":2},"end":{"line":94,"column":3}},"loc":{"start":{"line":94,"column":16},"end":{"line":96,"column":3}},"line":94},"13":{"name":"createRepository","decl":{"start":{"line":99,"column":9},"end":{"line":99,"column":25}},"loc":{"start":{"line":99,"column":28},"end":{"line":112,"column":1}},"line":99}},"branchMap":{"0":{"loc":{"start":{"line":10,"column":2},"end":{"line":16,"column":3}},"type":"if","locations":[{"start":{"line":10,"column":2},"end":{"line":16,"column":3}},{"start":{},"end":{}}],"line":10},"1":{"loc":{"start":{"line":21,"column":9},"end":{"line":21,"column":66}},"type":"cond-expr","locations":[{"start":{"line":21,"column":25},"end":{"line":21,"column":30}},{"start":{"line":21,"column":33},"end":{"line":21,"column":66}}],"line":21},"2":{"loc":{"start":{"line":25,"column":18},"end":{"line":25,"column":33}},"type":"binary-expr","locations":[{"start":{"line":25,"column":18},"end":{"line":25,"column":23}},{"start":{"line":25,"column":27},"end":{"line":25,"column":33}}],"line":25},"3":{"loc":{"start":{"line":28,"column":4},"end":{"line":32,"column":5}},"type":"if","locations":[{"start":{"line":28,"column":4},"end":{"line":32,"column":5}},{"start":{},"end":{}}],"line":28},"4":{"loc":{"start":{"line":33,"column":11},"end":{"line":33,"column":30}},"type":"cond-expr","locations":[{"start":{"line":33,"column":20},"end":{"line":33,"column":24}},{"start":{"line":33,"column":27},"end":{"line":33,"column":30}}],"line":33},"5":{"loc":{"start":{"line":45,"column":10},"end":{"line":45,"column":34}},"type":"binary-expr","locations":[{"start":{"line":45,"column":10},"end":{"line":45,"column":17}},{"start":{"line":45,"column":21},"end":{"line":45,"column":34}}],"line":45},"6":{"loc":{"start":{"line":48,"column":12},"end":{"line":48,"column":53}},"type":"cond-expr","locations":[{"start":{"line":48,"column":39},"end":{"line":48,"column":48}},{"start":{"line":48,"column":51},"end":{"line":48,"column":53}}],"line":48},"7":{"loc":{"start":{"line":49,"column":17},"end":{"line":49,"column":40}},"type":"binary-expr","locations":[{"start":{"line":49,"column":17},"end":{"line":49,"column":31}},{"start":{"line":49,"column":35},"end":{"line":49,"column":40}}],"line":49},"8":{"loc":{"start":{"line":50,"column":17},"end":{"line":50,"column":41}},"type":"binary-expr","locations":[{"start":{"line":50,"column":17},"end":{"line":50,"column":31}},{"start":{"line":50,"column":35},"end":{"line":50,"column":41}}],"line":50},"9":{"loc":{"start":{"line":51,"column":17},"end":{"line":51,"column":41}},"type":"binary-expr","locations":[{"start":{"line":51,"column":17},"end":{"line":51,"column":31}},{"start":{"line":51,"column":35},"end":{"line":51,"column":41}}],"line":51},"10":{"loc":{"start":{"line":58,"column":18},"end":{"line":58,"column":48}},"type":"binary-expr","locations":[{"start":{"line":58,"column":18},"end":{"line":58,"column":40}},{"start":{"line":58,"column":44},"end":{"line":58,"column":48}}],"line":58},"11":{"loc":{"start":{"line":59,"column":11},"end":{"line":59,"column":42}},"type":"cond-expr","locations":[{"start":{"line":59,"column":19},"end":{"line":59,"column":35}},{"start":{"line":59,"column":38},"end":{"line":59,"column":42}}],"line":59},"12":{"loc":{"start":{"line":76,"column":4},"end":{"line":76,"column":46}},"type":"if","locations":[{"start":{"line":76,"column":4},"end":{"line":76,"column":46}},{"start":{},"end":{}}],"line":76},"13":{"loc":{"start":{"line":84,"column":4},"end":{"line":84,"column":31}},"type":"if","locations":[{"start":{"line":84,"column":4},"end":{"line":84,"column":31}},{"start":{},"end":{}}],"line":84},"14":{"loc":{"start":{"line":100,"column":19},"end":{"line":100,"column":53}},"type":"binary-expr","locations":[{"start":{"line":100,"column":19},"end":{"line":100,"column":47}},{"start":{"line":100,"column":51},"end":{"line":100,"column":53}}],"line":100},"15":{"loc":{"start":{"line":101,"column":2},"end":{"line":110,"column":3}},"type":"if","locations":[{"start":{"line":101,"column":2},"end":{"line":110,"column":3}},{"start":{},"end":{}}],"line":101},"16":{"loc":{"start":{"line":108,"column":19},"end":{"line":108,"column":51}},"type":"binary-expr","locations":[{"start":{"line":108,"column":19},"end":{"line":108,"column":38}},{"start":{"line":108,"column":42},"end":{"line":108,"column":51}}],"line":108}},"s":{"0":0,"1":0,"2":0,"3":0,"4":0,"5":0,"6":141,"7":17,"8":17,"9":42,"10":42,"11":0,"12":0,"13":42,"14":58,"15":45,"16":45,"17":45,"18":45,"19":25,"20":25,"21":17,"22":17,"23":17,"24":17,"25":4,"26":1,"27":3,"28":3,"29":3,"30":6,"31":6,"32":1,"33":5,"34":5,"35":5,"36":7,"37":13,"38":38,"39":38,"40":0,"41":0,"42":0,"43":0,"44":0,"45":38,"46":8},"f":{"0":0,"1":0,"2":141,"3":17,"4":42,"5":58,"6":45,"7":25,"8":17,"9":4,"10":6,"11":7,"12":13,"13":38},"b":{"0":[0,0],"1":[0,141],"2":[17,17],"3":[0,42],"4":[42,0],"5":[45,0],"6":[45,0],"7":[45,0],"8":[45,0],"9":[45,0],"10":[25,10],"11":[15,10],"12":[1,3],"13":[1,5],"14":[38,38],"15":[0,38],"16":[0,0]},"inputSourceMap":null,"_coverageSchema":"1a1c01bbd47fc00a2c39e90264f33305004495a9","hash":"fab88b457dca8a7400d7125c67619c53bbaf9357"}
,"C:\\Users\\LENOVO\\Training\\api\\src\\routes\\health.js": {"path":"C:\\Users\\LENOVO\\Training\\api\\src\\routes\\health.js","statementMap":{"0":{"start":{"line":1,"column":16},"end":{"line":1,"column":34}},"1":{"start":{"line":4,"column":17},"end":{"line":4,"column":33}},"2":{"start":{"line":5,"column":2},"end":{"line":7,"column":5}},"3":{"start":{"line":6,"column":4},"end":{"line":6,"column":43}},"4":{"start":{"line":8,"column":2},"end":{"line":8,"column":16}},"5":{"start":{"line":11,"column":0},"end":{"line":11,"column":40}}},"fnMap":{"0":{"name":"createHealthRoutes","decl":{"start":{"line":3,"column":9},"end":{"line":3,"column":27}},"loc":{"start":{"line":3,"column":30},"end":{"line":9,"column":1}},"line":3},"1":{"name":"(anonymous_1)","decl":{"start":{"line":5,"column":24},"end":{"line":5,"column":25}},"loc":{"start":{"line":5,"column":39},"end":{"line":7,"column":3}},"line":5}},"branchMap":{},"s":{"0":6,"1":39,"2":39,"3":207,"4":39,"5":6},"f":{"0":39,"1":207},"b":{},"inputSourceMap":null,"_coverageSchema":"1a1c01bbd47fc00a2c39e90264f33305004495a9","hash":"c1332b93cb769c7bd785e5400650b1ca39812f9b"}
,"C:\\Users\\LENOVO\\Training\\api\\src\\routes\\posts-routes.js": {"path":"C:\\Users\\LENOVO\\Training\\api\\src\\routes\\posts-routes.js","statementMap":{"0":{"start":{"line":1,"column":16},"end":{"line":1,"column":34}},"1":{"start":{"line":2,"column":40},"end":{"line":2,"column":73}},"2":{"start":{"line":3,"column":46},"end":{"line":3,"column":84}},"3":{"start":{"line":6,"column":17},"end":{"line":6,"column":33}},"4":{"start":{"line":7,"column":2},"end":{"line":7,"column":61}},"5":{"start":{"line":8,"column":2},"end":{"line":8,"column":64}},"6":{"start":{"line":9,"column":2},"end":{"line":9,"column":41}},"7":{"start":{"line":10,"column":2},"end":{"line":10,"column":67}},"8":{"start":{"line":11,"column":2},"end":{"line":11,"column":68}},"9":{"start":{"line":12,"column":2},"end":{"line":12,"column":43}},"10":{"start":{"line":13,"column":2},"end":{"line":13,"column":16}},"11":{"start":{"line":16,"column":0},"end":{"line":16,"column":39}}},"fnMap":{"0":{"name":"createPostsRoutes","decl":{"start":{"line":5,"column":9},"end":{"line":5,"column":26}},"loc":{"start":{"line":5,"column":39},"end":{"line":14,"column":1}},"line":5}},"branchMap":{},"s":{"0":6,"1":6,"2":6,"3":39,"4":39,"5":39,"6":39,"7":39,"8":39,"9":39,"10":39,"11":6},"f":{"0":39},"b":{},"inputSourceMap":null,"_coverageSchema":"1a1c01bbd47fc00a2c39e90264f33305004495a9","hash":"049fdb3bbbe2e52fb7e5f0fca5dd6dc25ab3ac46"}
,"C:\\Users\\LENOVO\\Training\\api\\src\\services\\posts-service.js": {"path":"C:\\Users\\LENOVO\\Training\\api\\src\\services\\posts-service.js","statementMap":{"0":{"start":{"line":5,"column":2},"end":{"line":12,"column":3}},"1":{"start":{"line":6,"column":4},"end":{"line":11,"column":5}},"2":{"start":{"line":7,"column":6},"end":{"line":7,"column":49}},"3":{"start":{"line":10,"column":6},"end":{"line":10,"column":63}},"4":{"start":{"line":10,"column":23},"end":{"line":10,"column":62}},"5":{"start":{"line":13,"column":2},"end":{"line":13,"column":18}},"6":{"start":{"line":15,"column":22},"end":{"line":15,"column":46}},"7":{"start":{"line":19,"column":4},"end":{"line":19,"column":33}},"8":{"start":{"line":23,"column":16},"end":{"line":23,"column":40}},"9":{"start":{"line":24,"column":17},"end":{"line":32,"column":5}},"10":{"start":{"line":33,"column":4},"end":{"line":33,"column":39}},"11":{"start":{"line":34,"column":4},"end":{"line":34,"column":16}},"12":{"start":{"line":38,"column":17},"end":{"line":38,"column":50}},"13":{"start":{"line":39,"column":4},"end":{"line":39,"column":62}},"14":{"start":{"line":39,"column":15},"end":{"line":39,"column":62}},"15":{"start":{"line":40,"column":4},"end":{"line":40,"column":16}},"16":{"start":{"line":45,"column":4},"end":{"line":47,"column":5}},"17":{"start":{"line":46,"column":6},"end":{"line":46,"column":75}},"18":{"start":{"line":48,"column":18},"end":{"line":48,"column":60}},"19":{"start":{"line":49,"column":18},"end":{"line":49,"column":47}},"20":{"start":{"line":50,"column":18},"end":{"line":50,"column":39}},"21":{"start":{"line":51,"column":24},"end":{"line":51,"column":52}},"22":{"start":{"line":52,"column":4},"end":{"line":52,"column":34}},"23":{"start":{"line":56,"column":21},"end":{"line":56,"column":54}},"24":{"start":{"line":57,"column":4},"end":{"line":57,"column":66}},"25":{"start":{"line":57,"column":19},"end":{"line":57,"column":66}},"26":{"start":{"line":58,"column":16},"end":{"line":58,"column":40}},"27":{"start":{"line":59,"column":20},"end":{"line":67,"column":5}},"28":{"start":{"line":68,"column":4},"end":{"line":68,"column":47}},"29":{"start":{"line":69,"column":4},"end":{"line":69,"column":19}},"30":{"start":{"line":73,"column":21},"end":{"line":73,"column":54}},"31":{"start":{"line":74,"column":4},"end":{"line":74,"column":66}},"32":{"start":{"line":74,"column":19},"end":{"line":74,"column":66}},"33":{"start":{"line":75,"column":16},"end":{"line":75,"column":40}},"34":{"start":{"line":76,"column":19},"end":{"line":80,"column":5}},"35":{"start":{"line":81,"column":18},"end":{"line":81,"column":58}},"36":{"start":{"line":82,"column":4},"end":{"line":82,"column":17}},"37":{"start":{"line":86,"column":20},"end":{"line":86,"column":52}},"38":{"start":{"line":87,"column":4},"end":{"line":87,"column":65}},"39":{"start":{"line":87,"column":18},"end":{"line":87,"column":65}},"40":{"start":{"line":91,"column":0},"end":{"line":91,"column":34}}},"fnMap":{"0":{"name":"getNanoid","decl":{"start":{"line":4,"column":9},"end":{"line":4,"column":18}},"loc":{"start":{"line":4,"column":21},"end":{"line":14,"column":1}},"line":4},"1":{"name":"(anonymous_1)","decl":{"start":{"line":10,"column":17},"end":{"line":10,"column":18}},"loc":{"start":{"line":10,"column":23},"end":{"line":10,"column":62}},"line":10},"2":{"name":"(anonymous_2)","decl":{"start":{"line":18,"column":2},"end":{"line":18,"column":3}},"loc":{"start":{"line":18,"column":26},"end":{"line":20,"column":3}},"line":18},"3":{"name":"(anonymous_3)","decl":{"start":{"line":22,"column":2},"end":{"line":22,"column":3}},"loc":{"start":{"line":22,"column":21},"end":{"line":35,"column":3}},"line":22},"4":{"name":"(anonymous_4)","decl":{"start":{"line":37,"column":2},"end":{"line":37,"column":3}},"loc":{"start":{"line":37,"column":20},"end":{"line":41,"column":3}},"line":37},"5":{"name":"(anonymous_5)","decl":{"start":{"line":43,"column":2},"end":{"line":43,"column":3}},"loc":{"start":{"line":43,"column":29},"end":{"line":53,"column":3}},"line":43},"6":{"name":"(anonymous_6)","decl":{"start":{"line":55,"column":2},"end":{"line":55,"column":3}},"loc":{"start":{"line":55,"column":26},"end":{"line":70,"column":3}},"line":55},"7":{"name":"(anonymous_7)","decl":{"start":{"line":72,"column":2},"end":{"line":72,"column":3}},"loc":{"start":{"line":72,"column":28},"end":{"line":83,"column":3}},"line":72},"8":{"name":"(anonymous_8)","decl":{"start":{"line":85,"column":2},"end":{"line":85,"column":3}},"loc":{"start":{"line":85,"column":19},"end":{"line":88,"column":3}},"line":85}},"branchMap":{"0":{"loc":{"start":{"line":5,"column":2},"end":{"line":12,"column":3}},"type":"if","locations":[{"start":{"line":5,"column":2},"end":{"line":12,"column":3}},{"start":{},"end":{}}],"line":5},"1":{"loc":{"start":{"line":28,"column":12},"end":{"line":28,"column":53}},"type":"cond-expr","locations":[{"start":{"line":28,"column":39},"end":{"line":28,"column":48}},{"start":{"line":28,"column":51},"end":{"line":28,"column":53}}],"line":28},"2":{"loc":{"start":{"line":29,"column":17},"end":{"line":29,"column":40}},"type":"binary-expr","locations":[{"start":{"line":29,"column":17},"end":{"line":29,"column":31}},{"start":{"line":29,"column":35},"end":{"line":29,"column":40}}],"line":29},"3":{"loc":{"start":{"line":39,"column":4},"end":{"line":39,"column":62}},"type":"if","locations":[{"start":{"line":39,"column":4},"end":{"line":39,"column":62}},{"start":{},"end":{}}],"line":39},"4":{"loc":{"start":{"line":45,"column":4},"end":{"line":47,"column":5}},"type":"if","locations":[{"start":{"line":45,"column":4},"end":{"line":47,"column":5}},{"start":{},"end":{}}],"line":45},"5":{"loc":{"start":{"line":45,"column":8},"end":{"line":45,"column":108}},"type":"binary-expr","locations":[{"start":{"line":45,"column":8},"end":{"line":45,"column":31}},{"start":{"line":45,"column":35},"end":{"line":45,"column":62}},{"start":{"line":45,"column":66},"end":{"line":45,"column":74}},{"start":{"line":45,"column":78},"end":{"line":45,"column":90}},{"start":{"line":45,"column":94},"end":{"line":45,"column":108}}],"line":45},"6":{"loc":{"start":{"line":57,"column":4},"end":{"line":57,"column":66}},"type":"if","locations":[{"start":{"line":57,"column":4},"end":{"line":57,"column":66}},{"start":{},"end":{}}],"line":57},"7":{"loc":{"start":{"line":63,"column":12},"end":{"line":63,"column":53}},"type":"cond-expr","locations":[{"start":{"line":63,"column":39},"end":{"line":63,"column":48}},{"start":{"line":63,"column":51},"end":{"line":63,"column":53}}],"line":63},"8":{"loc":{"start":{"line":64,"column":17},"end":{"line":64,"column":40}},"type":"binary-expr","locations":[{"start":{"line":64,"column":17},"end":{"line":64,"column":31}},{"start":{"line":64,"column":35},"end":{"line":64,"column":40}}],"line":64},"9":{"loc":{"start":{"line":74,"column":4},"end":{"line":74,"column":66}},"type":"if","locations":[{"start":{"line":74,"column":4},"end":{"line":74,"column":66}},{"start":{},"end":{}}],"line":74},"10":{"loc":{"start":{"line":87,"column":4},"end":{"line":87,"column":65}},"type":"if","locations":[{"start":{"line":87,"column":4},"end":{"line":87,"column":65}},{"start":{},"end":{}}],"line":87}},"s":{"0":33,"1":5,"2":5,"3":2,"4":8,"5":33,"6":7,"7":51,"8":33,"9":33,"10":33,"11":33,"12":11,"13":11,"14":5,"15":6,"16":12,"17":0,"18":12,"19":12,"20":12,"21":12,"22":12,"23":5,"24":5,"25":2,"26":3,"27":3,"28":3,"29":3,"30":7,"31":7,"32":2,"33":5,"34":5,"35":5,"36":5,"37":6,"38":6,"39":2,"40":7},"f":{"0":33,"1":8,"2":51,"3":33,"4":11,"5":12,"6":5,"7":7,"8":6},"b":{"0":[5,28],"1":[2,31],"2":[33,31],"3":[5,6],"4":[0,12],"5":[12,12,12,12,12],"6":[2,3],"7":[0,3],"8":[3,3],"9":[2,5],"10":[2,4]},"inputSourceMap":null,"_coverageSchema":"1a1c01bbd47fc00a2c39e90264f33305004495a9","hash":"f4a879bf4780c30b23a3cd3ccd053fce37062171"}
,"C:\\Users\\LENOVO\\Training\\api\\src\\validation\\posts-schemas.js": {"path":"C:\\Users\\LENOVO\\Training\\api\\src\\validation\\posts-schemas.js","statementMap":{"0":{"start":{"line":1,"column":14},"end":{"line":1,"column":28}},"1":{"start":{"line":3,"column":19},"end":{"line":8,"column":11}},"2":{"start":{"line":10,"column":19},"end":{"line":12,"column":2}},"3":{"start":{"line":10,"column":56},"end":{"line":10,"column":83}},"4":{"start":{"line":14,"column":18},"end":{"line":17,"column":2}},"5":{"start":{"line":19,"column":0},"end":{"line":19,"column":55}}},"fnMap":{"0":{"name":"(anonymous_0)","decl":{"start":{"line":10,"column":47},"end":{"line":10,"column":48}},"loc":{"start":{"line":10,"column":56},"end":{"line":10,"column":83}},"line":10}},"branchMap":{},"s":{"0":7,"1":7,"2":7,"3":10,"4":7,"5":7},"f":{"0":10},"b":{},"inputSourceMap":null,"_coverageSchema":"1a1c01bbd47fc00a2c39e90264f33305004495a9","hash":"191d7249b3141953c27cc671fe3720d2481f8a6b"}
}
