TN:
SF:src\app.js
FN:13,createApp
FN:33,(anonymous_1)
FNF:2
FNH:2
FNDA:35,createApp
FNDA:1,(anonymous_1)
DA:1,6
DA:2,6
DA:3,6
DA:4,6
DA:5,6
DA:6,6
DA:7,6
DA:8,6
DA:9,6
DA:10,6
DA:11,6
DA:14,35
DA:15,35
DA:16,35
DA:17,35
DA:18,35
DA:19,35
DA:22,35
DA:25,35
DA:26,35
DA:27,35
DA:30,35
DA:31,35
DA:32,35
DA:33,35
DA:34,1
DA:35,1
DA:36,1
DA:41,35
DA:43,35
DA:45,35
DA:48,6
LF:32
LH:32
BRDA:30,0,0,35
BRDA:30,0,1,0
BRF:2
BRH:1
end_of_record
TN:
SF:src\app.ts
FN:26,(anonymous_1)
FN:35,(anonymous_2)
FNF:2
FNH:1
FNDA:1,(anonymous_1)
FNDA:0,(anonymous_2)
DA:1,1
DA:2,1
DA:3,1
DA:4,1
DA:5,1
DA:6,1
DA:8,1
DA:11,1
DA:12,1
DA:14,1
DA:15,1
DA:21,1
DA:22,1
DA:23,1
DA:26,1
DA:27,1
DA:31,1
DA:34,1
DA:35,1
DA:36,0
DA:37,0
DA:38,0
DA:39,0
DA:43,1
DA:45,1
DA:46,1
LF:26
LH:22
BRF:0
BRH:0
end_of_record
TN:
SF:src\config.js
FN:2,toInt
FN:7,loadConfigFromEnv
FNF:2
FNH:2
FNDA:105,toInt
FNDA:35,loadConfigFromEnv
DA:3,105
DA:4,105
DA:8,35
DA:16,6
LF:4
LH:4
BRDA:4,0,0,0
BRDA:4,0,1,105
BRDA:10,1,0,35
BRDA:10,1,1,35
BRF:4
BRH:3
end_of_record
TN:
SF:src\controllers\posts-controller.js
FN:3,createPostsController
FN:5,(anonymous_1)
FN:12,(anonymous_2)
FN:18,(anonymous_3)
FN:24,(anonymous_4)
FN:30,(anonymous_5)
FN:36,(anonymous_6)
FNF:7
FNH:7
FNDA:35,createPostsController
FNDA:7,(anonymous_1)
FNDA:24,(anonymous_2)
FNDA:4,(anonymous_3)
FNDA:4,(anonymous_4)
FNDA:4,(anonymous_5)
FNDA:3,(anonymous_6)
DA:4,35
DA:6,7
DA:7,7
DA:8,7
DA:9,7
DA:10,0
DA:13,24
DA:14,24
DA:15,24
DA:16,0
DA:19,4
DA:20,4
DA:21,2
DA:22,2
DA:25,4
DA:26,4
DA:27,3
DA:28,1
DA:31,4
DA:32,4
DA:33,3
DA:34,1
DA:37,3
DA:38,3
DA:39,2
DA:40,1
DA:45,6
LF:27
LH:25
BRDA:7,0,0,7
BRDA:7,0,1,0
BRF:2
BRH:1
end_of_record
TN:
SF:src\core\posts\post.schemas.ts
FN:23,(anonymous_0)
FN:23,(anonymous_1)
FNF:2
FNH:2
FNDA:1,(anonymous_0)
FNDA:1,(anonymous_1)
DA:1,1
DA:3,1
DA:13,1
DA:22,1
DA:23,1
DA:27,1
LF:6
LH:6
BRF:0
BRH:0
end_of_record
TN:
SF:src\core\posts\posts.controller.ts
FN:13,(anonymous_0)
FN:22,(anonymous_1)
FN:44,(anonymous_2)
FN:57,(anonymous_3)
FN:70,(anonymous_4)
FNF:5
FNH:5
FNDA:4,(anonymous_0)
FNDA:1,(anonymous_1)
FNDA:3,(anonymous_2)
FNDA:1,(anonymous_3)
FNDA:1,(anonymous_4)
DA:2,1
DA:4,1
DA:6,1
DA:14,4
DA:15,4
DA:16,4
DA:18,0
DA:23,1
DA:24,1
DA:25,1
DA:26,1
DA:27,1
DA:28,1
DA:29,1
DA:30,1
DA:40,0
DA:45,3
DA:46,3
DA:47,3
DA:48,1
DA:49,1
DA:51,2
DA:53,0
DA:58,1
DA:59,1
DA:60,1
DA:61,0
DA:62,0
DA:64,1
DA:66,0
DA:71,1
DA:72,1
DA:73,1
DA:74,0
DA:75,0
DA:77,1
DA:79,0
LF:37
LH:28
BRDA:24,0,0,1
BRDA:24,0,1,0
BRDA:25,1,0,1
BRDA:25,1,1,0
BRDA:25,2,0,0
BRDA:25,2,1,0
BRDA:26,3,0,1
BRDA:26,3,1,0
BRDA:26,4,0,0
BRDA:26,4,1,0
BRDA:27,5,0,1
BRDA:27,5,1,0
BRDA:27,6,0,1
BRDA:27,6,1,1
BRDA:28,7,0,1
BRDA:28,7,1,0
BRDA:28,8,0,1
BRDA:28,8,1,1
BRDA:47,9,0,1
BRDA:60,10,0,0
BRDA:73,11,0,0
BRF:21
BRH:10
end_of_record
TN:
SF:src\core\posts\posts.routes.ts
FNF:0
FNH:0
DA:1,1
DA:2,1
DA:3,1
DA:4,1
DA:6,1
DA:8,1
DA:9,1
DA:10,1
DA:11,1
DA:12,1
DA:14,1
LF:11
LH:11
BRF:0
BRH:0
end_of_record
TN:
SF:src\core\posts\posts.service.ts
FN:11,(anonymous_0)
FN:20,(anonymous_1)
FN:40,(anonymous_2)
FN:41,(anonymous_3)
FN:51,(anonymous_4)
FN:81,(anonymous_5)
FN:82,(anonymous_6)
FN:100,(anonymous_7)
FN:101,(anonymous_8)
FNF:9
FNH:9
FNDA:10,(anonymous_0)
FNDA:13,(anonymous_1)
FNDA:6,(anonymous_2)
FNDA:12,(anonymous_3)
FNDA:5,(anonymous_4)
FNDA:3,(anonymous_5)
FNDA:5,(anonymous_6)
FNDA:3,(anonymous_7)
FNDA:5,(anonymous_8)
DA:1,2
DA:11,2
DA:13,10
DA:21,13
DA:22,13
DA:31,13
DA:32,13
DA:41,12
DA:42,6
DA:52,5
DA:53,5
DA:55,5
DA:56,5
DA:57,5
DA:59,5
DA:60,5
DA:61,5
DA:62,5
DA:63,5
DA:65,5
DA:82,5
DA:83,3
DA:85,2
DA:86,2
DA:91,2
DA:92,2
DA:101,5
DA:102,3
DA:103,2
DA:104,2
LF:30
LH:30
BRDA:26,0,0,13
BRDA:26,0,1,13
BRDA:27,1,0,13
BRDA:27,1,1,13
BRDA:41,2,0,6
BRDA:41,2,1,3
BRDA:60,3,0,5
BRDA:60,3,1,0
BRDA:83,4,0,1
BRDA:102,5,0,1
BRF:10
BRH:9
end_of_record
TN:
SF:src\lib\errors.js
FN:9,makeError
FNF:1
FNH:1
FNDA:25,makeError
DA:3,8
DA:10,25
DA:11,25
DA:12,25
DA:13,15
DA:15,25
DA:18,8
LF:7
LH:7
BRDA:10,0,0,25
BRDA:10,0,1,0
BRDA:12,1,0,15
BRDA:12,1,1,10
BRF:4
BRH:3
end_of_record
TN:
SF:src\middleware\error-handler.js
FN:3,errorHandler
FNF:1
FNH:1
FNDA:17,errorHandler
DA:1,6
DA:5,17
DA:6,17
DA:7,17
DA:8,17
DA:15,6
LF:6
LH:6
BRDA:5,0,0,17
BRDA:5,0,1,17
BRDA:7,1,0,17
BRDA:7,1,1,17
BRDA:7,1,2,0
BRDA:9,2,0,17
BRDA:9,2,1,0
BRDA:10,3,0,17
BRDA:10,3,1,0
BRF:9
BRH:6
end_of_record
TN:
SF:src\middleware\errorHandler.ts
FN:4,(anonymous_0)
FNF:1
FNH:1
FNDA:2,(anonymous_0)
DA:2,1
DA:4,1
DA:5,2
DA:6,2
DA:13,1
LF:5
LH:5
BRDA:5,0,0,2
BRDA:5,0,1,0
BRDA:5,1,0,2
BRDA:5,1,1,2
BRDA:7,2,0,2
BRDA:7,2,1,2
BRDA:7,2,2,0
BRDA:8,3,0,2
BRDA:8,3,1,2
BRDA:8,3,2,0
BRF:10
BRH:7
end_of_record
TN:
SF:src\middleware\not-found.js
FN:3,notFoundHandler
FNF:1
FNH:0
FNDA:0,notFoundHandler
DA:1,6
DA:4,0
DA:7,6
LF:3
LH:2
BRF:0
BRH:0
end_of_record
TN:
SF:src\middleware\rate-limit.js
FN:4,createRateLimiter
FN:11,(anonymous_1)
FNF:2
FNH:2
FNDA:35,createRateLimiter
FNDA:3,(anonymous_1)
DA:1,6
DA:5,35
DA:12,3
DA:13,3
DA:22,6
LF:5
LH:5
BRF:0
BRH:0
end_of_record
TN:
SF:src\middleware\validate.js
FN:3,validateBody
FN:4,(anonymous_1)
FN:15,validateQuery
FN:16,(anonymous_3)
FNF:4
FNH:4
FNDA:107,validateBody
FNDA:46,(anonymous_1)
FNDA:36,validateQuery
FNDA:13,(anonymous_3)
DA:1,6
DA:4,107
DA:5,46
DA:6,46
DA:7,9
DA:10,37
DA:11,37
DA:16,36
DA:17,13
DA:18,13
DA:19,5
DA:22,8
DA:23,8
DA:27,6
LF:14
LH:14
BRDA:6,0,0,9
BRDA:6,0,1,37
BRDA:18,1,0,5
BRDA:18,1,1,8
BRF:4
BRH:4
end_of_record
TN:
SF:src\repositories\SqlitePostsRepository.js
FN:11,(anonymous_0)
FN:21,(anonymous_1)
FN:36,(anonymous_2)
FN:53,(anonymous_3)
FN:58,(anonymous_4)
FN:65,(anonymous_5)
FN:68,(anonymous_6)
FN:86,(anonymous_7)
FN:97,(anonymous_8)
FN:102,(anonymous_9)
FN:107,(anonymous_10)
FN:119,(anonymous_11)
FNF:12
FNH:0
FNDA:0,(anonymous_0)
FNDA:0,(anonymous_1)
FNDA:0,(anonymous_2)
FNDA:0,(anonymous_3)
FNDA:0,(anonymous_4)
FNDA:0,(anonymous_5)
FNDA:0,(anonymous_6)
FNDA:0,(anonymous_7)
FNDA:0,(anonymous_8)
FNDA:0,(anonymous_9)
FNDA:0,(anonymous_10)
FNDA:0,(anonymous_11)
DA:2,1
DA:3,1
DA:5,1
DA:7,0
DA:8,0
DA:12,0
DA:13,0
DA:14,0
DA:15,0
DA:17,0
DA:18,0
DA:22,0
DA:37,0
DA:41,0
DA:50,0
DA:54,0
DA:55,0
DA:59,0
DA:60,0
DA:65,0
DA:69,0
DA:74,0
DA:83,0
DA:87,0
DA:88,0
DA:89,0
DA:93,0
DA:94,0
DA:98,0
DA:99,0
DA:103,0
DA:104,0
DA:108,0
DA:120,0
DA:121,0
DA:122,0
DA:123,0
DA:125,0
DA:130,0
LF:39
LH:3
BRDA:12,0,0,0
BRDA:12,0,1,0
BRDA:14,1,0,0
BRDA:14,1,1,0
BRDA:45,2,0,0
BRDA:45,2,1,0
BRDA:46,3,0,0
BRDA:46,3,1,0
BRDA:55,4,0,0
BRDA:55,4,1,0
BRDA:78,5,0,0
BRDA:78,5,1,0
BRDA:79,6,0,0
BRDA:79,6,1,0
BRDA:88,7,0,0
BRDA:88,7,1,0
BRDA:94,8,0,0
BRDA:94,8,1,0
BRDA:120,9,0,0
BRDA:120,9,1,0
BRDA:120,10,0,0
BRDA:120,10,1,0
BRDA:123,11,0,0
BRDA:123,11,1,0
BRF:24
BRH:0
end_of_record
TN:
SF:src\repositories\posts-repository.js
FN:9,getNanoid
FN:14,(anonymous_1)
FN:20,deepClone
FN:24,compareByCreatedAt
FN:26,(anonymous_4)
FN:38,(anonymous_5)
FN:42,(anonymous_6)
FN:57,(anonymous_7)
FN:68,(anonymous_8)
FN:75,(anonymous_9)
FN:82,(anonymous_10)
FN:90,(anonymous_11)
FN:94,(anonymous_12)
FN:99,createRepository
FNF:14
FNH:12
FNDA:0,getNanoid
FNDA:0,(anonymous_1)
FNDA:126,deepClone
FNDA:16,compareByCreatedAt
FNDA:38,(anonymous_4)
FNDA:54,(anonymous_5)
FNDA:41,(anonymous_6)
FNDA:21,(anonymous_7)
FNDA:16,(anonymous_8)
FNDA:5,(anonymous_9)
FNDA:5,(anonymous_10)
FNDA:6,(anonymous_11)
FNDA:12,(anonymous_12)
FNDA:34,createRepository
DA:10,0
DA:11,0
DA:12,0
DA:14,0
DA:17,0
DA:21,126
DA:25,16
DA:26,16
DA:27,38
DA:28,38
DA:30,0
DA:31,0
DA:33,38
DA:39,54
DA:43,41
DA:44,41
DA:53,41
DA:54,41
DA:58,21
DA:59,21
DA:69,16
DA:70,16
DA:71,16
DA:72,16
DA:76,5
DA:77,4
DA:78,4
DA:79,4
DA:83,5
DA:84,5
DA:85,4
DA:86,4
DA:87,4
DA:91,6
DA:95,12
DA:100,34
DA:101,34
DA:103,0
DA:104,0
DA:106,0
DA:108,0
DA:109,0
DA:111,34
DA:114,8
LF:44
LH:32
BRDA:10,0,0,0
BRDA:10,0,1,0
BRDA:21,1,0,0
BRDA:21,1,1,126
BRDA:25,2,0,16
BRDA:25,2,1,16
BRDA:28,3,0,0
BRDA:28,3,1,38
BRDA:33,4,0,38
BRDA:33,4,1,0
BRDA:45,5,0,41
BRDA:45,5,1,0
BRDA:48,6,0,41
BRDA:48,6,1,0
BRDA:49,7,0,41
BRDA:49,7,1,0
BRDA:50,8,0,41
BRDA:50,8,1,0
BRDA:51,9,0,41
BRDA:51,9,1,0
BRDA:58,10,0,21
BRDA:58,10,1,9
BRDA:59,11,0,12
BRDA:59,11,1,9
BRDA:76,12,0,1
BRDA:76,12,1,4
BRDA:84,13,0,1
BRDA:84,13,1,4
BRDA:100,14,0,34
BRDA:100,14,1,34
BRDA:101,15,0,0
BRDA:101,15,1,34
BRDA:108,16,0,0
BRDA:108,16,1,0
BRF:34
BRH:21
end_of_record
TN:
SF:src\routes\health.js
FN:3,createHealthRoutes
FN:5,(anonymous_1)
FNF:2
FNH:2
FNDA:35,createHealthRoutes
FNDA:106,(anonymous_1)
DA:1,6
DA:4,35
DA:5,35
DA:6,106
DA:8,35
DA:11,6
LF:6
LH:6
BRF:0
BRH:0
end_of_record
TN:
SF:src\routes\posts-routes.js
FN:5,createPostsRoutes
FNF:1
FNH:1
FNDA:35,createPostsRoutes
DA:1,6
DA:2,6
DA:3,6
DA:6,35
DA:7,35
DA:8,35
DA:9,35
DA:10,35
DA:11,35
DA:12,35
DA:13,35
DA:16,6
LF:12
LH:12
BRF:0
BRH:0
end_of_record
TN:
SF:src\services\posts-service.js
FN:4,getNanoid
FN:10,(anonymous_1)
FN:18,(anonymous_2)
FN:22,(anonymous_3)
FN:37,(anonymous_4)
FN:43,(anonymous_5)
FN:55,(anonymous_6)
FN:72,(anonymous_7)
FN:85,(anonymous_8)
FNF:9
FNH:8
FNDA:29,getNanoid
FNDA:0,(anonymous_1)
FNDA:47,(anonymous_2)
FNDA:29,(anonymous_3)
FNDA:7,(anonymous_4)
FNDA:11,(anonymous_5)
FNDA:6,(anonymous_6)
FNDA:6,(anonymous_7)
FNDA:5,(anonymous_8)
DA:5,29
DA:6,4
DA:7,4
DA:10,0
DA:13,29
DA:15,7
DA:19,47
DA:23,29
DA:24,29
DA:33,29
DA:34,29
DA:38,7
DA:39,7
DA:40,3
DA:45,11
DA:46,0
DA:48,11
DA:49,11
DA:50,11
DA:51,11
DA:52,11
DA:56,6
DA:57,6
DA:58,4
DA:59,4
DA:68,4
DA:69,4
DA:73,6
DA:74,6
DA:75,4
DA:76,4
DA:81,4
DA:82,4
DA:86,5
DA:87,5
DA:91,7
LF:36
LH:34
BRDA:5,0,0,4
BRDA:5,0,1,25
BRDA:28,1,0,2
BRDA:28,1,1,27
BRDA:29,2,0,29
BRDA:29,2,1,27
BRDA:39,3,0,4
BRDA:39,3,1,3
BRDA:45,4,0,0
BRDA:45,4,1,11
BRDA:45,5,0,11
BRDA:45,5,1,11
BRDA:45,5,2,11
BRDA:45,5,3,11
BRDA:45,5,4,11
BRDA:57,6,0,2
BRDA:57,6,1,4
BRDA:63,7,0,0
BRDA:63,7,1,4
BRDA:64,8,0,4
BRDA:64,8,1,4
BRDA:74,9,0,2
BRDA:74,9,1,4
BRDA:87,10,0,2
BRDA:87,10,1,3
BRF:25
BRH:23
end_of_record
TN:
SF:src\validation\posts-schemas.js
FN:10,(anonymous_0)
FNF:1
FNH:1
FNDA:9,(anonymous_0)
DA:1,7
DA:3,7
DA:10,9
DA:14,7
DA:19,7
LF:5
LH:5
BRF:0
BRH:0
end_of_record
