TN:
SF:src\app.js
FN:13,createApp
FN:33,(anonymous_1)
FNF:2
FNH:2
FNDA:36,createApp
FNDA:1,(anonymous_1)
DA:1,7
DA:2,7
DA:3,7
DA:4,7
DA:5,7
DA:6,7
DA:7,7
DA:8,7
DA:9,7
DA:10,7
DA:11,7
DA:14,36
DA:15,36
DA:16,36
DA:17,36
DA:18,36
DA:19,36
DA:22,36
DA:25,36
DA:26,36
DA:27,36
DA:30,36
DA:31,36
DA:32,36
DA:33,36
DA:34,1
DA:35,1
DA:36,1
DA:41,36
DA:43,36
DA:45,36
DA:48,7
LF:32
LH:32
BRDA:30,0,0,36
BRDA:30,0,1,0
BRF:2
BRH:1
end_of_record
TN:
SF:src\app.ts
FN:4,createApp
FN:39,(anonymous_1)
FNF:2
FNH:1
FNDA:10,createApp
FNDA:0,(anonymous_1)
DA:4,2
DA:5,10
DA:6,10
DA:7,10
DA:8,10
DA:10,10
DA:11,10
DA:12,10
DA:15,10
DA:16,10
DA:17,10
DA:18,10
DA:20,10
DA:21,10
DA:22,10
DA:23,10
DA:24,10
DA:25,10
DA:28,10
DA:31,10
DA:32,10
DA:33,10
DA:36,10
DA:37,10
DA:38,10
DA:39,10
DA:40,0
DA:41,0
DA:42,0
DA:47,10
DA:48,10
DA:50,10
DA:53,2
LF:33
LH:30
BRDA:36,0,0,10
BRF:1
BRH:1
end_of_record
TN:
SF:src\config.js
FN:9,toInt
FN:14,loadConfigFromEnv
FNF:2
FNH:2
FNDA:138,toInt
FNDA:46,loadConfigFromEnv
DA:2,7
DA:4,7
DA:10,138
DA:11,138
DA:15,46
DA:23,7
LF:6
LH:6
BRDA:11,0,0,0
BRDA:11,0,1,138
BRDA:17,1,0,46
BRDA:17,1,1,46
BRF:4
BRH:3
end_of_record
TN:
SF:src\controllers\posts-controller.js
FN:3,createPostsController
FN:5,(anonymous_1)
FN:12,(anonymous_2)
FN:18,(anonymous_3)
FN:24,(anonymous_4)
FN:30,(anonymous_5)
FN:36,(anonymous_6)
FNF:7
FNH:7
FNDA:46,createPostsController
FNDA:9,(anonymous_1)
FNDA:32,(anonymous_2)
FNDA:10,(anonymous_3)
FNDA:4,(anonymous_4)
FNDA:6,(anonymous_5)
FNDA:5,(anonymous_6)
DA:1,7
DA:4,46
DA:6,9
DA:7,9
DA:8,9
DA:9,9
DA:10,0
DA:13,32
DA:14,32
DA:15,32
DA:16,0
DA:19,10
DA:20,10
DA:21,6
DA:22,4
DA:25,4
DA:26,4
DA:27,3
DA:28,1
DA:31,6
DA:32,6
DA:33,5
DA:34,1
DA:37,5
DA:38,5
DA:39,4
DA:40,1
DA:45,7
LF:28
LH:26
BRDA:7,0,0,9
BRDA:7,0,1,0
BRF:2
BRH:1
end_of_record
TN:
SF:src\core\posts\posts.service.ts
FN:11,(anonymous_0)
FN:20,(anonymous_1)
FN:39,(anonymous_2)
FN:40,(anonymous_3)
FN:50,(anonymous_4)
FN:75,(anonymous_5)
FN:76,(anonymous_6)
FN:94,(anonymous_7)
FN:95,(anonymous_8)
FNF:9
FNH:9
FNDA:9,(anonymous_0)
FNDA:9,(anonymous_1)
FNDA:3,(anonymous_2)
FNDA:1,(anonymous_3)
FNDA:4,(anonymous_4)
FNDA:2,(anonymous_5)
FNDA:1,(anonymous_6)
FNDA:2,(anonymous_7)
FNDA:1,(anonymous_8)
DA:1,1
DA:11,1
DA:13,9
DA:21,9
DA:22,9
DA:30,9
DA:31,9
DA:40,3
DA:41,3
DA:51,4
DA:52,4
DA:53,4
DA:54,4
DA:55,4
DA:56,4
DA:57,4
DA:58,4
DA:60,4
DA:76,2
DA:77,2
DA:79,1
DA:80,1
DA:85,1
DA:86,1
DA:95,2
DA:96,2
DA:97,1
DA:98,1
LF:28
LH:28
BRDA:25,0,0,0
BRDA:25,0,1,9
BRDA:26,1,0,9
BRDA:26,1,1,9
BRDA:40,2,0,3
BRDA:40,2,1,2
BRDA:77,3,0,1
BRDA:96,4,0,1
BRF:8
BRH:7
end_of_record
TN:
SF:src\lib\errors.js
FN:9,makeError
FNF:1
FNH:1
FNDA:29,makeError
DA:3,9
DA:10,29
DA:11,29
DA:12,29
DA:13,17
DA:15,29
DA:18,9
LF:7
LH:7
BRDA:10,0,0,29
BRDA:10,0,1,0
BRDA:12,1,0,17
BRDA:12,1,1,12
BRF:4
BRH:3
end_of_record
TN:
SF:src\middleware\error-handler.js
FN:4,errorHandler
FNF:1
FNH:1
FNDA:23,errorHandler
DA:1,7
DA:6,23
DA:7,23
DA:8,23
DA:9,23
DA:16,7
LF:6
LH:6
BRDA:6,0,0,23
BRDA:6,0,1,23
BRDA:8,1,0,23
BRDA:8,1,1,23
BRDA:8,1,2,0
BRDA:10,2,0,23
BRDA:10,2,1,0
BRDA:11,3,0,23
BRDA:11,3,1,0
BRF:9
BRH:6
end_of_record
TN:
SF:src\middleware\not-found.js
FN:3,notFoundHandler
FNF:1
FNH:0
FNDA:0,notFoundHandler
DA:1,7
DA:4,0
DA:7,7
LF:3
LH:2
BRF:0
BRH:0
end_of_record
TN:
SF:src\middleware\rate-limit.js
FN:4,createRateLimiter
FN:11,(anonymous_1)
FNF:2
FNH:2
FNDA:46,createRateLimiter
FNDA:5,(anonymous_1)
DA:1,7
DA:2,7
DA:5,46
DA:12,5
DA:13,5
DA:22,7
LF:6
LH:6
BRF:0
BRH:0
end_of_record
TN:
SF:src\middleware\validate.js
FN:3,validateBody
FN:4,(anonymous_1)
FN:15,validateQuery
FN:16,(anonymous_3)
FNF:4
FNH:4
FNDA:138,validateBody
FNDA:53,(anonymous_1)
FNDA:46,validateQuery
FNDA:14,(anonymous_3)
DA:1,7
DA:4,138
DA:5,53
DA:6,53
DA:7,11
DA:10,42
DA:11,42
DA:16,46
DA:17,14
DA:18,14
DA:19,5
DA:22,9
DA:23,9
DA:27,7
LF:14
LH:14
BRDA:6,0,0,11
BRDA:6,0,1,42
BRDA:18,1,0,5
BRDA:18,1,1,9
BRF:4
BRH:4
end_of_record
TN:
SF:src\repositories\SqlitePostsRepository.js
FN:11,(anonymous_0)
FN:21,(anonymous_1)
FN:36,(anonymous_2)
FN:53,(anonymous_3)
FN:58,(anonymous_4)
FN:65,(anonymous_5)
FN:68,(anonymous_6)
FN:86,(anonymous_7)
FN:97,(anonymous_8)
FN:102,(anonymous_9)
FN:107,(anonymous_10)
FN:119,(anonymous_11)
FNF:12
FNH:0
FNDA:0,(anonymous_0)
FNDA:0,(anonymous_1)
FNDA:0,(anonymous_2)
FNDA:0,(anonymous_3)
FNDA:0,(anonymous_4)
FNDA:0,(anonymous_5)
FNDA:0,(anonymous_6)
FNDA:0,(anonymous_7)
FNDA:0,(anonymous_8)
FNDA:0,(anonymous_9)
FNDA:0,(anonymous_10)
FNDA:0,(anonymous_11)
DA:2,1
DA:3,1
DA:5,1
DA:7,0
DA:8,0
DA:12,0
DA:13,0
DA:14,0
DA:15,0
DA:17,0
DA:18,0
DA:22,0
DA:37,0
DA:41,0
DA:50,0
DA:54,0
DA:55,0
DA:59,0
DA:60,0
DA:65,0
DA:69,0
DA:74,0
DA:83,0
DA:87,0
DA:88,0
DA:89,0
DA:93,0
DA:94,0
DA:98,0
DA:99,0
DA:103,0
DA:104,0
DA:108,0
DA:120,0
DA:121,0
DA:122,0
DA:123,0
DA:125,0
DA:130,0
LF:39
LH:3
BRDA:12,0,0,0
BRDA:12,0,1,0
BRDA:14,1,0,0
BRDA:14,1,1,0
BRDA:45,2,0,0
BRDA:45,2,1,0
BRDA:46,3,0,0
BRDA:46,3,1,0
BRDA:55,4,0,0
BRDA:55,4,1,0
BRDA:78,5,0,0
BRDA:78,5,1,0
BRDA:79,6,0,0
BRDA:79,6,1,0
BRDA:88,7,0,0
BRDA:88,7,1,0
BRDA:94,8,0,0
BRDA:94,8,1,0
BRDA:120,9,0,0
BRDA:120,9,1,0
BRDA:120,10,0,0
BRDA:120,10,1,0
BRDA:123,11,0,0
BRDA:123,11,1,0
BRF:24
BRH:0
end_of_record
TN:
SF:src\repositories\posts-repository.js
FN:9,getNanoid
FN:14,(anonymous_1)
FN:20,deepClone
FN:24,compareByCreatedAt
FN:26,(anonymous_4)
FN:38,(anonymous_5)
FN:42,(anonymous_6)
FN:57,(anonymous_7)
FN:68,(anonymous_8)
FN:75,(anonymous_9)
FN:82,(anonymous_10)
FN:90,(anonymous_11)
FN:94,(anonymous_12)
FN:99,createRepository
FNF:14
FNH:12
FNDA:0,getNanoid
FNDA:0,(anonymous_1)
FNDA:156,deepClone
FNDA:18,compareByCreatedAt
FNDA:42,(anonymous_4)
FNDA:65,(anonymous_5)
FNDA:49,(anonymous_6)
FNDA:29,(anonymous_7)
FNDA:18,(anonymous_8)
FNDA:5,(anonymous_9)
FNDA:7,(anonymous_10)
FNDA:8,(anonymous_11)
FNDA:14,(anonymous_12)
FNDA:45,createRepository
DA:10,0
DA:11,0
DA:12,0
DA:14,0
DA:17,0
DA:21,156
DA:25,18
DA:26,18
DA:27,42
DA:28,42
DA:30,0
DA:31,0
DA:33,42
DA:39,65
DA:43,49
DA:44,49
DA:53,49
DA:54,49
DA:58,29
DA:59,29
DA:69,18
DA:70,18
DA:71,18
DA:72,18
DA:76,5
DA:77,4
DA:78,4
DA:79,4
DA:83,7
DA:84,7
DA:85,6
DA:86,6
DA:87,6
DA:91,8
DA:95,14
DA:100,45
DA:101,45
DA:103,0
DA:104,0
DA:106,0
DA:108,0
DA:109,0
DA:111,45
DA:114,9
LF:44
LH:32
BRDA:10,0,0,0
BRDA:10,0,1,0
BRDA:21,1,0,0
BRDA:21,1,1,156
BRDA:25,2,0,18
BRDA:25,2,1,18
BRDA:28,3,0,0
BRDA:28,3,1,42
BRDA:33,4,0,42
BRDA:33,4,1,0
BRDA:45,5,0,49
BRDA:45,5,1,0
BRDA:48,6,0,49
BRDA:48,6,1,0
BRDA:49,7,0,49
BRDA:49,7,1,0
BRDA:50,8,0,49
BRDA:50,8,1,0
BRDA:51,9,0,49
BRDA:51,9,1,0
BRDA:58,10,0,29
BRDA:58,10,1,11
BRDA:59,11,0,18
BRDA:59,11,1,11
BRDA:76,12,0,1
BRDA:76,12,1,4
BRDA:84,13,0,1
BRDA:84,13,1,6
BRDA:100,14,0,45
BRDA:100,14,1,45
BRDA:101,15,0,0
BRDA:101,15,1,45
BRDA:108,16,0,0
BRDA:108,16,1,0
BRF:34
BRH:21
end_of_record
TN:
SF:src\routes\health.js
FN:3,createHealthRoutes
FN:5,(anonymous_1)
FNF:2
FNH:2
FNDA:46,createHealthRoutes
FNDA:208,(anonymous_1)
DA:1,7
DA:4,46
DA:5,46
DA:6,208
DA:8,46
DA:11,7
LF:6
LH:6
BRF:0
BRH:0
end_of_record
TN:
SF:src\routes\posts-routes.js
FN:5,createPostsRoutes
FNF:1
FNH:1
FNDA:46,createPostsRoutes
DA:1,7
DA:2,7
DA:3,7
DA:6,46
DA:7,46
DA:8,46
DA:9,46
DA:10,46
DA:11,46
DA:12,46
DA:13,46
DA:16,7
LF:12
LH:12
BRF:0
BRH:0
end_of_record
TN:
SF:src\services\posts-service.js
FN:4,getNanoid
FN:10,(anonymous_1)
FN:18,(anonymous_2)
FN:22,(anonymous_3)
FN:37,(anonymous_4)
FN:43,(anonymous_5)
FN:55,(anonymous_6)
FN:72,(anonymous_7)
FN:85,(anonymous_8)
FNF:9
FNH:9
FNDA:37,getNanoid
FNDA:8,(anonymous_1)
FNDA:58,(anonymous_2)
FNDA:37,(anonymous_3)
FNDA:13,(anonymous_4)
FNDA:13,(anonymous_5)
FNDA:6,(anonymous_6)
FNDA:8,(anonymous_7)
FNDA:7,(anonymous_8)
DA:5,37
DA:6,6
DA:7,6
DA:10,8
DA:13,37
DA:15,8
DA:19,58
DA:23,37
DA:24,37
DA:33,37
DA:34,37
DA:38,13
DA:39,13
DA:40,7
DA:45,13
DA:46,0
DA:48,13
DA:49,13
DA:50,13
DA:51,13
DA:52,13
DA:56,6
DA:57,6
DA:58,4
DA:59,4
DA:68,4
DA:69,4
DA:73,8
DA:74,8
DA:75,6
DA:76,6
DA:81,6
DA:82,6
DA:86,7
DA:87,7
DA:91,8
LF:36
LH:35
BRDA:5,0,0,6
BRDA:5,0,1,31
BRDA:28,1,0,2
BRDA:28,1,1,35
BRDA:29,2,0,37
BRDA:29,2,1,35
BRDA:39,3,0,6
BRDA:39,3,1,7
BRDA:45,4,0,0
BRDA:45,4,1,13
BRDA:45,5,0,13
BRDA:45,5,1,13
BRDA:45,5,2,13
BRDA:45,5,3,13
BRDA:45,5,4,13
BRDA:57,6,0,2
BRDA:57,6,1,4
BRDA:63,7,0,0
BRDA:63,7,1,4
BRDA:64,8,0,4
BRDA:64,8,1,4
BRDA:74,9,0,2
BRDA:74,9,1,6
BRDA:87,10,0,2
BRDA:87,10,1,5
BRF:25
BRH:23
end_of_record
TN:
SF:src\validation\posts-schemas.js
FN:10,(anonymous_0)
FNF:1
FNH:1
FNDA:11,(anonymous_0)
DA:1,8
DA:3,8
DA:10,11
DA:14,8
DA:19,8
LF:5
LH:5
BRF:0
BRH:0
end_of_record
