{"/Users/paulmwanje/Library/CloudStorage/GoogleDrive-paul.mwanje@maximusglobal.net/My Drive/Projects/Training/expense/src/index.js": {"path":"/Users/paulmwanje/Library/CloudStorage/GoogleDrive-paul.mwanje@maximusglobal.net/My Drive/Projects/Training/expense/src/index.js","statementMap":{"0":{"start":{"line":1,"column":11},"end":{"line":1,"column":24}},"1":{"start":{"line":2,"column":14},"end":{"line":2,"column":29}},"2":{"start":{"line":3,"column":18},"end":{"line":3,"column":64}},"3":{"start":{"line":6,"column":2},"end":{"line":6,"column":46}},"4":{"start":{"line":6,"column":33},"end":{"line":6,"column":46}},"5":{"start":{"line":7,"column":12},"end":{"line":7,"column":43}},"6":{"start":{"line":8,"column":2},"end":{"line":8,"column":23}},"7":{"start":{"line":8,"column":10},"end":{"line":8,"column":23}},"8":{"start":{"line":9,"column":12},"end":{"line":9,"column":24}},"9":{"start":{"line":10,"column":13},"end":{"line":10,"column":25}},"10":{"start":{"line":11,"column":2},"end":{"line":11,"column":42}},"11":{"start":{"line":15,"column":15},"end":{"line":15,"column":62}},"12":{"start":{"line":16,"column":2},"end":{"line":16,"column":14}},"13":{"start":{"line":20,"column":14},"end":{"line":20,"column":18}},"14":{"start":{"line":21,"column":2},"end":{"line":28,"column":3}},"15":{"start":{"line":21,"column":15},"end":{"line":21,"column":16}},"16":{"start":{"line":22,"column":14},"end":{"line":22,"column":23}},"17":{"start":{"line":23,"column":4},"end":{"line":27,"column":5}},"18":{"start":{"line":24,"column":6},"end":{"line":24,"column":41}},"19":{"start":{"line":25,"column":11},"end":{"line":27,"column":5}},"20":{"start":{"line":26,"column":6},"end":{"line":26,"column":26}},"21":{"start":{"line":29,"column":2},"end":{"line":29,"column":19}},"22":{"start":{"line":33,"column":20},"end":{"line":33,"column":43}},"23":{"start":{"line":34,"column":2},"end":{"line":38,"column":3}},"24":{"start":{"line":35,"column":4},"end":{"line":35,"column":90}},"25":{"start":{"line":36,"column":4},"end":{"line":36,"column":25}},"26":{"start":{"line":37,"column":4},"end":{"line":37,"column":11}},"27":{"start":{"line":39,"column":2},"end":{"line":39,"column":37}},"28":{"start":{"line":42,"column":0},"end":{"line":60,"column":5}},"29":{"start":{"line":43,"column":28},"end":{"line":43,"column":51}},"30":{"start":{"line":44,"column":2},"end":{"line":47,"column":3}},"31":{"start":{"line":45,"column":4},"end":{"line":45,"column":23}},"32":{"start":{"line":46,"column":4},"end":{"line":46,"column":11}},"33":{"start":{"line":48,"column":2},"end":{"line":57,"column":3}},"34":{"start":{"line":49,"column":4},"end":{"line":55,"column":5}},"35":{"start":{"line":50,"column":6},"end":{"line":50,"column":78}},"36":{"start":{"line":51,"column":6},"end":{"line":51,"column":39}},"37":{"start":{"line":53,"column":6},"end":{"line":53,"column":67}},"38":{"start":{"line":54,"column":6},"end":{"line":54,"column":27}},"39":{"start":{"line":56,"column":4},"end":{"line":56,"column":11}},"40":{"start":{"line":58,"column":2},"end":{"line":58,"column":43}},"41":{"start":{"line":59,"column":2},"end":{"line":59,"column":23}},"42":{"start":{"line":62,"column":0},"end":{"line":62,"column":77}}},"fnMap":{"0":{"name":"validateMonth","decl":{"start":{"line":5,"column":9},"end":{"line":5,"column":22}},"loc":{"start":{"line":5,"column":30},"end":{"line":12,"column":1}},"line":5},"1":{"name":"parseArgs","decl":{"start":{"line":14,"column":9},"end":{"line":14,"column":18}},"loc":{"start":{"line":14,"column":25},"end":{"line":17,"column":1}},"line":14},"2":{"name":"parseReportArgs","decl":{"start":{"line":19,"column":9},"end":{"line":19,"column":24}},"loc":{"start":{"line":19,"column":33},"end":{"line":30,"column":1}},"line":19},"3":{"name":"handleReport","decl":{"start":{"line":32,"column":9},"end":{"line":32,"column":21}},"loc":{"start":{"line":32,"column":30},"end":{"line":40,"column":1}},"line":32},"4":{"name":"main","decl":{"start":{"line":42,"column":10},"end":{"line":42,"column":14}},"loc":{"start":{"line":42,"column":17},"end":{"line":60,"column":1}},"line":42}},"branchMap":{"0":{"loc":{"start":{"line":6,"column":2},"end":{"line":6,"column":46}},"type":"if","locations":[{"start":{"line":6,"column":2},"end":{"line":6,"column":46}},{"start":{},"end":{}}],"line":6},"1":{"loc":{"start":{"line":8,"column":2},"end":{"line":8,"column":23}},"type":"if","locations":[{"start":{"line":8,"column":2},"end":{"line":8,"column":23}},{"start":{},"end":{}}],"line":8},"2":{"loc":{"start":{"line":11,"column":9},"end":{"line":11,"column":41}},"type":"binary-expr","locations":[{"start":{"line":11,"column":9},"end":{"line":11,"column":18}},{"start":{"line":11,"column":22},"end":{"line":11,"column":29}},{"start":{"line":11,"column":33},"end":{"line":11,"column":41}}],"line":11},"3":{"loc":{"start":{"line":15,"column":26},"end":{"line":15,"column":39}},"type":"binary-expr","locations":[{"start":{"line":15,"column":26},"end":{"line":15,"column":33}},{"start":{"line":15,"column":37},"end":{"line":15,"column":39}}],"line":15},"4":{"loc":{"start":{"line":23,"column":4},"end":{"line":27,"column":5}},"type":"if","locations":[{"start":{"line":23,"column":4},"end":{"line":27,"column":5}},{"start":{"line":25,"column":11},"end":{"line":27,"column":5}}],"line":23},"5":{"loc":{"start":{"line":25,"column":11},"end":{"line":27,"column":5}},"type":"if","locations":[{"start":{"line":25,"column":11},"end":{"line":27,"column":5}},{"start":{},"end":{}}],"line":25},"6":{"loc":{"start":{"line":34,"column":2},"end":{"line":38,"column":3}},"type":"if","locations":[{"start":{"line":34,"column":2},"end":{"line":38,"column":3}},{"start":{},"end":{}}],"line":34},"7":{"loc":{"start":{"line":34,"column":6},"end":{"line":34,"column":37}},"type":"binary-expr","locations":[{"start":{"line":34,"column":6},"end":{"line":34,"column":12}},{"start":{"line":34,"column":16},"end":{"line":34,"column":37}}],"line":34},"8":{"loc":{"start":{"line":44,"column":2},"end":{"line":47,"column":3}},"type":"if","locations":[{"start":{"line":44,"column":2},"end":{"line":47,"column":3}},{"start":{},"end":{}}],"line":44},"9":{"loc":{"start":{"line":48,"column":2},"end":{"line":57,"column":3}},"type":"if","locations":[{"start":{"line":48,"column":2},"end":{"line":57,"column":3}},{"start":{},"end":{}}],"line":48}},"s":{"0":1,"1":1,"2":1,"3":11,"4":1,"5":10,"6":10,"7":4,"8":6,"9":6,"10":6,"11":4,"12":4,"13":4,"14":4,"15":4,"16":4,"17":4,"18":1,"19":3,"20":1,"21":4,"22":0,"23":0,"24":0,"25":0,"26":0,"27":0,"28":1,"29":1,"30":1,"31":0,"32":0,"33":1,"34":0,"35":0,"36":0,"37":0,"38":0,"39":0,"40":1,"41":1,"42":1},"f":{"0":11,"1":4,"2":4,"3":0,"4":1},"b":{"0":[1,10],"1":[4,6],"2":[6,5,4],"3":[4,2],"4":[1,3],"5":[1,2],"6":[0,0],"7":[0,0],"8":[0,1],"9":[0,1]},"inputSourceMap":null,"_coverageSchema":"1a1c01bbd47fc00a2c39e90264f33305004495a9","hash":"0c948d510c1f93a89efa1da5b05668e505e1a79c"}
}
