TN:
SF:src\core.js
FN:1,validateMonth
FN:10,getExpenseMonth
FN:22,filterExpenses
FN:26,(anonymous_3)
FN:29,(anonymous_4)
FN:37,sumExpenses
FN:38,(anonymous_6)
FN:44,totalsByCategoryForMonth
FNF:8
FNH:8
FNDA:19,validateMonth
FNDA:29,getExpenseMonth
FNDA:9,filterExpenses
FNDA:20,(anonymous_3)
FNDA:10,(anonymous_4)
FNDA:2,sumExpenses
FNDA:7,(anonymous_6)
FNDA:2,totalsByCategoryForMonth
DA:2,19
DA:3,14
DA:4,14
DA:5,9
DA:6,9
DA:7,9
DA:11,29
DA:12,29
DA:13,27
DA:14,27
DA:15,27
DA:16,26
DA:17,26
DA:19,2
DA:23,9
DA:24,9
DA:25,9
DA:26,20
DA:28,9
DA:29,4
DA:30,10
DA:31,10
DA:34,9
DA:38,2
DA:39,7
DA:40,7
DA:45,2
DA:46,2
DA:47,2
DA:48,6
DA:49,6
DA:50,6
DA:51,5
DA:54,2
DA:57,2
LF:35
LH:35
BRDA:2,0,0,5
BRDA:2,0,1,14
BRDA:4,1,0,5
BRDA:4,1,1,9
BRDA:7,2,0,9
BRDA:7,2,1,9
BRDA:7,2,2,8
BRDA:7,2,3,6
BRDA:11,3,0,29
BRDA:11,3,1,29
BRDA:12,4,0,2
BRDA:12,4,1,27
BRDA:13,5,0,27
BRDA:13,5,1,0
BRDA:15,6,0,1
BRDA:15,6,1,26
BRDA:17,7,0,24
BRDA:17,7,1,2
BRDA:23,8,0,9
BRDA:23,8,1,0
BRDA:24,9,0,9
BRDA:24,9,1,0
BRDA:25,10,0,6
BRDA:25,10,1,3
BRDA:28,11,0,4
BRDA:28,11,1,5
BRDA:30,12,0,10
BRDA:30,12,1,10
BRDA:31,13,0,10
BRDA:31,13,1,0
BRDA:38,14,0,2
BRDA:38,14,1,0
BRDA:39,15,0,7
BRDA:39,15,1,7
BRDA:40,16,0,5
BRDA:40,16,1,2
BRDA:48,17,0,5
BRDA:48,17,1,1
BRDA:48,18,0,6
BRDA:48,18,1,5
BRDA:48,19,0,6
BRDA:48,19,1,6
BRDA:49,20,0,6
BRDA:49,20,1,6
BRDA:50,21,0,5
BRDA:50,21,1,1
BRDA:51,22,0,5
BRDA:51,22,1,4
BRF:48
BRH:43
end_of_record
