TN:
SF:src/index.js
FN:5,validateMonth
FN:14,parseArgs
FN:19,parseReportArgs
FN:32,handleReport
FN:42,main
FNF:5
FNH:4
FNDA:11,validateMonth
FNDA:4,parseArgs
FNDA:4,parseReportArgs
FNDA:0,handleReport
FNDA:1,main
DA:1,1
DA:2,1
DA:3,1
DA:6,11
DA:7,10
DA:8,10
DA:9,6
DA:10,6
DA:11,6
DA:15,4
DA:16,4
DA:20,4
DA:21,4
DA:22,4
DA:23,4
DA:24,1
DA:25,3
DA:26,1
DA:29,4
DA:33,0
DA:34,0
DA:35,0
DA:36,0
DA:37,0
DA:39,0
DA:42,1
DA:43,1
DA:44,1
DA:45,0
DA:46,0
DA:48,1
DA:49,0
DA:50,0
DA:51,0
DA:53,0
DA:54,0
DA:56,0
DA:58,1
DA:59,1
DA:62,1
LF:40
LH:26
BRDA:6,0,0,1
BRDA:6,0,1,10
BRDA:8,1,0,4
BRDA:8,1,1,6
BRDA:11,2,0,6
BRDA:11,2,1,5
BRDA:11,2,2,4
BRDA:15,3,0,4
BRDA:15,3,1,2
BRDA:23,4,0,1
BRDA:23,4,1,3
BRDA:25,5,0,1
BRDA:25,5,1,2
BRDA:34,6,0,0
BRDA:34,6,1,0
BRDA:34,7,0,0
BRDA:34,7,1,0
BRDA:44,8,0,0
BRDA:44,8,1,1
BRDA:48,9,0,0
BRDA:48,9,1,1
BRF:21
BRH:15
end_of_record
